ERROR - 2023-12-04 10:38:25 --> Error connecting to the database: mysqli_sql_exception: Hedef makine etkin olarak reddettiğinden bağlantı kurulamadı in C:\Users\INFODIF\Desktop\GİT\ARCHIVE\system\Database\MySQLi\Connection.php:184
Stack trace:
#0 C:\Users\INFODIF\Desktop\GİT\ARCHIVE\system\Database\MySQLi\Connection.php(184): mysqli->real_connect()
#1 C:\Users\INFODIF\Desktop\GİT\ARCHIVE\system\Database\BaseConnection.php(391): CodeIgniter\Database\MySQLi\Connection->connect()
#2 C:\Users\INFODIF\Desktop\GİT\ARCHIVE\system\Database\BaseConnection.php(574): CodeIgniter\Database\BaseConnection->initialize()
#3 C:\Users\INFODIF\Desktop\GİT\ARCHIVE\system\Database\BaseBuilder.php(1615): CodeIgniter\Database\BaseConnection->query()
#4 C:\Users\INFODIF\Desktop\GİT\ARCHIVE\app\Models\VinylModel.php(38): CodeIgniter\Database\BaseBuilder->get()
#5 C:\Users\INFODIF\Desktop\GİT\ARCHIVE\app\Controllers\VinylController.php(18): App\Models\VinylModel->call_vinyl()
#6 C:\Users\INFODIF\Desktop\GİT\ARCHIVE\system\CodeIgniter.php(919): App\Controllers\VinylController->showdata()
#7 C:\Users\INFODIF\Desktop\GİT\ARCHIVE\system\CodeIgniter.php(494): CodeIgniter\CodeIgniter->runController()
#8 C:\Users\INFODIF\Desktop\GİT\ARCHIVE\system\CodeIgniter.php(353): CodeIgniter\CodeIgniter->handleRequest()
#9 C:\Users\INFODIF\Desktop\GİT\ARCHIVE\public\index.php(79): CodeIgniter\CodeIgniter->run()
#10 C:\Users\INFODIF\Desktop\GİT\ARCHIVE\system\Commands\Server\rewrite.php(47): require_once('...')
#11 {main}

Next CodeIgniter\Database\Exceptions\DatabaseException: Hedef makine etkin olarak reddettiğinden bağlantı kurulamadı in C:\Users\INFODIF\Desktop\GİT\ARCHIVE\system\Database\MySQLi\Connection.php:229
Stack trace:
#0 C:\Users\INFODIF\Desktop\GİT\ARCHIVE\system\Database\BaseConnection.php(391): CodeIgniter\Database\MySQLi\Connection->connect()
#1 C:\Users\INFODIF\Desktop\GİT\ARCHIVE\system\Database\BaseConnection.php(574): CodeIgniter\Database\BaseConnection->initialize()
#2 C:\Users\INFODIF\Desktop\GİT\ARCHIVE\system\Database\BaseBuilder.php(1615): CodeIgniter\Database\BaseConnection->query()
#3 C:\Users\INFODIF\Desktop\GİT\ARCHIVE\app\Models\VinylModel.php(38): CodeIgniter\Database\BaseBuilder->get()
#4 C:\Users\INFODIF\Desktop\GİT\ARCHIVE\app\Controllers\VinylController.php(18): App\Models\VinylModel->call_vinyl()
#5 C:\Users\INFODIF\Desktop\GİT\ARCHIVE\system\CodeIgniter.php(919): App\Controllers\VinylController->showdata()
#6 C:\Users\INFODIF\Desktop\GİT\ARCHIVE\system\CodeIgniter.php(494): CodeIgniter\CodeIgniter->runController()
#7 C:\Users\INFODIF\Desktop\GİT\ARCHIVE\system\CodeIgniter.php(353): CodeIgniter\CodeIgniter->handleRequest()
#8 C:\Users\INFODIF\Desktop\GİT\ARCHIVE\public\index.php(79): CodeIgniter\CodeIgniter->run()
#9 C:\Users\INFODIF\Desktop\GİT\ARCHIVE\system\Commands\Server\rewrite.php(47): require_once('...')
#10 {main}
CRITICAL - 2023-12-04 10:38:25 --> Unable to connect to the database.
Main connection [MySQLi]: Hedef makine etkin olarak reddettiğinden bağlantı kurulamadı
in SYSTEMPATH\Database\BaseConnection.php on line 427.
 1 SYSTEMPATH\Database\BaseConnection.php(574): CodeIgniter\Database\BaseConnection->initialize()
 2 SYSTEMPATH\Database\BaseBuilder.php(1615): CodeIgniter\Database\BaseConnection->query()
 3 APPPATH\Models\VinylModel.php(38): CodeIgniter\Database\BaseBuilder->get()
 4 APPPATH\Controllers\VinylController.php(18): App\Models\VinylModel->call_vinyl()
 5 SYSTEMPATH\CodeIgniter.php(919): App\Controllers\VinylController->showdata()
 6 SYSTEMPATH\CodeIgniter.php(494): CodeIgniter\CodeIgniter->runController()
 7 SYSTEMPATH\CodeIgniter.php(353): CodeIgniter\CodeIgniter->handleRequest()
 8 FCPATH\index.php(79): CodeIgniter\CodeIgniter->run()
 9 SYSTEMPATH\Commands\Server\rewrite.php(47): require_once('C:\\Users\\INFODIF\\Desktop\\GİT\\ARCHIVE\\public\\index.php')
ERROR - 2023-12-04 10:38:34 --> Error connecting to the database: mysqli_sql_exception: Hedef makine etkin olarak reddettiğinden bağlantı kurulamadı in C:\Users\INFODIF\Desktop\GİT\ARCHIVE\system\Database\MySQLi\Connection.php:184
Stack trace:
#0 C:\Users\INFODIF\Desktop\GİT\ARCHIVE\system\Database\MySQLi\Connection.php(184): mysqli->real_connect()
#1 C:\Users\INFODIF\Desktop\GİT\ARCHIVE\system\Database\BaseConnection.php(391): CodeIgniter\Database\MySQLi\Connection->connect()
#2 C:\Users\INFODIF\Desktop\GİT\ARCHIVE\system\Database\BaseConnection.php(574): CodeIgniter\Database\BaseConnection->initialize()
#3 C:\Users\INFODIF\Desktop\GİT\ARCHIVE\system\Database\BaseBuilder.php(1615): CodeIgniter\Database\BaseConnection->query()
#4 C:\Users\INFODIF\Desktop\GİT\ARCHIVE\app\Models\GameModel.php(29): CodeIgniter\Database\BaseBuilder->get()
#5 C:\Users\INFODIF\Desktop\GİT\ARCHIVE\app\Controllers\GameController.php(18): App\Models\GameModel->call_game()
#6 C:\Users\INFODIF\Desktop\GİT\ARCHIVE\system\CodeIgniter.php(919): App\Controllers\GameController->showgamedata()
#7 C:\Users\INFODIF\Desktop\GİT\ARCHIVE\system\CodeIgniter.php(494): CodeIgniter\CodeIgniter->runController()
#8 C:\Users\INFODIF\Desktop\GİT\ARCHIVE\system\CodeIgniter.php(353): CodeIgniter\CodeIgniter->handleRequest()
#9 C:\Users\INFODIF\Desktop\GİT\ARCHIVE\public\index.php(79): CodeIgniter\CodeIgniter->run()
#10 C:\Users\INFODIF\Desktop\GİT\ARCHIVE\system\Commands\Server\rewrite.php(47): require_once('...')
#11 {main}

Next CodeIgniter\Database\Exceptions\DatabaseException: Hedef makine etkin olarak reddettiğinden bağlantı kurulamadı in C:\Users\INFODIF\Desktop\GİT\ARCHIVE\system\Database\MySQLi\Connection.php:229
Stack trace:
#0 C:\Users\INFODIF\Desktop\GİT\ARCHIVE\system\Database\BaseConnection.php(391): CodeIgniter\Database\MySQLi\Connection->connect()
#1 C:\Users\INFODIF\Desktop\GİT\ARCHIVE\system\Database\BaseConnection.php(574): CodeIgniter\Database\BaseConnection->initialize()
#2 C:\Users\INFODIF\Desktop\GİT\ARCHIVE\system\Database\BaseBuilder.php(1615): CodeIgniter\Database\BaseConnection->query()
#3 C:\Users\INFODIF\Desktop\GİT\ARCHIVE\app\Models\GameModel.php(29): CodeIgniter\Database\BaseBuilder->get()
#4 C:\Users\INFODIF\Desktop\GİT\ARCHIVE\app\Controllers\GameController.php(18): App\Models\GameModel->call_game()
#5 C:\Users\INFODIF\Desktop\GİT\ARCHIVE\system\CodeIgniter.php(919): App\Controllers\GameController->showgamedata()
#6 C:\Users\INFODIF\Desktop\GİT\ARCHIVE\system\CodeIgniter.php(494): CodeIgniter\CodeIgniter->runController()
#7 C:\Users\INFODIF\Desktop\GİT\ARCHIVE\system\CodeIgniter.php(353): CodeIgniter\CodeIgniter->handleRequest()
#8 C:\Users\INFODIF\Desktop\GİT\ARCHIVE\public\index.php(79): CodeIgniter\CodeIgniter->run()
#9 C:\Users\INFODIF\Desktop\GİT\ARCHIVE\system\Commands\Server\rewrite.php(47): require_once('...')
#10 {main}
CRITICAL - 2023-12-04 10:38:34 --> Unable to connect to the database.
Main connection [MySQLi]: Hedef makine etkin olarak reddettiğinden bağlantı kurulamadı
in SYSTEMPATH\Database\BaseConnection.php on line 427.
 1 SYSTEMPATH\Database\BaseConnection.php(574): CodeIgniter\Database\BaseConnection->initialize()
 2 SYSTEMPATH\Database\BaseBuilder.php(1615): CodeIgniter\Database\BaseConnection->query()
 3 APPPATH\Models\GameModel.php(29): CodeIgniter\Database\BaseBuilder->get()
 4 APPPATH\Controllers\GameController.php(18): App\Models\GameModel->call_game()
 5 SYSTEMPATH\CodeIgniter.php(919): App\Controllers\GameController->showgamedata()
 6 SYSTEMPATH\CodeIgniter.php(494): CodeIgniter\CodeIgniter->runController()
 7 SYSTEMPATH\CodeIgniter.php(353): CodeIgniter\CodeIgniter->handleRequest()
 8 FCPATH\index.php(79): CodeIgniter\CodeIgniter->run()
 9 SYSTEMPATH\Commands\Server\rewrite.php(47): require_once('C:\\Users\\INFODIF\\Desktop\\GİT\\ARCHIVE\\public\\index.php')
ERROR - 2023-12-04 10:39:17 --> Error connecting to the database: mysqli_sql_exception: Hedef makine etkin olarak reddettiğinden bağlantı kurulamadı in C:\Users\INFODIF\Desktop\GİT\ARCHIVE\system\Database\MySQLi\Connection.php:184
Stack trace:
#0 C:\Users\INFODIF\Desktop\GİT\ARCHIVE\system\Database\MySQLi\Connection.php(184): mysqli->real_connect()
#1 C:\Users\INFODIF\Desktop\GİT\ARCHIVE\system\Database\BaseConnection.php(391): CodeIgniter\Database\MySQLi\Connection->connect()
#2 C:\Users\INFODIF\Desktop\GİT\ARCHIVE\system\Database\BaseConnection.php(574): CodeIgniter\Database\BaseConnection->initialize()
#3 C:\Users\INFODIF\Desktop\GİT\ARCHIVE\system\Database\BaseBuilder.php(1615): CodeIgniter\Database\BaseConnection->query()
#4 C:\Users\INFODIF\Desktop\GİT\ARCHIVE\app\Models\VinylModel.php(38): CodeIgniter\Database\BaseBuilder->get()
#5 C:\Users\INFODIF\Desktop\GİT\ARCHIVE\app\Controllers\VinylController.php(18): App\Models\VinylModel->call_vinyl()
#6 C:\Users\INFODIF\Desktop\GİT\ARCHIVE\system\CodeIgniter.php(919): App\Controllers\VinylController->showdata()
#7 C:\Users\INFODIF\Desktop\GİT\ARCHIVE\system\CodeIgniter.php(494): CodeIgniter\CodeIgniter->runController()
#8 C:\Users\INFODIF\Desktop\GİT\ARCHIVE\system\CodeIgniter.php(353): CodeIgniter\CodeIgniter->handleRequest()
#9 C:\Users\INFODIF\Desktop\GİT\ARCHIVE\public\index.php(79): CodeIgniter\CodeIgniter->run()
#10 C:\Users\INFODIF\Desktop\GİT\ARCHIVE\system\Commands\Server\rewrite.php(47): require_once('...')
#11 {main}

Next CodeIgniter\Database\Exceptions\DatabaseException: Hedef makine etkin olarak reddettiğinden bağlantı kurulamadı in C:\Users\INFODIF\Desktop\GİT\ARCHIVE\system\Database\MySQLi\Connection.php:229
Stack trace:
#0 C:\Users\INFODIF\Desktop\GİT\ARCHIVE\system\Database\BaseConnection.php(391): CodeIgniter\Database\MySQLi\Connection->connect()
#1 C:\Users\INFODIF\Desktop\GİT\ARCHIVE\system\Database\BaseConnection.php(574): CodeIgniter\Database\BaseConnection->initialize()
#2 C:\Users\INFODIF\Desktop\GİT\ARCHIVE\system\Database\BaseBuilder.php(1615): CodeIgniter\Database\BaseConnection->query()
#3 C:\Users\INFODIF\Desktop\GİT\ARCHIVE\app\Models\VinylModel.php(38): CodeIgniter\Database\BaseBuilder->get()
#4 C:\Users\INFODIF\Desktop\GİT\ARCHIVE\app\Controllers\VinylController.php(18): App\Models\VinylModel->call_vinyl()
#5 C:\Users\INFODIF\Desktop\GİT\ARCHIVE\system\CodeIgniter.php(919): App\Controllers\VinylController->showdata()
#6 C:\Users\INFODIF\Desktop\GİT\ARCHIVE\system\CodeIgniter.php(494): CodeIgniter\CodeIgniter->runController()
#7 C:\Users\INFODIF\Desktop\GİT\ARCHIVE\system\CodeIgniter.php(353): CodeIgniter\CodeIgniter->handleRequest()
#8 C:\Users\INFODIF\Desktop\GİT\ARCHIVE\public\index.php(79): CodeIgniter\CodeIgniter->run()
#9 C:\Users\INFODIF\Desktop\GİT\ARCHIVE\system\Commands\Server\rewrite.php(47): require_once('...')
#10 {main}
CRITICAL - 2023-12-04 10:39:17 --> Unable to connect to the database.
Main connection [MySQLi]: Hedef makine etkin olarak reddettiğinden bağlantı kurulamadı
in SYSTEMPATH\Database\BaseConnection.php on line 427.
 1 SYSTEMPATH\Database\BaseConnection.php(574): CodeIgniter\Database\BaseConnection->initialize()
 2 SYSTEMPATH\Database\BaseBuilder.php(1615): CodeIgniter\Database\BaseConnection->query()
 3 APPPATH\Models\VinylModel.php(38): CodeIgniter\Database\BaseBuilder->get()
 4 APPPATH\Controllers\VinylController.php(18): App\Models\VinylModel->call_vinyl()
 5 SYSTEMPATH\CodeIgniter.php(919): App\Controllers\VinylController->showdata()
 6 SYSTEMPATH\CodeIgniter.php(494): CodeIgniter\CodeIgniter->runController()
 7 SYSTEMPATH\CodeIgniter.php(353): CodeIgniter\CodeIgniter->handleRequest()
 8 FCPATH\index.php(79): CodeIgniter\CodeIgniter->run()
 9 SYSTEMPATH\Commands\Server\rewrite.php(47): require_once('C:\\Users\\INFODIF\\Desktop\\GİT\\ARCHIVE\\public\\index.php')
