CRITICAL - 2024-01-08 06:57:29 --> Call to undefined function App\Controllers\getTotalRecord()
in APPPATH\Controllers\GameController.php on line 23.
 1 SYSTEMPATH\CodeIgniter.php(919): App\Controllers\GameController->showgamedata()
 2 SYSTEMPATH\CodeIgniter.php(494): CodeIgniter\CodeIgniter->runController()
 3 SYSTEMPATH\CodeIgniter.php(353): CodeIgniter\CodeIgniter->handleRequest()
 4 FCPATH\index.php(79): CodeIgniter\CodeIgniter->run()
 5 SYSTEMPATH\Commands\Server\rewrite.php(47): require_once('C:\\Users\\INFODIF\\Desktop\\GİT\\ARCHIVE\\public\\index.php')
CRITICAL - 2024-01-08 06:58:49 --> Call to undefined method App\Models\GameModel::getTotalRecords
in SYSTEMPATH\Model.php on line 873.
 1 APPPATH\Controllers\GameController.php(23): CodeIgniter\Model->__call()
 2 SYSTEMPATH\CodeIgniter.php(919): App\Controllers\GameController->showgamedata()
 3 SYSTEMPATH\CodeIgniter.php(494): CodeIgniter\CodeIgniter->runController()
 4 SYSTEMPATH\CodeIgniter.php(353): CodeIgniter\CodeIgniter->handleRequest()
 5 FCPATH\index.php(79): CodeIgniter\CodeIgniter->run()
 6 SYSTEMPATH\Commands\Server\rewrite.php(47): require_once('C:\\Users\\INFODIF\\Desktop\\GİT\\ARCHIVE\\public\\index.php')
CRITICAL - 2024-01-08 06:59:16 --> Call to undefined method App\Models\GameModel::getTotalRecords
in SYSTEMPATH\Model.php on line 873.
 1 APPPATH\Controllers\GameController.php(23): CodeIgniter\Model->__call()
 2 SYSTEMPATH\CodeIgniter.php(919): App\Controllers\GameController->showgamedata()
 3 SYSTEMPATH\CodeIgniter.php(494): CodeIgniter\CodeIgniter->runController()
 4 SYSTEMPATH\CodeIgniter.php(353): CodeIgniter\CodeIgniter->handleRequest()
 5 FCPATH\index.php(79): CodeIgniter\CodeIgniter->run()
 6 SYSTEMPATH\Commands\Server\rewrite.php(47): require_once('C:\\Users\\INFODIF\\Desktop\\GİT\\ARCHIVE\\public\\index.php')
CRITICAL - 2024-01-08 06:59:49 --> Object of class App\Models\GameModel could not be converted to string
in APPPATH\Controllers\GameController.php on line 23.
 1 SYSTEMPATH\CodeIgniter.php(919): App\Controllers\GameController->showgamedata()
 2 SYSTEMPATH\CodeIgniter.php(494): CodeIgniter\CodeIgniter->runController()
 3 SYSTEMPATH\CodeIgniter.php(353): CodeIgniter\CodeIgniter->handleRequest()
 4 FCPATH\index.php(79): CodeIgniter\CodeIgniter->run()
 5 SYSTEMPATH\Commands\Server\rewrite.php(47): require_once('C:\\Users\\INFODIF\\Desktop\\GİT\\ARCHIVE\\public\\index.php')
CRITICAL - 2024-01-08 07:00:10 --> Call to undefined method App\Models\GameModel::getTotalRecords
in SYSTEMPATH\Model.php on line 873.
 1 APPPATH\Controllers\GameController.php(23): CodeIgniter\Model->__call()
 2 SYSTEMPATH\CodeIgniter.php(919): App\Controllers\GameController->showgamedata()
 3 SYSTEMPATH\CodeIgniter.php(494): CodeIgniter\CodeIgniter->runController()
 4 SYSTEMPATH\CodeIgniter.php(353): CodeIgniter\CodeIgniter->handleRequest()
 5 FCPATH\index.php(79): CodeIgniter\CodeIgniter->run()
 6 SYSTEMPATH\Commands\Server\rewrite.php(47): require_once('C:\\Users\\INFODIF\\Desktop\\GİT\\ARCHIVE\\public\\index.php')
CRITICAL - 2024-01-08 07:05:11 --> syntax error, unexpected token "return"
in APPPATH\Controllers\GameController.php on line 35.
 1 SYSTEMPATH\Autoloader\Autoloader.php(285): CodeIgniter\Autoloader\Autoloader->includeFile()
 2 SYSTEMPATH\Autoloader\Autoloader.php(263): CodeIgniter\Autoloader\Autoloader->loadInNamespace()
 3 [internal function]: CodeIgniter\Autoloader\Autoloader->loadClass()
 4 SYSTEMPATH\CodeIgniter.php(877): class_exists()
 5 SYSTEMPATH\CodeIgniter.php(481): CodeIgniter\CodeIgniter->startController()
 6 SYSTEMPATH\CodeIgniter.php(353): CodeIgniter\CodeIgniter->handleRequest()
 7 FCPATH\index.php(79): CodeIgniter\CodeIgniter->run()
 8 SYSTEMPATH\Commands\Server\rewrite.php(47): require_once('C:\\Users\\INFODIF\\Desktop\\GİT\\ARCHIVE\\public\\index.php')
CRITICAL - 2024-01-08 17:25:00 --> Call to a member function initialize() on null
in APPPATH\Controllers\GameController.php on line 48.
 1 SYSTEMPATH\CodeIgniter.php(919): App\Controllers\GameController->showgamedata()
 2 SYSTEMPATH\CodeIgniter.php(494): CodeIgniter\CodeIgniter->runController()
 3 SYSTEMPATH\CodeIgniter.php(353): CodeIgniter\CodeIgniter->handleRequest()
 4 FCPATH\index.php(79): CodeIgniter\CodeIgniter->run()
 5 SYSTEMPATH\Commands\Server\rewrite.php(47): require_once('C:\\Users\\INFODIF\\Desktop\\GİT\\ARCHIVE\\public\\index.php')
CRITICAL - 2024-01-08 17:25:09 --> Call to a member function initialize() on null
in APPPATH\Controllers\GameController.php on line 48.
 1 SYSTEMPATH\CodeIgniter.php(919): App\Controllers\GameController->showgamedata()
 2 SYSTEMPATH\CodeIgniter.php(494): CodeIgniter\CodeIgniter->runController()
 3 SYSTEMPATH\CodeIgniter.php(353): CodeIgniter\CodeIgniter->handleRequest()
 4 FCPATH\index.php(79): CodeIgniter\CodeIgniter->run()
 5 SYSTEMPATH\Commands\Server\rewrite.php(47): require_once('C:\\Users\\INFODIF\\Desktop\\GİT\\ARCHIVE\\public\\index.php')
