ERROR - 2023-11-07 06:20:48 --> mysqli_sql_exception: Cannot delete or update a parent row: a foreign key constraint fails (`archive`.`vinyllnk`, CONSTRAINT `test` FOREIGN KEY (`id`) REFERENCES `vinyl` (`id`)) in C:\Users\INFODIF\Desktop\GİT\ev archive\ARCHIVE\system\Database\MySQLi\Connection.php:306
Stack trace:
#0 C:\Users\INFODIF\Desktop\GİT\ev archive\ARCHIVE\system\Database\MySQLi\Connection.php(306): mysqli->query()
#1 C:\Users\INFODIF\Desktop\GİT\ev archive\ARCHIVE\system\Database\BaseConnection.php(692): CodeIgniter\Database\MySQLi\Connection->execute()
#2 C:\Users\INFODIF\Desktop\GİT\ev archive\ARCHIVE\system\Database\BaseConnection.php(606): CodeIgniter\Database\BaseConnection->simpleQuery()
#3 C:\Users\INFODIF\Desktop\GİT\ev archive\ARCHIVE\system\Database\BaseBuilder.php(2790): CodeIgniter\Database\BaseConnection->query()
#4 C:\Users\INFODIF\Desktop\GİT\ev archive\ARCHIVE\app\Models\VinylModel.php(47): CodeIgniter\Database\BaseBuilder->delete()
#5 C:\Users\INFODIF\Desktop\GİT\ev archive\ARCHIVE\app\Controllers\VinylController.php(91): App\Models\VinylModel->deletebyid()
#6 C:\Users\INFODIF\Desktop\GİT\ev archive\ARCHIVE\system\CodeIgniter.php(919): App\Controllers\VinylController->delete()
#7 C:\Users\INFODIF\Desktop\GİT\ev archive\ARCHIVE\system\CodeIgniter.php(494): CodeIgniter\CodeIgniter->runController()
#8 C:\Users\INFODIF\Desktop\GİT\ev archive\ARCHIVE\system\CodeIgniter.php(353): CodeIgniter\CodeIgniter->handleRequest()
#9 C:\Users\INFODIF\Desktop\GİT\ev archive\ARCHIVE\public\index.php(79): CodeIgniter\CodeIgniter->run()
#10 C:\Users\INFODIF\Desktop\GİT\ev archive\ARCHIVE\system\Commands\Server\rewrite.php(47): require_once('...')
#11 {main}
CRITICAL - 2023-11-07 06:20:48 --> Cannot delete or update a parent row: a foreign key constraint fails (`archive`.`vinyllnk`, CONSTRAINT `test` FOREIGN KEY (`id`) REFERENCES `vinyl` (`id`))
in SYSTEMPATH\Database\BaseConnection.php on line 646.
 1 SYSTEMPATH\Database\BaseBuilder.php(2790): CodeIgniter\Database\BaseConnection->query()
 2 APPPATH\Models\VinylModel.php(47): CodeIgniter\Database\BaseBuilder->delete()
 3 APPPATH\Controllers\VinylController.php(91): App\Models\VinylModel->deletebyid()
 4 SYSTEMPATH\CodeIgniter.php(919): App\Controllers\VinylController->delete()
 5 SYSTEMPATH\CodeIgniter.php(494): CodeIgniter\CodeIgniter->runController()
 6 SYSTEMPATH\CodeIgniter.php(353): CodeIgniter\CodeIgniter->handleRequest()
 7 FCPATH\index.php(79): CodeIgniter\CodeIgniter->run()
 8 SYSTEMPATH\Commands\Server\rewrite.php(47): require_once('C:\\Users\\INFODIF\\Desktop\\GİT\\ev archive\\ARCHIVE\\public\\index.php')
ERROR - 2023-11-07 06:20:51 --> mysqli_sql_exception: Cannot delete or update a parent row: a foreign key constraint fails (`archive`.`vinyllnk`, CONSTRAINT `test` FOREIGN KEY (`id`) REFERENCES `vinyl` (`id`)) in C:\Users\INFODIF\Desktop\GİT\ev archive\ARCHIVE\system\Database\MySQLi\Connection.php:306
Stack trace:
#0 C:\Users\INFODIF\Desktop\GİT\ev archive\ARCHIVE\system\Database\MySQLi\Connection.php(306): mysqli->query()
#1 C:\Users\INFODIF\Desktop\GİT\ev archive\ARCHIVE\system\Database\BaseConnection.php(692): CodeIgniter\Database\MySQLi\Connection->execute()
#2 C:\Users\INFODIF\Desktop\GİT\ev archive\ARCHIVE\system\Database\BaseConnection.php(606): CodeIgniter\Database\BaseConnection->simpleQuery()
#3 C:\Users\INFODIF\Desktop\GİT\ev archive\ARCHIVE\system\Database\BaseBuilder.php(2790): CodeIgniter\Database\BaseConnection->query()
#4 C:\Users\INFODIF\Desktop\GİT\ev archive\ARCHIVE\app\Models\VinylModel.php(47): CodeIgniter\Database\BaseBuilder->delete()
#5 C:\Users\INFODIF\Desktop\GİT\ev archive\ARCHIVE\app\Controllers\VinylController.php(91): App\Models\VinylModel->deletebyid()
#6 C:\Users\INFODIF\Desktop\GİT\ev archive\ARCHIVE\system\CodeIgniter.php(919): App\Controllers\VinylController->delete()
#7 C:\Users\INFODIF\Desktop\GİT\ev archive\ARCHIVE\system\CodeIgniter.php(494): CodeIgniter\CodeIgniter->runController()
#8 C:\Users\INFODIF\Desktop\GİT\ev archive\ARCHIVE\system\CodeIgniter.php(353): CodeIgniter\CodeIgniter->handleRequest()
#9 C:\Users\INFODIF\Desktop\GİT\ev archive\ARCHIVE\public\index.php(79): CodeIgniter\CodeIgniter->run()
#10 C:\Users\INFODIF\Desktop\GİT\ev archive\ARCHIVE\system\Commands\Server\rewrite.php(47): require_once('...')
#11 {main}
CRITICAL - 2023-11-07 06:20:51 --> Cannot delete or update a parent row: a foreign key constraint fails (`archive`.`vinyllnk`, CONSTRAINT `test` FOREIGN KEY (`id`) REFERENCES `vinyl` (`id`))
in SYSTEMPATH\Database\BaseConnection.php on line 646.
 1 SYSTEMPATH\Database\BaseBuilder.php(2790): CodeIgniter\Database\BaseConnection->query()
 2 APPPATH\Models\VinylModel.php(47): CodeIgniter\Database\BaseBuilder->delete()
 3 APPPATH\Controllers\VinylController.php(91): App\Models\VinylModel->deletebyid()
 4 SYSTEMPATH\CodeIgniter.php(919): App\Controllers\VinylController->delete()
 5 SYSTEMPATH\CodeIgniter.php(494): CodeIgniter\CodeIgniter->runController()
 6 SYSTEMPATH\CodeIgniter.php(353): CodeIgniter\CodeIgniter->handleRequest()
 7 FCPATH\index.php(79): CodeIgniter\CodeIgniter->run()
 8 SYSTEMPATH\Commands\Server\rewrite.php(47): require_once('C:\\Users\\INFODIF\\Desktop\\GİT\\ev archive\\ARCHIVE\\public\\index.php')
ERROR - 2023-11-07 06:21:31 --> mysqli_sql_exception: Cannot delete or update a parent row: a foreign key constraint fails (`archive`.`vinyllnk`, CONSTRAINT `test` FOREIGN KEY (`id`) REFERENCES `vinyl` (`id`)) in C:\Users\INFODIF\Desktop\GİT\ev archive\ARCHIVE\system\Database\MySQLi\Connection.php:306
Stack trace:
#0 C:\Users\INFODIF\Desktop\GİT\ev archive\ARCHIVE\system\Database\MySQLi\Connection.php(306): mysqli->query()
#1 C:\Users\INFODIF\Desktop\GİT\ev archive\ARCHIVE\system\Database\BaseConnection.php(692): CodeIgniter\Database\MySQLi\Connection->execute()
#2 C:\Users\INFODIF\Desktop\GİT\ev archive\ARCHIVE\system\Database\BaseConnection.php(606): CodeIgniter\Database\BaseConnection->simpleQuery()
#3 C:\Users\INFODIF\Desktop\GİT\ev archive\ARCHIVE\system\Database\BaseBuilder.php(2790): CodeIgniter\Database\BaseConnection->query()
#4 C:\Users\INFODIF\Desktop\GİT\ev archive\ARCHIVE\app\Models\VinylModel.php(47): CodeIgniter\Database\BaseBuilder->delete()
#5 C:\Users\INFODIF\Desktop\GİT\ev archive\ARCHIVE\app\Controllers\VinylController.php(91): App\Models\VinylModel->deletebyid()
#6 C:\Users\INFODIF\Desktop\GİT\ev archive\ARCHIVE\system\CodeIgniter.php(919): App\Controllers\VinylController->delete()
#7 C:\Users\INFODIF\Desktop\GİT\ev archive\ARCHIVE\system\CodeIgniter.php(494): CodeIgniter\CodeIgniter->runController()
#8 C:\Users\INFODIF\Desktop\GİT\ev archive\ARCHIVE\system\CodeIgniter.php(353): CodeIgniter\CodeIgniter->handleRequest()
#9 C:\Users\INFODIF\Desktop\GİT\ev archive\ARCHIVE\public\index.php(79): CodeIgniter\CodeIgniter->run()
#10 C:\Users\INFODIF\Desktop\GİT\ev archive\ARCHIVE\system\Commands\Server\rewrite.php(47): require_once('...')
#11 {main}
CRITICAL - 2023-11-07 06:21:31 --> Cannot delete or update a parent row: a foreign key constraint fails (`archive`.`vinyllnk`, CONSTRAINT `test` FOREIGN KEY (`id`) REFERENCES `vinyl` (`id`))
in SYSTEMPATH\Database\BaseConnection.php on line 646.
 1 SYSTEMPATH\Database\BaseBuilder.php(2790): CodeIgniter\Database\BaseConnection->query()
 2 APPPATH\Models\VinylModel.php(47): CodeIgniter\Database\BaseBuilder->delete()
 3 APPPATH\Controllers\VinylController.php(91): App\Models\VinylModel->deletebyid()
 4 SYSTEMPATH\CodeIgniter.php(919): App\Controllers\VinylController->delete()
 5 SYSTEMPATH\CodeIgniter.php(494): CodeIgniter\CodeIgniter->runController()
 6 SYSTEMPATH\CodeIgniter.php(353): CodeIgniter\CodeIgniter->handleRequest()
 7 FCPATH\index.php(79): CodeIgniter\CodeIgniter->run()
 8 SYSTEMPATH\Commands\Server\rewrite.php(47): require_once('C:\\Users\\INFODIF\\Desktop\\GİT\\ev archive\\ARCHIVE\\public\\index.php')
ERROR - 2023-11-07 06:53:15 --> mysqli_sql_exception: Cannot delete or update a parent row: a foreign key constraint fails (`archive`.`vinyllink`, CONSTRAINT `FK__vinyl` FOREIGN KEY (`vinyl_id`) REFERENCES `vinyl` (`id`) ON DELETE NO ACTION ON UPDATE NO ACTION) in C:\Users\INFODIF\Desktop\GİT\ev archive\ARCHIVE\system\Database\MySQLi\Connection.php:306
Stack trace:
#0 C:\Users\INFODIF\Desktop\GİT\ev archive\ARCHIVE\system\Database\MySQLi\Connection.php(306): mysqli->query()
#1 C:\Users\INFODIF\Desktop\GİT\ev archive\ARCHIVE\system\Database\BaseConnection.php(692): CodeIgniter\Database\MySQLi\Connection->execute()
#2 C:\Users\INFODIF\Desktop\GİT\ev archive\ARCHIVE\system\Database\BaseConnection.php(606): CodeIgniter\Database\BaseConnection->simpleQuery()
#3 C:\Users\INFODIF\Desktop\GİT\ev archive\ARCHIVE\system\Database\BaseBuilder.php(2790): CodeIgniter\Database\BaseConnection->query()
#4 C:\Users\INFODIF\Desktop\GİT\ev archive\ARCHIVE\app\Models\VinylModel.php(47): CodeIgniter\Database\BaseBuilder->delete()
#5 C:\Users\INFODIF\Desktop\GİT\ev archive\ARCHIVE\app\Controllers\VinylController.php(91): App\Models\VinylModel->deletebyid()
#6 C:\Users\INFODIF\Desktop\GİT\ev archive\ARCHIVE\system\CodeIgniter.php(919): App\Controllers\VinylController->delete()
#7 C:\Users\INFODIF\Desktop\GİT\ev archive\ARCHIVE\system\CodeIgniter.php(494): CodeIgniter\CodeIgniter->runController()
#8 C:\Users\INFODIF\Desktop\GİT\ev archive\ARCHIVE\system\CodeIgniter.php(353): CodeIgniter\CodeIgniter->handleRequest()
#9 C:\Users\INFODIF\Desktop\GİT\ev archive\ARCHIVE\public\index.php(79): CodeIgniter\CodeIgniter->run()
#10 C:\Users\INFODIF\Desktop\GİT\ev archive\ARCHIVE\system\Commands\Server\rewrite.php(47): require_once('...')
#11 {main}
CRITICAL - 2023-11-07 06:53:15 --> Cannot delete or update a parent row: a foreign key constraint fails (`archive`.`vinyllink`, CONSTRAINT `FK__vinyl` FOREIGN KEY (`vinyl_id`) REFERENCES `vinyl` (`id`) ON DELETE NO ACTION ON UPDATE NO ACTION)
in SYSTEMPATH\Database\BaseConnection.php on line 646.
 1 SYSTEMPATH\Database\BaseBuilder.php(2790): CodeIgniter\Database\BaseConnection->query()
 2 APPPATH\Models\VinylModel.php(47): CodeIgniter\Database\BaseBuilder->delete()
 3 APPPATH\Controllers\VinylController.php(91): App\Models\VinylModel->deletebyid()
 4 SYSTEMPATH\CodeIgniter.php(919): App\Controllers\VinylController->delete()
 5 SYSTEMPATH\CodeIgniter.php(494): CodeIgniter\CodeIgniter->runController()
 6 SYSTEMPATH\CodeIgniter.php(353): CodeIgniter\CodeIgniter->handleRequest()
 7 FCPATH\index.php(79): CodeIgniter\CodeIgniter->run()
 8 SYSTEMPATH\Commands\Server\rewrite.php(47): require_once('C:\\Users\\INFODIF\\Desktop\\GİT\\ev archive\\ARCHIVE\\public\\index.php')
ERROR - 2023-11-07 06:53:20 --> mysqli_sql_exception: Cannot delete or update a parent row: a foreign key constraint fails (`archive`.`vinyllink`, CONSTRAINT `FK__vinyl` FOREIGN KEY (`vinyl_id`) REFERENCES `vinyl` (`id`) ON DELETE NO ACTION ON UPDATE NO ACTION) in C:\Users\INFODIF\Desktop\GİT\ev archive\ARCHIVE\system\Database\MySQLi\Connection.php:306
Stack trace:
#0 C:\Users\INFODIF\Desktop\GİT\ev archive\ARCHIVE\system\Database\MySQLi\Connection.php(306): mysqli->query()
#1 C:\Users\INFODIF\Desktop\GİT\ev archive\ARCHIVE\system\Database\BaseConnection.php(692): CodeIgniter\Database\MySQLi\Connection->execute()
#2 C:\Users\INFODIF\Desktop\GİT\ev archive\ARCHIVE\system\Database\BaseConnection.php(606): CodeIgniter\Database\BaseConnection->simpleQuery()
#3 C:\Users\INFODIF\Desktop\GİT\ev archive\ARCHIVE\system\Database\BaseBuilder.php(2790): CodeIgniter\Database\BaseConnection->query()
#4 C:\Users\INFODIF\Desktop\GİT\ev archive\ARCHIVE\app\Models\VinylModel.php(47): CodeIgniter\Database\BaseBuilder->delete()
#5 C:\Users\INFODIF\Desktop\GİT\ev archive\ARCHIVE\app\Controllers\VinylController.php(91): App\Models\VinylModel->deletebyid()
#6 C:\Users\INFODIF\Desktop\GİT\ev archive\ARCHIVE\system\CodeIgniter.php(919): App\Controllers\VinylController->delete()
#7 C:\Users\INFODIF\Desktop\GİT\ev archive\ARCHIVE\system\CodeIgniter.php(494): CodeIgniter\CodeIgniter->runController()
#8 C:\Users\INFODIF\Desktop\GİT\ev archive\ARCHIVE\system\CodeIgniter.php(353): CodeIgniter\CodeIgniter->handleRequest()
#9 C:\Users\INFODIF\Desktop\GİT\ev archive\ARCHIVE\public\index.php(79): CodeIgniter\CodeIgniter->run()
#10 C:\Users\INFODIF\Desktop\GİT\ev archive\ARCHIVE\system\Commands\Server\rewrite.php(47): require_once('...')
#11 {main}
CRITICAL - 2023-11-07 06:53:20 --> Cannot delete or update a parent row: a foreign key constraint fails (`archive`.`vinyllink`, CONSTRAINT `FK__vinyl` FOREIGN KEY (`vinyl_id`) REFERENCES `vinyl` (`id`) ON DELETE NO ACTION ON UPDATE NO ACTION)
in SYSTEMPATH\Database\BaseConnection.php on line 646.
 1 SYSTEMPATH\Database\BaseBuilder.php(2790): CodeIgniter\Database\BaseConnection->query()
 2 APPPATH\Models\VinylModel.php(47): CodeIgniter\Database\BaseBuilder->delete()
 3 APPPATH\Controllers\VinylController.php(91): App\Models\VinylModel->deletebyid()
 4 SYSTEMPATH\CodeIgniter.php(919): App\Controllers\VinylController->delete()
 5 SYSTEMPATH\CodeIgniter.php(494): CodeIgniter\CodeIgniter->runController()
 6 SYSTEMPATH\CodeIgniter.php(353): CodeIgniter\CodeIgniter->handleRequest()
 7 FCPATH\index.php(79): CodeIgniter\CodeIgniter->run()
 8 SYSTEMPATH\Commands\Server\rewrite.php(47): require_once('C:\\Users\\INFODIF\\Desktop\\GİT\\ev archive\\ARCHIVE\\public\\index.php')
ERROR - 2023-11-07 06:56:34 --> mysqli_sql_exception: Cannot delete or update a parent row: a foreign key constraint fails (`archive`.`vinyllink`, CONSTRAINT `FK__vinyl` FOREIGN KEY (`vinyl_id`) REFERENCES `vinyl` (`id`) ON UPDATE CASCADE) in C:\Users\INFODIF\Desktop\GİT\ev archive\ARCHIVE\system\Database\MySQLi\Connection.php:306
Stack trace:
#0 C:\Users\INFODIF\Desktop\GİT\ev archive\ARCHIVE\system\Database\MySQLi\Connection.php(306): mysqli->query()
#1 C:\Users\INFODIF\Desktop\GİT\ev archive\ARCHIVE\system\Database\BaseConnection.php(692): CodeIgniter\Database\MySQLi\Connection->execute()
#2 C:\Users\INFODIF\Desktop\GİT\ev archive\ARCHIVE\system\Database\BaseConnection.php(606): CodeIgniter\Database\BaseConnection->simpleQuery()
#3 C:\Users\INFODIF\Desktop\GİT\ev archive\ARCHIVE\system\Database\BaseBuilder.php(2790): CodeIgniter\Database\BaseConnection->query()
#4 C:\Users\INFODIF\Desktop\GİT\ev archive\ARCHIVE\app\Models\VinylModel.php(47): CodeIgniter\Database\BaseBuilder->delete()
#5 C:\Users\INFODIF\Desktop\GİT\ev archive\ARCHIVE\app\Controllers\VinylController.php(91): App\Models\VinylModel->deletebyid()
#6 C:\Users\INFODIF\Desktop\GİT\ev archive\ARCHIVE\system\CodeIgniter.php(919): App\Controllers\VinylController->delete()
#7 C:\Users\INFODIF\Desktop\GİT\ev archive\ARCHIVE\system\CodeIgniter.php(494): CodeIgniter\CodeIgniter->runController()
#8 C:\Users\INFODIF\Desktop\GİT\ev archive\ARCHIVE\system\CodeIgniter.php(353): CodeIgniter\CodeIgniter->handleRequest()
#9 C:\Users\INFODIF\Desktop\GİT\ev archive\ARCHIVE\public\index.php(79): CodeIgniter\CodeIgniter->run()
#10 C:\Users\INFODIF\Desktop\GİT\ev archive\ARCHIVE\system\Commands\Server\rewrite.php(47): require_once('...')
#11 {main}
CRITICAL - 2023-11-07 06:56:34 --> Cannot delete or update a parent row: a foreign key constraint fails (`archive`.`vinyllink`, CONSTRAINT `FK__vinyl` FOREIGN KEY (`vinyl_id`) REFERENCES `vinyl` (`id`) ON UPDATE CASCADE)
in SYSTEMPATH\Database\BaseConnection.php on line 646.
 1 SYSTEMPATH\Database\BaseBuilder.php(2790): CodeIgniter\Database\BaseConnection->query()
 2 APPPATH\Models\VinylModel.php(47): CodeIgniter\Database\BaseBuilder->delete()
 3 APPPATH\Controllers\VinylController.php(91): App\Models\VinylModel->deletebyid()
 4 SYSTEMPATH\CodeIgniter.php(919): App\Controllers\VinylController->delete()
 5 SYSTEMPATH\CodeIgniter.php(494): CodeIgniter\CodeIgniter->runController()
 6 SYSTEMPATH\CodeIgniter.php(353): CodeIgniter\CodeIgniter->handleRequest()
 7 FCPATH\index.php(79): CodeIgniter\CodeIgniter->run()
 8 SYSTEMPATH\Commands\Server\rewrite.php(47): require_once('C:\\Users\\INFODIF\\Desktop\\GİT\\ev archive\\ARCHIVE\\public\\index.php')
ERROR - 2023-11-07 06:56:41 --> mysqli_sql_exception: Cannot delete or update a parent row: a foreign key constraint fails (`archive`.`vinyllink`, CONSTRAINT `FK__vinyl` FOREIGN KEY (`vinyl_id`) REFERENCES `vinyl` (`id`) ON UPDATE CASCADE) in C:\Users\INFODIF\Desktop\GİT\ev archive\ARCHIVE\system\Database\MySQLi\Connection.php:306
Stack trace:
#0 C:\Users\INFODIF\Desktop\GİT\ev archive\ARCHIVE\system\Database\MySQLi\Connection.php(306): mysqli->query()
#1 C:\Users\INFODIF\Desktop\GİT\ev archive\ARCHIVE\system\Database\BaseConnection.php(692): CodeIgniter\Database\MySQLi\Connection->execute()
#2 C:\Users\INFODIF\Desktop\GİT\ev archive\ARCHIVE\system\Database\BaseConnection.php(606): CodeIgniter\Database\BaseConnection->simpleQuery()
#3 C:\Users\INFODIF\Desktop\GİT\ev archive\ARCHIVE\system\Database\BaseBuilder.php(2790): CodeIgniter\Database\BaseConnection->query()
#4 C:\Users\INFODIF\Desktop\GİT\ev archive\ARCHIVE\app\Models\VinylModel.php(47): CodeIgniter\Database\BaseBuilder->delete()
#5 C:\Users\INFODIF\Desktop\GİT\ev archive\ARCHIVE\app\Controllers\VinylController.php(91): App\Models\VinylModel->deletebyid()
#6 C:\Users\INFODIF\Desktop\GİT\ev archive\ARCHIVE\system\CodeIgniter.php(919): App\Controllers\VinylController->delete()
#7 C:\Users\INFODIF\Desktop\GİT\ev archive\ARCHIVE\system\CodeIgniter.php(494): CodeIgniter\CodeIgniter->runController()
#8 C:\Users\INFODIF\Desktop\GİT\ev archive\ARCHIVE\system\CodeIgniter.php(353): CodeIgniter\CodeIgniter->handleRequest()
#9 C:\Users\INFODIF\Desktop\GİT\ev archive\ARCHIVE\public\index.php(79): CodeIgniter\CodeIgniter->run()
#10 C:\Users\INFODIF\Desktop\GİT\ev archive\ARCHIVE\system\Commands\Server\rewrite.php(47): require_once('...')
#11 {main}
CRITICAL - 2023-11-07 06:56:41 --> Cannot delete or update a parent row: a foreign key constraint fails (`archive`.`vinyllink`, CONSTRAINT `FK__vinyl` FOREIGN KEY (`vinyl_id`) REFERENCES `vinyl` (`id`) ON UPDATE CASCADE)
in SYSTEMPATH\Database\BaseConnection.php on line 646.
 1 SYSTEMPATH\Database\BaseBuilder.php(2790): CodeIgniter\Database\BaseConnection->query()
 2 APPPATH\Models\VinylModel.php(47): CodeIgniter\Database\BaseBuilder->delete()
 3 APPPATH\Controllers\VinylController.php(91): App\Models\VinylModel->deletebyid()
 4 SYSTEMPATH\CodeIgniter.php(919): App\Controllers\VinylController->delete()
 5 SYSTEMPATH\CodeIgniter.php(494): CodeIgniter\CodeIgniter->runController()
 6 SYSTEMPATH\CodeIgniter.php(353): CodeIgniter\CodeIgniter->handleRequest()
 7 FCPATH\index.php(79): CodeIgniter\CodeIgniter->run()
 8 SYSTEMPATH\Commands\Server\rewrite.php(47): require_once('C:\\Users\\INFODIF\\Desktop\\GİT\\ev archive\\ARCHIVE\\public\\index.php')
ERROR - 2023-11-07 06:56:46 --> mysqli_sql_exception: Cannot delete or update a parent row: a foreign key constraint fails (`archive`.`vinyllink`, CONSTRAINT `FK__vinyl` FOREIGN KEY (`vinyl_id`) REFERENCES `vinyl` (`id`) ON UPDATE CASCADE) in C:\Users\INFODIF\Desktop\GİT\ev archive\ARCHIVE\system\Database\MySQLi\Connection.php:306
Stack trace:
#0 C:\Users\INFODIF\Desktop\GİT\ev archive\ARCHIVE\system\Database\MySQLi\Connection.php(306): mysqli->query()
#1 C:\Users\INFODIF\Desktop\GİT\ev archive\ARCHIVE\system\Database\BaseConnection.php(692): CodeIgniter\Database\MySQLi\Connection->execute()
#2 C:\Users\INFODIF\Desktop\GİT\ev archive\ARCHIVE\system\Database\BaseConnection.php(606): CodeIgniter\Database\BaseConnection->simpleQuery()
#3 C:\Users\INFODIF\Desktop\GİT\ev archive\ARCHIVE\system\Database\BaseBuilder.php(2790): CodeIgniter\Database\BaseConnection->query()
#4 C:\Users\INFODIF\Desktop\GİT\ev archive\ARCHIVE\app\Models\VinylModel.php(47): CodeIgniter\Database\BaseBuilder->delete()
#5 C:\Users\INFODIF\Desktop\GİT\ev archive\ARCHIVE\app\Controllers\VinylController.php(91): App\Models\VinylModel->deletebyid()
#6 C:\Users\INFODIF\Desktop\GİT\ev archive\ARCHIVE\system\CodeIgniter.php(919): App\Controllers\VinylController->delete()
#7 C:\Users\INFODIF\Desktop\GİT\ev archive\ARCHIVE\system\CodeIgniter.php(494): CodeIgniter\CodeIgniter->runController()
#8 C:\Users\INFODIF\Desktop\GİT\ev archive\ARCHIVE\system\CodeIgniter.php(353): CodeIgniter\CodeIgniter->handleRequest()
#9 C:\Users\INFODIF\Desktop\GİT\ev archive\ARCHIVE\public\index.php(79): CodeIgniter\CodeIgniter->run()
#10 C:\Users\INFODIF\Desktop\GİT\ev archive\ARCHIVE\system\Commands\Server\rewrite.php(47): require_once('...')
#11 {main}
CRITICAL - 2023-11-07 06:56:46 --> Cannot delete or update a parent row: a foreign key constraint fails (`archive`.`vinyllink`, CONSTRAINT `FK__vinyl` FOREIGN KEY (`vinyl_id`) REFERENCES `vinyl` (`id`) ON UPDATE CASCADE)
in SYSTEMPATH\Database\BaseConnection.php on line 646.
 1 SYSTEMPATH\Database\BaseBuilder.php(2790): CodeIgniter\Database\BaseConnection->query()
 2 APPPATH\Models\VinylModel.php(47): CodeIgniter\Database\BaseBuilder->delete()
 3 APPPATH\Controllers\VinylController.php(91): App\Models\VinylModel->deletebyid()
 4 SYSTEMPATH\CodeIgniter.php(919): App\Controllers\VinylController->delete()
 5 SYSTEMPATH\CodeIgniter.php(494): CodeIgniter\CodeIgniter->runController()
 6 SYSTEMPATH\CodeIgniter.php(353): CodeIgniter\CodeIgniter->handleRequest()
 7 FCPATH\index.php(79): CodeIgniter\CodeIgniter->run()
 8 SYSTEMPATH\Commands\Server\rewrite.php(47): require_once('C:\\Users\\INFODIF\\Desktop\\GİT\\ev archive\\ARCHIVE\\public\\index.php')
ERROR - 2023-11-07 06:57:49 --> mysqli_sql_exception: Cannot delete or update a parent row: a foreign key constraint fails (`archive`.`vinyllink`, CONSTRAINT `FK__vinyl` FOREIGN KEY (`vinyl_id`) REFERENCES `vinyl` (`id`) ON DELETE NO ACTION ON UPDATE NO ACTION) in C:\Users\INFODIF\Desktop\GİT\ev archive\ARCHIVE\system\Database\MySQLi\Connection.php:306
Stack trace:
#0 C:\Users\INFODIF\Desktop\GİT\ev archive\ARCHIVE\system\Database\MySQLi\Connection.php(306): mysqli->query()
#1 C:\Users\INFODIF\Desktop\GİT\ev archive\ARCHIVE\system\Database\BaseConnection.php(692): CodeIgniter\Database\MySQLi\Connection->execute()
#2 C:\Users\INFODIF\Desktop\GİT\ev archive\ARCHIVE\system\Database\BaseConnection.php(606): CodeIgniter\Database\BaseConnection->simpleQuery()
#3 C:\Users\INFODIF\Desktop\GİT\ev archive\ARCHIVE\system\Database\BaseBuilder.php(2790): CodeIgniter\Database\BaseConnection->query()
#4 C:\Users\INFODIF\Desktop\GİT\ev archive\ARCHIVE\app\Models\VinylModel.php(47): CodeIgniter\Database\BaseBuilder->delete()
#5 C:\Users\INFODIF\Desktop\GİT\ev archive\ARCHIVE\app\Controllers\VinylController.php(91): App\Models\VinylModel->deletebyid()
#6 C:\Users\INFODIF\Desktop\GİT\ev archive\ARCHIVE\system\CodeIgniter.php(919): App\Controllers\VinylController->delete()
#7 C:\Users\INFODIF\Desktop\GİT\ev archive\ARCHIVE\system\CodeIgniter.php(494): CodeIgniter\CodeIgniter->runController()
#8 C:\Users\INFODIF\Desktop\GİT\ev archive\ARCHIVE\system\CodeIgniter.php(353): CodeIgniter\CodeIgniter->handleRequest()
#9 C:\Users\INFODIF\Desktop\GİT\ev archive\ARCHIVE\public\index.php(79): CodeIgniter\CodeIgniter->run()
#10 C:\Users\INFODIF\Desktop\GİT\ev archive\ARCHIVE\system\Commands\Server\rewrite.php(47): require_once('...')
#11 {main}
CRITICAL - 2023-11-07 06:57:49 --> Cannot delete or update a parent row: a foreign key constraint fails (`archive`.`vinyllink`, CONSTRAINT `FK__vinyl` FOREIGN KEY (`vinyl_id`) REFERENCES `vinyl` (`id`) ON DELETE NO ACTION ON UPDATE NO ACTION)
in SYSTEMPATH\Database\BaseConnection.php on line 646.
 1 SYSTEMPATH\Database\BaseBuilder.php(2790): CodeIgniter\Database\BaseConnection->query()
 2 APPPATH\Models\VinylModel.php(47): CodeIgniter\Database\BaseBuilder->delete()
 3 APPPATH\Controllers\VinylController.php(91): App\Models\VinylModel->deletebyid()
 4 SYSTEMPATH\CodeIgniter.php(919): App\Controllers\VinylController->delete()
 5 SYSTEMPATH\CodeIgniter.php(494): CodeIgniter\CodeIgniter->runController()
 6 SYSTEMPATH\CodeIgniter.php(353): CodeIgniter\CodeIgniter->handleRequest()
 7 FCPATH\index.php(79): CodeIgniter\CodeIgniter->run()
 8 SYSTEMPATH\Commands\Server\rewrite.php(47): require_once('C:\\Users\\INFODIF\\Desktop\\GİT\\ev archive\\ARCHIVE\\public\\index.php')
ERROR - 2023-11-07 08:13:19 --> mysqli_sql_exception: Cannot delete or update a parent row: a foreign key constraint fails (`archive`.`vinyllink`, CONSTRAINT `FK__vinyl` FOREIGN KEY (`vinyl_id`) REFERENCES `vinyl` (`id`) ON UPDATE CASCADE) in C:\Users\INFODIF\Desktop\GİT\ev archive\ARCHIVE\system\Database\MySQLi\Connection.php:306
Stack trace:
#0 C:\Users\INFODIF\Desktop\GİT\ev archive\ARCHIVE\system\Database\MySQLi\Connection.php(306): mysqli->query()
#1 C:\Users\INFODIF\Desktop\GİT\ev archive\ARCHIVE\system\Database\BaseConnection.php(692): CodeIgniter\Database\MySQLi\Connection->execute()
#2 C:\Users\INFODIF\Desktop\GİT\ev archive\ARCHIVE\system\Database\BaseConnection.php(606): CodeIgniter\Database\BaseConnection->simpleQuery()
#3 C:\Users\INFODIF\Desktop\GİT\ev archive\ARCHIVE\system\Database\BaseBuilder.php(2790): CodeIgniter\Database\BaseConnection->query()
#4 C:\Users\INFODIF\Desktop\GİT\ev archive\ARCHIVE\app\Models\VinylModel.php(47): CodeIgniter\Database\BaseBuilder->delete()
#5 C:\Users\INFODIF\Desktop\GİT\ev archive\ARCHIVE\app\Controllers\VinylController.php(91): App\Models\VinylModel->deletebyid()
#6 C:\Users\INFODIF\Desktop\GİT\ev archive\ARCHIVE\system\CodeIgniter.php(919): App\Controllers\VinylController->delete()
#7 C:\Users\INFODIF\Desktop\GİT\ev archive\ARCHIVE\system\CodeIgniter.php(494): CodeIgniter\CodeIgniter->runController()
#8 C:\Users\INFODIF\Desktop\GİT\ev archive\ARCHIVE\system\CodeIgniter.php(353): CodeIgniter\CodeIgniter->handleRequest()
#9 C:\Users\INFODIF\Desktop\GİT\ev archive\ARCHIVE\public\index.php(79): CodeIgniter\CodeIgniter->run()
#10 C:\Users\INFODIF\Desktop\GİT\ev archive\ARCHIVE\system\Commands\Server\rewrite.php(47): require_once('...')
#11 {main}
CRITICAL - 2023-11-07 08:13:19 --> Cannot delete or update a parent row: a foreign key constraint fails (`archive`.`vinyllink`, CONSTRAINT `FK__vinyl` FOREIGN KEY (`vinyl_id`) REFERENCES `vinyl` (`id`) ON UPDATE CASCADE)
in SYSTEMPATH\Database\BaseConnection.php on line 646.
 1 SYSTEMPATH\Database\BaseBuilder.php(2790): CodeIgniter\Database\BaseConnection->query()
 2 APPPATH\Models\VinylModel.php(47): CodeIgniter\Database\BaseBuilder->delete()
 3 APPPATH\Controllers\VinylController.php(91): App\Models\VinylModel->deletebyid()
 4 SYSTEMPATH\CodeIgniter.php(919): App\Controllers\VinylController->delete()
 5 SYSTEMPATH\CodeIgniter.php(494): CodeIgniter\CodeIgniter->runController()
 6 SYSTEMPATH\CodeIgniter.php(353): CodeIgniter\CodeIgniter->handleRequest()
 7 FCPATH\index.php(79): CodeIgniter\CodeIgniter->run()
 8 SYSTEMPATH\Commands\Server\rewrite.php(47): require_once('C:\\Users\\INFODIF\\Desktop\\GİT\\ev archive\\ARCHIVE\\public\\index.php')
