CRITICAL - 2024-01-04 10:38:29 --> implode(): Argument #1 ($pieces) must be of type array, string given
in APPPATH\Controllers\GameController.php on line 62.
 1 APPPATH\Controllers\GameController.php(62): implode()
 2 SYSTEMPATH\CodeIgniter.php(919): App\Controllers\GameController->update()
 3 SYSTEMPATH\CodeIgniter.php(494): CodeIgniter\CodeIgniter->runController()
 4 SYSTEMPATH\CodeIgniter.php(353): CodeIgniter\CodeIgniter->handleRequest()
 5 FCPATH\index.php(79): CodeIgniter\CodeIgniter->run()
 6 SYSTEMPATH\Commands\Server\rewrite.php(47): require_once('C:\\Users\\INFODIF\\Desktop\\GİT\\ARCHIVE\\public\\index.php')
ERROR - 2024-01-04 10:38:41 --> mysqli_sql_exception: Unknown column 'genre[]' in 'field list' in C:\Users\INFODIF\Desktop\GİT\ARCHIVE\system\Database\MySQLi\Connection.php:306
Stack trace:
#0 C:\Users\INFODIF\Desktop\GİT\ARCHIVE\system\Database\MySQLi\Connection.php(306): mysqli->query()
#1 C:\Users\INFODIF\Desktop\GİT\ARCHIVE\system\Database\BaseConnection.php(692): CodeIgniter\Database\MySQLi\Connection->execute()
#2 C:\Users\INFODIF\Desktop\GİT\ARCHIVE\system\Database\BaseConnection.php(606): CodeIgniter\Database\BaseConnection->simpleQuery()
#3 C:\Users\INFODIF\Desktop\GİT\ARCHIVE\system\Database\BaseBuilder.php(2475): CodeIgniter\Database\BaseConnection->query()
#4 C:\Users\INFODIF\Desktop\GİT\ARCHIVE\app\Models\GameModel.php(39): CodeIgniter\Database\BaseBuilder->update()
#5 C:\Users\INFODIF\Desktop\GİT\ARCHIVE\app\Controllers\GameController.php(90): App\Models\GameModel->updateBymodeldata()
#6 C:\Users\INFODIF\Desktop\GİT\ARCHIVE\system\CodeIgniter.php(919): App\Controllers\GameController->update()
#7 C:\Users\INFODIF\Desktop\GİT\ARCHIVE\system\CodeIgniter.php(494): CodeIgniter\CodeIgniter->runController()
#8 C:\Users\INFODIF\Desktop\GİT\ARCHIVE\system\CodeIgniter.php(353): CodeIgniter\CodeIgniter->handleRequest()
#9 C:\Users\INFODIF\Desktop\GİT\ARCHIVE\public\index.php(79): CodeIgniter\CodeIgniter->run()
#10 C:\Users\INFODIF\Desktop\GİT\ARCHIVE\system\Commands\Server\rewrite.php(47): require_once('...')
#11 {main}
CRITICAL - 2024-01-04 10:38:41 --> Unknown column 'genre[]' in 'field list'
in SYSTEMPATH\Database\BaseConnection.php on line 646.
 1 SYSTEMPATH\Database\BaseBuilder.php(2475): CodeIgniter\Database\BaseConnection->query()
 2 APPPATH\Models\GameModel.php(39): CodeIgniter\Database\BaseBuilder->update()
 3 APPPATH\Controllers\GameController.php(90): App\Models\GameModel->updateBymodeldata()
 4 SYSTEMPATH\CodeIgniter.php(919): App\Controllers\GameController->update()
 5 SYSTEMPATH\CodeIgniter.php(494): CodeIgniter\CodeIgniter->runController()
 6 SYSTEMPATH\CodeIgniter.php(353): CodeIgniter\CodeIgniter->handleRequest()
 7 FCPATH\index.php(79): CodeIgniter\CodeIgniter->run()
 8 SYSTEMPATH\Commands\Server\rewrite.php(47): require_once('C:\\Users\\INFODIF\\Desktop\\GİT\\ARCHIVE\\public\\index.php')
ERROR - 2024-01-04 10:39:12 --> mysqli_sql_exception: Unknown column 'genre[]' in 'field list' in C:\Users\INFODIF\Desktop\GİT\ARCHIVE\system\Database\MySQLi\Connection.php:306
Stack trace:
#0 C:\Users\INFODIF\Desktop\GİT\ARCHIVE\system\Database\MySQLi\Connection.php(306): mysqli->query()
#1 C:\Users\INFODIF\Desktop\GİT\ARCHIVE\system\Database\BaseConnection.php(692): CodeIgniter\Database\MySQLi\Connection->execute()
#2 C:\Users\INFODIF\Desktop\GİT\ARCHIVE\system\Database\BaseConnection.php(606): CodeIgniter\Database\BaseConnection->simpleQuery()
#3 C:\Users\INFODIF\Desktop\GİT\ARCHIVE\system\Database\BaseBuilder.php(2475): CodeIgniter\Database\BaseConnection->query()
#4 C:\Users\INFODIF\Desktop\GİT\ARCHIVE\app\Models\GameModel.php(39): CodeIgniter\Database\BaseBuilder->update()
#5 C:\Users\INFODIF\Desktop\GİT\ARCHIVE\app\Controllers\GameController.php(90): App\Models\GameModel->updateBymodeldata()
#6 C:\Users\INFODIF\Desktop\GİT\ARCHIVE\system\CodeIgniter.php(919): App\Controllers\GameController->update()
#7 C:\Users\INFODIF\Desktop\GİT\ARCHIVE\system\CodeIgniter.php(494): CodeIgniter\CodeIgniter->runController()
#8 C:\Users\INFODIF\Desktop\GİT\ARCHIVE\system\CodeIgniter.php(353): CodeIgniter\CodeIgniter->handleRequest()
#9 C:\Users\INFODIF\Desktop\GİT\ARCHIVE\public\index.php(79): CodeIgniter\CodeIgniter->run()
#10 C:\Users\INFODIF\Desktop\GİT\ARCHIVE\system\Commands\Server\rewrite.php(47): require_once('...')
#11 {main}
CRITICAL - 2024-01-04 10:39:12 --> Unknown column 'genre[]' in 'field list'
in SYSTEMPATH\Database\BaseConnection.php on line 646.
 1 SYSTEMPATH\Database\BaseBuilder.php(2475): CodeIgniter\Database\BaseConnection->query()
 2 APPPATH\Models\GameModel.php(39): CodeIgniter\Database\BaseBuilder->update()
 3 APPPATH\Controllers\GameController.php(90): App\Models\GameModel->updateBymodeldata()
 4 SYSTEMPATH\CodeIgniter.php(919): App\Controllers\GameController->update()
 5 SYSTEMPATH\CodeIgniter.php(494): CodeIgniter\CodeIgniter->runController()
 6 SYSTEMPATH\CodeIgniter.php(353): CodeIgniter\CodeIgniter->handleRequest()
 7 FCPATH\index.php(79): CodeIgniter\CodeIgniter->run()
 8 SYSTEMPATH\Commands\Server\rewrite.php(47): require_once('C:\\Users\\INFODIF\\Desktop\\GİT\\ARCHIVE\\public\\index.php')
CRITICAL - 2024-01-04 10:43:48 --> implode(): Argument #1 ($pieces) must be of type array, string given
in APPPATH\Controllers\GameController.php on line 62.
 1 APPPATH\Controllers\GameController.php(62): implode()
 2 SYSTEMPATH\CodeIgniter.php(919): App\Controllers\GameController->update()
 3 SYSTEMPATH\CodeIgniter.php(494): CodeIgniter\CodeIgniter->runController()
 4 SYSTEMPATH\CodeIgniter.php(353): CodeIgniter\CodeIgniter->handleRequest()
 5 FCPATH\index.php(79): CodeIgniter\CodeIgniter->run()
 6 SYSTEMPATH\Commands\Server\rewrite.php(47): require_once('C:\\Users\\INFODIF\\Desktop\\GİT\\ARCHIVE\\public\\index.php')
ERROR - 2024-01-04 10:50:51 --> mysqli_sql_exception: Unknown column 'genre[]' in 'field list' in C:\Users\INFODIF\Desktop\GİT\ARCHIVE\system\Database\MySQLi\Connection.php:306
Stack trace:
#0 C:\Users\INFODIF\Desktop\GİT\ARCHIVE\system\Database\MySQLi\Connection.php(306): mysqli->query()
#1 C:\Users\INFODIF\Desktop\GİT\ARCHIVE\system\Database\BaseConnection.php(692): CodeIgniter\Database\MySQLi\Connection->execute()
#2 C:\Users\INFODIF\Desktop\GİT\ARCHIVE\system\Database\BaseConnection.php(606): CodeIgniter\Database\BaseConnection->simpleQuery()
#3 C:\Users\INFODIF\Desktop\GİT\ARCHIVE\system\Database\BaseBuilder.php(2475): CodeIgniter\Database\BaseConnection->query()
#4 C:\Users\INFODIF\Desktop\GİT\ARCHIVE\app\Models\GameModel.php(39): CodeIgniter\Database\BaseBuilder->update()
#5 C:\Users\INFODIF\Desktop\GİT\ARCHIVE\app\Controllers\GameController.php(90): App\Models\GameModel->updateBymodeldata()
#6 C:\Users\INFODIF\Desktop\GİT\ARCHIVE\system\CodeIgniter.php(919): App\Controllers\GameController->update()
#7 C:\Users\INFODIF\Desktop\GİT\ARCHIVE\system\CodeIgniter.php(494): CodeIgniter\CodeIgniter->runController()
#8 C:\Users\INFODIF\Desktop\GİT\ARCHIVE\system\CodeIgniter.php(353): CodeIgniter\CodeIgniter->handleRequest()
#9 C:\Users\INFODIF\Desktop\GİT\ARCHIVE\public\index.php(79): CodeIgniter\CodeIgniter->run()
#10 C:\Users\INFODIF\Desktop\GİT\ARCHIVE\system\Commands\Server\rewrite.php(47): require_once('...')
#11 {main}
CRITICAL - 2024-01-04 10:50:51 --> Unknown column 'genre[]' in 'field list'
in SYSTEMPATH\Database\BaseConnection.php on line 646.
 1 SYSTEMPATH\Database\BaseBuilder.php(2475): CodeIgniter\Database\BaseConnection->query()
 2 APPPATH\Models\GameModel.php(39): CodeIgniter\Database\BaseBuilder->update()
 3 APPPATH\Controllers\GameController.php(90): App\Models\GameModel->updateBymodeldata()
 4 SYSTEMPATH\CodeIgniter.php(919): App\Controllers\GameController->update()
 5 SYSTEMPATH\CodeIgniter.php(494): CodeIgniter\CodeIgniter->runController()
 6 SYSTEMPATH\CodeIgniter.php(353): CodeIgniter\CodeIgniter->handleRequest()
 7 FCPATH\index.php(79): CodeIgniter\CodeIgniter->run()
 8 SYSTEMPATH\Commands\Server\rewrite.php(47): require_once('C:\\Users\\INFODIF\\Desktop\\GİT\\ARCHIVE\\public\\index.php')
ERROR - 2024-01-04 10:51:50 --> mysqli_sql_exception: Unknown column 'genre[]' in 'field list' in C:\Users\INFODIF\Desktop\GİT\ARCHIVE\system\Database\MySQLi\Connection.php:306
Stack trace:
#0 C:\Users\INFODIF\Desktop\GİT\ARCHIVE\system\Database\MySQLi\Connection.php(306): mysqli->query()
#1 C:\Users\INFODIF\Desktop\GİT\ARCHIVE\system\Database\BaseConnection.php(692): CodeIgniter\Database\MySQLi\Connection->execute()
#2 C:\Users\INFODIF\Desktop\GİT\ARCHIVE\system\Database\BaseConnection.php(606): CodeIgniter\Database\BaseConnection->simpleQuery()
#3 C:\Users\INFODIF\Desktop\GİT\ARCHIVE\system\Database\BaseBuilder.php(2475): CodeIgniter\Database\BaseConnection->query()
#4 C:\Users\INFODIF\Desktop\GİT\ARCHIVE\app\Models\GameModel.php(39): CodeIgniter\Database\BaseBuilder->update()
#5 C:\Users\INFODIF\Desktop\GİT\ARCHIVE\app\Controllers\GameController.php(90): App\Models\GameModel->updateBymodeldata()
#6 C:\Users\INFODIF\Desktop\GİT\ARCHIVE\system\CodeIgniter.php(919): App\Controllers\GameController->update()
#7 C:\Users\INFODIF\Desktop\GİT\ARCHIVE\system\CodeIgniter.php(494): CodeIgniter\CodeIgniter->runController()
#8 C:\Users\INFODIF\Desktop\GİT\ARCHIVE\system\CodeIgniter.php(353): CodeIgniter\CodeIgniter->handleRequest()
#9 C:\Users\INFODIF\Desktop\GİT\ARCHIVE\public\index.php(79): CodeIgniter\CodeIgniter->run()
#10 C:\Users\INFODIF\Desktop\GİT\ARCHIVE\system\Commands\Server\rewrite.php(47): require_once('...')
#11 {main}
CRITICAL - 2024-01-04 10:51:50 --> Unknown column 'genre[]' in 'field list'
in SYSTEMPATH\Database\BaseConnection.php on line 646.
 1 SYSTEMPATH\Database\BaseBuilder.php(2475): CodeIgniter\Database\BaseConnection->query()
 2 APPPATH\Models\GameModel.php(39): CodeIgniter\Database\BaseBuilder->update()
 3 APPPATH\Controllers\GameController.php(90): App\Models\GameModel->updateBymodeldata()
 4 SYSTEMPATH\CodeIgniter.php(919): App\Controllers\GameController->update()
 5 SYSTEMPATH\CodeIgniter.php(494): CodeIgniter\CodeIgniter->runController()
 6 SYSTEMPATH\CodeIgniter.php(353): CodeIgniter\CodeIgniter->handleRequest()
 7 FCPATH\index.php(79): CodeIgniter\CodeIgniter->run()
 8 SYSTEMPATH\Commands\Server\rewrite.php(47): require_once('C:\\Users\\INFODIF\\Desktop\\GİT\\ARCHIVE\\public\\index.php')
ERROR - 2024-01-04 10:52:31 --> mysqli_sql_exception: Unknown column 'genre[]' in 'field list' in C:\Users\INFODIF\Desktop\GİT\ARCHIVE\system\Database\MySQLi\Connection.php:306
Stack trace:
#0 C:\Users\INFODIF\Desktop\GİT\ARCHIVE\system\Database\MySQLi\Connection.php(306): mysqli->query()
#1 C:\Users\INFODIF\Desktop\GİT\ARCHIVE\system\Database\BaseConnection.php(692): CodeIgniter\Database\MySQLi\Connection->execute()
#2 C:\Users\INFODIF\Desktop\GİT\ARCHIVE\system\Database\BaseConnection.php(606): CodeIgniter\Database\BaseConnection->simpleQuery()
#3 C:\Users\INFODIF\Desktop\GİT\ARCHIVE\system\Database\BaseBuilder.php(2475): CodeIgniter\Database\BaseConnection->query()
#4 C:\Users\INFODIF\Desktop\GİT\ARCHIVE\app\Models\GameModel.php(39): CodeIgniter\Database\BaseBuilder->update()
#5 C:\Users\INFODIF\Desktop\GİT\ARCHIVE\app\Controllers\GameController.php(90): App\Models\GameModel->updateBymodeldata()
#6 C:\Users\INFODIF\Desktop\GİT\ARCHIVE\system\CodeIgniter.php(919): App\Controllers\GameController->update()
#7 C:\Users\INFODIF\Desktop\GİT\ARCHIVE\system\CodeIgniter.php(494): CodeIgniter\CodeIgniter->runController()
#8 C:\Users\INFODIF\Desktop\GİT\ARCHIVE\system\CodeIgniter.php(353): CodeIgniter\CodeIgniter->handleRequest()
#9 C:\Users\INFODIF\Desktop\GİT\ARCHIVE\public\index.php(79): CodeIgniter\CodeIgniter->run()
#10 C:\Users\INFODIF\Desktop\GİT\ARCHIVE\system\Commands\Server\rewrite.php(47): require_once('...')
#11 {main}
CRITICAL - 2024-01-04 10:52:31 --> Unknown column 'genre[]' in 'field list'
in SYSTEMPATH\Database\BaseConnection.php on line 646.
 1 SYSTEMPATH\Database\BaseBuilder.php(2475): CodeIgniter\Database\BaseConnection->query()
 2 APPPATH\Models\GameModel.php(39): CodeIgniter\Database\BaseBuilder->update()
 3 APPPATH\Controllers\GameController.php(90): App\Models\GameModel->updateBymodeldata()
 4 SYSTEMPATH\CodeIgniter.php(919): App\Controllers\GameController->update()
 5 SYSTEMPATH\CodeIgniter.php(494): CodeIgniter\CodeIgniter->runController()
 6 SYSTEMPATH\CodeIgniter.php(353): CodeIgniter\CodeIgniter->handleRequest()
 7 FCPATH\index.php(79): CodeIgniter\CodeIgniter->run()
 8 SYSTEMPATH\Commands\Server\rewrite.php(47): require_once('C:\\Users\\INFODIF\\Desktop\\GİT\\ARCHIVE\\public\\index.php')
ERROR - 2024-01-04 10:52:50 --> mysqli_sql_exception: Unknown column 'genre[]' in 'field list' in C:\Users\INFODIF\Desktop\GİT\ARCHIVE\system\Database\MySQLi\Connection.php:306
Stack trace:
#0 C:\Users\INFODIF\Desktop\GİT\ARCHIVE\system\Database\MySQLi\Connection.php(306): mysqli->query()
#1 C:\Users\INFODIF\Desktop\GİT\ARCHIVE\system\Database\BaseConnection.php(692): CodeIgniter\Database\MySQLi\Connection->execute()
#2 C:\Users\INFODIF\Desktop\GİT\ARCHIVE\system\Database\BaseConnection.php(606): CodeIgniter\Database\BaseConnection->simpleQuery()
#3 C:\Users\INFODIF\Desktop\GİT\ARCHIVE\system\Database\BaseBuilder.php(2475): CodeIgniter\Database\BaseConnection->query()
#4 C:\Users\INFODIF\Desktop\GİT\ARCHIVE\app\Models\GameModel.php(39): CodeIgniter\Database\BaseBuilder->update()
#5 C:\Users\INFODIF\Desktop\GİT\ARCHIVE\app\Controllers\GameController.php(90): App\Models\GameModel->updateBymodeldata()
#6 C:\Users\INFODIF\Desktop\GİT\ARCHIVE\system\CodeIgniter.php(919): App\Controllers\GameController->update()
#7 C:\Users\INFODIF\Desktop\GİT\ARCHIVE\system\CodeIgniter.php(494): CodeIgniter\CodeIgniter->runController()
#8 C:\Users\INFODIF\Desktop\GİT\ARCHIVE\system\CodeIgniter.php(353): CodeIgniter\CodeIgniter->handleRequest()
#9 C:\Users\INFODIF\Desktop\GİT\ARCHIVE\public\index.php(79): CodeIgniter\CodeIgniter->run()
#10 C:\Users\INFODIF\Desktop\GİT\ARCHIVE\system\Commands\Server\rewrite.php(47): require_once('...')
#11 {main}
CRITICAL - 2024-01-04 10:52:50 --> Unknown column 'genre[]' in 'field list'
in SYSTEMPATH\Database\BaseConnection.php on line 646.
 1 SYSTEMPATH\Database\BaseBuilder.php(2475): CodeIgniter\Database\BaseConnection->query()
 2 APPPATH\Models\GameModel.php(39): CodeIgniter\Database\BaseBuilder->update()
 3 APPPATH\Controllers\GameController.php(90): App\Models\GameModel->updateBymodeldata()
 4 SYSTEMPATH\CodeIgniter.php(919): App\Controllers\GameController->update()
 5 SYSTEMPATH\CodeIgniter.php(494): CodeIgniter\CodeIgniter->runController()
 6 SYSTEMPATH\CodeIgniter.php(353): CodeIgniter\CodeIgniter->handleRequest()
 7 FCPATH\index.php(79): CodeIgniter\CodeIgniter->run()
 8 SYSTEMPATH\Commands\Server\rewrite.php(47): require_once('C:\\Users\\INFODIF\\Desktop\\GİT\\ARCHIVE\\public\\index.php')
ERROR - 2024-01-04 10:54:22 --> mysqli_sql_exception: Unknown column 'genre[]' in 'field list' in C:\Users\INFODIF\Desktop\GİT\ARCHIVE\system\Database\MySQLi\Connection.php:306
Stack trace:
#0 C:\Users\INFODIF\Desktop\GİT\ARCHIVE\system\Database\MySQLi\Connection.php(306): mysqli->query()
#1 C:\Users\INFODIF\Desktop\GİT\ARCHIVE\system\Database\BaseConnection.php(692): CodeIgniter\Database\MySQLi\Connection->execute()
#2 C:\Users\INFODIF\Desktop\GİT\ARCHIVE\system\Database\BaseConnection.php(606): CodeIgniter\Database\BaseConnection->simpleQuery()
#3 C:\Users\INFODIF\Desktop\GİT\ARCHIVE\system\Database\BaseBuilder.php(2475): CodeIgniter\Database\BaseConnection->query()
#4 C:\Users\INFODIF\Desktop\GİT\ARCHIVE\app\Models\GameModel.php(39): CodeIgniter\Database\BaseBuilder->update()
#5 C:\Users\INFODIF\Desktop\GİT\ARCHIVE\app\Controllers\GameController.php(90): App\Models\GameModel->updateBymodeldata()
#6 C:\Users\INFODIF\Desktop\GİT\ARCHIVE\system\CodeIgniter.php(919): App\Controllers\GameController->update()
#7 C:\Users\INFODIF\Desktop\GİT\ARCHIVE\system\CodeIgniter.php(494): CodeIgniter\CodeIgniter->runController()
#8 C:\Users\INFODIF\Desktop\GİT\ARCHIVE\system\CodeIgniter.php(353): CodeIgniter\CodeIgniter->handleRequest()
#9 C:\Users\INFODIF\Desktop\GİT\ARCHIVE\public\index.php(79): CodeIgniter\CodeIgniter->run()
#10 C:\Users\INFODIF\Desktop\GİT\ARCHIVE\system\Commands\Server\rewrite.php(47): require_once('...')
#11 {main}
CRITICAL - 2024-01-04 10:54:22 --> Unknown column 'genre[]' in 'field list'
in SYSTEMPATH\Database\BaseConnection.php on line 646.
 1 SYSTEMPATH\Database\BaseBuilder.php(2475): CodeIgniter\Database\BaseConnection->query()
 2 APPPATH\Models\GameModel.php(39): CodeIgniter\Database\BaseBuilder->update()
 3 APPPATH\Controllers\GameController.php(90): App\Models\GameModel->updateBymodeldata()
 4 SYSTEMPATH\CodeIgniter.php(919): App\Controllers\GameController->update()
 5 SYSTEMPATH\CodeIgniter.php(494): CodeIgniter\CodeIgniter->runController()
 6 SYSTEMPATH\CodeIgniter.php(353): CodeIgniter\CodeIgniter->handleRequest()
 7 FCPATH\index.php(79): CodeIgniter\CodeIgniter->run()
 8 SYSTEMPATH\Commands\Server\rewrite.php(47): require_once('C:\\Users\\INFODIF\\Desktop\\GİT\\ARCHIVE\\public\\index.php')
ERROR - 2024-01-04 10:54:31 --> mysqli_sql_exception: Unknown column 'genre[]' in 'field list' in C:\Users\INFODIF\Desktop\GİT\ARCHIVE\system\Database\MySQLi\Connection.php:306
Stack trace:
#0 C:\Users\INFODIF\Desktop\GİT\ARCHIVE\system\Database\MySQLi\Connection.php(306): mysqli->query()
#1 C:\Users\INFODIF\Desktop\GİT\ARCHIVE\system\Database\BaseConnection.php(692): CodeIgniter\Database\MySQLi\Connection->execute()
#2 C:\Users\INFODIF\Desktop\GİT\ARCHIVE\system\Database\BaseConnection.php(606): CodeIgniter\Database\BaseConnection->simpleQuery()
#3 C:\Users\INFODIF\Desktop\GİT\ARCHIVE\system\Database\BaseBuilder.php(2475): CodeIgniter\Database\BaseConnection->query()
#4 C:\Users\INFODIF\Desktop\GİT\ARCHIVE\app\Models\GameModel.php(39): CodeIgniter\Database\BaseBuilder->update()
#5 C:\Users\INFODIF\Desktop\GİT\ARCHIVE\app\Controllers\GameController.php(90): App\Models\GameModel->updateBymodeldata()
#6 C:\Users\INFODIF\Desktop\GİT\ARCHIVE\system\CodeIgniter.php(919): App\Controllers\GameController->update()
#7 C:\Users\INFODIF\Desktop\GİT\ARCHIVE\system\CodeIgniter.php(494): CodeIgniter\CodeIgniter->runController()
#8 C:\Users\INFODIF\Desktop\GİT\ARCHIVE\system\CodeIgniter.php(353): CodeIgniter\CodeIgniter->handleRequest()
#9 C:\Users\INFODIF\Desktop\GİT\ARCHIVE\public\index.php(79): CodeIgniter\CodeIgniter->run()
#10 C:\Users\INFODIF\Desktop\GİT\ARCHIVE\system\Commands\Server\rewrite.php(47): require_once('...')
#11 {main}
CRITICAL - 2024-01-04 10:54:31 --> Unknown column 'genre[]' in 'field list'
in SYSTEMPATH\Database\BaseConnection.php on line 646.
 1 SYSTEMPATH\Database\BaseBuilder.php(2475): CodeIgniter\Database\BaseConnection->query()
 2 APPPATH\Models\GameModel.php(39): CodeIgniter\Database\BaseBuilder->update()
 3 APPPATH\Controllers\GameController.php(90): App\Models\GameModel->updateBymodeldata()
 4 SYSTEMPATH\CodeIgniter.php(919): App\Controllers\GameController->update()
 5 SYSTEMPATH\CodeIgniter.php(494): CodeIgniter\CodeIgniter->runController()
 6 SYSTEMPATH\CodeIgniter.php(353): CodeIgniter\CodeIgniter->handleRequest()
 7 FCPATH\index.php(79): CodeIgniter\CodeIgniter->run()
 8 SYSTEMPATH\Commands\Server\rewrite.php(47): require_once('C:\\Users\\INFODIF\\Desktop\\GİT\\ARCHIVE\\public\\index.php')
ERROR - 2024-01-04 10:54:42 --> mysqli_sql_exception: Unknown column 'genre[]' in 'field list' in C:\Users\INFODIF\Desktop\GİT\ARCHIVE\system\Database\MySQLi\Connection.php:306
Stack trace:
#0 C:\Users\INFODIF\Desktop\GİT\ARCHIVE\system\Database\MySQLi\Connection.php(306): mysqli->query()
#1 C:\Users\INFODIF\Desktop\GİT\ARCHIVE\system\Database\BaseConnection.php(692): CodeIgniter\Database\MySQLi\Connection->execute()
#2 C:\Users\INFODIF\Desktop\GİT\ARCHIVE\system\Database\BaseConnection.php(606): CodeIgniter\Database\BaseConnection->simpleQuery()
#3 C:\Users\INFODIF\Desktop\GİT\ARCHIVE\system\Database\BaseBuilder.php(2475): CodeIgniter\Database\BaseConnection->query()
#4 C:\Users\INFODIF\Desktop\GİT\ARCHIVE\app\Models\GameModel.php(39): CodeIgniter\Database\BaseBuilder->update()
#5 C:\Users\INFODIF\Desktop\GİT\ARCHIVE\app\Controllers\GameController.php(90): App\Models\GameModel->updateBymodeldata()
#6 C:\Users\INFODIF\Desktop\GİT\ARCHIVE\system\CodeIgniter.php(919): App\Controllers\GameController->update()
#7 C:\Users\INFODIF\Desktop\GİT\ARCHIVE\system\CodeIgniter.php(494): CodeIgniter\CodeIgniter->runController()
#8 C:\Users\INFODIF\Desktop\GİT\ARCHIVE\system\CodeIgniter.php(353): CodeIgniter\CodeIgniter->handleRequest()
#9 C:\Users\INFODIF\Desktop\GİT\ARCHIVE\public\index.php(79): CodeIgniter\CodeIgniter->run()
#10 C:\Users\INFODIF\Desktop\GİT\ARCHIVE\system\Commands\Server\rewrite.php(47): require_once('...')
#11 {main}
CRITICAL - 2024-01-04 10:54:42 --> Unknown column 'genre[]' in 'field list'
in SYSTEMPATH\Database\BaseConnection.php on line 646.
 1 SYSTEMPATH\Database\BaseBuilder.php(2475): CodeIgniter\Database\BaseConnection->query()
 2 APPPATH\Models\GameModel.php(39): CodeIgniter\Database\BaseBuilder->update()
 3 APPPATH\Controllers\GameController.php(90): App\Models\GameModel->updateBymodeldata()
 4 SYSTEMPATH\CodeIgniter.php(919): App\Controllers\GameController->update()
 5 SYSTEMPATH\CodeIgniter.php(494): CodeIgniter\CodeIgniter->runController()
 6 SYSTEMPATH\CodeIgniter.php(353): CodeIgniter\CodeIgniter->handleRequest()
 7 FCPATH\index.php(79): CodeIgniter\CodeIgniter->run()
 8 SYSTEMPATH\Commands\Server\rewrite.php(47): require_once('C:\\Users\\INFODIF\\Desktop\\GİT\\ARCHIVE\\public\\index.php')
ERROR - 2024-01-04 10:59:11 --> mysqli_sql_exception: Unknown column 'genre[]' in 'field list' in C:\Users\INFODIF\Desktop\GİT\ARCHIVE\system\Database\MySQLi\Connection.php:306
Stack trace:
#0 C:\Users\INFODIF\Desktop\GİT\ARCHIVE\system\Database\MySQLi\Connection.php(306): mysqli->query()
#1 C:\Users\INFODIF\Desktop\GİT\ARCHIVE\system\Database\BaseConnection.php(692): CodeIgniter\Database\MySQLi\Connection->execute()
#2 C:\Users\INFODIF\Desktop\GİT\ARCHIVE\system\Database\BaseConnection.php(606): CodeIgniter\Database\BaseConnection->simpleQuery()
#3 C:\Users\INFODIF\Desktop\GİT\ARCHIVE\system\Database\BaseBuilder.php(2475): CodeIgniter\Database\BaseConnection->query()
#4 C:\Users\INFODIF\Desktop\GİT\ARCHIVE\app\Models\GameModel.php(39): CodeIgniter\Database\BaseBuilder->update()
#5 C:\Users\INFODIF\Desktop\GİT\ARCHIVE\app\Controllers\GameController.php(90): App\Models\GameModel->updateBymodeldata()
#6 C:\Users\INFODIF\Desktop\GİT\ARCHIVE\system\CodeIgniter.php(919): App\Controllers\GameController->update()
#7 C:\Users\INFODIF\Desktop\GİT\ARCHIVE\system\CodeIgniter.php(494): CodeIgniter\CodeIgniter->runController()
#8 C:\Users\INFODIF\Desktop\GİT\ARCHIVE\system\CodeIgniter.php(353): CodeIgniter\CodeIgniter->handleRequest()
#9 C:\Users\INFODIF\Desktop\GİT\ARCHIVE\public\index.php(79): CodeIgniter\CodeIgniter->run()
#10 C:\Users\INFODIF\Desktop\GİT\ARCHIVE\system\Commands\Server\rewrite.php(47): require_once('...')
#11 {main}
CRITICAL - 2024-01-04 10:59:11 --> Unknown column 'genre[]' in 'field list'
in SYSTEMPATH\Database\BaseConnection.php on line 646.
 1 SYSTEMPATH\Database\BaseBuilder.php(2475): CodeIgniter\Database\BaseConnection->query()
 2 APPPATH\Models\GameModel.php(39): CodeIgniter\Database\BaseBuilder->update()
 3 APPPATH\Controllers\GameController.php(90): App\Models\GameModel->updateBymodeldata()
 4 SYSTEMPATH\CodeIgniter.php(919): App\Controllers\GameController->update()
 5 SYSTEMPATH\CodeIgniter.php(494): CodeIgniter\CodeIgniter->runController()
 6 SYSTEMPATH\CodeIgniter.php(353): CodeIgniter\CodeIgniter->handleRequest()
 7 FCPATH\index.php(79): CodeIgniter\CodeIgniter->run()
 8 SYSTEMPATH\Commands\Server\rewrite.php(47): require_once('C:\\Users\\INFODIF\\Desktop\\GİT\\ARCHIVE\\public\\index.php')
ERROR - 2024-01-04 10:59:31 --> mysqli_sql_exception: Unknown column 'genre[]' in 'field list' in C:\Users\INFODIF\Desktop\GİT\ARCHIVE\system\Database\MySQLi\Connection.php:306
Stack trace:
#0 C:\Users\INFODIF\Desktop\GİT\ARCHIVE\system\Database\MySQLi\Connection.php(306): mysqli->query()
#1 C:\Users\INFODIF\Desktop\GİT\ARCHIVE\system\Database\BaseConnection.php(692): CodeIgniter\Database\MySQLi\Connection->execute()
#2 C:\Users\INFODIF\Desktop\GİT\ARCHIVE\system\Database\BaseConnection.php(606): CodeIgniter\Database\BaseConnection->simpleQuery()
#3 C:\Users\INFODIF\Desktop\GİT\ARCHIVE\system\Database\BaseBuilder.php(2475): CodeIgniter\Database\BaseConnection->query()
#4 C:\Users\INFODIF\Desktop\GİT\ARCHIVE\app\Models\GameModel.php(39): CodeIgniter\Database\BaseBuilder->update()
#5 C:\Users\INFODIF\Desktop\GİT\ARCHIVE\app\Controllers\GameController.php(90): App\Models\GameModel->updateBymodeldata()
#6 C:\Users\INFODIF\Desktop\GİT\ARCHIVE\system\CodeIgniter.php(919): App\Controllers\GameController->update()
#7 C:\Users\INFODIF\Desktop\GİT\ARCHIVE\system\CodeIgniter.php(494): CodeIgniter\CodeIgniter->runController()
#8 C:\Users\INFODIF\Desktop\GİT\ARCHIVE\system\CodeIgniter.php(353): CodeIgniter\CodeIgniter->handleRequest()
#9 C:\Users\INFODIF\Desktop\GİT\ARCHIVE\public\index.php(79): CodeIgniter\CodeIgniter->run()
#10 C:\Users\INFODIF\Desktop\GİT\ARCHIVE\system\Commands\Server\rewrite.php(47): require_once('...')
#11 {main}
CRITICAL - 2024-01-04 10:59:31 --> Unknown column 'genre[]' in 'field list'
in SYSTEMPATH\Database\BaseConnection.php on line 646.
 1 SYSTEMPATH\Database\BaseBuilder.php(2475): CodeIgniter\Database\BaseConnection->query()
 2 APPPATH\Models\GameModel.php(39): CodeIgniter\Database\BaseBuilder->update()
 3 APPPATH\Controllers\GameController.php(90): App\Models\GameModel->updateBymodeldata()
 4 SYSTEMPATH\CodeIgniter.php(919): App\Controllers\GameController->update()
 5 SYSTEMPATH\CodeIgniter.php(494): CodeIgniter\CodeIgniter->runController()
 6 SYSTEMPATH\CodeIgniter.php(353): CodeIgniter\CodeIgniter->handleRequest()
 7 FCPATH\index.php(79): CodeIgniter\CodeIgniter->run()
 8 SYSTEMPATH\Commands\Server\rewrite.php(47): require_once('C:\\Users\\INFODIF\\Desktop\\GİT\\ARCHIVE\\public\\index.php')
ERROR - 2024-01-04 11:00:34 --> mysqli_sql_exception: Unknown column 'genre[]' in 'field list' in C:\Users\INFODIF\Desktop\GİT\ARCHIVE\system\Database\MySQLi\Connection.php:306
Stack trace:
#0 C:\Users\INFODIF\Desktop\GİT\ARCHIVE\system\Database\MySQLi\Connection.php(306): mysqli->query()
#1 C:\Users\INFODIF\Desktop\GİT\ARCHIVE\system\Database\BaseConnection.php(692): CodeIgniter\Database\MySQLi\Connection->execute()
#2 C:\Users\INFODIF\Desktop\GİT\ARCHIVE\system\Database\BaseConnection.php(606): CodeIgniter\Database\BaseConnection->simpleQuery()
#3 C:\Users\INFODIF\Desktop\GİT\ARCHIVE\system\Database\BaseBuilder.php(2475): CodeIgniter\Database\BaseConnection->query()
#4 C:\Users\INFODIF\Desktop\GİT\ARCHIVE\app\Models\GameModel.php(39): CodeIgniter\Database\BaseBuilder->update()
#5 C:\Users\INFODIF\Desktop\GİT\ARCHIVE\app\Controllers\GameController.php(90): App\Models\GameModel->updateBymodeldata()
#6 C:\Users\INFODIF\Desktop\GİT\ARCHIVE\system\CodeIgniter.php(919): App\Controllers\GameController->update()
#7 C:\Users\INFODIF\Desktop\GİT\ARCHIVE\system\CodeIgniter.php(494): CodeIgniter\CodeIgniter->runController()
#8 C:\Users\INFODIF\Desktop\GİT\ARCHIVE\system\CodeIgniter.php(353): CodeIgniter\CodeIgniter->handleRequest()
#9 C:\Users\INFODIF\Desktop\GİT\ARCHIVE\public\index.php(79): CodeIgniter\CodeIgniter->run()
#10 C:\Users\INFODIF\Desktop\GİT\ARCHIVE\system\Commands\Server\rewrite.php(47): require_once('...')
#11 {main}
CRITICAL - 2024-01-04 11:00:34 --> Unknown column 'genre[]' in 'field list'
in SYSTEMPATH\Database\BaseConnection.php on line 646.
 1 SYSTEMPATH\Database\BaseBuilder.php(2475): CodeIgniter\Database\BaseConnection->query()
 2 APPPATH\Models\GameModel.php(39): CodeIgniter\Database\BaseBuilder->update()
 3 APPPATH\Controllers\GameController.php(90): App\Models\GameModel->updateBymodeldata()
 4 SYSTEMPATH\CodeIgniter.php(919): App\Controllers\GameController->update()
 5 SYSTEMPATH\CodeIgniter.php(494): CodeIgniter\CodeIgniter->runController()
 6 SYSTEMPATH\CodeIgniter.php(353): CodeIgniter\CodeIgniter->handleRequest()
 7 FCPATH\index.php(79): CodeIgniter\CodeIgniter->run()
 8 SYSTEMPATH\Commands\Server\rewrite.php(47): require_once('C:\\Users\\INFODIF\\Desktop\\GİT\\ARCHIVE\\public\\index.php')
ERROR - 2024-01-04 11:00:48 --> mysqli_sql_exception: Unknown column 'genre[]' in 'field list' in C:\Users\INFODIF\Desktop\GİT\ARCHIVE\system\Database\MySQLi\Connection.php:306
Stack trace:
#0 C:\Users\INFODIF\Desktop\GİT\ARCHIVE\system\Database\MySQLi\Connection.php(306): mysqli->query()
#1 C:\Users\INFODIF\Desktop\GİT\ARCHIVE\system\Database\BaseConnection.php(692): CodeIgniter\Database\MySQLi\Connection->execute()
#2 C:\Users\INFODIF\Desktop\GİT\ARCHIVE\system\Database\BaseConnection.php(606): CodeIgniter\Database\BaseConnection->simpleQuery()
#3 C:\Users\INFODIF\Desktop\GİT\ARCHIVE\system\Database\BaseBuilder.php(2475): CodeIgniter\Database\BaseConnection->query()
#4 C:\Users\INFODIF\Desktop\GİT\ARCHIVE\app\Models\GameModel.php(39): CodeIgniter\Database\BaseBuilder->update()
#5 C:\Users\INFODIF\Desktop\GİT\ARCHIVE\app\Controllers\GameController.php(90): App\Models\GameModel->updateBymodeldata()
#6 C:\Users\INFODIF\Desktop\GİT\ARCHIVE\system\CodeIgniter.php(919): App\Controllers\GameController->update()
#7 C:\Users\INFODIF\Desktop\GİT\ARCHIVE\system\CodeIgniter.php(494): CodeIgniter\CodeIgniter->runController()
#8 C:\Users\INFODIF\Desktop\GİT\ARCHIVE\system\CodeIgniter.php(353): CodeIgniter\CodeIgniter->handleRequest()
#9 C:\Users\INFODIF\Desktop\GİT\ARCHIVE\public\index.php(79): CodeIgniter\CodeIgniter->run()
#10 C:\Users\INFODIF\Desktop\GİT\ARCHIVE\system\Commands\Server\rewrite.php(47): require_once('...')
#11 {main}
CRITICAL - 2024-01-04 11:00:48 --> Unknown column 'genre[]' in 'field list'
in SYSTEMPATH\Database\BaseConnection.php on line 646.
 1 SYSTEMPATH\Database\BaseBuilder.php(2475): CodeIgniter\Database\BaseConnection->query()
 2 APPPATH\Models\GameModel.php(39): CodeIgniter\Database\BaseBuilder->update()
 3 APPPATH\Controllers\GameController.php(90): App\Models\GameModel->updateBymodeldata()
 4 SYSTEMPATH\CodeIgniter.php(919): App\Controllers\GameController->update()
 5 SYSTEMPATH\CodeIgniter.php(494): CodeIgniter\CodeIgniter->runController()
 6 SYSTEMPATH\CodeIgniter.php(353): CodeIgniter\CodeIgniter->handleRequest()
 7 FCPATH\index.php(79): CodeIgniter\CodeIgniter->run()
 8 SYSTEMPATH\Commands\Server\rewrite.php(47): require_once('C:\\Users\\INFODIF\\Desktop\\GİT\\ARCHIVE\\public\\index.php')
