CRITICAL - 2023-11-13 10:31:27 --> Class "App\Models\LinkModel" not found
in APPPATH\Controllers\VinylController.php on line 118.
 1 SYSTEMPATH\CodeIgniter.php(919): App\Controllers\VinylController->add_link()
 2 SYSTEMPATH\CodeIgniter.php(494): CodeIgniter\CodeIgniter->runController()
 3 SYSTEMPATH\CodeIgniter.php(353): CodeIgniter\CodeIgniter->handleRequest()
 4 FCPATH\index.php(79): CodeIgniter\CodeIgniter->run()
 5 SYSTEMPATH\Commands\Server\rewrite.php(47): require_once('C:\\Users\\INFODIF\\Desktop\\GİT\\ARCHIVE\\public\\index.php')
CRITICAL - 2023-11-13 10:31:47 --> Class "App\Models\LinkModel" not found
in APPPATH\Controllers\VinylController.php on line 118.
 1 SYSTEMPATH\CodeIgniter.php(919): App\Controllers\VinylController->add_link()
 2 SYSTEMPATH\CodeIgniter.php(494): CodeIgniter\CodeIgniter->runController()
 3 SYSTEMPATH\CodeIgniter.php(353): CodeIgniter\CodeIgniter->handleRequest()
 4 FCPATH\index.php(79): CodeIgniter\CodeIgniter->run()
 5 SYSTEMPATH\Commands\Server\rewrite.php(47): require_once('C:\\Users\\INFODIF\\Desktop\\GİT\\ARCHIVE\\public\\index.php')
CRITICAL - 2023-11-13 10:34:12 --> Class "App\Models\LinkModel" not found
in APPPATH\Controllers\VinylController.php on line 118.
 1 SYSTEMPATH\CodeIgniter.php(919): App\Controllers\VinylController->add_link()
 2 SYSTEMPATH\CodeIgniter.php(494): CodeIgniter\CodeIgniter->runController()
 3 SYSTEMPATH\CodeIgniter.php(353): CodeIgniter\CodeIgniter->handleRequest()
 4 FCPATH\index.php(79): CodeIgniter\CodeIgniter->run()
 5 SYSTEMPATH\Commands\Server\rewrite.php(47): require_once('C:\\Users\\INFODIF\\Desktop\\GİT\\ARCHIVE\\public\\index.php')
CRITICAL - 2023-11-13 10:34:49 --> Class "App\Models\LinkModel" not found
in APPPATH\Controllers\VinylController.php on line 118.
 1 SYSTEMPATH\CodeIgniter.php(919): App\Controllers\VinylController->add_link()
 2 SYSTEMPATH\CodeIgniter.php(494): CodeIgniter\CodeIgniter->runController()
 3 SYSTEMPATH\CodeIgniter.php(353): CodeIgniter\CodeIgniter->handleRequest()
 4 FCPATH\index.php(79): CodeIgniter\CodeIgniter->run()
 5 SYSTEMPATH\Commands\Server\rewrite.php(47): require_once('C:\\Users\\INFODIF\\Desktop\\GİT\\ARCHIVE\\public\\index.php')
CRITICAL - 2023-11-13 10:36:15 --> Class "App\Models\LinkModel" not found
in APPPATH\Controllers\VinylController.php on line 118.
 1 SYSTEMPATH\CodeIgniter.php(919): App\Controllers\VinylController->add_link()
 2 SYSTEMPATH\CodeIgniter.php(494): CodeIgniter\CodeIgniter->runController()
 3 SYSTEMPATH\CodeIgniter.php(353): CodeIgniter\CodeIgniter->handleRequest()
 4 FCPATH\index.php(79): CodeIgniter\CodeIgniter->run()
 5 SYSTEMPATH\Commands\Server\rewrite.php(47): require_once('C:\\Users\\INFODIF\\Desktop\\GİT\\ARCHIVE\\public\\index.php')
CRITICAL - 2023-11-13 10:37:13 --> Class "App\Models\LinkModel" not found
in APPPATH\Controllers\VinylController.php on line 118.
 1 SYSTEMPATH\CodeIgniter.php(919): App\Controllers\VinylController->add_link()
 2 SYSTEMPATH\CodeIgniter.php(494): CodeIgniter\CodeIgniter->runController()
 3 SYSTEMPATH\CodeIgniter.php(353): CodeIgniter\CodeIgniter->handleRequest()
 4 FCPATH\index.php(79): CodeIgniter\CodeIgniter->run()
 5 SYSTEMPATH\Commands\Server\rewrite.php(47): require_once('C:\\Users\\INFODIF\\Desktop\\GİT\\ARCHIVE\\public\\index.php')
ERROR - 2023-11-13 11:07:59 --> mysqli_sql_exception: Duplicate entry '27' for key 'vinyl_id' in C:\Users\INFODIF\Desktop\GİT\ARCHIVE\system\Database\MySQLi\Connection.php:306
Stack trace:
#0 C:\Users\INFODIF\Desktop\GİT\ARCHIVE\system\Database\MySQLi\Connection.php(306): mysqli->query()
#1 C:\Users\INFODIF\Desktop\GİT\ARCHIVE\system\Database\BaseConnection.php(692): CodeIgniter\Database\MySQLi\Connection->execute()
#2 C:\Users\INFODIF\Desktop\GİT\ARCHIVE\system\Database\BaseConnection.php(606): CodeIgniter\Database\BaseConnection->simpleQuery()
#3 C:\Users\INFODIF\Desktop\GİT\ARCHIVE\system\Database\BaseBuilder.php(2308): CodeIgniter\Database\BaseConnection->query()
#4 C:\Users\INFODIF\Desktop\GİT\ARCHIVE\system\Model.php(319): CodeIgniter\Database\BaseBuilder->insert()
#5 C:\Users\INFODIF\Desktop\GİT\ARCHIVE\system\BaseModel.php(788): CodeIgniter\Model->doInsert()
#6 C:\Users\INFODIF\Desktop\GİT\ARCHIVE\system\Model.php(715): CodeIgniter\BaseModel->insert()
#7 C:\Users\INFODIF\Desktop\GİT\ARCHIVE\app\Controllers\VinylController.php(128): CodeIgniter\Model->insert()
#8 C:\Users\INFODIF\Desktop\GİT\ARCHIVE\system\CodeIgniter.php(919): App\Controllers\VinylController->addlink()
#9 C:\Users\INFODIF\Desktop\GİT\ARCHIVE\system\CodeIgniter.php(494): CodeIgniter\CodeIgniter->runController()
#10 C:\Users\INFODIF\Desktop\GİT\ARCHIVE\system\CodeIgniter.php(353): CodeIgniter\CodeIgniter->handleRequest()
#11 C:\Users\INFODIF\Desktop\GİT\ARCHIVE\public\index.php(79): CodeIgniter\CodeIgniter->run()
#12 C:\Users\INFODIF\Desktop\GİT\ARCHIVE\system\Commands\Server\rewrite.php(47): require_once('...')
#13 {main}
CRITICAL - 2023-11-13 11:07:59 --> Duplicate entry '27' for key 'vinyl_id'
in SYSTEMPATH\Database\BaseConnection.php on line 646.
 1 SYSTEMPATH\Database\BaseBuilder.php(2308): CodeIgniter\Database\BaseConnection->query()
 2 SYSTEMPATH\Model.php(319): CodeIgniter\Database\BaseBuilder->insert()
 3 SYSTEMPATH\BaseModel.php(788): CodeIgniter\Model->doInsert()
 4 SYSTEMPATH\Model.php(715): CodeIgniter\BaseModel->insert()
 5 APPPATH\Controllers\VinylController.php(128): CodeIgniter\Model->insert()
 6 SYSTEMPATH\CodeIgniter.php(919): App\Controllers\VinylController->addlink()
 7 SYSTEMPATH\CodeIgniter.php(494): CodeIgniter\CodeIgniter->runController()
 8 SYSTEMPATH\CodeIgniter.php(353): CodeIgniter\CodeIgniter->handleRequest()
 9 FCPATH\index.php(79): CodeIgniter\CodeIgniter->run()
10 SYSTEMPATH\Commands\Server\rewrite.php(47): require_once('C:\\Users\\INFODIF\\Desktop\\GİT\\ARCHIVE\\public\\index.php')
ERROR - 2023-11-13 11:09:50 --> mysqli_sql_exception: Duplicate entry '27' for key 'vinyl_id' in C:\Users\INFODIF\Desktop\GİT\ARCHIVE\system\Database\MySQLi\Connection.php:306
Stack trace:
#0 C:\Users\INFODIF\Desktop\GİT\ARCHIVE\system\Database\MySQLi\Connection.php(306): mysqli->query()
#1 C:\Users\INFODIF\Desktop\GİT\ARCHIVE\system\Database\BaseConnection.php(692): CodeIgniter\Database\MySQLi\Connection->execute()
#2 C:\Users\INFODIF\Desktop\GİT\ARCHIVE\system\Database\BaseConnection.php(606): CodeIgniter\Database\BaseConnection->simpleQuery()
#3 C:\Users\INFODIF\Desktop\GİT\ARCHIVE\system\Database\BaseBuilder.php(2308): CodeIgniter\Database\BaseConnection->query()
#4 C:\Users\INFODIF\Desktop\GİT\ARCHIVE\system\Model.php(319): CodeIgniter\Database\BaseBuilder->insert()
#5 C:\Users\INFODIF\Desktop\GİT\ARCHIVE\system\BaseModel.php(788): CodeIgniter\Model->doInsert()
#6 C:\Users\INFODIF\Desktop\GİT\ARCHIVE\system\Model.php(715): CodeIgniter\BaseModel->insert()
#7 C:\Users\INFODIF\Desktop\GİT\ARCHIVE\app\Controllers\VinylController.php(128): CodeIgniter\Model->insert()
#8 C:\Users\INFODIF\Desktop\GİT\ARCHIVE\system\CodeIgniter.php(919): App\Controllers\VinylController->addlink()
#9 C:\Users\INFODIF\Desktop\GİT\ARCHIVE\system\CodeIgniter.php(494): CodeIgniter\CodeIgniter->runController()
#10 C:\Users\INFODIF\Desktop\GİT\ARCHIVE\system\CodeIgniter.php(353): CodeIgniter\CodeIgniter->handleRequest()
#11 C:\Users\INFODIF\Desktop\GİT\ARCHIVE\public\index.php(79): CodeIgniter\CodeIgniter->run()
#12 C:\Users\INFODIF\Desktop\GİT\ARCHIVE\system\Commands\Server\rewrite.php(47): require_once('...')
#13 {main}
CRITICAL - 2023-11-13 11:09:50 --> Duplicate entry '27' for key 'vinyl_id'
in SYSTEMPATH\Database\BaseConnection.php on line 646.
 1 SYSTEMPATH\Database\BaseBuilder.php(2308): CodeIgniter\Database\BaseConnection->query()
 2 SYSTEMPATH\Model.php(319): CodeIgniter\Database\BaseBuilder->insert()
 3 SYSTEMPATH\BaseModel.php(788): CodeIgniter\Model->doInsert()
 4 SYSTEMPATH\Model.php(715): CodeIgniter\BaseModel->insert()
 5 APPPATH\Controllers\VinylController.php(128): CodeIgniter\Model->insert()
 6 SYSTEMPATH\CodeIgniter.php(919): App\Controllers\VinylController->addlink()
 7 SYSTEMPATH\CodeIgniter.php(494): CodeIgniter\CodeIgniter->runController()
 8 SYSTEMPATH\CodeIgniter.php(353): CodeIgniter\CodeIgniter->handleRequest()
 9 FCPATH\index.php(79): CodeIgniter\CodeIgniter->run()
10 SYSTEMPATH\Commands\Server\rewrite.php(47): require_once('C:\\Users\\INFODIF\\Desktop\\GİT\\ARCHIVE\\public\\index.php')
ERROR - 2023-11-13 11:09:51 --> mysqli_sql_exception: Duplicate entry '27' for key 'vinyl_id' in C:\Users\INFODIF\Desktop\GİT\ARCHIVE\system\Database\MySQLi\Connection.php:306
Stack trace:
#0 C:\Users\INFODIF\Desktop\GİT\ARCHIVE\system\Database\MySQLi\Connection.php(306): mysqli->query()
#1 C:\Users\INFODIF\Desktop\GİT\ARCHIVE\system\Database\BaseConnection.php(692): CodeIgniter\Database\MySQLi\Connection->execute()
#2 C:\Users\INFODIF\Desktop\GİT\ARCHIVE\system\Database\BaseConnection.php(606): CodeIgniter\Database\BaseConnection->simpleQuery()
#3 C:\Users\INFODIF\Desktop\GİT\ARCHIVE\system\Database\BaseBuilder.php(2308): CodeIgniter\Database\BaseConnection->query()
#4 C:\Users\INFODIF\Desktop\GİT\ARCHIVE\system\Model.php(319): CodeIgniter\Database\BaseBuilder->insert()
#5 C:\Users\INFODIF\Desktop\GİT\ARCHIVE\system\BaseModel.php(788): CodeIgniter\Model->doInsert()
#6 C:\Users\INFODIF\Desktop\GİT\ARCHIVE\system\Model.php(715): CodeIgniter\BaseModel->insert()
#7 C:\Users\INFODIF\Desktop\GİT\ARCHIVE\app\Controllers\VinylController.php(128): CodeIgniter\Model->insert()
#8 C:\Users\INFODIF\Desktop\GİT\ARCHIVE\system\CodeIgniter.php(919): App\Controllers\VinylController->addlink()
#9 C:\Users\INFODIF\Desktop\GİT\ARCHIVE\system\CodeIgniter.php(494): CodeIgniter\CodeIgniter->runController()
#10 C:\Users\INFODIF\Desktop\GİT\ARCHIVE\system\CodeIgniter.php(353): CodeIgniter\CodeIgniter->handleRequest()
#11 C:\Users\INFODIF\Desktop\GİT\ARCHIVE\public\index.php(79): CodeIgniter\CodeIgniter->run()
#12 C:\Users\INFODIF\Desktop\GİT\ARCHIVE\system\Commands\Server\rewrite.php(47): require_once('...')
#13 {main}
CRITICAL - 2023-11-13 11:09:51 --> Duplicate entry '27' for key 'vinyl_id'
in SYSTEMPATH\Database\BaseConnection.php on line 646.
 1 SYSTEMPATH\Database\BaseBuilder.php(2308): CodeIgniter\Database\BaseConnection->query()
 2 SYSTEMPATH\Model.php(319): CodeIgniter\Database\BaseBuilder->insert()
 3 SYSTEMPATH\BaseModel.php(788): CodeIgniter\Model->doInsert()
 4 SYSTEMPATH\Model.php(715): CodeIgniter\BaseModel->insert()
 5 APPPATH\Controllers\VinylController.php(128): CodeIgniter\Model->insert()
 6 SYSTEMPATH\CodeIgniter.php(919): App\Controllers\VinylController->addlink()
 7 SYSTEMPATH\CodeIgniter.php(494): CodeIgniter\CodeIgniter->runController()
 8 SYSTEMPATH\CodeIgniter.php(353): CodeIgniter\CodeIgniter->handleRequest()
 9 FCPATH\index.php(79): CodeIgniter\CodeIgniter->run()
10 SYSTEMPATH\Commands\Server\rewrite.php(47): require_once('C:\\Users\\INFODIF\\Desktop\\GİT\\ARCHIVE\\public\\index.php')
ERROR - 2023-11-13 11:09:51 --> mysqli_sql_exception: Duplicate entry '27' for key 'vinyl_id' in C:\Users\INFODIF\Desktop\GİT\ARCHIVE\system\Database\MySQLi\Connection.php:306
Stack trace:
#0 C:\Users\INFODIF\Desktop\GİT\ARCHIVE\system\Database\MySQLi\Connection.php(306): mysqli->query()
#1 C:\Users\INFODIF\Desktop\GİT\ARCHIVE\system\Database\BaseConnection.php(692): CodeIgniter\Database\MySQLi\Connection->execute()
#2 C:\Users\INFODIF\Desktop\GİT\ARCHIVE\system\Database\BaseConnection.php(606): CodeIgniter\Database\BaseConnection->simpleQuery()
#3 C:\Users\INFODIF\Desktop\GİT\ARCHIVE\system\Database\BaseBuilder.php(2308): CodeIgniter\Database\BaseConnection->query()
#4 C:\Users\INFODIF\Desktop\GİT\ARCHIVE\system\Model.php(319): CodeIgniter\Database\BaseBuilder->insert()
#5 C:\Users\INFODIF\Desktop\GİT\ARCHIVE\system\BaseModel.php(788): CodeIgniter\Model->doInsert()
#6 C:\Users\INFODIF\Desktop\GİT\ARCHIVE\system\Model.php(715): CodeIgniter\BaseModel->insert()
#7 C:\Users\INFODIF\Desktop\GİT\ARCHIVE\app\Controllers\VinylController.php(128): CodeIgniter\Model->insert()
#8 C:\Users\INFODIF\Desktop\GİT\ARCHIVE\system\CodeIgniter.php(919): App\Controllers\VinylController->addlink()
#9 C:\Users\INFODIF\Desktop\GİT\ARCHIVE\system\CodeIgniter.php(494): CodeIgniter\CodeIgniter->runController()
#10 C:\Users\INFODIF\Desktop\GİT\ARCHIVE\system\CodeIgniter.php(353): CodeIgniter\CodeIgniter->handleRequest()
#11 C:\Users\INFODIF\Desktop\GİT\ARCHIVE\public\index.php(79): CodeIgniter\CodeIgniter->run()
#12 C:\Users\INFODIF\Desktop\GİT\ARCHIVE\system\Commands\Server\rewrite.php(47): require_once('...')
#13 {main}
CRITICAL - 2023-11-13 11:09:51 --> Duplicate entry '27' for key 'vinyl_id'
in SYSTEMPATH\Database\BaseConnection.php on line 646.
 1 SYSTEMPATH\Database\BaseBuilder.php(2308): CodeIgniter\Database\BaseConnection->query()
 2 SYSTEMPATH\Model.php(319): CodeIgniter\Database\BaseBuilder->insert()
 3 SYSTEMPATH\BaseModel.php(788): CodeIgniter\Model->doInsert()
 4 SYSTEMPATH\Model.php(715): CodeIgniter\BaseModel->insert()
 5 APPPATH\Controllers\VinylController.php(128): CodeIgniter\Model->insert()
 6 SYSTEMPATH\CodeIgniter.php(919): App\Controllers\VinylController->addlink()
 7 SYSTEMPATH\CodeIgniter.php(494): CodeIgniter\CodeIgniter->runController()
 8 SYSTEMPATH\CodeIgniter.php(353): CodeIgniter\CodeIgniter->handleRequest()
 9 FCPATH\index.php(79): CodeIgniter\CodeIgniter->run()
10 SYSTEMPATH\Commands\Server\rewrite.php(47): require_once('C:\\Users\\INFODIF\\Desktop\\GİT\\ARCHIVE\\public\\index.php')
ERROR - 2023-11-13 11:09:51 --> mysqli_sql_exception: Duplicate entry '27' for key 'vinyl_id' in C:\Users\INFODIF\Desktop\GİT\ARCHIVE\system\Database\MySQLi\Connection.php:306
Stack trace:
#0 C:\Users\INFODIF\Desktop\GİT\ARCHIVE\system\Database\MySQLi\Connection.php(306): mysqli->query()
#1 C:\Users\INFODIF\Desktop\GİT\ARCHIVE\system\Database\BaseConnection.php(692): CodeIgniter\Database\MySQLi\Connection->execute()
#2 C:\Users\INFODIF\Desktop\GİT\ARCHIVE\system\Database\BaseConnection.php(606): CodeIgniter\Database\BaseConnection->simpleQuery()
#3 C:\Users\INFODIF\Desktop\GİT\ARCHIVE\system\Database\BaseBuilder.php(2308): CodeIgniter\Database\BaseConnection->query()
#4 C:\Users\INFODIF\Desktop\GİT\ARCHIVE\system\Model.php(319): CodeIgniter\Database\BaseBuilder->insert()
#5 C:\Users\INFODIF\Desktop\GİT\ARCHIVE\system\BaseModel.php(788): CodeIgniter\Model->doInsert()
#6 C:\Users\INFODIF\Desktop\GİT\ARCHIVE\system\Model.php(715): CodeIgniter\BaseModel->insert()
#7 C:\Users\INFODIF\Desktop\GİT\ARCHIVE\app\Controllers\VinylController.php(128): CodeIgniter\Model->insert()
#8 C:\Users\INFODIF\Desktop\GİT\ARCHIVE\system\CodeIgniter.php(919): App\Controllers\VinylController->addlink()
#9 C:\Users\INFODIF\Desktop\GİT\ARCHIVE\system\CodeIgniter.php(494): CodeIgniter\CodeIgniter->runController()
#10 C:\Users\INFODIF\Desktop\GİT\ARCHIVE\system\CodeIgniter.php(353): CodeIgniter\CodeIgniter->handleRequest()
#11 C:\Users\INFODIF\Desktop\GİT\ARCHIVE\public\index.php(79): CodeIgniter\CodeIgniter->run()
#12 C:\Users\INFODIF\Desktop\GİT\ARCHIVE\system\Commands\Server\rewrite.php(47): require_once('...')
#13 {main}
CRITICAL - 2023-11-13 11:09:51 --> Duplicate entry '27' for key 'vinyl_id'
in SYSTEMPATH\Database\BaseConnection.php on line 646.
 1 SYSTEMPATH\Database\BaseBuilder.php(2308): CodeIgniter\Database\BaseConnection->query()
 2 SYSTEMPATH\Model.php(319): CodeIgniter\Database\BaseBuilder->insert()
 3 SYSTEMPATH\BaseModel.php(788): CodeIgniter\Model->doInsert()
 4 SYSTEMPATH\Model.php(715): CodeIgniter\BaseModel->insert()
 5 APPPATH\Controllers\VinylController.php(128): CodeIgniter\Model->insert()
 6 SYSTEMPATH\CodeIgniter.php(919): App\Controllers\VinylController->addlink()
 7 SYSTEMPATH\CodeIgniter.php(494): CodeIgniter\CodeIgniter->runController()
 8 SYSTEMPATH\CodeIgniter.php(353): CodeIgniter\CodeIgniter->handleRequest()
 9 FCPATH\index.php(79): CodeIgniter\CodeIgniter->run()
10 SYSTEMPATH\Commands\Server\rewrite.php(47): require_once('C:\\Users\\INFODIF\\Desktop\\GİT\\ARCHIVE\\public\\index.php')
ERROR - 2023-11-13 11:09:51 --> mysqli_sql_exception: Duplicate entry '27' for key 'vinyl_id' in C:\Users\INFODIF\Desktop\GİT\ARCHIVE\system\Database\MySQLi\Connection.php:306
Stack trace:
#0 C:\Users\INFODIF\Desktop\GİT\ARCHIVE\system\Database\MySQLi\Connection.php(306): mysqli->query()
#1 C:\Users\INFODIF\Desktop\GİT\ARCHIVE\system\Database\BaseConnection.php(692): CodeIgniter\Database\MySQLi\Connection->execute()
#2 C:\Users\INFODIF\Desktop\GİT\ARCHIVE\system\Database\BaseConnection.php(606): CodeIgniter\Database\BaseConnection->simpleQuery()
#3 C:\Users\INFODIF\Desktop\GİT\ARCHIVE\system\Database\BaseBuilder.php(2308): CodeIgniter\Database\BaseConnection->query()
#4 C:\Users\INFODIF\Desktop\GİT\ARCHIVE\system\Model.php(319): CodeIgniter\Database\BaseBuilder->insert()
#5 C:\Users\INFODIF\Desktop\GİT\ARCHIVE\system\BaseModel.php(788): CodeIgniter\Model->doInsert()
#6 C:\Users\INFODIF\Desktop\GİT\ARCHIVE\system\Model.php(715): CodeIgniter\BaseModel->insert()
#7 C:\Users\INFODIF\Desktop\GİT\ARCHIVE\app\Controllers\VinylController.php(128): CodeIgniter\Model->insert()
#8 C:\Users\INFODIF\Desktop\GİT\ARCHIVE\system\CodeIgniter.php(919): App\Controllers\VinylController->addlink()
#9 C:\Users\INFODIF\Desktop\GİT\ARCHIVE\system\CodeIgniter.php(494): CodeIgniter\CodeIgniter->runController()
#10 C:\Users\INFODIF\Desktop\GİT\ARCHIVE\system\CodeIgniter.php(353): CodeIgniter\CodeIgniter->handleRequest()
#11 C:\Users\INFODIF\Desktop\GİT\ARCHIVE\public\index.php(79): CodeIgniter\CodeIgniter->run()
#12 C:\Users\INFODIF\Desktop\GİT\ARCHIVE\system\Commands\Server\rewrite.php(47): require_once('...')
#13 {main}
CRITICAL - 2023-11-13 11:09:51 --> Duplicate entry '27' for key 'vinyl_id'
in SYSTEMPATH\Database\BaseConnection.php on line 646.
 1 SYSTEMPATH\Database\BaseBuilder.php(2308): CodeIgniter\Database\BaseConnection->query()
 2 SYSTEMPATH\Model.php(319): CodeIgniter\Database\BaseBuilder->insert()
 3 SYSTEMPATH\BaseModel.php(788): CodeIgniter\Model->doInsert()
 4 SYSTEMPATH\Model.php(715): CodeIgniter\BaseModel->insert()
 5 APPPATH\Controllers\VinylController.php(128): CodeIgniter\Model->insert()
 6 SYSTEMPATH\CodeIgniter.php(919): App\Controllers\VinylController->addlink()
 7 SYSTEMPATH\CodeIgniter.php(494): CodeIgniter\CodeIgniter->runController()
 8 SYSTEMPATH\CodeIgniter.php(353): CodeIgniter\CodeIgniter->handleRequest()
 9 FCPATH\index.php(79): CodeIgniter\CodeIgniter->run()
10 SYSTEMPATH\Commands\Server\rewrite.php(47): require_once('C:\\Users\\INFODIF\\Desktop\\GİT\\ARCHIVE\\public\\index.php')
ERROR - 2023-11-13 11:09:51 --> mysqli_sql_exception: Duplicate entry '27' for key 'vinyl_id' in C:\Users\INFODIF\Desktop\GİT\ARCHIVE\system\Database\MySQLi\Connection.php:306
Stack trace:
#0 C:\Users\INFODIF\Desktop\GİT\ARCHIVE\system\Database\MySQLi\Connection.php(306): mysqli->query()
#1 C:\Users\INFODIF\Desktop\GİT\ARCHIVE\system\Database\BaseConnection.php(692): CodeIgniter\Database\MySQLi\Connection->execute()
#2 C:\Users\INFODIF\Desktop\GİT\ARCHIVE\system\Database\BaseConnection.php(606): CodeIgniter\Database\BaseConnection->simpleQuery()
#3 C:\Users\INFODIF\Desktop\GİT\ARCHIVE\system\Database\BaseBuilder.php(2308): CodeIgniter\Database\BaseConnection->query()
#4 C:\Users\INFODIF\Desktop\GİT\ARCHIVE\system\Model.php(319): CodeIgniter\Database\BaseBuilder->insert()
#5 C:\Users\INFODIF\Desktop\GİT\ARCHIVE\system\BaseModel.php(788): CodeIgniter\Model->doInsert()
#6 C:\Users\INFODIF\Desktop\GİT\ARCHIVE\system\Model.php(715): CodeIgniter\BaseModel->insert()
#7 C:\Users\INFODIF\Desktop\GİT\ARCHIVE\app\Controllers\VinylController.php(128): CodeIgniter\Model->insert()
#8 C:\Users\INFODIF\Desktop\GİT\ARCHIVE\system\CodeIgniter.php(919): App\Controllers\VinylController->addlink()
#9 C:\Users\INFODIF\Desktop\GİT\ARCHIVE\system\CodeIgniter.php(494): CodeIgniter\CodeIgniter->runController()
#10 C:\Users\INFODIF\Desktop\GİT\ARCHIVE\system\CodeIgniter.php(353): CodeIgniter\CodeIgniter->handleRequest()
#11 C:\Users\INFODIF\Desktop\GİT\ARCHIVE\public\index.php(79): CodeIgniter\CodeIgniter->run()
#12 C:\Users\INFODIF\Desktop\GİT\ARCHIVE\system\Commands\Server\rewrite.php(47): require_once('...')
#13 {main}
CRITICAL - 2023-11-13 11:09:51 --> Duplicate entry '27' for key 'vinyl_id'
in SYSTEMPATH\Database\BaseConnection.php on line 646.
 1 SYSTEMPATH\Database\BaseBuilder.php(2308): CodeIgniter\Database\BaseConnection->query()
 2 SYSTEMPATH\Model.php(319): CodeIgniter\Database\BaseBuilder->insert()
 3 SYSTEMPATH\BaseModel.php(788): CodeIgniter\Model->doInsert()
 4 SYSTEMPATH\Model.php(715): CodeIgniter\BaseModel->insert()
 5 APPPATH\Controllers\VinylController.php(128): CodeIgniter\Model->insert()
 6 SYSTEMPATH\CodeIgniter.php(919): App\Controllers\VinylController->addlink()
 7 SYSTEMPATH\CodeIgniter.php(494): CodeIgniter\CodeIgniter->runController()
 8 SYSTEMPATH\CodeIgniter.php(353): CodeIgniter\CodeIgniter->handleRequest()
 9 FCPATH\index.php(79): CodeIgniter\CodeIgniter->run()
10 SYSTEMPATH\Commands\Server\rewrite.php(47): require_once('C:\\Users\\INFODIF\\Desktop\\GİT\\ARCHIVE\\public\\index.php')
ERROR - 2023-11-13 11:09:52 --> mysqli_sql_exception: Duplicate entry '27' for key 'vinyl_id' in C:\Users\INFODIF\Desktop\GİT\ARCHIVE\system\Database\MySQLi\Connection.php:306
Stack trace:
#0 C:\Users\INFODIF\Desktop\GİT\ARCHIVE\system\Database\MySQLi\Connection.php(306): mysqli->query()
#1 C:\Users\INFODIF\Desktop\GİT\ARCHIVE\system\Database\BaseConnection.php(692): CodeIgniter\Database\MySQLi\Connection->execute()
#2 C:\Users\INFODIF\Desktop\GİT\ARCHIVE\system\Database\BaseConnection.php(606): CodeIgniter\Database\BaseConnection->simpleQuery()
#3 C:\Users\INFODIF\Desktop\GİT\ARCHIVE\system\Database\BaseBuilder.php(2308): CodeIgniter\Database\BaseConnection->query()
#4 C:\Users\INFODIF\Desktop\GİT\ARCHIVE\system\Model.php(319): CodeIgniter\Database\BaseBuilder->insert()
#5 C:\Users\INFODIF\Desktop\GİT\ARCHIVE\system\BaseModel.php(788): CodeIgniter\Model->doInsert()
#6 C:\Users\INFODIF\Desktop\GİT\ARCHIVE\system\Model.php(715): CodeIgniter\BaseModel->insert()
#7 C:\Users\INFODIF\Desktop\GİT\ARCHIVE\app\Controllers\VinylController.php(128): CodeIgniter\Model->insert()
#8 C:\Users\INFODIF\Desktop\GİT\ARCHIVE\system\CodeIgniter.php(919): App\Controllers\VinylController->addlink()
#9 C:\Users\INFODIF\Desktop\GİT\ARCHIVE\system\CodeIgniter.php(494): CodeIgniter\CodeIgniter->runController()
#10 C:\Users\INFODIF\Desktop\GİT\ARCHIVE\system\CodeIgniter.php(353): CodeIgniter\CodeIgniter->handleRequest()
#11 C:\Users\INFODIF\Desktop\GİT\ARCHIVE\public\index.php(79): CodeIgniter\CodeIgniter->run()
#12 C:\Users\INFODIF\Desktop\GİT\ARCHIVE\system\Commands\Server\rewrite.php(47): require_once('...')
#13 {main}
CRITICAL - 2023-11-13 11:09:52 --> Duplicate entry '27' for key 'vinyl_id'
in SYSTEMPATH\Database\BaseConnection.php on line 646.
 1 SYSTEMPATH\Database\BaseBuilder.php(2308): CodeIgniter\Database\BaseConnection->query()
 2 SYSTEMPATH\Model.php(319): CodeIgniter\Database\BaseBuilder->insert()
 3 SYSTEMPATH\BaseModel.php(788): CodeIgniter\Model->doInsert()
 4 SYSTEMPATH\Model.php(715): CodeIgniter\BaseModel->insert()
 5 APPPATH\Controllers\VinylController.php(128): CodeIgniter\Model->insert()
 6 SYSTEMPATH\CodeIgniter.php(919): App\Controllers\VinylController->addlink()
 7 SYSTEMPATH\CodeIgniter.php(494): CodeIgniter\CodeIgniter->runController()
 8 SYSTEMPATH\CodeIgniter.php(353): CodeIgniter\CodeIgniter->handleRequest()
 9 FCPATH\index.php(79): CodeIgniter\CodeIgniter->run()
10 SYSTEMPATH\Commands\Server\rewrite.php(47): require_once('C:\\Users\\INFODIF\\Desktop\\GİT\\ARCHIVE\\public\\index.php')
ERROR - 2023-11-13 11:09:52 --> mysqli_sql_exception: Duplicate entry '27' for key 'vinyl_id' in C:\Users\INFODIF\Desktop\GİT\ARCHIVE\system\Database\MySQLi\Connection.php:306
Stack trace:
#0 C:\Users\INFODIF\Desktop\GİT\ARCHIVE\system\Database\MySQLi\Connection.php(306): mysqli->query()
#1 C:\Users\INFODIF\Desktop\GİT\ARCHIVE\system\Database\BaseConnection.php(692): CodeIgniter\Database\MySQLi\Connection->execute()
#2 C:\Users\INFODIF\Desktop\GİT\ARCHIVE\system\Database\BaseConnection.php(606): CodeIgniter\Database\BaseConnection->simpleQuery()
#3 C:\Users\INFODIF\Desktop\GİT\ARCHIVE\system\Database\BaseBuilder.php(2308): CodeIgniter\Database\BaseConnection->query()
#4 C:\Users\INFODIF\Desktop\GİT\ARCHIVE\system\Model.php(319): CodeIgniter\Database\BaseBuilder->insert()
#5 C:\Users\INFODIF\Desktop\GİT\ARCHIVE\system\BaseModel.php(788): CodeIgniter\Model->doInsert()
#6 C:\Users\INFODIF\Desktop\GİT\ARCHIVE\system\Model.php(715): CodeIgniter\BaseModel->insert()
#7 C:\Users\INFODIF\Desktop\GİT\ARCHIVE\app\Controllers\VinylController.php(128): CodeIgniter\Model->insert()
#8 C:\Users\INFODIF\Desktop\GİT\ARCHIVE\system\CodeIgniter.php(919): App\Controllers\VinylController->addlink()
#9 C:\Users\INFODIF\Desktop\GİT\ARCHIVE\system\CodeIgniter.php(494): CodeIgniter\CodeIgniter->runController()
#10 C:\Users\INFODIF\Desktop\GİT\ARCHIVE\system\CodeIgniter.php(353): CodeIgniter\CodeIgniter->handleRequest()
#11 C:\Users\INFODIF\Desktop\GİT\ARCHIVE\public\index.php(79): CodeIgniter\CodeIgniter->run()
#12 C:\Users\INFODIF\Desktop\GİT\ARCHIVE\system\Commands\Server\rewrite.php(47): require_once('...')
#13 {main}
CRITICAL - 2023-11-13 11:09:52 --> Duplicate entry '27' for key 'vinyl_id'
in SYSTEMPATH\Database\BaseConnection.php on line 646.
 1 SYSTEMPATH\Database\BaseBuilder.php(2308): CodeIgniter\Database\BaseConnection->query()
 2 SYSTEMPATH\Model.php(319): CodeIgniter\Database\BaseBuilder->insert()
 3 SYSTEMPATH\BaseModel.php(788): CodeIgniter\Model->doInsert()
 4 SYSTEMPATH\Model.php(715): CodeIgniter\BaseModel->insert()
 5 APPPATH\Controllers\VinylController.php(128): CodeIgniter\Model->insert()
 6 SYSTEMPATH\CodeIgniter.php(919): App\Controllers\VinylController->addlink()
 7 SYSTEMPATH\CodeIgniter.php(494): CodeIgniter\CodeIgniter->runController()
 8 SYSTEMPATH\CodeIgniter.php(353): CodeIgniter\CodeIgniter->handleRequest()
 9 FCPATH\index.php(79): CodeIgniter\CodeIgniter->run()
10 SYSTEMPATH\Commands\Server\rewrite.php(47): require_once('C:\\Users\\INFODIF\\Desktop\\GİT\\ARCHIVE\\public\\index.php')
ERROR - 2023-11-13 11:09:52 --> mysqli_sql_exception: Duplicate entry '27' for key 'vinyl_id' in C:\Users\INFODIF\Desktop\GİT\ARCHIVE\system\Database\MySQLi\Connection.php:306
Stack trace:
#0 C:\Users\INFODIF\Desktop\GİT\ARCHIVE\system\Database\MySQLi\Connection.php(306): mysqli->query()
#1 C:\Users\INFODIF\Desktop\GİT\ARCHIVE\system\Database\BaseConnection.php(692): CodeIgniter\Database\MySQLi\Connection->execute()
#2 C:\Users\INFODIF\Desktop\GİT\ARCHIVE\system\Database\BaseConnection.php(606): CodeIgniter\Database\BaseConnection->simpleQuery()
#3 C:\Users\INFODIF\Desktop\GİT\ARCHIVE\system\Database\BaseBuilder.php(2308): CodeIgniter\Database\BaseConnection->query()
#4 C:\Users\INFODIF\Desktop\GİT\ARCHIVE\system\Model.php(319): CodeIgniter\Database\BaseBuilder->insert()
#5 C:\Users\INFODIF\Desktop\GİT\ARCHIVE\system\BaseModel.php(788): CodeIgniter\Model->doInsert()
#6 C:\Users\INFODIF\Desktop\GİT\ARCHIVE\system\Model.php(715): CodeIgniter\BaseModel->insert()
#7 C:\Users\INFODIF\Desktop\GİT\ARCHIVE\app\Controllers\VinylController.php(128): CodeIgniter\Model->insert()
#8 C:\Users\INFODIF\Desktop\GİT\ARCHIVE\system\CodeIgniter.php(919): App\Controllers\VinylController->addlink()
#9 C:\Users\INFODIF\Desktop\GİT\ARCHIVE\system\CodeIgniter.php(494): CodeIgniter\CodeIgniter->runController()
#10 C:\Users\INFODIF\Desktop\GİT\ARCHIVE\system\CodeIgniter.php(353): CodeIgniter\CodeIgniter->handleRequest()
#11 C:\Users\INFODIF\Desktop\GİT\ARCHIVE\public\index.php(79): CodeIgniter\CodeIgniter->run()
#12 C:\Users\INFODIF\Desktop\GİT\ARCHIVE\system\Commands\Server\rewrite.php(47): require_once('...')
#13 {main}
CRITICAL - 2023-11-13 11:09:52 --> Duplicate entry '27' for key 'vinyl_id'
in SYSTEMPATH\Database\BaseConnection.php on line 646.
 1 SYSTEMPATH\Database\BaseBuilder.php(2308): CodeIgniter\Database\BaseConnection->query()
 2 SYSTEMPATH\Model.php(319): CodeIgniter\Database\BaseBuilder->insert()
 3 SYSTEMPATH\BaseModel.php(788): CodeIgniter\Model->doInsert()
 4 SYSTEMPATH\Model.php(715): CodeIgniter\BaseModel->insert()
 5 APPPATH\Controllers\VinylController.php(128): CodeIgniter\Model->insert()
 6 SYSTEMPATH\CodeIgniter.php(919): App\Controllers\VinylController->addlink()
 7 SYSTEMPATH\CodeIgniter.php(494): CodeIgniter\CodeIgniter->runController()
 8 SYSTEMPATH\CodeIgniter.php(353): CodeIgniter\CodeIgniter->handleRequest()
 9 FCPATH\index.php(79): CodeIgniter\CodeIgniter->run()
10 SYSTEMPATH\Commands\Server\rewrite.php(47): require_once('C:\\Users\\INFODIF\\Desktop\\GİT\\ARCHIVE\\public\\index.php')
ERROR - 2023-11-13 11:09:52 --> mysqli_sql_exception: Duplicate entry '27' for key 'vinyl_id' in C:\Users\INFODIF\Desktop\GİT\ARCHIVE\system\Database\MySQLi\Connection.php:306
Stack trace:
#0 C:\Users\INFODIF\Desktop\GİT\ARCHIVE\system\Database\MySQLi\Connection.php(306): mysqli->query()
#1 C:\Users\INFODIF\Desktop\GİT\ARCHIVE\system\Database\BaseConnection.php(692): CodeIgniter\Database\MySQLi\Connection->execute()
#2 C:\Users\INFODIF\Desktop\GİT\ARCHIVE\system\Database\BaseConnection.php(606): CodeIgniter\Database\BaseConnection->simpleQuery()
#3 C:\Users\INFODIF\Desktop\GİT\ARCHIVE\system\Database\BaseBuilder.php(2308): CodeIgniter\Database\BaseConnection->query()
#4 C:\Users\INFODIF\Desktop\GİT\ARCHIVE\system\Model.php(319): CodeIgniter\Database\BaseBuilder->insert()
#5 C:\Users\INFODIF\Desktop\GİT\ARCHIVE\system\BaseModel.php(788): CodeIgniter\Model->doInsert()
#6 C:\Users\INFODIF\Desktop\GİT\ARCHIVE\system\Model.php(715): CodeIgniter\BaseModel->insert()
#7 C:\Users\INFODIF\Desktop\GİT\ARCHIVE\app\Controllers\VinylController.php(128): CodeIgniter\Model->insert()
#8 C:\Users\INFODIF\Desktop\GİT\ARCHIVE\system\CodeIgniter.php(919): App\Controllers\VinylController->addlink()
#9 C:\Users\INFODIF\Desktop\GİT\ARCHIVE\system\CodeIgniter.php(494): CodeIgniter\CodeIgniter->runController()
#10 C:\Users\INFODIF\Desktop\GİT\ARCHIVE\system\CodeIgniter.php(353): CodeIgniter\CodeIgniter->handleRequest()
#11 C:\Users\INFODIF\Desktop\GİT\ARCHIVE\public\index.php(79): CodeIgniter\CodeIgniter->run()
#12 C:\Users\INFODIF\Desktop\GİT\ARCHIVE\system\Commands\Server\rewrite.php(47): require_once('...')
#13 {main}
CRITICAL - 2023-11-13 11:09:52 --> Duplicate entry '27' for key 'vinyl_id'
in SYSTEMPATH\Database\BaseConnection.php on line 646.
 1 SYSTEMPATH\Database\BaseBuilder.php(2308): CodeIgniter\Database\BaseConnection->query()
 2 SYSTEMPATH\Model.php(319): CodeIgniter\Database\BaseBuilder->insert()
 3 SYSTEMPATH\BaseModel.php(788): CodeIgniter\Model->doInsert()
 4 SYSTEMPATH\Model.php(715): CodeIgniter\BaseModel->insert()
 5 APPPATH\Controllers\VinylController.php(128): CodeIgniter\Model->insert()
 6 SYSTEMPATH\CodeIgniter.php(919): App\Controllers\VinylController->addlink()
 7 SYSTEMPATH\CodeIgniter.php(494): CodeIgniter\CodeIgniter->runController()
 8 SYSTEMPATH\CodeIgniter.php(353): CodeIgniter\CodeIgniter->handleRequest()
 9 FCPATH\index.php(79): CodeIgniter\CodeIgniter->run()
10 SYSTEMPATH\Commands\Server\rewrite.php(47): require_once('C:\\Users\\INFODIF\\Desktop\\GİT\\ARCHIVE\\public\\index.php')
ERROR - 2023-11-13 11:09:52 --> mysqli_sql_exception: Duplicate entry '27' for key 'vinyl_id' in C:\Users\INFODIF\Desktop\GİT\ARCHIVE\system\Database\MySQLi\Connection.php:306
Stack trace:
#0 C:\Users\INFODIF\Desktop\GİT\ARCHIVE\system\Database\MySQLi\Connection.php(306): mysqli->query()
#1 C:\Users\INFODIF\Desktop\GİT\ARCHIVE\system\Database\BaseConnection.php(692): CodeIgniter\Database\MySQLi\Connection->execute()
#2 C:\Users\INFODIF\Desktop\GİT\ARCHIVE\system\Database\BaseConnection.php(606): CodeIgniter\Database\BaseConnection->simpleQuery()
#3 C:\Users\INFODIF\Desktop\GİT\ARCHIVE\system\Database\BaseBuilder.php(2308): CodeIgniter\Database\BaseConnection->query()
#4 C:\Users\INFODIF\Desktop\GİT\ARCHIVE\system\Model.php(319): CodeIgniter\Database\BaseBuilder->insert()
#5 C:\Users\INFODIF\Desktop\GİT\ARCHIVE\system\BaseModel.php(788): CodeIgniter\Model->doInsert()
#6 C:\Users\INFODIF\Desktop\GİT\ARCHIVE\system\Model.php(715): CodeIgniter\BaseModel->insert()
#7 C:\Users\INFODIF\Desktop\GİT\ARCHIVE\app\Controllers\VinylController.php(128): CodeIgniter\Model->insert()
#8 C:\Users\INFODIF\Desktop\GİT\ARCHIVE\system\CodeIgniter.php(919): App\Controllers\VinylController->addlink()
#9 C:\Users\INFODIF\Desktop\GİT\ARCHIVE\system\CodeIgniter.php(494): CodeIgniter\CodeIgniter->runController()
#10 C:\Users\INFODIF\Desktop\GİT\ARCHIVE\system\CodeIgniter.php(353): CodeIgniter\CodeIgniter->handleRequest()
#11 C:\Users\INFODIF\Desktop\GİT\ARCHIVE\public\index.php(79): CodeIgniter\CodeIgniter->run()
#12 C:\Users\INFODIF\Desktop\GİT\ARCHIVE\system\Commands\Server\rewrite.php(47): require_once('...')
#13 {main}
CRITICAL - 2023-11-13 11:09:52 --> Duplicate entry '27' for key 'vinyl_id'
in SYSTEMPATH\Database\BaseConnection.php on line 646.
 1 SYSTEMPATH\Database\BaseBuilder.php(2308): CodeIgniter\Database\BaseConnection->query()
 2 SYSTEMPATH\Model.php(319): CodeIgniter\Database\BaseBuilder->insert()
 3 SYSTEMPATH\BaseModel.php(788): CodeIgniter\Model->doInsert()
 4 SYSTEMPATH\Model.php(715): CodeIgniter\BaseModel->insert()
 5 APPPATH\Controllers\VinylController.php(128): CodeIgniter\Model->insert()
 6 SYSTEMPATH\CodeIgniter.php(919): App\Controllers\VinylController->addlink()
 7 SYSTEMPATH\CodeIgniter.php(494): CodeIgniter\CodeIgniter->runController()
 8 SYSTEMPATH\CodeIgniter.php(353): CodeIgniter\CodeIgniter->handleRequest()
 9 FCPATH\index.php(79): CodeIgniter\CodeIgniter->run()
10 SYSTEMPATH\Commands\Server\rewrite.php(47): require_once('C:\\Users\\INFODIF\\Desktop\\GİT\\ARCHIVE\\public\\index.php')
ERROR - 2023-11-13 11:09:52 --> mysqli_sql_exception: Duplicate entry '27' for key 'vinyl_id' in C:\Users\INFODIF\Desktop\GİT\ARCHIVE\system\Database\MySQLi\Connection.php:306
Stack trace:
#0 C:\Users\INFODIF\Desktop\GİT\ARCHIVE\system\Database\MySQLi\Connection.php(306): mysqli->query()
#1 C:\Users\INFODIF\Desktop\GİT\ARCHIVE\system\Database\BaseConnection.php(692): CodeIgniter\Database\MySQLi\Connection->execute()
#2 C:\Users\INFODIF\Desktop\GİT\ARCHIVE\system\Database\BaseConnection.php(606): CodeIgniter\Database\BaseConnection->simpleQuery()
#3 C:\Users\INFODIF\Desktop\GİT\ARCHIVE\system\Database\BaseBuilder.php(2308): CodeIgniter\Database\BaseConnection->query()
#4 C:\Users\INFODIF\Desktop\GİT\ARCHIVE\system\Model.php(319): CodeIgniter\Database\BaseBuilder->insert()
#5 C:\Users\INFODIF\Desktop\GİT\ARCHIVE\system\BaseModel.php(788): CodeIgniter\Model->doInsert()
#6 C:\Users\INFODIF\Desktop\GİT\ARCHIVE\system\Model.php(715): CodeIgniter\BaseModel->insert()
#7 C:\Users\INFODIF\Desktop\GİT\ARCHIVE\app\Controllers\VinylController.php(128): CodeIgniter\Model->insert()
#8 C:\Users\INFODIF\Desktop\GİT\ARCHIVE\system\CodeIgniter.php(919): App\Controllers\VinylController->addlink()
#9 C:\Users\INFODIF\Desktop\GİT\ARCHIVE\system\CodeIgniter.php(494): CodeIgniter\CodeIgniter->runController()
#10 C:\Users\INFODIF\Desktop\GİT\ARCHIVE\system\CodeIgniter.php(353): CodeIgniter\CodeIgniter->handleRequest()
#11 C:\Users\INFODIF\Desktop\GİT\ARCHIVE\public\index.php(79): CodeIgniter\CodeIgniter->run()
#12 C:\Users\INFODIF\Desktop\GİT\ARCHIVE\system\Commands\Server\rewrite.php(47): require_once('...')
#13 {main}
CRITICAL - 2023-11-13 11:09:52 --> Duplicate entry '27' for key 'vinyl_id'
in SYSTEMPATH\Database\BaseConnection.php on line 646.
 1 SYSTEMPATH\Database\BaseBuilder.php(2308): CodeIgniter\Database\BaseConnection->query()
 2 SYSTEMPATH\Model.php(319): CodeIgniter\Database\BaseBuilder->insert()
 3 SYSTEMPATH\BaseModel.php(788): CodeIgniter\Model->doInsert()
 4 SYSTEMPATH\Model.php(715): CodeIgniter\BaseModel->insert()
 5 APPPATH\Controllers\VinylController.php(128): CodeIgniter\Model->insert()
 6 SYSTEMPATH\CodeIgniter.php(919): App\Controllers\VinylController->addlink()
 7 SYSTEMPATH\CodeIgniter.php(494): CodeIgniter\CodeIgniter->runController()
 8 SYSTEMPATH\CodeIgniter.php(353): CodeIgniter\CodeIgniter->handleRequest()
 9 FCPATH\index.php(79): CodeIgniter\CodeIgniter->run()
10 SYSTEMPATH\Commands\Server\rewrite.php(47): require_once('C:\\Users\\INFODIF\\Desktop\\GİT\\ARCHIVE\\public\\index.php')
ERROR - 2023-11-13 11:09:52 --> mysqli_sql_exception: Duplicate entry '27' for key 'vinyl_id' in C:\Users\INFODIF\Desktop\GİT\ARCHIVE\system\Database\MySQLi\Connection.php:306
Stack trace:
#0 C:\Users\INFODIF\Desktop\GİT\ARCHIVE\system\Database\MySQLi\Connection.php(306): mysqli->query()
#1 C:\Users\INFODIF\Desktop\GİT\ARCHIVE\system\Database\BaseConnection.php(692): CodeIgniter\Database\MySQLi\Connection->execute()
#2 C:\Users\INFODIF\Desktop\GİT\ARCHIVE\system\Database\BaseConnection.php(606): CodeIgniter\Database\BaseConnection->simpleQuery()
#3 C:\Users\INFODIF\Desktop\GİT\ARCHIVE\system\Database\BaseBuilder.php(2308): CodeIgniter\Database\BaseConnection->query()
#4 C:\Users\INFODIF\Desktop\GİT\ARCHIVE\system\Model.php(319): CodeIgniter\Database\BaseBuilder->insert()
#5 C:\Users\INFODIF\Desktop\GİT\ARCHIVE\system\BaseModel.php(788): CodeIgniter\Model->doInsert()
#6 C:\Users\INFODIF\Desktop\GİT\ARCHIVE\system\Model.php(715): CodeIgniter\BaseModel->insert()
#7 C:\Users\INFODIF\Desktop\GİT\ARCHIVE\app\Controllers\VinylController.php(128): CodeIgniter\Model->insert()
#8 C:\Users\INFODIF\Desktop\GİT\ARCHIVE\system\CodeIgniter.php(919): App\Controllers\VinylController->addlink()
#9 C:\Users\INFODIF\Desktop\GİT\ARCHIVE\system\CodeIgniter.php(494): CodeIgniter\CodeIgniter->runController()
#10 C:\Users\INFODIF\Desktop\GİT\ARCHIVE\system\CodeIgniter.php(353): CodeIgniter\CodeIgniter->handleRequest()
#11 C:\Users\INFODIF\Desktop\GİT\ARCHIVE\public\index.php(79): CodeIgniter\CodeIgniter->run()
#12 C:\Users\INFODIF\Desktop\GİT\ARCHIVE\system\Commands\Server\rewrite.php(47): require_once('...')
#13 {main}
CRITICAL - 2023-11-13 11:09:52 --> Duplicate entry '27' for key 'vinyl_id'
in SYSTEMPATH\Database\BaseConnection.php on line 646.
 1 SYSTEMPATH\Database\BaseBuilder.php(2308): CodeIgniter\Database\BaseConnection->query()
 2 SYSTEMPATH\Model.php(319): CodeIgniter\Database\BaseBuilder->insert()
 3 SYSTEMPATH\BaseModel.php(788): CodeIgniter\Model->doInsert()
 4 SYSTEMPATH\Model.php(715): CodeIgniter\BaseModel->insert()
 5 APPPATH\Controllers\VinylController.php(128): CodeIgniter\Model->insert()
 6 SYSTEMPATH\CodeIgniter.php(919): App\Controllers\VinylController->addlink()
 7 SYSTEMPATH\CodeIgniter.php(494): CodeIgniter\CodeIgniter->runController()
 8 SYSTEMPATH\CodeIgniter.php(353): CodeIgniter\CodeIgniter->handleRequest()
 9 FCPATH\index.php(79): CodeIgniter\CodeIgniter->run()
10 SYSTEMPATH\Commands\Server\rewrite.php(47): require_once('C:\\Users\\INFODIF\\Desktop\\GİT\\ARCHIVE\\public\\index.php')
ERROR - 2023-11-13 11:09:56 --> mysqli_sql_exception: Duplicate entry '27' for key 'vinyl_id' in C:\Users\INFODIF\Desktop\GİT\ARCHIVE\system\Database\MySQLi\Connection.php:306
Stack trace:
#0 C:\Users\INFODIF\Desktop\GİT\ARCHIVE\system\Database\MySQLi\Connection.php(306): mysqli->query()
#1 C:\Users\INFODIF\Desktop\GİT\ARCHIVE\system\Database\BaseConnection.php(692): CodeIgniter\Database\MySQLi\Connection->execute()
#2 C:\Users\INFODIF\Desktop\GİT\ARCHIVE\system\Database\BaseConnection.php(606): CodeIgniter\Database\BaseConnection->simpleQuery()
#3 C:\Users\INFODIF\Desktop\GİT\ARCHIVE\system\Database\BaseBuilder.php(2308): CodeIgniter\Database\BaseConnection->query()
#4 C:\Users\INFODIF\Desktop\GİT\ARCHIVE\system\Model.php(319): CodeIgniter\Database\BaseBuilder->insert()
#5 C:\Users\INFODIF\Desktop\GİT\ARCHIVE\system\BaseModel.php(788): CodeIgniter\Model->doInsert()
#6 C:\Users\INFODIF\Desktop\GİT\ARCHIVE\system\Model.php(715): CodeIgniter\BaseModel->insert()
#7 C:\Users\INFODIF\Desktop\GİT\ARCHIVE\app\Controllers\VinylController.php(128): CodeIgniter\Model->insert()
#8 C:\Users\INFODIF\Desktop\GİT\ARCHIVE\system\CodeIgniter.php(919): App\Controllers\VinylController->addlink()
#9 C:\Users\INFODIF\Desktop\GİT\ARCHIVE\system\CodeIgniter.php(494): CodeIgniter\CodeIgniter->runController()
#10 C:\Users\INFODIF\Desktop\GİT\ARCHIVE\system\CodeIgniter.php(353): CodeIgniter\CodeIgniter->handleRequest()
#11 C:\Users\INFODIF\Desktop\GİT\ARCHIVE\public\index.php(79): CodeIgniter\CodeIgniter->run()
#12 C:\Users\INFODIF\Desktop\GİT\ARCHIVE\system\Commands\Server\rewrite.php(47): require_once('...')
#13 {main}
CRITICAL - 2023-11-13 11:09:56 --> Duplicate entry '27' for key 'vinyl_id'
in SYSTEMPATH\Database\BaseConnection.php on line 646.
 1 SYSTEMPATH\Database\BaseBuilder.php(2308): CodeIgniter\Database\BaseConnection->query()
 2 SYSTEMPATH\Model.php(319): CodeIgniter\Database\BaseBuilder->insert()
 3 SYSTEMPATH\BaseModel.php(788): CodeIgniter\Model->doInsert()
 4 SYSTEMPATH\Model.php(715): CodeIgniter\BaseModel->insert()
 5 APPPATH\Controllers\VinylController.php(128): CodeIgniter\Model->insert()
 6 SYSTEMPATH\CodeIgniter.php(919): App\Controllers\VinylController->addlink()
 7 SYSTEMPATH\CodeIgniter.php(494): CodeIgniter\CodeIgniter->runController()
 8 SYSTEMPATH\CodeIgniter.php(353): CodeIgniter\CodeIgniter->handleRequest()
 9 FCPATH\index.php(79): CodeIgniter\CodeIgniter->run()
10 SYSTEMPATH\Commands\Server\rewrite.php(47): require_once('C:\\Users\\INFODIF\\Desktop\\GİT\\ARCHIVE\\public\\index.php')
ERROR - 2023-11-13 11:09:56 --> mysqli_sql_exception: Duplicate entry '27' for key 'vinyl_id' in C:\Users\INFODIF\Desktop\GİT\ARCHIVE\system\Database\MySQLi\Connection.php:306
Stack trace:
#0 C:\Users\INFODIF\Desktop\GİT\ARCHIVE\system\Database\MySQLi\Connection.php(306): mysqli->query()
#1 C:\Users\INFODIF\Desktop\GİT\ARCHIVE\system\Database\BaseConnection.php(692): CodeIgniter\Database\MySQLi\Connection->execute()
#2 C:\Users\INFODIF\Desktop\GİT\ARCHIVE\system\Database\BaseConnection.php(606): CodeIgniter\Database\BaseConnection->simpleQuery()
#3 C:\Users\INFODIF\Desktop\GİT\ARCHIVE\system\Database\BaseBuilder.php(2308): CodeIgniter\Database\BaseConnection->query()
#4 C:\Users\INFODIF\Desktop\GİT\ARCHIVE\system\Model.php(319): CodeIgniter\Database\BaseBuilder->insert()
#5 C:\Users\INFODIF\Desktop\GİT\ARCHIVE\system\BaseModel.php(788): CodeIgniter\Model->doInsert()
#6 C:\Users\INFODIF\Desktop\GİT\ARCHIVE\system\Model.php(715): CodeIgniter\BaseModel->insert()
#7 C:\Users\INFODIF\Desktop\GİT\ARCHIVE\app\Controllers\VinylController.php(128): CodeIgniter\Model->insert()
#8 C:\Users\INFODIF\Desktop\GİT\ARCHIVE\system\CodeIgniter.php(919): App\Controllers\VinylController->addlink()
#9 C:\Users\INFODIF\Desktop\GİT\ARCHIVE\system\CodeIgniter.php(494): CodeIgniter\CodeIgniter->runController()
#10 C:\Users\INFODIF\Desktop\GİT\ARCHIVE\system\CodeIgniter.php(353): CodeIgniter\CodeIgniter->handleRequest()
#11 C:\Users\INFODIF\Desktop\GİT\ARCHIVE\public\index.php(79): CodeIgniter\CodeIgniter->run()
#12 C:\Users\INFODIF\Desktop\GİT\ARCHIVE\system\Commands\Server\rewrite.php(47): require_once('...')
#13 {main}
CRITICAL - 2023-11-13 11:09:56 --> Duplicate entry '27' for key 'vinyl_id'
in SYSTEMPATH\Database\BaseConnection.php on line 646.
 1 SYSTEMPATH\Database\BaseBuilder.php(2308): CodeIgniter\Database\BaseConnection->query()
 2 SYSTEMPATH\Model.php(319): CodeIgniter\Database\BaseBuilder->insert()
 3 SYSTEMPATH\BaseModel.php(788): CodeIgniter\Model->doInsert()
 4 SYSTEMPATH\Model.php(715): CodeIgniter\BaseModel->insert()
 5 APPPATH\Controllers\VinylController.php(128): CodeIgniter\Model->insert()
 6 SYSTEMPATH\CodeIgniter.php(919): App\Controllers\VinylController->addlink()
 7 SYSTEMPATH\CodeIgniter.php(494): CodeIgniter\CodeIgniter->runController()
 8 SYSTEMPATH\CodeIgniter.php(353): CodeIgniter\CodeIgniter->handleRequest()
 9 FCPATH\index.php(79): CodeIgniter\CodeIgniter->run()
10 SYSTEMPATH\Commands\Server\rewrite.php(47): require_once('C:\\Users\\INFODIF\\Desktop\\GİT\\ARCHIVE\\public\\index.php')
ERROR - 2023-11-13 11:09:56 --> mysqli_sql_exception: Duplicate entry '27' for key 'vinyl_id' in C:\Users\INFODIF\Desktop\GİT\ARCHIVE\system\Database\MySQLi\Connection.php:306
Stack trace:
#0 C:\Users\INFODIF\Desktop\GİT\ARCHIVE\system\Database\MySQLi\Connection.php(306): mysqli->query()
#1 C:\Users\INFODIF\Desktop\GİT\ARCHIVE\system\Database\BaseConnection.php(692): CodeIgniter\Database\MySQLi\Connection->execute()
#2 C:\Users\INFODIF\Desktop\GİT\ARCHIVE\system\Database\BaseConnection.php(606): CodeIgniter\Database\BaseConnection->simpleQuery()
#3 C:\Users\INFODIF\Desktop\GİT\ARCHIVE\system\Database\BaseBuilder.php(2308): CodeIgniter\Database\BaseConnection->query()
#4 C:\Users\INFODIF\Desktop\GİT\ARCHIVE\system\Model.php(319): CodeIgniter\Database\BaseBuilder->insert()
#5 C:\Users\INFODIF\Desktop\GİT\ARCHIVE\system\BaseModel.php(788): CodeIgniter\Model->doInsert()
#6 C:\Users\INFODIF\Desktop\GİT\ARCHIVE\system\Model.php(715): CodeIgniter\BaseModel->insert()
#7 C:\Users\INFODIF\Desktop\GİT\ARCHIVE\app\Controllers\VinylController.php(128): CodeIgniter\Model->insert()
#8 C:\Users\INFODIF\Desktop\GİT\ARCHIVE\system\CodeIgniter.php(919): App\Controllers\VinylController->addlink()
#9 C:\Users\INFODIF\Desktop\GİT\ARCHIVE\system\CodeIgniter.php(494): CodeIgniter\CodeIgniter->runController()
#10 C:\Users\INFODIF\Desktop\GİT\ARCHIVE\system\CodeIgniter.php(353): CodeIgniter\CodeIgniter->handleRequest()
#11 C:\Users\INFODIF\Desktop\GİT\ARCHIVE\public\index.php(79): CodeIgniter\CodeIgniter->run()
#12 C:\Users\INFODIF\Desktop\GİT\ARCHIVE\system\Commands\Server\rewrite.php(47): require_once('...')
#13 {main}
CRITICAL - 2023-11-13 11:09:56 --> Duplicate entry '27' for key 'vinyl_id'
in SYSTEMPATH\Database\BaseConnection.php on line 646.
 1 SYSTEMPATH\Database\BaseBuilder.php(2308): CodeIgniter\Database\BaseConnection->query()
 2 SYSTEMPATH\Model.php(319): CodeIgniter\Database\BaseBuilder->insert()
 3 SYSTEMPATH\BaseModel.php(788): CodeIgniter\Model->doInsert()
 4 SYSTEMPATH\Model.php(715): CodeIgniter\BaseModel->insert()
 5 APPPATH\Controllers\VinylController.php(128): CodeIgniter\Model->insert()
 6 SYSTEMPATH\CodeIgniter.php(919): App\Controllers\VinylController->addlink()
 7 SYSTEMPATH\CodeIgniter.php(494): CodeIgniter\CodeIgniter->runController()
 8 SYSTEMPATH\CodeIgniter.php(353): CodeIgniter\CodeIgniter->handleRequest()
 9 FCPATH\index.php(79): CodeIgniter\CodeIgniter->run()
10 SYSTEMPATH\Commands\Server\rewrite.php(47): require_once('C:\\Users\\INFODIF\\Desktop\\GİT\\ARCHIVE\\public\\index.php')
ERROR - 2023-11-13 11:10:08 --> mysqli_sql_exception: Duplicate entry 'asdsa' for key 'linkyoutube' in C:\Users\INFODIF\Desktop\GİT\ARCHIVE\system\Database\MySQLi\Connection.php:306
Stack trace:
#0 C:\Users\INFODIF\Desktop\GİT\ARCHIVE\system\Database\MySQLi\Connection.php(306): mysqli->query()
#1 C:\Users\INFODIF\Desktop\GİT\ARCHIVE\system\Database\BaseConnection.php(692): CodeIgniter\Database\MySQLi\Connection->execute()
#2 C:\Users\INFODIF\Desktop\GİT\ARCHIVE\system\Database\BaseConnection.php(606): CodeIgniter\Database\BaseConnection->simpleQuery()
#3 C:\Users\INFODIF\Desktop\GİT\ARCHIVE\system\Database\BaseBuilder.php(2308): CodeIgniter\Database\BaseConnection->query()
#4 C:\Users\INFODIF\Desktop\GİT\ARCHIVE\system\Model.php(319): CodeIgniter\Database\BaseBuilder->insert()
#5 C:\Users\INFODIF\Desktop\GİT\ARCHIVE\system\BaseModel.php(788): CodeIgniter\Model->doInsert()
#6 C:\Users\INFODIF\Desktop\GİT\ARCHIVE\system\Model.php(715): CodeIgniter\BaseModel->insert()
#7 C:\Users\INFODIF\Desktop\GİT\ARCHIVE\app\Controllers\VinylController.php(128): CodeIgniter\Model->insert()
#8 C:\Users\INFODIF\Desktop\GİT\ARCHIVE\system\CodeIgniter.php(919): App\Controllers\VinylController->addlink()
#9 C:\Users\INFODIF\Desktop\GİT\ARCHIVE\system\CodeIgniter.php(494): CodeIgniter\CodeIgniter->runController()
#10 C:\Users\INFODIF\Desktop\GİT\ARCHIVE\system\CodeIgniter.php(353): CodeIgniter\CodeIgniter->handleRequest()
#11 C:\Users\INFODIF\Desktop\GİT\ARCHIVE\public\index.php(79): CodeIgniter\CodeIgniter->run()
#12 C:\Users\INFODIF\Desktop\GİT\ARCHIVE\system\Commands\Server\rewrite.php(47): require_once('...')
#13 {main}
CRITICAL - 2023-11-13 11:10:08 --> Duplicate entry 'asdsa' for key 'linkyoutube'
in SYSTEMPATH\Database\BaseConnection.php on line 646.
 1 SYSTEMPATH\Database\BaseBuilder.php(2308): CodeIgniter\Database\BaseConnection->query()
 2 SYSTEMPATH\Model.php(319): CodeIgniter\Database\BaseBuilder->insert()
 3 SYSTEMPATH\BaseModel.php(788): CodeIgniter\Model->doInsert()
 4 SYSTEMPATH\Model.php(715): CodeIgniter\BaseModel->insert()
 5 APPPATH\Controllers\VinylController.php(128): CodeIgniter\Model->insert()
 6 SYSTEMPATH\CodeIgniter.php(919): App\Controllers\VinylController->addlink()
 7 SYSTEMPATH\CodeIgniter.php(494): CodeIgniter\CodeIgniter->runController()
 8 SYSTEMPATH\CodeIgniter.php(353): CodeIgniter\CodeIgniter->handleRequest()
 9 FCPATH\index.php(79): CodeIgniter\CodeIgniter->run()
10 SYSTEMPATH\Commands\Server\rewrite.php(47): require_once('C:\\Users\\INFODIF\\Desktop\\GİT\\ARCHIVE\\public\\index.php')
ERROR - 2023-11-13 11:10:08 --> mysqli_sql_exception: Duplicate entry 'asdsa' for key 'linkyoutube' in C:\Users\INFODIF\Desktop\GİT\ARCHIVE\system\Database\MySQLi\Connection.php:306
Stack trace:
#0 C:\Users\INFODIF\Desktop\GİT\ARCHIVE\system\Database\MySQLi\Connection.php(306): mysqli->query()
#1 C:\Users\INFODIF\Desktop\GİT\ARCHIVE\system\Database\BaseConnection.php(692): CodeIgniter\Database\MySQLi\Connection->execute()
#2 C:\Users\INFODIF\Desktop\GİT\ARCHIVE\system\Database\BaseConnection.php(606): CodeIgniter\Database\BaseConnection->simpleQuery()
#3 C:\Users\INFODIF\Desktop\GİT\ARCHIVE\system\Database\BaseBuilder.php(2308): CodeIgniter\Database\BaseConnection->query()
#4 C:\Users\INFODIF\Desktop\GİT\ARCHIVE\system\Model.php(319): CodeIgniter\Database\BaseBuilder->insert()
#5 C:\Users\INFODIF\Desktop\GİT\ARCHIVE\system\BaseModel.php(788): CodeIgniter\Model->doInsert()
#6 C:\Users\INFODIF\Desktop\GİT\ARCHIVE\system\Model.php(715): CodeIgniter\BaseModel->insert()
#7 C:\Users\INFODIF\Desktop\GİT\ARCHIVE\app\Controllers\VinylController.php(128): CodeIgniter\Model->insert()
#8 C:\Users\INFODIF\Desktop\GİT\ARCHIVE\system\CodeIgniter.php(919): App\Controllers\VinylController->addlink()
#9 C:\Users\INFODIF\Desktop\GİT\ARCHIVE\system\CodeIgniter.php(494): CodeIgniter\CodeIgniter->runController()
#10 C:\Users\INFODIF\Desktop\GİT\ARCHIVE\system\CodeIgniter.php(353): CodeIgniter\CodeIgniter->handleRequest()
#11 C:\Users\INFODIF\Desktop\GİT\ARCHIVE\public\index.php(79): CodeIgniter\CodeIgniter->run()
#12 C:\Users\INFODIF\Desktop\GİT\ARCHIVE\system\Commands\Server\rewrite.php(47): require_once('...')
#13 {main}
CRITICAL - 2023-11-13 11:10:08 --> Duplicate entry 'asdsa' for key 'linkyoutube'
in SYSTEMPATH\Database\BaseConnection.php on line 646.
 1 SYSTEMPATH\Database\BaseBuilder.php(2308): CodeIgniter\Database\BaseConnection->query()
 2 SYSTEMPATH\Model.php(319): CodeIgniter\Database\BaseBuilder->insert()
 3 SYSTEMPATH\BaseModel.php(788): CodeIgniter\Model->doInsert()
 4 SYSTEMPATH\Model.php(715): CodeIgniter\BaseModel->insert()
 5 APPPATH\Controllers\VinylController.php(128): CodeIgniter\Model->insert()
 6 SYSTEMPATH\CodeIgniter.php(919): App\Controllers\VinylController->addlink()
 7 SYSTEMPATH\CodeIgniter.php(494): CodeIgniter\CodeIgniter->runController()
 8 SYSTEMPATH\CodeIgniter.php(353): CodeIgniter\CodeIgniter->handleRequest()
 9 FCPATH\index.php(79): CodeIgniter\CodeIgniter->run()
10 SYSTEMPATH\Commands\Server\rewrite.php(47): require_once('C:\\Users\\INFODIF\\Desktop\\GİT\\ARCHIVE\\public\\index.php')
ERROR - 2023-11-13 11:10:08 --> mysqli_sql_exception: Duplicate entry 'asdsa' for key 'linkyoutube' in C:\Users\INFODIF\Desktop\GİT\ARCHIVE\system\Database\MySQLi\Connection.php:306
Stack trace:
#0 C:\Users\INFODIF\Desktop\GİT\ARCHIVE\system\Database\MySQLi\Connection.php(306): mysqli->query()
#1 C:\Users\INFODIF\Desktop\GİT\ARCHIVE\system\Database\BaseConnection.php(692): CodeIgniter\Database\MySQLi\Connection->execute()
#2 C:\Users\INFODIF\Desktop\GİT\ARCHIVE\system\Database\BaseConnection.php(606): CodeIgniter\Database\BaseConnection->simpleQuery()
#3 C:\Users\INFODIF\Desktop\GİT\ARCHIVE\system\Database\BaseBuilder.php(2308): CodeIgniter\Database\BaseConnection->query()
#4 C:\Users\INFODIF\Desktop\GİT\ARCHIVE\system\Model.php(319): CodeIgniter\Database\BaseBuilder->insert()
#5 C:\Users\INFODIF\Desktop\GİT\ARCHIVE\system\BaseModel.php(788): CodeIgniter\Model->doInsert()
#6 C:\Users\INFODIF\Desktop\GİT\ARCHIVE\system\Model.php(715): CodeIgniter\BaseModel->insert()
#7 C:\Users\INFODIF\Desktop\GİT\ARCHIVE\app\Controllers\VinylController.php(128): CodeIgniter\Model->insert()
#8 C:\Users\INFODIF\Desktop\GİT\ARCHIVE\system\CodeIgniter.php(919): App\Controllers\VinylController->addlink()
#9 C:\Users\INFODIF\Desktop\GİT\ARCHIVE\system\CodeIgniter.php(494): CodeIgniter\CodeIgniter->runController()
#10 C:\Users\INFODIF\Desktop\GİT\ARCHIVE\system\CodeIgniter.php(353): CodeIgniter\CodeIgniter->handleRequest()
#11 C:\Users\INFODIF\Desktop\GİT\ARCHIVE\public\index.php(79): CodeIgniter\CodeIgniter->run()
#12 C:\Users\INFODIF\Desktop\GİT\ARCHIVE\system\Commands\Server\rewrite.php(47): require_once('...')
#13 {main}
CRITICAL - 2023-11-13 11:10:08 --> Duplicate entry 'asdsa' for key 'linkyoutube'
in SYSTEMPATH\Database\BaseConnection.php on line 646.
 1 SYSTEMPATH\Database\BaseBuilder.php(2308): CodeIgniter\Database\BaseConnection->query()
 2 SYSTEMPATH\Model.php(319): CodeIgniter\Database\BaseBuilder->insert()
 3 SYSTEMPATH\BaseModel.php(788): CodeIgniter\Model->doInsert()
 4 SYSTEMPATH\Model.php(715): CodeIgniter\BaseModel->insert()
 5 APPPATH\Controllers\VinylController.php(128): CodeIgniter\Model->insert()
 6 SYSTEMPATH\CodeIgniter.php(919): App\Controllers\VinylController->addlink()
 7 SYSTEMPATH\CodeIgniter.php(494): CodeIgniter\CodeIgniter->runController()
 8 SYSTEMPATH\CodeIgniter.php(353): CodeIgniter\CodeIgniter->handleRequest()
 9 FCPATH\index.php(79): CodeIgniter\CodeIgniter->run()
10 SYSTEMPATH\Commands\Server\rewrite.php(47): require_once('C:\\Users\\INFODIF\\Desktop\\GİT\\ARCHIVE\\public\\index.php')
ERROR - 2023-11-13 11:10:09 --> mysqli_sql_exception: Duplicate entry 'asdsa' for key 'linkyoutube' in C:\Users\INFODIF\Desktop\GİT\ARCHIVE\system\Database\MySQLi\Connection.php:306
Stack trace:
#0 C:\Users\INFODIF\Desktop\GİT\ARCHIVE\system\Database\MySQLi\Connection.php(306): mysqli->query()
#1 C:\Users\INFODIF\Desktop\GİT\ARCHIVE\system\Database\BaseConnection.php(692): CodeIgniter\Database\MySQLi\Connection->execute()
#2 C:\Users\INFODIF\Desktop\GİT\ARCHIVE\system\Database\BaseConnection.php(606): CodeIgniter\Database\BaseConnection->simpleQuery()
#3 C:\Users\INFODIF\Desktop\GİT\ARCHIVE\system\Database\BaseBuilder.php(2308): CodeIgniter\Database\BaseConnection->query()
#4 C:\Users\INFODIF\Desktop\GİT\ARCHIVE\system\Model.php(319): CodeIgniter\Database\BaseBuilder->insert()
#5 C:\Users\INFODIF\Desktop\GİT\ARCHIVE\system\BaseModel.php(788): CodeIgniter\Model->doInsert()
#6 C:\Users\INFODIF\Desktop\GİT\ARCHIVE\system\Model.php(715): CodeIgniter\BaseModel->insert()
#7 C:\Users\INFODIF\Desktop\GİT\ARCHIVE\app\Controllers\VinylController.php(128): CodeIgniter\Model->insert()
#8 C:\Users\INFODIF\Desktop\GİT\ARCHIVE\system\CodeIgniter.php(919): App\Controllers\VinylController->addlink()
#9 C:\Users\INFODIF\Desktop\GİT\ARCHIVE\system\CodeIgniter.php(494): CodeIgniter\CodeIgniter->runController()
#10 C:\Users\INFODIF\Desktop\GİT\ARCHIVE\system\CodeIgniter.php(353): CodeIgniter\CodeIgniter->handleRequest()
#11 C:\Users\INFODIF\Desktop\GİT\ARCHIVE\public\index.php(79): CodeIgniter\CodeIgniter->run()
#12 C:\Users\INFODIF\Desktop\GİT\ARCHIVE\system\Commands\Server\rewrite.php(47): require_once('...')
#13 {main}
CRITICAL - 2023-11-13 11:10:09 --> Duplicate entry 'asdsa' for key 'linkyoutube'
in SYSTEMPATH\Database\BaseConnection.php on line 646.
 1 SYSTEMPATH\Database\BaseBuilder.php(2308): CodeIgniter\Database\BaseConnection->query()
 2 SYSTEMPATH\Model.php(319): CodeIgniter\Database\BaseBuilder->insert()
 3 SYSTEMPATH\BaseModel.php(788): CodeIgniter\Model->doInsert()
 4 SYSTEMPATH\Model.php(715): CodeIgniter\BaseModel->insert()
 5 APPPATH\Controllers\VinylController.php(128): CodeIgniter\Model->insert()
 6 SYSTEMPATH\CodeIgniter.php(919): App\Controllers\VinylController->addlink()
 7 SYSTEMPATH\CodeIgniter.php(494): CodeIgniter\CodeIgniter->runController()
 8 SYSTEMPATH\CodeIgniter.php(353): CodeIgniter\CodeIgniter->handleRequest()
 9 FCPATH\index.php(79): CodeIgniter\CodeIgniter->run()
10 SYSTEMPATH\Commands\Server\rewrite.php(47): require_once('C:\\Users\\INFODIF\\Desktop\\GİT\\ARCHIVE\\public\\index.php')
ERROR - 2023-11-13 13:59:05 --> mysqli_sql_exception: Duplicate entry '26' for key 'vinyl_id' in C:\Users\INFODIF\Desktop\GİT\ARCHIVE\system\Database\MySQLi\Connection.php:306
Stack trace:
#0 C:\Users\INFODIF\Desktop\GİT\ARCHIVE\system\Database\MySQLi\Connection.php(306): mysqli->query()
#1 C:\Users\INFODIF\Desktop\GİT\ARCHIVE\system\Database\BaseConnection.php(692): CodeIgniter\Database\MySQLi\Connection->execute()
#2 C:\Users\INFODIF\Desktop\GİT\ARCHIVE\system\Database\BaseConnection.php(606): CodeIgniter\Database\BaseConnection->simpleQuery()
#3 C:\Users\INFODIF\Desktop\GİT\ARCHIVE\system\Database\BaseBuilder.php(2308): CodeIgniter\Database\BaseConnection->query()
#4 C:\Users\INFODIF\Desktop\GİT\ARCHIVE\system\Model.php(319): CodeIgniter\Database\BaseBuilder->insert()
#5 C:\Users\INFODIF\Desktop\GİT\ARCHIVE\system\BaseModel.php(788): CodeIgniter\Model->doInsert()
#6 C:\Users\INFODIF\Desktop\GİT\ARCHIVE\system\Model.php(715): CodeIgniter\BaseModel->insert()
#7 C:\Users\INFODIF\Desktop\GİT\ARCHIVE\app\Controllers\VinylController.php(128): CodeIgniter\Model->insert()
#8 C:\Users\INFODIF\Desktop\GİT\ARCHIVE\system\CodeIgniter.php(919): App\Controllers\VinylController->addlink()
#9 C:\Users\INFODIF\Desktop\GİT\ARCHIVE\system\CodeIgniter.php(494): CodeIgniter\CodeIgniter->runController()
#10 C:\Users\INFODIF\Desktop\GİT\ARCHIVE\system\CodeIgniter.php(353): CodeIgniter\CodeIgniter->handleRequest()
#11 C:\Users\INFODIF\Desktop\GİT\ARCHIVE\public\index.php(79): CodeIgniter\CodeIgniter->run()
#12 C:\Users\INFODIF\Desktop\GİT\ARCHIVE\system\Commands\Server\rewrite.php(47): require_once('...')
#13 {main}
CRITICAL - 2023-11-13 13:59:06 --> Duplicate entry '26' for key 'vinyl_id'
in SYSTEMPATH\Database\BaseConnection.php on line 646.
 1 SYSTEMPATH\Database\BaseBuilder.php(2308): CodeIgniter\Database\BaseConnection->query()
 2 SYSTEMPATH\Model.php(319): CodeIgniter\Database\BaseBuilder->insert()
 3 SYSTEMPATH\BaseModel.php(788): CodeIgniter\Model->doInsert()
 4 SYSTEMPATH\Model.php(715): CodeIgniter\BaseModel->insert()
 5 APPPATH\Controllers\VinylController.php(128): CodeIgniter\Model->insert()
 6 SYSTEMPATH\CodeIgniter.php(919): App\Controllers\VinylController->addlink()
 7 SYSTEMPATH\CodeIgniter.php(494): CodeIgniter\CodeIgniter->runController()
 8 SYSTEMPATH\CodeIgniter.php(353): CodeIgniter\CodeIgniter->handleRequest()
 9 FCPATH\index.php(79): CodeIgniter\CodeIgniter->run()
10 SYSTEMPATH\Commands\Server\rewrite.php(47): require_once('C:\\Users\\INFODIF\\Desktop\\GİT\\ARCHIVE\\public\\index.php')
ERROR - 2023-11-13 13:59:14 --> mysqli_sql_exception: Duplicate entry '27' for key 'vinyl_id' in C:\Users\INFODIF\Desktop\GİT\ARCHIVE\system\Database\MySQLi\Connection.php:306
Stack trace:
#0 C:\Users\INFODIF\Desktop\GİT\ARCHIVE\system\Database\MySQLi\Connection.php(306): mysqli->query()
#1 C:\Users\INFODIF\Desktop\GİT\ARCHIVE\system\Database\BaseConnection.php(692): CodeIgniter\Database\MySQLi\Connection->execute()
#2 C:\Users\INFODIF\Desktop\GİT\ARCHIVE\system\Database\BaseConnection.php(606): CodeIgniter\Database\BaseConnection->simpleQuery()
#3 C:\Users\INFODIF\Desktop\GİT\ARCHIVE\system\Database\BaseBuilder.php(2308): CodeIgniter\Database\BaseConnection->query()
#4 C:\Users\INFODIF\Desktop\GİT\ARCHIVE\system\Model.php(319): CodeIgniter\Database\BaseBuilder->insert()
#5 C:\Users\INFODIF\Desktop\GİT\ARCHIVE\system\BaseModel.php(788): CodeIgniter\Model->doInsert()
#6 C:\Users\INFODIF\Desktop\GİT\ARCHIVE\system\Model.php(715): CodeIgniter\BaseModel->insert()
#7 C:\Users\INFODIF\Desktop\GİT\ARCHIVE\app\Controllers\VinylController.php(128): CodeIgniter\Model->insert()
#8 C:\Users\INFODIF\Desktop\GİT\ARCHIVE\system\CodeIgniter.php(919): App\Controllers\VinylController->addlink()
#9 C:\Users\INFODIF\Desktop\GİT\ARCHIVE\system\CodeIgniter.php(494): CodeIgniter\CodeIgniter->runController()
#10 C:\Users\INFODIF\Desktop\GİT\ARCHIVE\system\CodeIgniter.php(353): CodeIgniter\CodeIgniter->handleRequest()
#11 C:\Users\INFODIF\Desktop\GİT\ARCHIVE\public\index.php(79): CodeIgniter\CodeIgniter->run()
#12 C:\Users\INFODIF\Desktop\GİT\ARCHIVE\system\Commands\Server\rewrite.php(47): require_once('...')
#13 {main}
CRITICAL - 2023-11-13 13:59:14 --> Duplicate entry '27' for key 'vinyl_id'
in SYSTEMPATH\Database\BaseConnection.php on line 646.
 1 SYSTEMPATH\Database\BaseBuilder.php(2308): CodeIgniter\Database\BaseConnection->query()
 2 SYSTEMPATH\Model.php(319): CodeIgniter\Database\BaseBuilder->insert()
 3 SYSTEMPATH\BaseModel.php(788): CodeIgniter\Model->doInsert()
 4 SYSTEMPATH\Model.php(715): CodeIgniter\BaseModel->insert()
 5 APPPATH\Controllers\VinylController.php(128): CodeIgniter\Model->insert()
 6 SYSTEMPATH\CodeIgniter.php(919): App\Controllers\VinylController->addlink()
 7 SYSTEMPATH\CodeIgniter.php(494): CodeIgniter\CodeIgniter->runController()
 8 SYSTEMPATH\CodeIgniter.php(353): CodeIgniter\CodeIgniter->handleRequest()
 9 FCPATH\index.php(79): CodeIgniter\CodeIgniter->run()
10 SYSTEMPATH\Commands\Server\rewrite.php(47): require_once('C:\\Users\\INFODIF\\Desktop\\GİT\\ARCHIVE\\public\\index.php')
ERROR - 2023-11-13 13:59:15 --> mysqli_sql_exception: Duplicate entry '27' for key 'vinyl_id' in C:\Users\INFODIF\Desktop\GİT\ARCHIVE\system\Database\MySQLi\Connection.php:306
Stack trace:
#0 C:\Users\INFODIF\Desktop\GİT\ARCHIVE\system\Database\MySQLi\Connection.php(306): mysqli->query()
#1 C:\Users\INFODIF\Desktop\GİT\ARCHIVE\system\Database\BaseConnection.php(692): CodeIgniter\Database\MySQLi\Connection->execute()
#2 C:\Users\INFODIF\Desktop\GİT\ARCHIVE\system\Database\BaseConnection.php(606): CodeIgniter\Database\BaseConnection->simpleQuery()
#3 C:\Users\INFODIF\Desktop\GİT\ARCHIVE\system\Database\BaseBuilder.php(2308): CodeIgniter\Database\BaseConnection->query()
#4 C:\Users\INFODIF\Desktop\GİT\ARCHIVE\system\Model.php(319): CodeIgniter\Database\BaseBuilder->insert()
#5 C:\Users\INFODIF\Desktop\GİT\ARCHIVE\system\BaseModel.php(788): CodeIgniter\Model->doInsert()
#6 C:\Users\INFODIF\Desktop\GİT\ARCHIVE\system\Model.php(715): CodeIgniter\BaseModel->insert()
#7 C:\Users\INFODIF\Desktop\GİT\ARCHIVE\app\Controllers\VinylController.php(128): CodeIgniter\Model->insert()
#8 C:\Users\INFODIF\Desktop\GİT\ARCHIVE\system\CodeIgniter.php(919): App\Controllers\VinylController->addlink()
#9 C:\Users\INFODIF\Desktop\GİT\ARCHIVE\system\CodeIgniter.php(494): CodeIgniter\CodeIgniter->runController()
#10 C:\Users\INFODIF\Desktop\GİT\ARCHIVE\system\CodeIgniter.php(353): CodeIgniter\CodeIgniter->handleRequest()
#11 C:\Users\INFODIF\Desktop\GİT\ARCHIVE\public\index.php(79): CodeIgniter\CodeIgniter->run()
#12 C:\Users\INFODIF\Desktop\GİT\ARCHIVE\system\Commands\Server\rewrite.php(47): require_once('...')
#13 {main}
CRITICAL - 2023-11-13 13:59:15 --> Duplicate entry '27' for key 'vinyl_id'
in SYSTEMPATH\Database\BaseConnection.php on line 646.
 1 SYSTEMPATH\Database\BaseBuilder.php(2308): CodeIgniter\Database\BaseConnection->query()
 2 SYSTEMPATH\Model.php(319): CodeIgniter\Database\BaseBuilder->insert()
 3 SYSTEMPATH\BaseModel.php(788): CodeIgniter\Model->doInsert()
 4 SYSTEMPATH\Model.php(715): CodeIgniter\BaseModel->insert()
 5 APPPATH\Controllers\VinylController.php(128): CodeIgniter\Model->insert()
 6 SYSTEMPATH\CodeIgniter.php(919): App\Controllers\VinylController->addlink()
 7 SYSTEMPATH\CodeIgniter.php(494): CodeIgniter\CodeIgniter->runController()
 8 SYSTEMPATH\CodeIgniter.php(353): CodeIgniter\CodeIgniter->handleRequest()
 9 FCPATH\index.php(79): CodeIgniter\CodeIgniter->run()
10 SYSTEMPATH\Commands\Server\rewrite.php(47): require_once('C:\\Users\\INFODIF\\Desktop\\GİT\\ARCHIVE\\public\\index.php')
