CRITICAL - 2023-12-14 10:02:46 --> implode(): Argument #1 ($pieces) must be of type array, string given
in APPPATH\Controllers\GameController.php on line 60.
 1 APPPATH\Controllers\GameController.php(60): implode()
 2 SYSTEMPATH\CodeIgniter.php(919): App\Controllers\GameController->update()
 3 SYSTEMPATH\CodeIgniter.php(494): CodeIgniter\CodeIgniter->runController()
 4 SYSTEMPATH\CodeIgniter.php(353): CodeIgniter\CodeIgniter->handleRequest()
 5 FCPATH\index.php(79): CodeIgniter\CodeIgniter->run()
 6 SYSTEMPATH\Commands\Server\rewrite.php(47): require_once('C:\\Users\\INFODIF\\Desktop\\GİT\\ARCHIVE\\public\\index.php')
CRITICAL - 2023-12-14 10:09:09 --> implode(): Argument #1 ($pieces) must be of type array, string given
in APPPATH\Controllers\GameController.php on line 60.
 1 APPPATH\Controllers\GameController.php(60): implode()
 2 SYSTEMPATH\CodeIgniter.php(919): App\Controllers\GameController->update()
 3 SYSTEMPATH\CodeIgniter.php(494): CodeIgniter\CodeIgniter->runController()
 4 SYSTEMPATH\CodeIgniter.php(353): CodeIgniter\CodeIgniter->handleRequest()
 5 FCPATH\index.php(79): CodeIgniter\CodeIgniter->run()
 6 SYSTEMPATH\Commands\Server\rewrite.php(47): require_once('C:\\Users\\INFODIF\\Desktop\\GİT\\ARCHIVE\\public\\index.php')
CRITICAL - 2023-12-14 10:42:07 --> implode(): Argument #1 ($pieces) must be of type array, string given
in APPPATH\Controllers\GameController.php on line 61.
 1 APPPATH\Controllers\GameController.php(61): implode()
 2 SYSTEMPATH\CodeIgniter.php(919): App\Controllers\GameController->update()
 3 SYSTEMPATH\CodeIgniter.php(494): CodeIgniter\CodeIgniter->runController()
 4 SYSTEMPATH\CodeIgniter.php(353): CodeIgniter\CodeIgniter->handleRequest()
 5 FCPATH\index.php(79): CodeIgniter\CodeIgniter->run()
 6 SYSTEMPATH\Commands\Server\rewrite.php(47): require_once('C:\\Users\\INFODIF\\Desktop\\GİT\\ARCHIVE\\public\\index.php')
