CRITICAL - 2023-12-15 07:03:36 --> implode(): Argument #1 ($pieces) must be of type array, string given
in APPPATH\Controllers\GameController.php on line 61.
 1 APPPATH\Controllers\GameController.php(61): implode()
 2 SYSTEMPATH\CodeIgniter.php(919): App\Controllers\GameController->update()
 3 SYSTEMPATH\CodeIgniter.php(494): CodeIgniter\CodeIgniter->runController()
 4 SYSTEMPATH\CodeIgniter.php(353): CodeIgniter\CodeIgniter->handleRequest()
 5 FCPATH\index.php(79): CodeIgniter\CodeIgniter->run()
 6 SYSTEMPATH\Commands\Server\rewrite.php(47): require_once('C:\\Users\\INFODIF\\Desktop\\GİT\\ARCHIVE\\public\\index.php')
CRITICAL - 2023-12-15 07:03:53 --> implode(): Argument #1 ($pieces) must be of type array, string given
in APPPATH\Controllers\GameController.php on line 61.
 1 APPPATH\Controllers\GameController.php(61): implode()
 2 SYSTEMPATH\CodeIgniter.php(919): App\Controllers\GameController->update()
 3 SYSTEMPATH\CodeIgniter.php(494): CodeIgniter\CodeIgniter->runController()
 4 SYSTEMPATH\CodeIgniter.php(353): CodeIgniter\CodeIgniter->handleRequest()
 5 FCPATH\index.php(79): CodeIgniter\CodeIgniter->run()
 6 SYSTEMPATH\Commands\Server\rewrite.php(47): require_once('C:\\Users\\INFODIF\\Desktop\\GİT\\ARCHIVE\\public\\index.php')
CRITICAL - 2023-12-15 07:04:52 --> implode(): Argument #1 ($pieces) must be of type array, string given
in APPPATH\Controllers\GameController.php on line 61.
 1 APPPATH\Controllers\GameController.php(61): implode()
 2 SYSTEMPATH\CodeIgniter.php(919): App\Controllers\GameController->update()
 3 SYSTEMPATH\CodeIgniter.php(494): CodeIgniter\CodeIgniter->runController()
 4 SYSTEMPATH\CodeIgniter.php(353): CodeIgniter\CodeIgniter->handleRequest()
 5 FCPATH\index.php(79): CodeIgniter\CodeIgniter->run()
 6 SYSTEMPATH\Commands\Server\rewrite.php(47): require_once('C:\\Users\\INFODIF\\Desktop\\GİT\\ARCHIVE\\public\\index.php')
CRITICAL - 2023-12-15 07:18:03 --> implode(): Argument #1 ($pieces) must be of type array, string given
in APPPATH\Controllers\GameController.php on line 61.
 1 APPPATH\Controllers\GameController.php(61): implode()
 2 SYSTEMPATH\CodeIgniter.php(919): App\Controllers\GameController->update()
 3 SYSTEMPATH\CodeIgniter.php(494): CodeIgniter\CodeIgniter->runController()
 4 SYSTEMPATH\CodeIgniter.php(353): CodeIgniter\CodeIgniter->handleRequest()
 5 FCPATH\index.php(79): CodeIgniter\CodeIgniter->run()
 6 SYSTEMPATH\Commands\Server\rewrite.php(47): require_once('C:\\Users\\INFODIF\\Desktop\\GİT\\ARCHIVE\\public\\index.php')
CRITICAL - 2023-12-15 07:52:55 --> explode(): Argument #2 ($string) must be of type string, array given
in APPPATH\Controllers\GameController.php on line 27.
 1 APPPATH\Controllers\GameController.php(27): explode()
 2 SYSTEMPATH\CodeIgniter.php(919): App\Controllers\GameController->add_game()
 3 SYSTEMPATH\CodeIgniter.php(494): CodeIgniter\CodeIgniter->runController()
 4 SYSTEMPATH\CodeIgniter.php(353): CodeIgniter\CodeIgniter->handleRequest()
 5 FCPATH\index.php(79): CodeIgniter\CodeIgniter->run()
 6 SYSTEMPATH\Commands\Server\rewrite.php(47): require_once('C:\\Users\\INFODIF\\Desktop\\GİT\\ARCHIVE\\public\\index.php')
CRITICAL - 2023-12-15 07:53:27 --> explode(): Argument #2 ($string) must be of type string, array given
in APPPATH\Controllers\GameController.php on line 27.
 1 APPPATH\Controllers\GameController.php(27): explode()
 2 SYSTEMPATH\CodeIgniter.php(919): App\Controllers\GameController->add_game()
 3 SYSTEMPATH\CodeIgniter.php(494): CodeIgniter\CodeIgniter->runController()
 4 SYSTEMPATH\CodeIgniter.php(353): CodeIgniter\CodeIgniter->handleRequest()
 5 FCPATH\index.php(79): CodeIgniter\CodeIgniter->run()
 6 SYSTEMPATH\Commands\Server\rewrite.php(47): require_once('C:\\Users\\INFODIF\\Desktop\\GİT\\ARCHIVE\\public\\index.php')
CRITICAL - 2023-12-15 10:51:55 --> Undefined variable $genre
in APPPATH\Views\Home\gameindex.php on line 326.
 1 APPPATH\Views\Home\gameindex.php(326): CodeIgniter\Debug\Exceptions->errorHandler()
 2 SYSTEMPATH\View\View.php(226): include('C:\\Users\\INFODIF\\Desktop\\GİT\\ARCHIVE\\app\\Views\\Home\\gameindex.php')
 3 SYSTEMPATH\View\View.php(229): CodeIgniter\View\View->CodeIgniter\View\{closure}()
 4 SYSTEMPATH\Common.php(1188): CodeIgniter\View\View->render()
 5 APPPATH\Controllers\GameController.php(15): view()
 6 SYSTEMPATH\CodeIgniter.php(919): App\Controllers\GameController->index()
 7 SYSTEMPATH\CodeIgniter.php(494): CodeIgniter\CodeIgniter->runController()
 8 SYSTEMPATH\CodeIgniter.php(353): CodeIgniter\CodeIgniter->handleRequest()
 9 FCPATH\index.php(79): CodeIgniter\CodeIgniter->run()
10 SYSTEMPATH\Commands\Server\rewrite.php(47): require_once('C:\\Users\\INFODIF\\Desktop\\GİT\\ARCHIVE\\public\\index.php')
