ERROR - 2023-11-23 11:53:51 --> mysqli_sql_exception: Unknown column 'completionstatus' in 'field list' in C:\Users\INFODIF\Desktop\GİT\ARCHIVE\system\Database\MySQLi\Connection.php:306
Stack trace:
#0 C:\Users\INFODIF\Desktop\GİT\ARCHIVE\system\Database\MySQLi\Connection.php(306): mysqli->query()
#1 C:\Users\INFODIF\Desktop\GİT\ARCHIVE\system\Database\BaseConnection.php(692): CodeIgniter\Database\MySQLi\Connection->execute()
#2 C:\Users\INFODIF\Desktop\GİT\ARCHIVE\system\Database\BaseConnection.php(606): CodeIgniter\Database\BaseConnection->simpleQuery()
#3 C:\Users\INFODIF\Desktop\GİT\ARCHIVE\system\Database\BaseBuilder.php(2475): CodeIgniter\Database\BaseConnection->query()
#4 C:\Users\INFODIF\Desktop\GİT\ARCHIVE\app\Models\GameModel.php(39): CodeIgniter\Database\BaseBuilder->update()
#5 C:\Users\INFODIF\Desktop\GİT\ARCHIVE\app\Controllers\GameController.php(86): App\Models\GameModel->updateBymodeldata()
#6 C:\Users\INFODIF\Desktop\GİT\ARCHIVE\system\CodeIgniter.php(919): App\Controllers\GameController->update()
#7 C:\Users\INFODIF\Desktop\GİT\ARCHIVE\system\CodeIgniter.php(494): CodeIgniter\CodeIgniter->runController()
#8 C:\Users\INFODIF\Desktop\GİT\ARCHIVE\system\CodeIgniter.php(353): CodeIgniter\CodeIgniter->handleRequest()
#9 C:\Users\INFODIF\Desktop\GİT\ARCHIVE\public\index.php(79): CodeIgniter\CodeIgniter->run()
#10 C:\Users\INFODIF\Desktop\GİT\ARCHIVE\system\Commands\Server\rewrite.php(47): require_once('...')
#11 {main}
CRITICAL - 2023-11-23 11:53:51 --> Unknown column 'completionstatus' in 'field list'
in SYSTEMPATH\Database\BaseConnection.php on line 646.
 1 SYSTEMPATH\Database\BaseBuilder.php(2475): CodeIgniter\Database\BaseConnection->query()
 2 APPPATH\Models\GameModel.php(39): CodeIgniter\Database\BaseBuilder->update()
 3 APPPATH\Controllers\GameController.php(86): App\Models\GameModel->updateBymodeldata()
 4 SYSTEMPATH\CodeIgniter.php(919): App\Controllers\GameController->update()
 5 SYSTEMPATH\CodeIgniter.php(494): CodeIgniter\CodeIgniter->runController()
 6 SYSTEMPATH\CodeIgniter.php(353): CodeIgniter\CodeIgniter->handleRequest()
 7 FCPATH\index.php(79): CodeIgniter\CodeIgniter->run()
 8 SYSTEMPATH\Commands\Server\rewrite.php(47): require_once('C:\\Users\\INFODIF\\Desktop\\GİT\\ARCHIVE\\public\\index.php')
ERROR - 2023-11-23 11:55:34 --> mysqli_sql_exception: Unknown column 'completionstatus' in 'field list' in C:\Users\INFODIF\Desktop\GİT\ARCHIVE\system\Database\MySQLi\Connection.php:306
Stack trace:
#0 C:\Users\INFODIF\Desktop\GİT\ARCHIVE\system\Database\MySQLi\Connection.php(306): mysqli->query()
#1 C:\Users\INFODIF\Desktop\GİT\ARCHIVE\system\Database\BaseConnection.php(692): CodeIgniter\Database\MySQLi\Connection->execute()
#2 C:\Users\INFODIF\Desktop\GİT\ARCHIVE\system\Database\BaseConnection.php(606): CodeIgniter\Database\BaseConnection->simpleQuery()
#3 C:\Users\INFODIF\Desktop\GİT\ARCHIVE\system\Database\BaseBuilder.php(2475): CodeIgniter\Database\BaseConnection->query()
#4 C:\Users\INFODIF\Desktop\GİT\ARCHIVE\app\Models\GameModel.php(39): CodeIgniter\Database\BaseBuilder->update()
#5 C:\Users\INFODIF\Desktop\GİT\ARCHIVE\app\Controllers\GameController.php(86): App\Models\GameModel->updateBymodeldata()
#6 C:\Users\INFODIF\Desktop\GİT\ARCHIVE\system\CodeIgniter.php(919): App\Controllers\GameController->update()
#7 C:\Users\INFODIF\Desktop\GİT\ARCHIVE\system\CodeIgniter.php(494): CodeIgniter\CodeIgniter->runController()
#8 C:\Users\INFODIF\Desktop\GİT\ARCHIVE\system\CodeIgniter.php(353): CodeIgniter\CodeIgniter->handleRequest()
#9 C:\Users\INFODIF\Desktop\GİT\ARCHIVE\public\index.php(79): CodeIgniter\CodeIgniter->run()
#10 C:\Users\INFODIF\Desktop\GİT\ARCHIVE\system\Commands\Server\rewrite.php(47): require_once('...')
#11 {main}
CRITICAL - 2023-11-23 11:55:34 --> Unknown column 'completionstatus' in 'field list'
in SYSTEMPATH\Database\BaseConnection.php on line 646.
 1 SYSTEMPATH\Database\BaseBuilder.php(2475): CodeIgniter\Database\BaseConnection->query()
 2 APPPATH\Models\GameModel.php(39): CodeIgniter\Database\BaseBuilder->update()
 3 APPPATH\Controllers\GameController.php(86): App\Models\GameModel->updateBymodeldata()
 4 SYSTEMPATH\CodeIgniter.php(919): App\Controllers\GameController->update()
 5 SYSTEMPATH\CodeIgniter.php(494): CodeIgniter\CodeIgniter->runController()
 6 SYSTEMPATH\CodeIgniter.php(353): CodeIgniter\CodeIgniter->handleRequest()
 7 FCPATH\index.php(79): CodeIgniter\CodeIgniter->run()
 8 SYSTEMPATH\Commands\Server\rewrite.php(47): require_once('C:\\Users\\INFODIF\\Desktop\\GİT\\ARCHIVE\\public\\index.php')
