ERROR - 2023-10-23 20:08:34 --> mysqli_sql_exception: Column 'vinyl_artist' cannot be null in C:\Users\Phoenix\Desktop\GİT\ARCHIVE\system\Database\MySQLi\Connection.php:306
Stack trace:
#0 C:\Users\Phoenix\Desktop\GİT\ARCHIVE\system\Database\MySQLi\Connection.php(306): mysqli->query('INSERT INTO `vi...', 0)
#1 C:\Users\Phoenix\Desktop\GİT\ARCHIVE\system\Database\BaseConnection.php(692): CodeIgniter\Database\MySQLi\Connection->execute('INSERT INTO `vi...')
#2 C:\Users\Phoenix\Desktop\GİT\ARCHIVE\system\Database\BaseConnection.php(606): CodeIgniter\Database\BaseConnection->simpleQuery('INSERT INTO `vi...')
#3 C:\Users\Phoenix\Desktop\GİT\ARCHIVE\system\Database\BaseBuilder.php(2308): CodeIgniter\Database\BaseConnection->query('INSERT INTO `vi...', Array, false)
#4 C:\Users\Phoenix\Desktop\GİT\ARCHIVE\system\Model.php(319): CodeIgniter\Database\BaseBuilder->insert()
#5 C:\Users\Phoenix\Desktop\GİT\ARCHIVE\system\BaseModel.php(788): CodeIgniter\Model->doInsert(Array)
#6 C:\Users\Phoenix\Desktop\GİT\ARCHIVE\system\Model.php(715): CodeIgniter\BaseModel->insert(Array, true)
#7 C:\Users\Phoenix\Desktop\GİT\ARCHIVE\app\Controllers\VinylController.php(66): CodeIgniter\Model->insert(Array)
#8 C:\Users\Phoenix\Desktop\GİT\ARCHIVE\system\CodeIgniter.php(919): App\Controllers\VinylController->add_vinyl()
#9 C:\Users\Phoenix\Desktop\GİT\ARCHIVE\system\CodeIgniter.php(494): CodeIgniter\CodeIgniter->runController(Object(App\Controllers\VinylController))
#10 C:\Users\Phoenix\Desktop\GİT\ARCHIVE\system\CodeIgniter.php(353): CodeIgniter\CodeIgniter->handleRequest(NULL, Object(Config\Cache), false)
#11 C:\Users\Phoenix\Desktop\GİT\ARCHIVE\public\index.php(79): CodeIgniter\CodeIgniter->run()
#12 C:\Users\Phoenix\Desktop\GİT\ARCHIVE\system\Commands\Server\rewrite.php(47): require_once('C:\\Users\\Phoeni...')
#13 {main}
CRITICAL - 2023-10-23 20:08:34 --> Column 'vinyl_artist' cannot be null
in SYSTEMPATH\Database\BaseConnection.php on line 646.
 1 SYSTEMPATH\Database\BaseBuilder.php(2308): CodeIgniter\Database\BaseConnection->query('INSERT INTO `vinyl` (`vinyl_artist`, `vinyl_type`, `vinyl_release_date`, `comment`) VALUES (:vinyl_artist:, :vinyl_type:, :vinyl_release_date:, :comment:)', [...], false)
 2 SYSTEMPATH\Model.php(319): CodeIgniter\Database\BaseBuilder->insert()
 3 SYSTEMPATH\BaseModel.php(788): CodeIgniter\Model->doInsert([...])
 4 SYSTEMPATH\Model.php(715): CodeIgniter\BaseModel->insert([...], true)
 5 APPPATH\Controllers\VinylController.php(66): CodeIgniter\Model->insert([...])
 6 SYSTEMPATH\CodeIgniter.php(919): App\Controllers\VinylController->add_vinyl()
 7 SYSTEMPATH\CodeIgniter.php(494): CodeIgniter\CodeIgniter->runController(Object(App\Controllers\VinylController))
 8 SYSTEMPATH\CodeIgniter.php(353): CodeIgniter\CodeIgniter->handleRequest(null, Object(Config\Cache), false)
 9 FCPATH\index.php(79): CodeIgniter\CodeIgniter->run()
10 SYSTEMPATH\Commands\Server\rewrite.php(47): require_once('C:\\Users\\Phoenix\\Desktop\\GİT\\ARCHIVE\\public\\index.php')
ERROR - 2023-10-23 20:09:22 --> mysqli_sql_exception: Column 'vinyl_artist' cannot be null in C:\Users\Phoenix\Desktop\GİT\ARCHIVE\system\Database\MySQLi\Connection.php:306
Stack trace:
#0 C:\Users\Phoenix\Desktop\GİT\ARCHIVE\system\Database\MySQLi\Connection.php(306): mysqli->query('INSERT INTO `vi...', 0)
#1 C:\Users\Phoenix\Desktop\GİT\ARCHIVE\system\Database\BaseConnection.php(692): CodeIgniter\Database\MySQLi\Connection->execute('INSERT INTO `vi...')
#2 C:\Users\Phoenix\Desktop\GİT\ARCHIVE\system\Database\BaseConnection.php(606): CodeIgniter\Database\BaseConnection->simpleQuery('INSERT INTO `vi...')
#3 C:\Users\Phoenix\Desktop\GİT\ARCHIVE\system\Database\BaseBuilder.php(2308): CodeIgniter\Database\BaseConnection->query('INSERT INTO `vi...', Array, false)
#4 C:\Users\Phoenix\Desktop\GİT\ARCHIVE\system\Model.php(319): CodeIgniter\Database\BaseBuilder->insert()
#5 C:\Users\Phoenix\Desktop\GİT\ARCHIVE\system\BaseModel.php(788): CodeIgniter\Model->doInsert(Array)
#6 C:\Users\Phoenix\Desktop\GİT\ARCHIVE\system\Model.php(715): CodeIgniter\BaseModel->insert(Array, true)
#7 C:\Users\Phoenix\Desktop\GİT\ARCHIVE\app\Controllers\VinylController.php(66): CodeIgniter\Model->insert(Array)
#8 C:\Users\Phoenix\Desktop\GİT\ARCHIVE\system\CodeIgniter.php(919): App\Controllers\VinylController->add_vinyl()
#9 C:\Users\Phoenix\Desktop\GİT\ARCHIVE\system\CodeIgniter.php(494): CodeIgniter\CodeIgniter->runController(Object(App\Controllers\VinylController))
#10 C:\Users\Phoenix\Desktop\GİT\ARCHIVE\system\CodeIgniter.php(353): CodeIgniter\CodeIgniter->handleRequest(NULL, Object(Config\Cache), false)
#11 C:\Users\Phoenix\Desktop\GİT\ARCHIVE\public\index.php(79): CodeIgniter\CodeIgniter->run()
#12 C:\Users\Phoenix\Desktop\GİT\ARCHIVE\system\Commands\Server\rewrite.php(47): require_once('C:\\Users\\Phoeni...')
#13 {main}
CRITICAL - 2023-10-23 20:09:22 --> Column 'vinyl_artist' cannot be null
in SYSTEMPATH\Database\BaseConnection.php on line 646.
 1 SYSTEMPATH\Database\BaseBuilder.php(2308): CodeIgniter\Database\BaseConnection->query('INSERT INTO `vinyl` (`vinyl_artist`, `vinyl_type`, `vinyl_release_date`, `comment`) VALUES (:vinyl_artist:, :vinyl_type:, :vinyl_release_date:, :comment:)', [...], false)
 2 SYSTEMPATH\Model.php(319): CodeIgniter\Database\BaseBuilder->insert()
 3 SYSTEMPATH\BaseModel.php(788): CodeIgniter\Model->doInsert([...])
 4 SYSTEMPATH\Model.php(715): CodeIgniter\BaseModel->insert([...], true)
 5 APPPATH\Controllers\VinylController.php(66): CodeIgniter\Model->insert([...])
 6 SYSTEMPATH\CodeIgniter.php(919): App\Controllers\VinylController->add_vinyl()
 7 SYSTEMPATH\CodeIgniter.php(494): CodeIgniter\CodeIgniter->runController(Object(App\Controllers\VinylController))
 8 SYSTEMPATH\CodeIgniter.php(353): CodeIgniter\CodeIgniter->handleRequest(null, Object(Config\Cache), false)
 9 FCPATH\index.php(79): CodeIgniter\CodeIgniter->run()
10 SYSTEMPATH\Commands\Server\rewrite.php(47): require_once('C:\\Users\\Phoenix\\Desktop\\GİT\\ARCHIVE\\public\\index.php')
ERROR - 2023-10-23 20:09:23 --> mysqli_sql_exception: Column 'vinyl_artist' cannot be null in C:\Users\Phoenix\Desktop\GİT\ARCHIVE\system\Database\MySQLi\Connection.php:306
Stack trace:
#0 C:\Users\Phoenix\Desktop\GİT\ARCHIVE\system\Database\MySQLi\Connection.php(306): mysqli->query('INSERT INTO `vi...', 0)
#1 C:\Users\Phoenix\Desktop\GİT\ARCHIVE\system\Database\BaseConnection.php(692): CodeIgniter\Database\MySQLi\Connection->execute('INSERT INTO `vi...')
#2 C:\Users\Phoenix\Desktop\GİT\ARCHIVE\system\Database\BaseConnection.php(606): CodeIgniter\Database\BaseConnection->simpleQuery('INSERT INTO `vi...')
#3 C:\Users\Phoenix\Desktop\GİT\ARCHIVE\system\Database\BaseBuilder.php(2308): CodeIgniter\Database\BaseConnection->query('INSERT INTO `vi...', Array, false)
#4 C:\Users\Phoenix\Desktop\GİT\ARCHIVE\system\Model.php(319): CodeIgniter\Database\BaseBuilder->insert()
#5 C:\Users\Phoenix\Desktop\GİT\ARCHIVE\system\BaseModel.php(788): CodeIgniter\Model->doInsert(Array)
#6 C:\Users\Phoenix\Desktop\GİT\ARCHIVE\system\Model.php(715): CodeIgniter\BaseModel->insert(Array, true)
#7 C:\Users\Phoenix\Desktop\GİT\ARCHIVE\app\Controllers\VinylController.php(66): CodeIgniter\Model->insert(Array)
#8 C:\Users\Phoenix\Desktop\GİT\ARCHIVE\system\CodeIgniter.php(919): App\Controllers\VinylController->add_vinyl()
#9 C:\Users\Phoenix\Desktop\GİT\ARCHIVE\system\CodeIgniter.php(494): CodeIgniter\CodeIgniter->runController(Object(App\Controllers\VinylController))
#10 C:\Users\Phoenix\Desktop\GİT\ARCHIVE\system\CodeIgniter.php(353): CodeIgniter\CodeIgniter->handleRequest(NULL, Object(Config\Cache), false)
#11 C:\Users\Phoenix\Desktop\GİT\ARCHIVE\public\index.php(79): CodeIgniter\CodeIgniter->run()
#12 C:\Users\Phoenix\Desktop\GİT\ARCHIVE\system\Commands\Server\rewrite.php(47): require_once('C:\\Users\\Phoeni...')
#13 {main}
CRITICAL - 2023-10-23 20:09:23 --> Column 'vinyl_artist' cannot be null
in SYSTEMPATH\Database\BaseConnection.php on line 646.
 1 SYSTEMPATH\Database\BaseBuilder.php(2308): CodeIgniter\Database\BaseConnection->query('INSERT INTO `vinyl` (`vinyl_artist`, `vinyl_type`, `vinyl_release_date`, `comment`) VALUES (:vinyl_artist:, :vinyl_type:, :vinyl_release_date:, :comment:)', [...], false)
 2 SYSTEMPATH\Model.php(319): CodeIgniter\Database\BaseBuilder->insert()
 3 SYSTEMPATH\BaseModel.php(788): CodeIgniter\Model->doInsert([...])
 4 SYSTEMPATH\Model.php(715): CodeIgniter\BaseModel->insert([...], true)
 5 APPPATH\Controllers\VinylController.php(66): CodeIgniter\Model->insert([...])
 6 SYSTEMPATH\CodeIgniter.php(919): App\Controllers\VinylController->add_vinyl()
 7 SYSTEMPATH\CodeIgniter.php(494): CodeIgniter\CodeIgniter->runController(Object(App\Controllers\VinylController))
 8 SYSTEMPATH\CodeIgniter.php(353): CodeIgniter\CodeIgniter->handleRequest(null, Object(Config\Cache), false)
 9 FCPATH\index.php(79): CodeIgniter\CodeIgniter->run()
10 SYSTEMPATH\Commands\Server\rewrite.php(47): require_once('C:\\Users\\Phoenix\\Desktop\\GİT\\ARCHIVE\\public\\index.php')
ERROR - 2023-10-23 20:09:23 --> mysqli_sql_exception: Column 'vinyl_artist' cannot be null in C:\Users\Phoenix\Desktop\GİT\ARCHIVE\system\Database\MySQLi\Connection.php:306
Stack trace:
#0 C:\Users\Phoenix\Desktop\GİT\ARCHIVE\system\Database\MySQLi\Connection.php(306): mysqli->query('INSERT INTO `vi...', 0)
#1 C:\Users\Phoenix\Desktop\GİT\ARCHIVE\system\Database\BaseConnection.php(692): CodeIgniter\Database\MySQLi\Connection->execute('INSERT INTO `vi...')
#2 C:\Users\Phoenix\Desktop\GİT\ARCHIVE\system\Database\BaseConnection.php(606): CodeIgniter\Database\BaseConnection->simpleQuery('INSERT INTO `vi...')
#3 C:\Users\Phoenix\Desktop\GİT\ARCHIVE\system\Database\BaseBuilder.php(2308): CodeIgniter\Database\BaseConnection->query('INSERT INTO `vi...', Array, false)
#4 C:\Users\Phoenix\Desktop\GİT\ARCHIVE\system\Model.php(319): CodeIgniter\Database\BaseBuilder->insert()
#5 C:\Users\Phoenix\Desktop\GİT\ARCHIVE\system\BaseModel.php(788): CodeIgniter\Model->doInsert(Array)
#6 C:\Users\Phoenix\Desktop\GİT\ARCHIVE\system\Model.php(715): CodeIgniter\BaseModel->insert(Array, true)
#7 C:\Users\Phoenix\Desktop\GİT\ARCHIVE\app\Controllers\VinylController.php(66): CodeIgniter\Model->insert(Array)
#8 C:\Users\Phoenix\Desktop\GİT\ARCHIVE\system\CodeIgniter.php(919): App\Controllers\VinylController->add_vinyl()
#9 C:\Users\Phoenix\Desktop\GİT\ARCHIVE\system\CodeIgniter.php(494): CodeIgniter\CodeIgniter->runController(Object(App\Controllers\VinylController))
#10 C:\Users\Phoenix\Desktop\GİT\ARCHIVE\system\CodeIgniter.php(353): CodeIgniter\CodeIgniter->handleRequest(NULL, Object(Config\Cache), false)
#11 C:\Users\Phoenix\Desktop\GİT\ARCHIVE\public\index.php(79): CodeIgniter\CodeIgniter->run()
#12 C:\Users\Phoenix\Desktop\GİT\ARCHIVE\system\Commands\Server\rewrite.php(47): require_once('C:\\Users\\Phoeni...')
#13 {main}
CRITICAL - 2023-10-23 20:09:23 --> Column 'vinyl_artist' cannot be null
in SYSTEMPATH\Database\BaseConnection.php on line 646.
 1 SYSTEMPATH\Database\BaseBuilder.php(2308): CodeIgniter\Database\BaseConnection->query('INSERT INTO `vinyl` (`vinyl_artist`, `vinyl_type`, `vinyl_release_date`, `comment`) VALUES (:vinyl_artist:, :vinyl_type:, :vinyl_release_date:, :comment:)', [...], false)
 2 SYSTEMPATH\Model.php(319): CodeIgniter\Database\BaseBuilder->insert()
 3 SYSTEMPATH\BaseModel.php(788): CodeIgniter\Model->doInsert([...])
 4 SYSTEMPATH\Model.php(715): CodeIgniter\BaseModel->insert([...], true)
 5 APPPATH\Controllers\VinylController.php(66): CodeIgniter\Model->insert([...])
 6 SYSTEMPATH\CodeIgniter.php(919): App\Controllers\VinylController->add_vinyl()
 7 SYSTEMPATH\CodeIgniter.php(494): CodeIgniter\CodeIgniter->runController(Object(App\Controllers\VinylController))
 8 SYSTEMPATH\CodeIgniter.php(353): CodeIgniter\CodeIgniter->handleRequest(null, Object(Config\Cache), false)
 9 FCPATH\index.php(79): CodeIgniter\CodeIgniter->run()
10 SYSTEMPATH\Commands\Server\rewrite.php(47): require_once('C:\\Users\\Phoenix\\Desktop\\GİT\\ARCHIVE\\public\\index.php')
ERROR - 2023-10-23 20:09:24 --> mysqli_sql_exception: Column 'vinyl_artist' cannot be null in C:\Users\Phoenix\Desktop\GİT\ARCHIVE\system\Database\MySQLi\Connection.php:306
Stack trace:
#0 C:\Users\Phoenix\Desktop\GİT\ARCHIVE\system\Database\MySQLi\Connection.php(306): mysqli->query('INSERT INTO `vi...', 0)
#1 C:\Users\Phoenix\Desktop\GİT\ARCHIVE\system\Database\BaseConnection.php(692): CodeIgniter\Database\MySQLi\Connection->execute('INSERT INTO `vi...')
#2 C:\Users\Phoenix\Desktop\GİT\ARCHIVE\system\Database\BaseConnection.php(606): CodeIgniter\Database\BaseConnection->simpleQuery('INSERT INTO `vi...')
#3 C:\Users\Phoenix\Desktop\GİT\ARCHIVE\system\Database\BaseBuilder.php(2308): CodeIgniter\Database\BaseConnection->query('INSERT INTO `vi...', Array, false)
#4 C:\Users\Phoenix\Desktop\GİT\ARCHIVE\system\Model.php(319): CodeIgniter\Database\BaseBuilder->insert()
#5 C:\Users\Phoenix\Desktop\GİT\ARCHIVE\system\BaseModel.php(788): CodeIgniter\Model->doInsert(Array)
#6 C:\Users\Phoenix\Desktop\GİT\ARCHIVE\system\Model.php(715): CodeIgniter\BaseModel->insert(Array, true)
#7 C:\Users\Phoenix\Desktop\GİT\ARCHIVE\app\Controllers\VinylController.php(66): CodeIgniter\Model->insert(Array)
#8 C:\Users\Phoenix\Desktop\GİT\ARCHIVE\system\CodeIgniter.php(919): App\Controllers\VinylController->add_vinyl()
#9 C:\Users\Phoenix\Desktop\GİT\ARCHIVE\system\CodeIgniter.php(494): CodeIgniter\CodeIgniter->runController(Object(App\Controllers\VinylController))
#10 C:\Users\Phoenix\Desktop\GİT\ARCHIVE\system\CodeIgniter.php(353): CodeIgniter\CodeIgniter->handleRequest(NULL, Object(Config\Cache), false)
#11 C:\Users\Phoenix\Desktop\GİT\ARCHIVE\public\index.php(79): CodeIgniter\CodeIgniter->run()
#12 C:\Users\Phoenix\Desktop\GİT\ARCHIVE\system\Commands\Server\rewrite.php(47): require_once('C:\\Users\\Phoeni...')
#13 {main}
CRITICAL - 2023-10-23 20:09:24 --> Column 'vinyl_artist' cannot be null
in SYSTEMPATH\Database\BaseConnection.php on line 646.
 1 SYSTEMPATH\Database\BaseBuilder.php(2308): CodeIgniter\Database\BaseConnection->query('INSERT INTO `vinyl` (`vinyl_artist`, `vinyl_type`, `vinyl_release_date`, `comment`) VALUES (:vinyl_artist:, :vinyl_type:, :vinyl_release_date:, :comment:)', [...], false)
 2 SYSTEMPATH\Model.php(319): CodeIgniter\Database\BaseBuilder->insert()
 3 SYSTEMPATH\BaseModel.php(788): CodeIgniter\Model->doInsert([...])
 4 SYSTEMPATH\Model.php(715): CodeIgniter\BaseModel->insert([...], true)
 5 APPPATH\Controllers\VinylController.php(66): CodeIgniter\Model->insert([...])
 6 SYSTEMPATH\CodeIgniter.php(919): App\Controllers\VinylController->add_vinyl()
 7 SYSTEMPATH\CodeIgniter.php(494): CodeIgniter\CodeIgniter->runController(Object(App\Controllers\VinylController))
 8 SYSTEMPATH\CodeIgniter.php(353): CodeIgniter\CodeIgniter->handleRequest(null, Object(Config\Cache), false)
 9 FCPATH\index.php(79): CodeIgniter\CodeIgniter->run()
10 SYSTEMPATH\Commands\Server\rewrite.php(47): require_once('C:\\Users\\Phoenix\\Desktop\\GİT\\ARCHIVE\\public\\index.php')
ERROR - 2023-10-23 20:09:24 --> mysqli_sql_exception: Column 'vinyl_artist' cannot be null in C:\Users\Phoenix\Desktop\GİT\ARCHIVE\system\Database\MySQLi\Connection.php:306
Stack trace:
#0 C:\Users\Phoenix\Desktop\GİT\ARCHIVE\system\Database\MySQLi\Connection.php(306): mysqli->query('INSERT INTO `vi...', 0)
#1 C:\Users\Phoenix\Desktop\GİT\ARCHIVE\system\Database\BaseConnection.php(692): CodeIgniter\Database\MySQLi\Connection->execute('INSERT INTO `vi...')
#2 C:\Users\Phoenix\Desktop\GİT\ARCHIVE\system\Database\BaseConnection.php(606): CodeIgniter\Database\BaseConnection->simpleQuery('INSERT INTO `vi...')
#3 C:\Users\Phoenix\Desktop\GİT\ARCHIVE\system\Database\BaseBuilder.php(2308): CodeIgniter\Database\BaseConnection->query('INSERT INTO `vi...', Array, false)
#4 C:\Users\Phoenix\Desktop\GİT\ARCHIVE\system\Model.php(319): CodeIgniter\Database\BaseBuilder->insert()
#5 C:\Users\Phoenix\Desktop\GİT\ARCHIVE\system\BaseModel.php(788): CodeIgniter\Model->doInsert(Array)
#6 C:\Users\Phoenix\Desktop\GİT\ARCHIVE\system\Model.php(715): CodeIgniter\BaseModel->insert(Array, true)
#7 C:\Users\Phoenix\Desktop\GİT\ARCHIVE\app\Controllers\VinylController.php(66): CodeIgniter\Model->insert(Array)
#8 C:\Users\Phoenix\Desktop\GİT\ARCHIVE\system\CodeIgniter.php(919): App\Controllers\VinylController->add_vinyl()
#9 C:\Users\Phoenix\Desktop\GİT\ARCHIVE\system\CodeIgniter.php(494): CodeIgniter\CodeIgniter->runController(Object(App\Controllers\VinylController))
#10 C:\Users\Phoenix\Desktop\GİT\ARCHIVE\system\CodeIgniter.php(353): CodeIgniter\CodeIgniter->handleRequest(NULL, Object(Config\Cache), false)
#11 C:\Users\Phoenix\Desktop\GİT\ARCHIVE\public\index.php(79): CodeIgniter\CodeIgniter->run()
#12 C:\Users\Phoenix\Desktop\GİT\ARCHIVE\system\Commands\Server\rewrite.php(47): require_once('C:\\Users\\Phoeni...')
#13 {main}
CRITICAL - 2023-10-23 20:09:24 --> Column 'vinyl_artist' cannot be null
in SYSTEMPATH\Database\BaseConnection.php on line 646.
 1 SYSTEMPATH\Database\BaseBuilder.php(2308): CodeIgniter\Database\BaseConnection->query('INSERT INTO `vinyl` (`vinyl_artist`, `vinyl_type`, `vinyl_release_date`, `comment`) VALUES (:vinyl_artist:, :vinyl_type:, :vinyl_release_date:, :comment:)', [...], false)
 2 SYSTEMPATH\Model.php(319): CodeIgniter\Database\BaseBuilder->insert()
 3 SYSTEMPATH\BaseModel.php(788): CodeIgniter\Model->doInsert([...])
 4 SYSTEMPATH\Model.php(715): CodeIgniter\BaseModel->insert([...], true)
 5 APPPATH\Controllers\VinylController.php(66): CodeIgniter\Model->insert([...])
 6 SYSTEMPATH\CodeIgniter.php(919): App\Controllers\VinylController->add_vinyl()
 7 SYSTEMPATH\CodeIgniter.php(494): CodeIgniter\CodeIgniter->runController(Object(App\Controllers\VinylController))
 8 SYSTEMPATH\CodeIgniter.php(353): CodeIgniter\CodeIgniter->handleRequest(null, Object(Config\Cache), false)
 9 FCPATH\index.php(79): CodeIgniter\CodeIgniter->run()
10 SYSTEMPATH\Commands\Server\rewrite.php(47): require_once('C:\\Users\\Phoenix\\Desktop\\GİT\\ARCHIVE\\public\\index.php')
ERROR - 2023-10-23 20:09:24 --> mysqli_sql_exception: Column 'vinyl_artist' cannot be null in C:\Users\Phoenix\Desktop\GİT\ARCHIVE\system\Database\MySQLi\Connection.php:306
Stack trace:
#0 C:\Users\Phoenix\Desktop\GİT\ARCHIVE\system\Database\MySQLi\Connection.php(306): mysqli->query('INSERT INTO `vi...', 0)
#1 C:\Users\Phoenix\Desktop\GİT\ARCHIVE\system\Database\BaseConnection.php(692): CodeIgniter\Database\MySQLi\Connection->execute('INSERT INTO `vi...')
#2 C:\Users\Phoenix\Desktop\GİT\ARCHIVE\system\Database\BaseConnection.php(606): CodeIgniter\Database\BaseConnection->simpleQuery('INSERT INTO `vi...')
#3 C:\Users\Phoenix\Desktop\GİT\ARCHIVE\system\Database\BaseBuilder.php(2308): CodeIgniter\Database\BaseConnection->query('INSERT INTO `vi...', Array, false)
#4 C:\Users\Phoenix\Desktop\GİT\ARCHIVE\system\Model.php(319): CodeIgniter\Database\BaseBuilder->insert()
#5 C:\Users\Phoenix\Desktop\GİT\ARCHIVE\system\BaseModel.php(788): CodeIgniter\Model->doInsert(Array)
#6 C:\Users\Phoenix\Desktop\GİT\ARCHIVE\system\Model.php(715): CodeIgniter\BaseModel->insert(Array, true)
#7 C:\Users\Phoenix\Desktop\GİT\ARCHIVE\app\Controllers\VinylController.php(66): CodeIgniter\Model->insert(Array)
#8 C:\Users\Phoenix\Desktop\GİT\ARCHIVE\system\CodeIgniter.php(919): App\Controllers\VinylController->add_vinyl()
#9 C:\Users\Phoenix\Desktop\GİT\ARCHIVE\system\CodeIgniter.php(494): CodeIgniter\CodeIgniter->runController(Object(App\Controllers\VinylController))
#10 C:\Users\Phoenix\Desktop\GİT\ARCHIVE\system\CodeIgniter.php(353): CodeIgniter\CodeIgniter->handleRequest(NULL, Object(Config\Cache), false)
#11 C:\Users\Phoenix\Desktop\GİT\ARCHIVE\public\index.php(79): CodeIgniter\CodeIgniter->run()
#12 C:\Users\Phoenix\Desktop\GİT\ARCHIVE\system\Commands\Server\rewrite.php(47): require_once('C:\\Users\\Phoeni...')
#13 {main}
CRITICAL - 2023-10-23 20:09:24 --> Column 'vinyl_artist' cannot be null
in SYSTEMPATH\Database\BaseConnection.php on line 646.
 1 SYSTEMPATH\Database\BaseBuilder.php(2308): CodeIgniter\Database\BaseConnection->query('INSERT INTO `vinyl` (`vinyl_artist`, `vinyl_type`, `vinyl_release_date`, `comment`) VALUES (:vinyl_artist:, :vinyl_type:, :vinyl_release_date:, :comment:)', [...], false)
 2 SYSTEMPATH\Model.php(319): CodeIgniter\Database\BaseBuilder->insert()
 3 SYSTEMPATH\BaseModel.php(788): CodeIgniter\Model->doInsert([...])
 4 SYSTEMPATH\Model.php(715): CodeIgniter\BaseModel->insert([...], true)
 5 APPPATH\Controllers\VinylController.php(66): CodeIgniter\Model->insert([...])
 6 SYSTEMPATH\CodeIgniter.php(919): App\Controllers\VinylController->add_vinyl()
 7 SYSTEMPATH\CodeIgniter.php(494): CodeIgniter\CodeIgniter->runController(Object(App\Controllers\VinylController))
 8 SYSTEMPATH\CodeIgniter.php(353): CodeIgniter\CodeIgniter->handleRequest(null, Object(Config\Cache), false)
 9 FCPATH\index.php(79): CodeIgniter\CodeIgniter->run()
10 SYSTEMPATH\Commands\Server\rewrite.php(47): require_once('C:\\Users\\Phoenix\\Desktop\\GİT\\ARCHIVE\\public\\index.php')
ERROR - 2023-10-23 20:09:24 --> mysqli_sql_exception: Column 'vinyl_artist' cannot be null in C:\Users\Phoenix\Desktop\GİT\ARCHIVE\system\Database\MySQLi\Connection.php:306
Stack trace:
#0 C:\Users\Phoenix\Desktop\GİT\ARCHIVE\system\Database\MySQLi\Connection.php(306): mysqli->query('INSERT INTO `vi...', 0)
#1 C:\Users\Phoenix\Desktop\GİT\ARCHIVE\system\Database\BaseConnection.php(692): CodeIgniter\Database\MySQLi\Connection->execute('INSERT INTO `vi...')
#2 C:\Users\Phoenix\Desktop\GİT\ARCHIVE\system\Database\BaseConnection.php(606): CodeIgniter\Database\BaseConnection->simpleQuery('INSERT INTO `vi...')
#3 C:\Users\Phoenix\Desktop\GİT\ARCHIVE\system\Database\BaseBuilder.php(2308): CodeIgniter\Database\BaseConnection->query('INSERT INTO `vi...', Array, false)
#4 C:\Users\Phoenix\Desktop\GİT\ARCHIVE\system\Model.php(319): CodeIgniter\Database\BaseBuilder->insert()
#5 C:\Users\Phoenix\Desktop\GİT\ARCHIVE\system\BaseModel.php(788): CodeIgniter\Model->doInsert(Array)
#6 C:\Users\Phoenix\Desktop\GİT\ARCHIVE\system\Model.php(715): CodeIgniter\BaseModel->insert(Array, true)
#7 C:\Users\Phoenix\Desktop\GİT\ARCHIVE\app\Controllers\VinylController.php(66): CodeIgniter\Model->insert(Array)
#8 C:\Users\Phoenix\Desktop\GİT\ARCHIVE\system\CodeIgniter.php(919): App\Controllers\VinylController->add_vinyl()
#9 C:\Users\Phoenix\Desktop\GİT\ARCHIVE\system\CodeIgniter.php(494): CodeIgniter\CodeIgniter->runController(Object(App\Controllers\VinylController))
#10 C:\Users\Phoenix\Desktop\GİT\ARCHIVE\system\CodeIgniter.php(353): CodeIgniter\CodeIgniter->handleRequest(NULL, Object(Config\Cache), false)
#11 C:\Users\Phoenix\Desktop\GİT\ARCHIVE\public\index.php(79): CodeIgniter\CodeIgniter->run()
#12 C:\Users\Phoenix\Desktop\GİT\ARCHIVE\system\Commands\Server\rewrite.php(47): require_once('C:\\Users\\Phoeni...')
#13 {main}
CRITICAL - 2023-10-23 20:09:24 --> Column 'vinyl_artist' cannot be null
in SYSTEMPATH\Database\BaseConnection.php on line 646.
 1 SYSTEMPATH\Database\BaseBuilder.php(2308): CodeIgniter\Database\BaseConnection->query('INSERT INTO `vinyl` (`vinyl_artist`, `vinyl_type`, `vinyl_release_date`, `comment`) VALUES (:vinyl_artist:, :vinyl_type:, :vinyl_release_date:, :comment:)', [...], false)
 2 SYSTEMPATH\Model.php(319): CodeIgniter\Database\BaseBuilder->insert()
 3 SYSTEMPATH\BaseModel.php(788): CodeIgniter\Model->doInsert([...])
 4 SYSTEMPATH\Model.php(715): CodeIgniter\BaseModel->insert([...], true)
 5 APPPATH\Controllers\VinylController.php(66): CodeIgniter\Model->insert([...])
 6 SYSTEMPATH\CodeIgniter.php(919): App\Controllers\VinylController->add_vinyl()
 7 SYSTEMPATH\CodeIgniter.php(494): CodeIgniter\CodeIgniter->runController(Object(App\Controllers\VinylController))
 8 SYSTEMPATH\CodeIgniter.php(353): CodeIgniter\CodeIgniter->handleRequest(null, Object(Config\Cache), false)
 9 FCPATH\index.php(79): CodeIgniter\CodeIgniter->run()
10 SYSTEMPATH\Commands\Server\rewrite.php(47): require_once('C:\\Users\\Phoenix\\Desktop\\GİT\\ARCHIVE\\public\\index.php')
ERROR - 2023-10-23 20:09:24 --> mysqli_sql_exception: Column 'vinyl_artist' cannot be null in C:\Users\Phoenix\Desktop\GİT\ARCHIVE\system\Database\MySQLi\Connection.php:306
Stack trace:
#0 C:\Users\Phoenix\Desktop\GİT\ARCHIVE\system\Database\MySQLi\Connection.php(306): mysqli->query('INSERT INTO `vi...', 0)
#1 C:\Users\Phoenix\Desktop\GİT\ARCHIVE\system\Database\BaseConnection.php(692): CodeIgniter\Database\MySQLi\Connection->execute('INSERT INTO `vi...')
#2 C:\Users\Phoenix\Desktop\GİT\ARCHIVE\system\Database\BaseConnection.php(606): CodeIgniter\Database\BaseConnection->simpleQuery('INSERT INTO `vi...')
#3 C:\Users\Phoenix\Desktop\GİT\ARCHIVE\system\Database\BaseBuilder.php(2308): CodeIgniter\Database\BaseConnection->query('INSERT INTO `vi...', Array, false)
#4 C:\Users\Phoenix\Desktop\GİT\ARCHIVE\system\Model.php(319): CodeIgniter\Database\BaseBuilder->insert()
#5 C:\Users\Phoenix\Desktop\GİT\ARCHIVE\system\BaseModel.php(788): CodeIgniter\Model->doInsert(Array)
#6 C:\Users\Phoenix\Desktop\GİT\ARCHIVE\system\Model.php(715): CodeIgniter\BaseModel->insert(Array, true)
#7 C:\Users\Phoenix\Desktop\GİT\ARCHIVE\app\Controllers\VinylController.php(66): CodeIgniter\Model->insert(Array)
#8 C:\Users\Phoenix\Desktop\GİT\ARCHIVE\system\CodeIgniter.php(919): App\Controllers\VinylController->add_vinyl()
#9 C:\Users\Phoenix\Desktop\GİT\ARCHIVE\system\CodeIgniter.php(494): CodeIgniter\CodeIgniter->runController(Object(App\Controllers\VinylController))
#10 C:\Users\Phoenix\Desktop\GİT\ARCHIVE\system\CodeIgniter.php(353): CodeIgniter\CodeIgniter->handleRequest(NULL, Object(Config\Cache), false)
#11 C:\Users\Phoenix\Desktop\GİT\ARCHIVE\public\index.php(79): CodeIgniter\CodeIgniter->run()
#12 C:\Users\Phoenix\Desktop\GİT\ARCHIVE\system\Commands\Server\rewrite.php(47): require_once('C:\\Users\\Phoeni...')
#13 {main}
CRITICAL - 2023-10-23 20:09:24 --> Column 'vinyl_artist' cannot be null
in SYSTEMPATH\Database\BaseConnection.php on line 646.
 1 SYSTEMPATH\Database\BaseBuilder.php(2308): CodeIgniter\Database\BaseConnection->query('INSERT INTO `vinyl` (`vinyl_artist`, `vinyl_type`, `vinyl_release_date`, `comment`) VALUES (:vinyl_artist:, :vinyl_type:, :vinyl_release_date:, :comment:)', [...], false)
 2 SYSTEMPATH\Model.php(319): CodeIgniter\Database\BaseBuilder->insert()
 3 SYSTEMPATH\BaseModel.php(788): CodeIgniter\Model->doInsert([...])
 4 SYSTEMPATH\Model.php(715): CodeIgniter\BaseModel->insert([...], true)
 5 APPPATH\Controllers\VinylController.php(66): CodeIgniter\Model->insert([...])
 6 SYSTEMPATH\CodeIgniter.php(919): App\Controllers\VinylController->add_vinyl()
 7 SYSTEMPATH\CodeIgniter.php(494): CodeIgniter\CodeIgniter->runController(Object(App\Controllers\VinylController))
 8 SYSTEMPATH\CodeIgniter.php(353): CodeIgniter\CodeIgniter->handleRequest(null, Object(Config\Cache), false)
 9 FCPATH\index.php(79): CodeIgniter\CodeIgniter->run()
10 SYSTEMPATH\Commands\Server\rewrite.php(47): require_once('C:\\Users\\Phoenix\\Desktop\\GİT\\ARCHIVE\\public\\index.php')
ERROR - 2023-10-23 20:09:25 --> mysqli_sql_exception: Column 'vinyl_artist' cannot be null in C:\Users\Phoenix\Desktop\GİT\ARCHIVE\system\Database\MySQLi\Connection.php:306
Stack trace:
#0 C:\Users\Phoenix\Desktop\GİT\ARCHIVE\system\Database\MySQLi\Connection.php(306): mysqli->query('INSERT INTO `vi...', 0)
#1 C:\Users\Phoenix\Desktop\GİT\ARCHIVE\system\Database\BaseConnection.php(692): CodeIgniter\Database\MySQLi\Connection->execute('INSERT INTO `vi...')
#2 C:\Users\Phoenix\Desktop\GİT\ARCHIVE\system\Database\BaseConnection.php(606): CodeIgniter\Database\BaseConnection->simpleQuery('INSERT INTO `vi...')
#3 C:\Users\Phoenix\Desktop\GİT\ARCHIVE\system\Database\BaseBuilder.php(2308): CodeIgniter\Database\BaseConnection->query('INSERT INTO `vi...', Array, false)
#4 C:\Users\Phoenix\Desktop\GİT\ARCHIVE\system\Model.php(319): CodeIgniter\Database\BaseBuilder->insert()
#5 C:\Users\Phoenix\Desktop\GİT\ARCHIVE\system\BaseModel.php(788): CodeIgniter\Model->doInsert(Array)
#6 C:\Users\Phoenix\Desktop\GİT\ARCHIVE\system\Model.php(715): CodeIgniter\BaseModel->insert(Array, true)
#7 C:\Users\Phoenix\Desktop\GİT\ARCHIVE\app\Controllers\VinylController.php(66): CodeIgniter\Model->insert(Array)
#8 C:\Users\Phoenix\Desktop\GİT\ARCHIVE\system\CodeIgniter.php(919): App\Controllers\VinylController->add_vinyl()
#9 C:\Users\Phoenix\Desktop\GİT\ARCHIVE\system\CodeIgniter.php(494): CodeIgniter\CodeIgniter->runController(Object(App\Controllers\VinylController))
#10 C:\Users\Phoenix\Desktop\GİT\ARCHIVE\system\CodeIgniter.php(353): CodeIgniter\CodeIgniter->handleRequest(NULL, Object(Config\Cache), false)
#11 C:\Users\Phoenix\Desktop\GİT\ARCHIVE\public\index.php(79): CodeIgniter\CodeIgniter->run()
#12 C:\Users\Phoenix\Desktop\GİT\ARCHIVE\system\Commands\Server\rewrite.php(47): require_once('C:\\Users\\Phoeni...')
#13 {main}
CRITICAL - 2023-10-23 20:09:25 --> Column 'vinyl_artist' cannot be null
in SYSTEMPATH\Database\BaseConnection.php on line 646.
 1 SYSTEMPATH\Database\BaseBuilder.php(2308): CodeIgniter\Database\BaseConnection->query('INSERT INTO `vinyl` (`vinyl_artist`, `vinyl_type`, `vinyl_release_date`, `comment`) VALUES (:vinyl_artist:, :vinyl_type:, :vinyl_release_date:, :comment:)', [...], false)
 2 SYSTEMPATH\Model.php(319): CodeIgniter\Database\BaseBuilder->insert()
 3 SYSTEMPATH\BaseModel.php(788): CodeIgniter\Model->doInsert([...])
 4 SYSTEMPATH\Model.php(715): CodeIgniter\BaseModel->insert([...], true)
 5 APPPATH\Controllers\VinylController.php(66): CodeIgniter\Model->insert([...])
 6 SYSTEMPATH\CodeIgniter.php(919): App\Controllers\VinylController->add_vinyl()
 7 SYSTEMPATH\CodeIgniter.php(494): CodeIgniter\CodeIgniter->runController(Object(App\Controllers\VinylController))
 8 SYSTEMPATH\CodeIgniter.php(353): CodeIgniter\CodeIgniter->handleRequest(null, Object(Config\Cache), false)
 9 FCPATH\index.php(79): CodeIgniter\CodeIgniter->run()
10 SYSTEMPATH\Commands\Server\rewrite.php(47): require_once('C:\\Users\\Phoenix\\Desktop\\GİT\\ARCHIVE\\public\\index.php')
ERROR - 2023-10-23 20:09:25 --> mysqli_sql_exception: Column 'vinyl_artist' cannot be null in C:\Users\Phoenix\Desktop\GİT\ARCHIVE\system\Database\MySQLi\Connection.php:306
Stack trace:
#0 C:\Users\Phoenix\Desktop\GİT\ARCHIVE\system\Database\MySQLi\Connection.php(306): mysqli->query('INSERT INTO `vi...', 0)
#1 C:\Users\Phoenix\Desktop\GİT\ARCHIVE\system\Database\BaseConnection.php(692): CodeIgniter\Database\MySQLi\Connection->execute('INSERT INTO `vi...')
#2 C:\Users\Phoenix\Desktop\GİT\ARCHIVE\system\Database\BaseConnection.php(606): CodeIgniter\Database\BaseConnection->simpleQuery('INSERT INTO `vi...')
#3 C:\Users\Phoenix\Desktop\GİT\ARCHIVE\system\Database\BaseBuilder.php(2308): CodeIgniter\Database\BaseConnection->query('INSERT INTO `vi...', Array, false)
#4 C:\Users\Phoenix\Desktop\GİT\ARCHIVE\system\Model.php(319): CodeIgniter\Database\BaseBuilder->insert()
#5 C:\Users\Phoenix\Desktop\GİT\ARCHIVE\system\BaseModel.php(788): CodeIgniter\Model->doInsert(Array)
#6 C:\Users\Phoenix\Desktop\GİT\ARCHIVE\system\Model.php(715): CodeIgniter\BaseModel->insert(Array, true)
#7 C:\Users\Phoenix\Desktop\GİT\ARCHIVE\app\Controllers\VinylController.php(66): CodeIgniter\Model->insert(Array)
#8 C:\Users\Phoenix\Desktop\GİT\ARCHIVE\system\CodeIgniter.php(919): App\Controllers\VinylController->add_vinyl()
#9 C:\Users\Phoenix\Desktop\GİT\ARCHIVE\system\CodeIgniter.php(494): CodeIgniter\CodeIgniter->runController(Object(App\Controllers\VinylController))
#10 C:\Users\Phoenix\Desktop\GİT\ARCHIVE\system\CodeIgniter.php(353): CodeIgniter\CodeIgniter->handleRequest(NULL, Object(Config\Cache), false)
#11 C:\Users\Phoenix\Desktop\GİT\ARCHIVE\public\index.php(79): CodeIgniter\CodeIgniter->run()
#12 C:\Users\Phoenix\Desktop\GİT\ARCHIVE\system\Commands\Server\rewrite.php(47): require_once('C:\\Users\\Phoeni...')
#13 {main}
CRITICAL - 2023-10-23 20:09:25 --> Column 'vinyl_artist' cannot be null
in SYSTEMPATH\Database\BaseConnection.php on line 646.
 1 SYSTEMPATH\Database\BaseBuilder.php(2308): CodeIgniter\Database\BaseConnection->query('INSERT INTO `vinyl` (`vinyl_artist`, `vinyl_type`, `vinyl_release_date`, `comment`) VALUES (:vinyl_artist:, :vinyl_type:, :vinyl_release_date:, :comment:)', [...], false)
 2 SYSTEMPATH\Model.php(319): CodeIgniter\Database\BaseBuilder->insert()
 3 SYSTEMPATH\BaseModel.php(788): CodeIgniter\Model->doInsert([...])
 4 SYSTEMPATH\Model.php(715): CodeIgniter\BaseModel->insert([...], true)
 5 APPPATH\Controllers\VinylController.php(66): CodeIgniter\Model->insert([...])
 6 SYSTEMPATH\CodeIgniter.php(919): App\Controllers\VinylController->add_vinyl()
 7 SYSTEMPATH\CodeIgniter.php(494): CodeIgniter\CodeIgniter->runController(Object(App\Controllers\VinylController))
 8 SYSTEMPATH\CodeIgniter.php(353): CodeIgniter\CodeIgniter->handleRequest(null, Object(Config\Cache), false)
 9 FCPATH\index.php(79): CodeIgniter\CodeIgniter->run()
10 SYSTEMPATH\Commands\Server\rewrite.php(47): require_once('C:\\Users\\Phoenix\\Desktop\\GİT\\ARCHIVE\\public\\index.php')
ERROR - 2023-10-23 20:09:25 --> mysqli_sql_exception: Column 'vinyl_artist' cannot be null in C:\Users\Phoenix\Desktop\GİT\ARCHIVE\system\Database\MySQLi\Connection.php:306
Stack trace:
#0 C:\Users\Phoenix\Desktop\GİT\ARCHIVE\system\Database\MySQLi\Connection.php(306): mysqli->query('INSERT INTO `vi...', 0)
#1 C:\Users\Phoenix\Desktop\GİT\ARCHIVE\system\Database\BaseConnection.php(692): CodeIgniter\Database\MySQLi\Connection->execute('INSERT INTO `vi...')
#2 C:\Users\Phoenix\Desktop\GİT\ARCHIVE\system\Database\BaseConnection.php(606): CodeIgniter\Database\BaseConnection->simpleQuery('INSERT INTO `vi...')
#3 C:\Users\Phoenix\Desktop\GİT\ARCHIVE\system\Database\BaseBuilder.php(2308): CodeIgniter\Database\BaseConnection->query('INSERT INTO `vi...', Array, false)
#4 C:\Users\Phoenix\Desktop\GİT\ARCHIVE\system\Model.php(319): CodeIgniter\Database\BaseBuilder->insert()
#5 C:\Users\Phoenix\Desktop\GİT\ARCHIVE\system\BaseModel.php(788): CodeIgniter\Model->doInsert(Array)
#6 C:\Users\Phoenix\Desktop\GİT\ARCHIVE\system\Model.php(715): CodeIgniter\BaseModel->insert(Array, true)
#7 C:\Users\Phoenix\Desktop\GİT\ARCHIVE\app\Controllers\VinylController.php(66): CodeIgniter\Model->insert(Array)
#8 C:\Users\Phoenix\Desktop\GİT\ARCHIVE\system\CodeIgniter.php(919): App\Controllers\VinylController->add_vinyl()
#9 C:\Users\Phoenix\Desktop\GİT\ARCHIVE\system\CodeIgniter.php(494): CodeIgniter\CodeIgniter->runController(Object(App\Controllers\VinylController))
#10 C:\Users\Phoenix\Desktop\GİT\ARCHIVE\system\CodeIgniter.php(353): CodeIgniter\CodeIgniter->handleRequest(NULL, Object(Config\Cache), false)
#11 C:\Users\Phoenix\Desktop\GİT\ARCHIVE\public\index.php(79): CodeIgniter\CodeIgniter->run()
#12 C:\Users\Phoenix\Desktop\GİT\ARCHIVE\system\Commands\Server\rewrite.php(47): require_once('C:\\Users\\Phoeni...')
#13 {main}
CRITICAL - 2023-10-23 20:09:25 --> Column 'vinyl_artist' cannot be null
in SYSTEMPATH\Database\BaseConnection.php on line 646.
 1 SYSTEMPATH\Database\BaseBuilder.php(2308): CodeIgniter\Database\BaseConnection->query('INSERT INTO `vinyl` (`vinyl_artist`, `vinyl_type`, `vinyl_release_date`, `comment`) VALUES (:vinyl_artist:, :vinyl_type:, :vinyl_release_date:, :comment:)', [...], false)
 2 SYSTEMPATH\Model.php(319): CodeIgniter\Database\BaseBuilder->insert()
 3 SYSTEMPATH\BaseModel.php(788): CodeIgniter\Model->doInsert([...])
 4 SYSTEMPATH\Model.php(715): CodeIgniter\BaseModel->insert([...], true)
 5 APPPATH\Controllers\VinylController.php(66): CodeIgniter\Model->insert([...])
 6 SYSTEMPATH\CodeIgniter.php(919): App\Controllers\VinylController->add_vinyl()
 7 SYSTEMPATH\CodeIgniter.php(494): CodeIgniter\CodeIgniter->runController(Object(App\Controllers\VinylController))
 8 SYSTEMPATH\CodeIgniter.php(353): CodeIgniter\CodeIgniter->handleRequest(null, Object(Config\Cache), false)
 9 FCPATH\index.php(79): CodeIgniter\CodeIgniter->run()
10 SYSTEMPATH\Commands\Server\rewrite.php(47): require_once('C:\\Users\\Phoenix\\Desktop\\GİT\\ARCHIVE\\public\\index.php')
ERROR - 2023-10-23 20:09:25 --> mysqli_sql_exception: Column 'vinyl_artist' cannot be null in C:\Users\Phoenix\Desktop\GİT\ARCHIVE\system\Database\MySQLi\Connection.php:306
Stack trace:
#0 C:\Users\Phoenix\Desktop\GİT\ARCHIVE\system\Database\MySQLi\Connection.php(306): mysqli->query('INSERT INTO `vi...', 0)
#1 C:\Users\Phoenix\Desktop\GİT\ARCHIVE\system\Database\BaseConnection.php(692): CodeIgniter\Database\MySQLi\Connection->execute('INSERT INTO `vi...')
#2 C:\Users\Phoenix\Desktop\GİT\ARCHIVE\system\Database\BaseConnection.php(606): CodeIgniter\Database\BaseConnection->simpleQuery('INSERT INTO `vi...')
#3 C:\Users\Phoenix\Desktop\GİT\ARCHIVE\system\Database\BaseBuilder.php(2308): CodeIgniter\Database\BaseConnection->query('INSERT INTO `vi...', Array, false)
#4 C:\Users\Phoenix\Desktop\GİT\ARCHIVE\system\Model.php(319): CodeIgniter\Database\BaseBuilder->insert()
#5 C:\Users\Phoenix\Desktop\GİT\ARCHIVE\system\BaseModel.php(788): CodeIgniter\Model->doInsert(Array)
#6 C:\Users\Phoenix\Desktop\GİT\ARCHIVE\system\Model.php(715): CodeIgniter\BaseModel->insert(Array, true)
#7 C:\Users\Phoenix\Desktop\GİT\ARCHIVE\app\Controllers\VinylController.php(66): CodeIgniter\Model->insert(Array)
#8 C:\Users\Phoenix\Desktop\GİT\ARCHIVE\system\CodeIgniter.php(919): App\Controllers\VinylController->add_vinyl()
#9 C:\Users\Phoenix\Desktop\GİT\ARCHIVE\system\CodeIgniter.php(494): CodeIgniter\CodeIgniter->runController(Object(App\Controllers\VinylController))
#10 C:\Users\Phoenix\Desktop\GİT\ARCHIVE\system\CodeIgniter.php(353): CodeIgniter\CodeIgniter->handleRequest(NULL, Object(Config\Cache), false)
#11 C:\Users\Phoenix\Desktop\GİT\ARCHIVE\public\index.php(79): CodeIgniter\CodeIgniter->run()
#12 C:\Users\Phoenix\Desktop\GİT\ARCHIVE\system\Commands\Server\rewrite.php(47): require_once('C:\\Users\\Phoeni...')
#13 {main}
CRITICAL - 2023-10-23 20:09:25 --> Column 'vinyl_artist' cannot be null
in SYSTEMPATH\Database\BaseConnection.php on line 646.
 1 SYSTEMPATH\Database\BaseBuilder.php(2308): CodeIgniter\Database\BaseConnection->query('INSERT INTO `vinyl` (`vinyl_artist`, `vinyl_type`, `vinyl_release_date`, `comment`) VALUES (:vinyl_artist:, :vinyl_type:, :vinyl_release_date:, :comment:)', [...], false)
 2 SYSTEMPATH\Model.php(319): CodeIgniter\Database\BaseBuilder->insert()
 3 SYSTEMPATH\BaseModel.php(788): CodeIgniter\Model->doInsert([...])
 4 SYSTEMPATH\Model.php(715): CodeIgniter\BaseModel->insert([...], true)
 5 APPPATH\Controllers\VinylController.php(66): CodeIgniter\Model->insert([...])
 6 SYSTEMPATH\CodeIgniter.php(919): App\Controllers\VinylController->add_vinyl()
 7 SYSTEMPATH\CodeIgniter.php(494): CodeIgniter\CodeIgniter->runController(Object(App\Controllers\VinylController))
 8 SYSTEMPATH\CodeIgniter.php(353): CodeIgniter\CodeIgniter->handleRequest(null, Object(Config\Cache), false)
 9 FCPATH\index.php(79): CodeIgniter\CodeIgniter->run()
10 SYSTEMPATH\Commands\Server\rewrite.php(47): require_once('C:\\Users\\Phoenix\\Desktop\\GİT\\ARCHIVE\\public\\index.php')
ERROR - 2023-10-23 20:09:26 --> mysqli_sql_exception: Column 'vinyl_artist' cannot be null in C:\Users\Phoenix\Desktop\GİT\ARCHIVE\system\Database\MySQLi\Connection.php:306
Stack trace:
#0 C:\Users\Phoenix\Desktop\GİT\ARCHIVE\system\Database\MySQLi\Connection.php(306): mysqli->query('INSERT INTO `vi...', 0)
#1 C:\Users\Phoenix\Desktop\GİT\ARCHIVE\system\Database\BaseConnection.php(692): CodeIgniter\Database\MySQLi\Connection->execute('INSERT INTO `vi...')
#2 C:\Users\Phoenix\Desktop\GİT\ARCHIVE\system\Database\BaseConnection.php(606): CodeIgniter\Database\BaseConnection->simpleQuery('INSERT INTO `vi...')
#3 C:\Users\Phoenix\Desktop\GİT\ARCHIVE\system\Database\BaseBuilder.php(2308): CodeIgniter\Database\BaseConnection->query('INSERT INTO `vi...', Array, false)
#4 C:\Users\Phoenix\Desktop\GİT\ARCHIVE\system\Model.php(319): CodeIgniter\Database\BaseBuilder->insert()
#5 C:\Users\Phoenix\Desktop\GİT\ARCHIVE\system\BaseModel.php(788): CodeIgniter\Model->doInsert(Array)
#6 C:\Users\Phoenix\Desktop\GİT\ARCHIVE\system\Model.php(715): CodeIgniter\BaseModel->insert(Array, true)
#7 C:\Users\Phoenix\Desktop\GİT\ARCHIVE\app\Controllers\VinylController.php(66): CodeIgniter\Model->insert(Array)
#8 C:\Users\Phoenix\Desktop\GİT\ARCHIVE\system\CodeIgniter.php(919): App\Controllers\VinylController->add_vinyl()
#9 C:\Users\Phoenix\Desktop\GİT\ARCHIVE\system\CodeIgniter.php(494): CodeIgniter\CodeIgniter->runController(Object(App\Controllers\VinylController))
#10 C:\Users\Phoenix\Desktop\GİT\ARCHIVE\system\CodeIgniter.php(353): CodeIgniter\CodeIgniter->handleRequest(NULL, Object(Config\Cache), false)
#11 C:\Users\Phoenix\Desktop\GİT\ARCHIVE\public\index.php(79): CodeIgniter\CodeIgniter->run()
#12 C:\Users\Phoenix\Desktop\GİT\ARCHIVE\system\Commands\Server\rewrite.php(47): require_once('C:\\Users\\Phoeni...')
#13 {main}
CRITICAL - 2023-10-23 20:09:26 --> Column 'vinyl_artist' cannot be null
in SYSTEMPATH\Database\BaseConnection.php on line 646.
 1 SYSTEMPATH\Database\BaseBuilder.php(2308): CodeIgniter\Database\BaseConnection->query('INSERT INTO `vinyl` (`vinyl_artist`, `vinyl_type`, `vinyl_release_date`, `comment`) VALUES (:vinyl_artist:, :vinyl_type:, :vinyl_release_date:, :comment:)', [...], false)
 2 SYSTEMPATH\Model.php(319): CodeIgniter\Database\BaseBuilder->insert()
 3 SYSTEMPATH\BaseModel.php(788): CodeIgniter\Model->doInsert([...])
 4 SYSTEMPATH\Model.php(715): CodeIgniter\BaseModel->insert([...], true)
 5 APPPATH\Controllers\VinylController.php(66): CodeIgniter\Model->insert([...])
 6 SYSTEMPATH\CodeIgniter.php(919): App\Controllers\VinylController->add_vinyl()
 7 SYSTEMPATH\CodeIgniter.php(494): CodeIgniter\CodeIgniter->runController(Object(App\Controllers\VinylController))
 8 SYSTEMPATH\CodeIgniter.php(353): CodeIgniter\CodeIgniter->handleRequest(null, Object(Config\Cache), false)
 9 FCPATH\index.php(79): CodeIgniter\CodeIgniter->run()
10 SYSTEMPATH\Commands\Server\rewrite.php(47): require_once('C:\\Users\\Phoenix\\Desktop\\GİT\\ARCHIVE\\public\\index.php')
ERROR - 2023-10-23 20:09:26 --> mysqli_sql_exception: Column 'vinyl_artist' cannot be null in C:\Users\Phoenix\Desktop\GİT\ARCHIVE\system\Database\MySQLi\Connection.php:306
Stack trace:
#0 C:\Users\Phoenix\Desktop\GİT\ARCHIVE\system\Database\MySQLi\Connection.php(306): mysqli->query('INSERT INTO `vi...', 0)
#1 C:\Users\Phoenix\Desktop\GİT\ARCHIVE\system\Database\BaseConnection.php(692): CodeIgniter\Database\MySQLi\Connection->execute('INSERT INTO `vi...')
#2 C:\Users\Phoenix\Desktop\GİT\ARCHIVE\system\Database\BaseConnection.php(606): CodeIgniter\Database\BaseConnection->simpleQuery('INSERT INTO `vi...')
#3 C:\Users\Phoenix\Desktop\GİT\ARCHIVE\system\Database\BaseBuilder.php(2308): CodeIgniter\Database\BaseConnection->query('INSERT INTO `vi...', Array, false)
#4 C:\Users\Phoenix\Desktop\GİT\ARCHIVE\system\Model.php(319): CodeIgniter\Database\BaseBuilder->insert()
#5 C:\Users\Phoenix\Desktop\GİT\ARCHIVE\system\BaseModel.php(788): CodeIgniter\Model->doInsert(Array)
#6 C:\Users\Phoenix\Desktop\GİT\ARCHIVE\system\Model.php(715): CodeIgniter\BaseModel->insert(Array, true)
#7 C:\Users\Phoenix\Desktop\GİT\ARCHIVE\app\Controllers\VinylController.php(66): CodeIgniter\Model->insert(Array)
#8 C:\Users\Phoenix\Desktop\GİT\ARCHIVE\system\CodeIgniter.php(919): App\Controllers\VinylController->add_vinyl()
#9 C:\Users\Phoenix\Desktop\GİT\ARCHIVE\system\CodeIgniter.php(494): CodeIgniter\CodeIgniter->runController(Object(App\Controllers\VinylController))
#10 C:\Users\Phoenix\Desktop\GİT\ARCHIVE\system\CodeIgniter.php(353): CodeIgniter\CodeIgniter->handleRequest(NULL, Object(Config\Cache), false)
#11 C:\Users\Phoenix\Desktop\GİT\ARCHIVE\public\index.php(79): CodeIgniter\CodeIgniter->run()
#12 C:\Users\Phoenix\Desktop\GİT\ARCHIVE\system\Commands\Server\rewrite.php(47): require_once('C:\\Users\\Phoeni...')
#13 {main}
CRITICAL - 2023-10-23 20:09:26 --> Column 'vinyl_artist' cannot be null
in SYSTEMPATH\Database\BaseConnection.php on line 646.
 1 SYSTEMPATH\Database\BaseBuilder.php(2308): CodeIgniter\Database\BaseConnection->query('INSERT INTO `vinyl` (`vinyl_artist`, `vinyl_type`, `vinyl_release_date`, `comment`) VALUES (:vinyl_artist:, :vinyl_type:, :vinyl_release_date:, :comment:)', [...], false)
 2 SYSTEMPATH\Model.php(319): CodeIgniter\Database\BaseBuilder->insert()
 3 SYSTEMPATH\BaseModel.php(788): CodeIgniter\Model->doInsert([...])
 4 SYSTEMPATH\Model.php(715): CodeIgniter\BaseModel->insert([...], true)
 5 APPPATH\Controllers\VinylController.php(66): CodeIgniter\Model->insert([...])
 6 SYSTEMPATH\CodeIgniter.php(919): App\Controllers\VinylController->add_vinyl()
 7 SYSTEMPATH\CodeIgniter.php(494): CodeIgniter\CodeIgniter->runController(Object(App\Controllers\VinylController))
 8 SYSTEMPATH\CodeIgniter.php(353): CodeIgniter\CodeIgniter->handleRequest(null, Object(Config\Cache), false)
 9 FCPATH\index.php(79): CodeIgniter\CodeIgniter->run()
10 SYSTEMPATH\Commands\Server\rewrite.php(47): require_once('C:\\Users\\Phoenix\\Desktop\\GİT\\ARCHIVE\\public\\index.php')
ERROR - 2023-10-23 20:11:06 --> mysqli_sql_exception: Column 'vinyl_artist' cannot be null in C:\Users\Phoenix\Desktop\GİT\ARCHIVE\system\Database\MySQLi\Connection.php:306
Stack trace:
#0 C:\Users\Phoenix\Desktop\GİT\ARCHIVE\system\Database\MySQLi\Connection.php(306): mysqli->query('INSERT INTO `vi...', 0)
#1 C:\Users\Phoenix\Desktop\GİT\ARCHIVE\system\Database\BaseConnection.php(692): CodeIgniter\Database\MySQLi\Connection->execute('INSERT INTO `vi...')
#2 C:\Users\Phoenix\Desktop\GİT\ARCHIVE\system\Database\BaseConnection.php(606): CodeIgniter\Database\BaseConnection->simpleQuery('INSERT INTO `vi...')
#3 C:\Users\Phoenix\Desktop\GİT\ARCHIVE\system\Database\BaseBuilder.php(2308): CodeIgniter\Database\BaseConnection->query('INSERT INTO `vi...', Array, false)
#4 C:\Users\Phoenix\Desktop\GİT\ARCHIVE\system\Model.php(319): CodeIgniter\Database\BaseBuilder->insert()
#5 C:\Users\Phoenix\Desktop\GİT\ARCHIVE\system\BaseModel.php(788): CodeIgniter\Model->doInsert(Array)
#6 C:\Users\Phoenix\Desktop\GİT\ARCHIVE\system\Model.php(715): CodeIgniter\BaseModel->insert(Array, true)
#7 C:\Users\Phoenix\Desktop\GİT\ARCHIVE\app\Controllers\VinylController.php(66): CodeIgniter\Model->insert(Array)
#8 C:\Users\Phoenix\Desktop\GİT\ARCHIVE\system\CodeIgniter.php(919): App\Controllers\VinylController->add_vinyl()
#9 C:\Users\Phoenix\Desktop\GİT\ARCHIVE\system\CodeIgniter.php(494): CodeIgniter\CodeIgniter->runController(Object(App\Controllers\VinylController))
#10 C:\Users\Phoenix\Desktop\GİT\ARCHIVE\system\CodeIgniter.php(353): CodeIgniter\CodeIgniter->handleRequest(NULL, Object(Config\Cache), false)
#11 C:\Users\Phoenix\Desktop\GİT\ARCHIVE\public\index.php(79): CodeIgniter\CodeIgniter->run()
#12 C:\Users\Phoenix\Desktop\GİT\ARCHIVE\system\Commands\Server\rewrite.php(47): require_once('C:\\Users\\Phoeni...')
#13 {main}
CRITICAL - 2023-10-23 20:11:06 --> Column 'vinyl_artist' cannot be null
in SYSTEMPATH\Database\BaseConnection.php on line 646.
 1 SYSTEMPATH\Database\BaseBuilder.php(2308): CodeIgniter\Database\BaseConnection->query('INSERT INTO `vinyl` (`vinyl_artist`, `vinyl_type`, `vinyl_release_date`, `comment`) VALUES (:vinyl_artist:, :vinyl_type:, :vinyl_release_date:, :comment:)', [...], false)
 2 SYSTEMPATH\Model.php(319): CodeIgniter\Database\BaseBuilder->insert()
 3 SYSTEMPATH\BaseModel.php(788): CodeIgniter\Model->doInsert([...])
 4 SYSTEMPATH\Model.php(715): CodeIgniter\BaseModel->insert([...], true)
 5 APPPATH\Controllers\VinylController.php(66): CodeIgniter\Model->insert([...])
 6 SYSTEMPATH\CodeIgniter.php(919): App\Controllers\VinylController->add_vinyl()
 7 SYSTEMPATH\CodeIgniter.php(494): CodeIgniter\CodeIgniter->runController(Object(App\Controllers\VinylController))
 8 SYSTEMPATH\CodeIgniter.php(353): CodeIgniter\CodeIgniter->handleRequest(null, Object(Config\Cache), false)
 9 FCPATH\index.php(79): CodeIgniter\CodeIgniter->run()
10 SYSTEMPATH\Commands\Server\rewrite.php(47): require_once('C:\\Users\\Phoenix\\Desktop\\GİT\\ARCHIVE\\public\\index.php')
ERROR - 2023-10-23 20:11:06 --> mysqli_sql_exception: Column 'vinyl_artist' cannot be null in C:\Users\Phoenix\Desktop\GİT\ARCHIVE\system\Database\MySQLi\Connection.php:306
Stack trace:
#0 C:\Users\Phoenix\Desktop\GİT\ARCHIVE\system\Database\MySQLi\Connection.php(306): mysqli->query('INSERT INTO `vi...', 0)
#1 C:\Users\Phoenix\Desktop\GİT\ARCHIVE\system\Database\BaseConnection.php(692): CodeIgniter\Database\MySQLi\Connection->execute('INSERT INTO `vi...')
#2 C:\Users\Phoenix\Desktop\GİT\ARCHIVE\system\Database\BaseConnection.php(606): CodeIgniter\Database\BaseConnection->simpleQuery('INSERT INTO `vi...')
#3 C:\Users\Phoenix\Desktop\GİT\ARCHIVE\system\Database\BaseBuilder.php(2308): CodeIgniter\Database\BaseConnection->query('INSERT INTO `vi...', Array, false)
#4 C:\Users\Phoenix\Desktop\GİT\ARCHIVE\system\Model.php(319): CodeIgniter\Database\BaseBuilder->insert()
#5 C:\Users\Phoenix\Desktop\GİT\ARCHIVE\system\BaseModel.php(788): CodeIgniter\Model->doInsert(Array)
#6 C:\Users\Phoenix\Desktop\GİT\ARCHIVE\system\Model.php(715): CodeIgniter\BaseModel->insert(Array, true)
#7 C:\Users\Phoenix\Desktop\GİT\ARCHIVE\app\Controllers\VinylController.php(66): CodeIgniter\Model->insert(Array)
#8 C:\Users\Phoenix\Desktop\GİT\ARCHIVE\system\CodeIgniter.php(919): App\Controllers\VinylController->add_vinyl()
#9 C:\Users\Phoenix\Desktop\GİT\ARCHIVE\system\CodeIgniter.php(494): CodeIgniter\CodeIgniter->runController(Object(App\Controllers\VinylController))
#10 C:\Users\Phoenix\Desktop\GİT\ARCHIVE\system\CodeIgniter.php(353): CodeIgniter\CodeIgniter->handleRequest(NULL, Object(Config\Cache), false)
#11 C:\Users\Phoenix\Desktop\GİT\ARCHIVE\public\index.php(79): CodeIgniter\CodeIgniter->run()
#12 C:\Users\Phoenix\Desktop\GİT\ARCHIVE\system\Commands\Server\rewrite.php(47): require_once('C:\\Users\\Phoeni...')
#13 {main}
CRITICAL - 2023-10-23 20:11:06 --> Column 'vinyl_artist' cannot be null
in SYSTEMPATH\Database\BaseConnection.php on line 646.
 1 SYSTEMPATH\Database\BaseBuilder.php(2308): CodeIgniter\Database\BaseConnection->query('INSERT INTO `vinyl` (`vinyl_artist`, `vinyl_type`, `vinyl_release_date`, `comment`) VALUES (:vinyl_artist:, :vinyl_type:, :vinyl_release_date:, :comment:)', [...], false)
 2 SYSTEMPATH\Model.php(319): CodeIgniter\Database\BaseBuilder->insert()
 3 SYSTEMPATH\BaseModel.php(788): CodeIgniter\Model->doInsert([...])
 4 SYSTEMPATH\Model.php(715): CodeIgniter\BaseModel->insert([...], true)
 5 APPPATH\Controllers\VinylController.php(66): CodeIgniter\Model->insert([...])
 6 SYSTEMPATH\CodeIgniter.php(919): App\Controllers\VinylController->add_vinyl()
 7 SYSTEMPATH\CodeIgniter.php(494): CodeIgniter\CodeIgniter->runController(Object(App\Controllers\VinylController))
 8 SYSTEMPATH\CodeIgniter.php(353): CodeIgniter\CodeIgniter->handleRequest(null, Object(Config\Cache), false)
 9 FCPATH\index.php(79): CodeIgniter\CodeIgniter->run()
10 SYSTEMPATH\Commands\Server\rewrite.php(47): require_once('C:\\Users\\Phoenix\\Desktop\\GİT\\ARCHIVE\\public\\index.php')
ERROR - 2023-10-23 20:11:06 --> mysqli_sql_exception: Column 'vinyl_artist' cannot be null in C:\Users\Phoenix\Desktop\GİT\ARCHIVE\system\Database\MySQLi\Connection.php:306
Stack trace:
#0 C:\Users\Phoenix\Desktop\GİT\ARCHIVE\system\Database\MySQLi\Connection.php(306): mysqli->query('INSERT INTO `vi...', 0)
#1 C:\Users\Phoenix\Desktop\GİT\ARCHIVE\system\Database\BaseConnection.php(692): CodeIgniter\Database\MySQLi\Connection->execute('INSERT INTO `vi...')
#2 C:\Users\Phoenix\Desktop\GİT\ARCHIVE\system\Database\BaseConnection.php(606): CodeIgniter\Database\BaseConnection->simpleQuery('INSERT INTO `vi...')
#3 C:\Users\Phoenix\Desktop\GİT\ARCHIVE\system\Database\BaseBuilder.php(2308): CodeIgniter\Database\BaseConnection->query('INSERT INTO `vi...', Array, false)
#4 C:\Users\Phoenix\Desktop\GİT\ARCHIVE\system\Model.php(319): CodeIgniter\Database\BaseBuilder->insert()
#5 C:\Users\Phoenix\Desktop\GİT\ARCHIVE\system\BaseModel.php(788): CodeIgniter\Model->doInsert(Array)
#6 C:\Users\Phoenix\Desktop\GİT\ARCHIVE\system\Model.php(715): CodeIgniter\BaseModel->insert(Array, true)
#7 C:\Users\Phoenix\Desktop\GİT\ARCHIVE\app\Controllers\VinylController.php(66): CodeIgniter\Model->insert(Array)
#8 C:\Users\Phoenix\Desktop\GİT\ARCHIVE\system\CodeIgniter.php(919): App\Controllers\VinylController->add_vinyl()
#9 C:\Users\Phoenix\Desktop\GİT\ARCHIVE\system\CodeIgniter.php(494): CodeIgniter\CodeIgniter->runController(Object(App\Controllers\VinylController))
#10 C:\Users\Phoenix\Desktop\GİT\ARCHIVE\system\CodeIgniter.php(353): CodeIgniter\CodeIgniter->handleRequest(NULL, Object(Config\Cache), false)
#11 C:\Users\Phoenix\Desktop\GİT\ARCHIVE\public\index.php(79): CodeIgniter\CodeIgniter->run()
#12 C:\Users\Phoenix\Desktop\GİT\ARCHIVE\system\Commands\Server\rewrite.php(47): require_once('C:\\Users\\Phoeni...')
#13 {main}
CRITICAL - 2023-10-23 20:11:06 --> Column 'vinyl_artist' cannot be null
in SYSTEMPATH\Database\BaseConnection.php on line 646.
 1 SYSTEMPATH\Database\BaseBuilder.php(2308): CodeIgniter\Database\BaseConnection->query('INSERT INTO `vinyl` (`vinyl_artist`, `vinyl_type`, `vinyl_release_date`, `comment`) VALUES (:vinyl_artist:, :vinyl_type:, :vinyl_release_date:, :comment:)', [...], false)
 2 SYSTEMPATH\Model.php(319): CodeIgniter\Database\BaseBuilder->insert()
 3 SYSTEMPATH\BaseModel.php(788): CodeIgniter\Model->doInsert([...])
 4 SYSTEMPATH\Model.php(715): CodeIgniter\BaseModel->insert([...], true)
 5 APPPATH\Controllers\VinylController.php(66): CodeIgniter\Model->insert([...])
 6 SYSTEMPATH\CodeIgniter.php(919): App\Controllers\VinylController->add_vinyl()
 7 SYSTEMPATH\CodeIgniter.php(494): CodeIgniter\CodeIgniter->runController(Object(App\Controllers\VinylController))
 8 SYSTEMPATH\CodeIgniter.php(353): CodeIgniter\CodeIgniter->handleRequest(null, Object(Config\Cache), false)
 9 FCPATH\index.php(79): CodeIgniter\CodeIgniter->run()
10 SYSTEMPATH\Commands\Server\rewrite.php(47): require_once('C:\\Users\\Phoenix\\Desktop\\GİT\\ARCHIVE\\public\\index.php')
ERROR - 2023-10-23 20:11:07 --> mysqli_sql_exception: Column 'vinyl_artist' cannot be null in C:\Users\Phoenix\Desktop\GİT\ARCHIVE\system\Database\MySQLi\Connection.php:306
Stack trace:
#0 C:\Users\Phoenix\Desktop\GİT\ARCHIVE\system\Database\MySQLi\Connection.php(306): mysqli->query('INSERT INTO `vi...', 0)
#1 C:\Users\Phoenix\Desktop\GİT\ARCHIVE\system\Database\BaseConnection.php(692): CodeIgniter\Database\MySQLi\Connection->execute('INSERT INTO `vi...')
#2 C:\Users\Phoenix\Desktop\GİT\ARCHIVE\system\Database\BaseConnection.php(606): CodeIgniter\Database\BaseConnection->simpleQuery('INSERT INTO `vi...')
#3 C:\Users\Phoenix\Desktop\GİT\ARCHIVE\system\Database\BaseBuilder.php(2308): CodeIgniter\Database\BaseConnection->query('INSERT INTO `vi...', Array, false)
#4 C:\Users\Phoenix\Desktop\GİT\ARCHIVE\system\Model.php(319): CodeIgniter\Database\BaseBuilder->insert()
#5 C:\Users\Phoenix\Desktop\GİT\ARCHIVE\system\BaseModel.php(788): CodeIgniter\Model->doInsert(Array)
#6 C:\Users\Phoenix\Desktop\GİT\ARCHIVE\system\Model.php(715): CodeIgniter\BaseModel->insert(Array, true)
#7 C:\Users\Phoenix\Desktop\GİT\ARCHIVE\app\Controllers\VinylController.php(66): CodeIgniter\Model->insert(Array)
#8 C:\Users\Phoenix\Desktop\GİT\ARCHIVE\system\CodeIgniter.php(919): App\Controllers\VinylController->add_vinyl()
#9 C:\Users\Phoenix\Desktop\GİT\ARCHIVE\system\CodeIgniter.php(494): CodeIgniter\CodeIgniter->runController(Object(App\Controllers\VinylController))
#10 C:\Users\Phoenix\Desktop\GİT\ARCHIVE\system\CodeIgniter.php(353): CodeIgniter\CodeIgniter->handleRequest(NULL, Object(Config\Cache), false)
#11 C:\Users\Phoenix\Desktop\GİT\ARCHIVE\public\index.php(79): CodeIgniter\CodeIgniter->run()
#12 C:\Users\Phoenix\Desktop\GİT\ARCHIVE\system\Commands\Server\rewrite.php(47): require_once('C:\\Users\\Phoeni...')
#13 {main}
CRITICAL - 2023-10-23 20:11:07 --> Column 'vinyl_artist' cannot be null
in SYSTEMPATH\Database\BaseConnection.php on line 646.
 1 SYSTEMPATH\Database\BaseBuilder.php(2308): CodeIgniter\Database\BaseConnection->query('INSERT INTO `vinyl` (`vinyl_artist`, `vinyl_type`, `vinyl_release_date`, `comment`) VALUES (:vinyl_artist:, :vinyl_type:, :vinyl_release_date:, :comment:)', [...], false)
 2 SYSTEMPATH\Model.php(319): CodeIgniter\Database\BaseBuilder->insert()
 3 SYSTEMPATH\BaseModel.php(788): CodeIgniter\Model->doInsert([...])
 4 SYSTEMPATH\Model.php(715): CodeIgniter\BaseModel->insert([...], true)
 5 APPPATH\Controllers\VinylController.php(66): CodeIgniter\Model->insert([...])
 6 SYSTEMPATH\CodeIgniter.php(919): App\Controllers\VinylController->add_vinyl()
 7 SYSTEMPATH\CodeIgniter.php(494): CodeIgniter\CodeIgniter->runController(Object(App\Controllers\VinylController))
 8 SYSTEMPATH\CodeIgniter.php(353): CodeIgniter\CodeIgniter->handleRequest(null, Object(Config\Cache), false)
 9 FCPATH\index.php(79): CodeIgniter\CodeIgniter->run()
10 SYSTEMPATH\Commands\Server\rewrite.php(47): require_once('C:\\Users\\Phoenix\\Desktop\\GİT\\ARCHIVE\\public\\index.php')
ERROR - 2023-10-23 20:11:07 --> mysqli_sql_exception: Column 'vinyl_artist' cannot be null in C:\Users\Phoenix\Desktop\GİT\ARCHIVE\system\Database\MySQLi\Connection.php:306
Stack trace:
#0 C:\Users\Phoenix\Desktop\GİT\ARCHIVE\system\Database\MySQLi\Connection.php(306): mysqli->query('INSERT INTO `vi...', 0)
#1 C:\Users\Phoenix\Desktop\GİT\ARCHIVE\system\Database\BaseConnection.php(692): CodeIgniter\Database\MySQLi\Connection->execute('INSERT INTO `vi...')
#2 C:\Users\Phoenix\Desktop\GİT\ARCHIVE\system\Database\BaseConnection.php(606): CodeIgniter\Database\BaseConnection->simpleQuery('INSERT INTO `vi...')
#3 C:\Users\Phoenix\Desktop\GİT\ARCHIVE\system\Database\BaseBuilder.php(2308): CodeIgniter\Database\BaseConnection->query('INSERT INTO `vi...', Array, false)
#4 C:\Users\Phoenix\Desktop\GİT\ARCHIVE\system\Model.php(319): CodeIgniter\Database\BaseBuilder->insert()
#5 C:\Users\Phoenix\Desktop\GİT\ARCHIVE\system\BaseModel.php(788): CodeIgniter\Model->doInsert(Array)
#6 C:\Users\Phoenix\Desktop\GİT\ARCHIVE\system\Model.php(715): CodeIgniter\BaseModel->insert(Array, true)
#7 C:\Users\Phoenix\Desktop\GİT\ARCHIVE\app\Controllers\VinylController.php(66): CodeIgniter\Model->insert(Array)
#8 C:\Users\Phoenix\Desktop\GİT\ARCHIVE\system\CodeIgniter.php(919): App\Controllers\VinylController->add_vinyl()
#9 C:\Users\Phoenix\Desktop\GİT\ARCHIVE\system\CodeIgniter.php(494): CodeIgniter\CodeIgniter->runController(Object(App\Controllers\VinylController))
#10 C:\Users\Phoenix\Desktop\GİT\ARCHIVE\system\CodeIgniter.php(353): CodeIgniter\CodeIgniter->handleRequest(NULL, Object(Config\Cache), false)
#11 C:\Users\Phoenix\Desktop\GİT\ARCHIVE\public\index.php(79): CodeIgniter\CodeIgniter->run()
#12 C:\Users\Phoenix\Desktop\GİT\ARCHIVE\system\Commands\Server\rewrite.php(47): require_once('C:\\Users\\Phoeni...')
#13 {main}
CRITICAL - 2023-10-23 20:11:07 --> Column 'vinyl_artist' cannot be null
in SYSTEMPATH\Database\BaseConnection.php on line 646.
 1 SYSTEMPATH\Database\BaseBuilder.php(2308): CodeIgniter\Database\BaseConnection->query('INSERT INTO `vinyl` (`vinyl_artist`, `vinyl_type`, `vinyl_release_date`, `comment`) VALUES (:vinyl_artist:, :vinyl_type:, :vinyl_release_date:, :comment:)', [...], false)
 2 SYSTEMPATH\Model.php(319): CodeIgniter\Database\BaseBuilder->insert()
 3 SYSTEMPATH\BaseModel.php(788): CodeIgniter\Model->doInsert([...])
 4 SYSTEMPATH\Model.php(715): CodeIgniter\BaseModel->insert([...], true)
 5 APPPATH\Controllers\VinylController.php(66): CodeIgniter\Model->insert([...])
 6 SYSTEMPATH\CodeIgniter.php(919): App\Controllers\VinylController->add_vinyl()
 7 SYSTEMPATH\CodeIgniter.php(494): CodeIgniter\CodeIgniter->runController(Object(App\Controllers\VinylController))
 8 SYSTEMPATH\CodeIgniter.php(353): CodeIgniter\CodeIgniter->handleRequest(null, Object(Config\Cache), false)
 9 FCPATH\index.php(79): CodeIgniter\CodeIgniter->run()
10 SYSTEMPATH\Commands\Server\rewrite.php(47): require_once('C:\\Users\\Phoenix\\Desktop\\GİT\\ARCHIVE\\public\\index.php')
ERROR - 2023-10-23 20:11:07 --> mysqli_sql_exception: Column 'vinyl_artist' cannot be null in C:\Users\Phoenix\Desktop\GİT\ARCHIVE\system\Database\MySQLi\Connection.php:306
Stack trace:
#0 C:\Users\Phoenix\Desktop\GİT\ARCHIVE\system\Database\MySQLi\Connection.php(306): mysqli->query('INSERT INTO `vi...', 0)
#1 C:\Users\Phoenix\Desktop\GİT\ARCHIVE\system\Database\BaseConnection.php(692): CodeIgniter\Database\MySQLi\Connection->execute('INSERT INTO `vi...')
#2 C:\Users\Phoenix\Desktop\GİT\ARCHIVE\system\Database\BaseConnection.php(606): CodeIgniter\Database\BaseConnection->simpleQuery('INSERT INTO `vi...')
#3 C:\Users\Phoenix\Desktop\GİT\ARCHIVE\system\Database\BaseBuilder.php(2308): CodeIgniter\Database\BaseConnection->query('INSERT INTO `vi...', Array, false)
#4 C:\Users\Phoenix\Desktop\GİT\ARCHIVE\system\Model.php(319): CodeIgniter\Database\BaseBuilder->insert()
#5 C:\Users\Phoenix\Desktop\GİT\ARCHIVE\system\BaseModel.php(788): CodeIgniter\Model->doInsert(Array)
#6 C:\Users\Phoenix\Desktop\GİT\ARCHIVE\system\Model.php(715): CodeIgniter\BaseModel->insert(Array, true)
#7 C:\Users\Phoenix\Desktop\GİT\ARCHIVE\app\Controllers\VinylController.php(66): CodeIgniter\Model->insert(Array)
#8 C:\Users\Phoenix\Desktop\GİT\ARCHIVE\system\CodeIgniter.php(919): App\Controllers\VinylController->add_vinyl()
#9 C:\Users\Phoenix\Desktop\GİT\ARCHIVE\system\CodeIgniter.php(494): CodeIgniter\CodeIgniter->runController(Object(App\Controllers\VinylController))
#10 C:\Users\Phoenix\Desktop\GİT\ARCHIVE\system\CodeIgniter.php(353): CodeIgniter\CodeIgniter->handleRequest(NULL, Object(Config\Cache), false)
#11 C:\Users\Phoenix\Desktop\GİT\ARCHIVE\public\index.php(79): CodeIgniter\CodeIgniter->run()
#12 C:\Users\Phoenix\Desktop\GİT\ARCHIVE\system\Commands\Server\rewrite.php(47): require_once('C:\\Users\\Phoeni...')
#13 {main}
CRITICAL - 2023-10-23 20:11:07 --> Column 'vinyl_artist' cannot be null
in SYSTEMPATH\Database\BaseConnection.php on line 646.
 1 SYSTEMPATH\Database\BaseBuilder.php(2308): CodeIgniter\Database\BaseConnection->query('INSERT INTO `vinyl` (`vinyl_artist`, `vinyl_type`, `vinyl_release_date`, `comment`) VALUES (:vinyl_artist:, :vinyl_type:, :vinyl_release_date:, :comment:)', [...], false)
 2 SYSTEMPATH\Model.php(319): CodeIgniter\Database\BaseBuilder->insert()
 3 SYSTEMPATH\BaseModel.php(788): CodeIgniter\Model->doInsert([...])
 4 SYSTEMPATH\Model.php(715): CodeIgniter\BaseModel->insert([...], true)
 5 APPPATH\Controllers\VinylController.php(66): CodeIgniter\Model->insert([...])
 6 SYSTEMPATH\CodeIgniter.php(919): App\Controllers\VinylController->add_vinyl()
 7 SYSTEMPATH\CodeIgniter.php(494): CodeIgniter\CodeIgniter->runController(Object(App\Controllers\VinylController))
 8 SYSTEMPATH\CodeIgniter.php(353): CodeIgniter\CodeIgniter->handleRequest(null, Object(Config\Cache), false)
 9 FCPATH\index.php(79): CodeIgniter\CodeIgniter->run()
10 SYSTEMPATH\Commands\Server\rewrite.php(47): require_once('C:\\Users\\Phoenix\\Desktop\\GİT\\ARCHIVE\\public\\index.php')
ERROR - 2023-10-23 20:11:07 --> mysqli_sql_exception: Column 'vinyl_artist' cannot be null in C:\Users\Phoenix\Desktop\GİT\ARCHIVE\system\Database\MySQLi\Connection.php:306
Stack trace:
#0 C:\Users\Phoenix\Desktop\GİT\ARCHIVE\system\Database\MySQLi\Connection.php(306): mysqli->query('INSERT INTO `vi...', 0)
#1 C:\Users\Phoenix\Desktop\GİT\ARCHIVE\system\Database\BaseConnection.php(692): CodeIgniter\Database\MySQLi\Connection->execute('INSERT INTO `vi...')
#2 C:\Users\Phoenix\Desktop\GİT\ARCHIVE\system\Database\BaseConnection.php(606): CodeIgniter\Database\BaseConnection->simpleQuery('INSERT INTO `vi...')
#3 C:\Users\Phoenix\Desktop\GİT\ARCHIVE\system\Database\BaseBuilder.php(2308): CodeIgniter\Database\BaseConnection->query('INSERT INTO `vi...', Array, false)
#4 C:\Users\Phoenix\Desktop\GİT\ARCHIVE\system\Model.php(319): CodeIgniter\Database\BaseBuilder->insert()
#5 C:\Users\Phoenix\Desktop\GİT\ARCHIVE\system\BaseModel.php(788): CodeIgniter\Model->doInsert(Array)
#6 C:\Users\Phoenix\Desktop\GİT\ARCHIVE\system\Model.php(715): CodeIgniter\BaseModel->insert(Array, true)
#7 C:\Users\Phoenix\Desktop\GİT\ARCHIVE\app\Controllers\VinylController.php(66): CodeIgniter\Model->insert(Array)
#8 C:\Users\Phoenix\Desktop\GİT\ARCHIVE\system\CodeIgniter.php(919): App\Controllers\VinylController->add_vinyl()
#9 C:\Users\Phoenix\Desktop\GİT\ARCHIVE\system\CodeIgniter.php(494): CodeIgniter\CodeIgniter->runController(Object(App\Controllers\VinylController))
#10 C:\Users\Phoenix\Desktop\GİT\ARCHIVE\system\CodeIgniter.php(353): CodeIgniter\CodeIgniter->handleRequest(NULL, Object(Config\Cache), false)
#11 C:\Users\Phoenix\Desktop\GİT\ARCHIVE\public\index.php(79): CodeIgniter\CodeIgniter->run()
#12 C:\Users\Phoenix\Desktop\GİT\ARCHIVE\system\Commands\Server\rewrite.php(47): require_once('C:\\Users\\Phoeni...')
#13 {main}
CRITICAL - 2023-10-23 20:11:07 --> Column 'vinyl_artist' cannot be null
in SYSTEMPATH\Database\BaseConnection.php on line 646.
 1 SYSTEMPATH\Database\BaseBuilder.php(2308): CodeIgniter\Database\BaseConnection->query('INSERT INTO `vinyl` (`vinyl_artist`, `vinyl_type`, `vinyl_release_date`, `comment`) VALUES (:vinyl_artist:, :vinyl_type:, :vinyl_release_date:, :comment:)', [...], false)
 2 SYSTEMPATH\Model.php(319): CodeIgniter\Database\BaseBuilder->insert()
 3 SYSTEMPATH\BaseModel.php(788): CodeIgniter\Model->doInsert([...])
 4 SYSTEMPATH\Model.php(715): CodeIgniter\BaseModel->insert([...], true)
 5 APPPATH\Controllers\VinylController.php(66): CodeIgniter\Model->insert([...])
 6 SYSTEMPATH\CodeIgniter.php(919): App\Controllers\VinylController->add_vinyl()
 7 SYSTEMPATH\CodeIgniter.php(494): CodeIgniter\CodeIgniter->runController(Object(App\Controllers\VinylController))
 8 SYSTEMPATH\CodeIgniter.php(353): CodeIgniter\CodeIgniter->handleRequest(null, Object(Config\Cache), false)
 9 FCPATH\index.php(79): CodeIgniter\CodeIgniter->run()
10 SYSTEMPATH\Commands\Server\rewrite.php(47): require_once('C:\\Users\\Phoenix\\Desktop\\GİT\\ARCHIVE\\public\\index.php')
ERROR - 2023-10-23 20:12:36 --> mysqli_sql_exception: Column 'vinyl_artist' cannot be null in C:\Users\Phoenix\Desktop\GİT\ARCHIVE\system\Database\MySQLi\Connection.php:306
Stack trace:
#0 C:\Users\Phoenix\Desktop\GİT\ARCHIVE\system\Database\MySQLi\Connection.php(306): mysqli->query('INSERT INTO `vi...', 0)
#1 C:\Users\Phoenix\Desktop\GİT\ARCHIVE\system\Database\BaseConnection.php(692): CodeIgniter\Database\MySQLi\Connection->execute('INSERT INTO `vi...')
#2 C:\Users\Phoenix\Desktop\GİT\ARCHIVE\system\Database\BaseConnection.php(606): CodeIgniter\Database\BaseConnection->simpleQuery('INSERT INTO `vi...')
#3 C:\Users\Phoenix\Desktop\GİT\ARCHIVE\system\Database\BaseBuilder.php(2308): CodeIgniter\Database\BaseConnection->query('INSERT INTO `vi...', Array, false)
#4 C:\Users\Phoenix\Desktop\GİT\ARCHIVE\system\Model.php(319): CodeIgniter\Database\BaseBuilder->insert()
#5 C:\Users\Phoenix\Desktop\GİT\ARCHIVE\system\BaseModel.php(788): CodeIgniter\Model->doInsert(Array)
#6 C:\Users\Phoenix\Desktop\GİT\ARCHIVE\system\Model.php(715): CodeIgniter\BaseModel->insert(Array, true)
#7 C:\Users\Phoenix\Desktop\GİT\ARCHIVE\app\Controllers\VinylController.php(66): CodeIgniter\Model->insert(Array)
#8 C:\Users\Phoenix\Desktop\GİT\ARCHIVE\system\CodeIgniter.php(919): App\Controllers\VinylController->add_vinyl()
#9 C:\Users\Phoenix\Desktop\GİT\ARCHIVE\system\CodeIgniter.php(494): CodeIgniter\CodeIgniter->runController(Object(App\Controllers\VinylController))
#10 C:\Users\Phoenix\Desktop\GİT\ARCHIVE\system\CodeIgniter.php(353): CodeIgniter\CodeIgniter->handleRequest(NULL, Object(Config\Cache), false)
#11 C:\Users\Phoenix\Desktop\GİT\ARCHIVE\public\index.php(79): CodeIgniter\CodeIgniter->run()
#12 C:\Users\Phoenix\Desktop\GİT\ARCHIVE\system\Commands\Server\rewrite.php(47): require_once('C:\\Users\\Phoeni...')
#13 {main}
CRITICAL - 2023-10-23 20:12:36 --> Column 'vinyl_artist' cannot be null
in SYSTEMPATH\Database\BaseConnection.php on line 646.
 1 SYSTEMPATH\Database\BaseBuilder.php(2308): CodeIgniter\Database\BaseConnection->query('INSERT INTO `vinyl` (`vinyl_artist`, `vinyl_type`, `vinyl_release_date`, `comment`) VALUES (:vinyl_artist:, :vinyl_type:, :vinyl_release_date:, :comment:)', [...], false)
 2 SYSTEMPATH\Model.php(319): CodeIgniter\Database\BaseBuilder->insert()
 3 SYSTEMPATH\BaseModel.php(788): CodeIgniter\Model->doInsert([...])
 4 SYSTEMPATH\Model.php(715): CodeIgniter\BaseModel->insert([...], true)
 5 APPPATH\Controllers\VinylController.php(66): CodeIgniter\Model->insert([...])
 6 SYSTEMPATH\CodeIgniter.php(919): App\Controllers\VinylController->add_vinyl()
 7 SYSTEMPATH\CodeIgniter.php(494): CodeIgniter\CodeIgniter->runController(Object(App\Controllers\VinylController))
 8 SYSTEMPATH\CodeIgniter.php(353): CodeIgniter\CodeIgniter->handleRequest(null, Object(Config\Cache), false)
 9 FCPATH\index.php(79): CodeIgniter\CodeIgniter->run()
10 SYSTEMPATH\Commands\Server\rewrite.php(47): require_once('C:\\Users\\Phoenix\\Desktop\\GİT\\ARCHIVE\\public\\index.php')
ERROR - 2023-10-23 20:12:36 --> mysqli_sql_exception: Column 'vinyl_artist' cannot be null in C:\Users\Phoenix\Desktop\GİT\ARCHIVE\system\Database\MySQLi\Connection.php:306
Stack trace:
#0 C:\Users\Phoenix\Desktop\GİT\ARCHIVE\system\Database\MySQLi\Connection.php(306): mysqli->query('INSERT INTO `vi...', 0)
#1 C:\Users\Phoenix\Desktop\GİT\ARCHIVE\system\Database\BaseConnection.php(692): CodeIgniter\Database\MySQLi\Connection->execute('INSERT INTO `vi...')
#2 C:\Users\Phoenix\Desktop\GİT\ARCHIVE\system\Database\BaseConnection.php(606): CodeIgniter\Database\BaseConnection->simpleQuery('INSERT INTO `vi...')
#3 C:\Users\Phoenix\Desktop\GİT\ARCHIVE\system\Database\BaseBuilder.php(2308): CodeIgniter\Database\BaseConnection->query('INSERT INTO `vi...', Array, false)
#4 C:\Users\Phoenix\Desktop\GİT\ARCHIVE\system\Model.php(319): CodeIgniter\Database\BaseBuilder->insert()
#5 C:\Users\Phoenix\Desktop\GİT\ARCHIVE\system\BaseModel.php(788): CodeIgniter\Model->doInsert(Array)
#6 C:\Users\Phoenix\Desktop\GİT\ARCHIVE\system\Model.php(715): CodeIgniter\BaseModel->insert(Array, true)
#7 C:\Users\Phoenix\Desktop\GİT\ARCHIVE\app\Controllers\VinylController.php(66): CodeIgniter\Model->insert(Array)
#8 C:\Users\Phoenix\Desktop\GİT\ARCHIVE\system\CodeIgniter.php(919): App\Controllers\VinylController->add_vinyl()
#9 C:\Users\Phoenix\Desktop\GİT\ARCHIVE\system\CodeIgniter.php(494): CodeIgniter\CodeIgniter->runController(Object(App\Controllers\VinylController))
#10 C:\Users\Phoenix\Desktop\GİT\ARCHIVE\system\CodeIgniter.php(353): CodeIgniter\CodeIgniter->handleRequest(NULL, Object(Config\Cache), false)
#11 C:\Users\Phoenix\Desktop\GİT\ARCHIVE\public\index.php(79): CodeIgniter\CodeIgniter->run()
#12 C:\Users\Phoenix\Desktop\GİT\ARCHIVE\system\Commands\Server\rewrite.php(47): require_once('C:\\Users\\Phoeni...')
#13 {main}
CRITICAL - 2023-10-23 20:12:36 --> Column 'vinyl_artist' cannot be null
in SYSTEMPATH\Database\BaseConnection.php on line 646.
 1 SYSTEMPATH\Database\BaseBuilder.php(2308): CodeIgniter\Database\BaseConnection->query('INSERT INTO `vinyl` (`vinyl_artist`, `vinyl_type`, `vinyl_release_date`, `comment`) VALUES (:vinyl_artist:, :vinyl_type:, :vinyl_release_date:, :comment:)', [...], false)
 2 SYSTEMPATH\Model.php(319): CodeIgniter\Database\BaseBuilder->insert()
 3 SYSTEMPATH\BaseModel.php(788): CodeIgniter\Model->doInsert([...])
 4 SYSTEMPATH\Model.php(715): CodeIgniter\BaseModel->insert([...], true)
 5 APPPATH\Controllers\VinylController.php(66): CodeIgniter\Model->insert([...])
 6 SYSTEMPATH\CodeIgniter.php(919): App\Controllers\VinylController->add_vinyl()
 7 SYSTEMPATH\CodeIgniter.php(494): CodeIgniter\CodeIgniter->runController(Object(App\Controllers\VinylController))
 8 SYSTEMPATH\CodeIgniter.php(353): CodeIgniter\CodeIgniter->handleRequest(null, Object(Config\Cache), false)
 9 FCPATH\index.php(79): CodeIgniter\CodeIgniter->run()
10 SYSTEMPATH\Commands\Server\rewrite.php(47): require_once('C:\\Users\\Phoenix\\Desktop\\GİT\\ARCHIVE\\public\\index.php')
ERROR - 2023-10-23 20:12:37 --> mysqli_sql_exception: Column 'vinyl_artist' cannot be null in C:\Users\Phoenix\Desktop\GİT\ARCHIVE\system\Database\MySQLi\Connection.php:306
Stack trace:
#0 C:\Users\Phoenix\Desktop\GİT\ARCHIVE\system\Database\MySQLi\Connection.php(306): mysqli->query('INSERT INTO `vi...', 0)
#1 C:\Users\Phoenix\Desktop\GİT\ARCHIVE\system\Database\BaseConnection.php(692): CodeIgniter\Database\MySQLi\Connection->execute('INSERT INTO `vi...')
#2 C:\Users\Phoenix\Desktop\GİT\ARCHIVE\system\Database\BaseConnection.php(606): CodeIgniter\Database\BaseConnection->simpleQuery('INSERT INTO `vi...')
#3 C:\Users\Phoenix\Desktop\GİT\ARCHIVE\system\Database\BaseBuilder.php(2308): CodeIgniter\Database\BaseConnection->query('INSERT INTO `vi...', Array, false)
#4 C:\Users\Phoenix\Desktop\GİT\ARCHIVE\system\Model.php(319): CodeIgniter\Database\BaseBuilder->insert()
#5 C:\Users\Phoenix\Desktop\GİT\ARCHIVE\system\BaseModel.php(788): CodeIgniter\Model->doInsert(Array)
#6 C:\Users\Phoenix\Desktop\GİT\ARCHIVE\system\Model.php(715): CodeIgniter\BaseModel->insert(Array, true)
#7 C:\Users\Phoenix\Desktop\GİT\ARCHIVE\app\Controllers\VinylController.php(66): CodeIgniter\Model->insert(Array)
#8 C:\Users\Phoenix\Desktop\GİT\ARCHIVE\system\CodeIgniter.php(919): App\Controllers\VinylController->add_vinyl()
#9 C:\Users\Phoenix\Desktop\GİT\ARCHIVE\system\CodeIgniter.php(494): CodeIgniter\CodeIgniter->runController(Object(App\Controllers\VinylController))
#10 C:\Users\Phoenix\Desktop\GİT\ARCHIVE\system\CodeIgniter.php(353): CodeIgniter\CodeIgniter->handleRequest(NULL, Object(Config\Cache), false)
#11 C:\Users\Phoenix\Desktop\GİT\ARCHIVE\public\index.php(79): CodeIgniter\CodeIgniter->run()
#12 C:\Users\Phoenix\Desktop\GİT\ARCHIVE\system\Commands\Server\rewrite.php(47): require_once('C:\\Users\\Phoeni...')
#13 {main}
CRITICAL - 2023-10-23 20:12:37 --> Column 'vinyl_artist' cannot be null
in SYSTEMPATH\Database\BaseConnection.php on line 646.
 1 SYSTEMPATH\Database\BaseBuilder.php(2308): CodeIgniter\Database\BaseConnection->query('INSERT INTO `vinyl` (`vinyl_artist`, `vinyl_type`, `vinyl_release_date`, `comment`) VALUES (:vinyl_artist:, :vinyl_type:, :vinyl_release_date:, :comment:)', [...], false)
 2 SYSTEMPATH\Model.php(319): CodeIgniter\Database\BaseBuilder->insert()
 3 SYSTEMPATH\BaseModel.php(788): CodeIgniter\Model->doInsert([...])
 4 SYSTEMPATH\Model.php(715): CodeIgniter\BaseModel->insert([...], true)
 5 APPPATH\Controllers\VinylController.php(66): CodeIgniter\Model->insert([...])
 6 SYSTEMPATH\CodeIgniter.php(919): App\Controllers\VinylController->add_vinyl()
 7 SYSTEMPATH\CodeIgniter.php(494): CodeIgniter\CodeIgniter->runController(Object(App\Controllers\VinylController))
 8 SYSTEMPATH\CodeIgniter.php(353): CodeIgniter\CodeIgniter->handleRequest(null, Object(Config\Cache), false)
 9 FCPATH\index.php(79): CodeIgniter\CodeIgniter->run()
10 SYSTEMPATH\Commands\Server\rewrite.php(47): require_once('C:\\Users\\Phoenix\\Desktop\\GİT\\ARCHIVE\\public\\index.php')
ERROR - 2023-10-23 20:12:37 --> mysqli_sql_exception: Column 'vinyl_artist' cannot be null in C:\Users\Phoenix\Desktop\GİT\ARCHIVE\system\Database\MySQLi\Connection.php:306
Stack trace:
#0 C:\Users\Phoenix\Desktop\GİT\ARCHIVE\system\Database\MySQLi\Connection.php(306): mysqli->query('INSERT INTO `vi...', 0)
#1 C:\Users\Phoenix\Desktop\GİT\ARCHIVE\system\Database\BaseConnection.php(692): CodeIgniter\Database\MySQLi\Connection->execute('INSERT INTO `vi...')
#2 C:\Users\Phoenix\Desktop\GİT\ARCHIVE\system\Database\BaseConnection.php(606): CodeIgniter\Database\BaseConnection->simpleQuery('INSERT INTO `vi...')
#3 C:\Users\Phoenix\Desktop\GİT\ARCHIVE\system\Database\BaseBuilder.php(2308): CodeIgniter\Database\BaseConnection->query('INSERT INTO `vi...', Array, false)
#4 C:\Users\Phoenix\Desktop\GİT\ARCHIVE\system\Model.php(319): CodeIgniter\Database\BaseBuilder->insert()
#5 C:\Users\Phoenix\Desktop\GİT\ARCHIVE\system\BaseModel.php(788): CodeIgniter\Model->doInsert(Array)
#6 C:\Users\Phoenix\Desktop\GİT\ARCHIVE\system\Model.php(715): CodeIgniter\BaseModel->insert(Array, true)
#7 C:\Users\Phoenix\Desktop\GİT\ARCHIVE\app\Controllers\VinylController.php(66): CodeIgniter\Model->insert(Array)
#8 C:\Users\Phoenix\Desktop\GİT\ARCHIVE\system\CodeIgniter.php(919): App\Controllers\VinylController->add_vinyl()
#9 C:\Users\Phoenix\Desktop\GİT\ARCHIVE\system\CodeIgniter.php(494): CodeIgniter\CodeIgniter->runController(Object(App\Controllers\VinylController))
#10 C:\Users\Phoenix\Desktop\GİT\ARCHIVE\system\CodeIgniter.php(353): CodeIgniter\CodeIgniter->handleRequest(NULL, Object(Config\Cache), false)
#11 C:\Users\Phoenix\Desktop\GİT\ARCHIVE\public\index.php(79): CodeIgniter\CodeIgniter->run()
#12 C:\Users\Phoenix\Desktop\GİT\ARCHIVE\system\Commands\Server\rewrite.php(47): require_once('C:\\Users\\Phoeni...')
#13 {main}
CRITICAL - 2023-10-23 20:12:37 --> Column 'vinyl_artist' cannot be null
in SYSTEMPATH\Database\BaseConnection.php on line 646.
 1 SYSTEMPATH\Database\BaseBuilder.php(2308): CodeIgniter\Database\BaseConnection->query('INSERT INTO `vinyl` (`vinyl_artist`, `vinyl_type`, `vinyl_release_date`, `comment`) VALUES (:vinyl_artist:, :vinyl_type:, :vinyl_release_date:, :comment:)', [...], false)
 2 SYSTEMPATH\Model.php(319): CodeIgniter\Database\BaseBuilder->insert()
 3 SYSTEMPATH\BaseModel.php(788): CodeIgniter\Model->doInsert([...])
 4 SYSTEMPATH\Model.php(715): CodeIgniter\BaseModel->insert([...], true)
 5 APPPATH\Controllers\VinylController.php(66): CodeIgniter\Model->insert([...])
 6 SYSTEMPATH\CodeIgniter.php(919): App\Controllers\VinylController->add_vinyl()
 7 SYSTEMPATH\CodeIgniter.php(494): CodeIgniter\CodeIgniter->runController(Object(App\Controllers\VinylController))
 8 SYSTEMPATH\CodeIgniter.php(353): CodeIgniter\CodeIgniter->handleRequest(null, Object(Config\Cache), false)
 9 FCPATH\index.php(79): CodeIgniter\CodeIgniter->run()
10 SYSTEMPATH\Commands\Server\rewrite.php(47): require_once('C:\\Users\\Phoenix\\Desktop\\GİT\\ARCHIVE\\public\\index.php')
ERROR - 2023-10-23 20:12:37 --> mysqli_sql_exception: Column 'vinyl_artist' cannot be null in C:\Users\Phoenix\Desktop\GİT\ARCHIVE\system\Database\MySQLi\Connection.php:306
Stack trace:
#0 C:\Users\Phoenix\Desktop\GİT\ARCHIVE\system\Database\MySQLi\Connection.php(306): mysqli->query('INSERT INTO `vi...', 0)
#1 C:\Users\Phoenix\Desktop\GİT\ARCHIVE\system\Database\BaseConnection.php(692): CodeIgniter\Database\MySQLi\Connection->execute('INSERT INTO `vi...')
#2 C:\Users\Phoenix\Desktop\GİT\ARCHIVE\system\Database\BaseConnection.php(606): CodeIgniter\Database\BaseConnection->simpleQuery('INSERT INTO `vi...')
#3 C:\Users\Phoenix\Desktop\GİT\ARCHIVE\system\Database\BaseBuilder.php(2308): CodeIgniter\Database\BaseConnection->query('INSERT INTO `vi...', Array, false)
#4 C:\Users\Phoenix\Desktop\GİT\ARCHIVE\system\Model.php(319): CodeIgniter\Database\BaseBuilder->insert()
#5 C:\Users\Phoenix\Desktop\GİT\ARCHIVE\system\BaseModel.php(788): CodeIgniter\Model->doInsert(Array)
#6 C:\Users\Phoenix\Desktop\GİT\ARCHIVE\system\Model.php(715): CodeIgniter\BaseModel->insert(Array, true)
#7 C:\Users\Phoenix\Desktop\GİT\ARCHIVE\app\Controllers\VinylController.php(66): CodeIgniter\Model->insert(Array)
#8 C:\Users\Phoenix\Desktop\GİT\ARCHIVE\system\CodeIgniter.php(919): App\Controllers\VinylController->add_vinyl()
#9 C:\Users\Phoenix\Desktop\GİT\ARCHIVE\system\CodeIgniter.php(494): CodeIgniter\CodeIgniter->runController(Object(App\Controllers\VinylController))
#10 C:\Users\Phoenix\Desktop\GİT\ARCHIVE\system\CodeIgniter.php(353): CodeIgniter\CodeIgniter->handleRequest(NULL, Object(Config\Cache), false)
#11 C:\Users\Phoenix\Desktop\GİT\ARCHIVE\public\index.php(79): CodeIgniter\CodeIgniter->run()
#12 C:\Users\Phoenix\Desktop\GİT\ARCHIVE\system\Commands\Server\rewrite.php(47): require_once('C:\\Users\\Phoeni...')
#13 {main}
CRITICAL - 2023-10-23 20:12:37 --> Column 'vinyl_artist' cannot be null
in SYSTEMPATH\Database\BaseConnection.php on line 646.
 1 SYSTEMPATH\Database\BaseBuilder.php(2308): CodeIgniter\Database\BaseConnection->query('INSERT INTO `vinyl` (`vinyl_artist`, `vinyl_type`, `vinyl_release_date`, `comment`) VALUES (:vinyl_artist:, :vinyl_type:, :vinyl_release_date:, :comment:)', [...], false)
 2 SYSTEMPATH\Model.php(319): CodeIgniter\Database\BaseBuilder->insert()
 3 SYSTEMPATH\BaseModel.php(788): CodeIgniter\Model->doInsert([...])
 4 SYSTEMPATH\Model.php(715): CodeIgniter\BaseModel->insert([...], true)
 5 APPPATH\Controllers\VinylController.php(66): CodeIgniter\Model->insert([...])
 6 SYSTEMPATH\CodeIgniter.php(919): App\Controllers\VinylController->add_vinyl()
 7 SYSTEMPATH\CodeIgniter.php(494): CodeIgniter\CodeIgniter->runController(Object(App\Controllers\VinylController))
 8 SYSTEMPATH\CodeIgniter.php(353): CodeIgniter\CodeIgniter->handleRequest(null, Object(Config\Cache), false)
 9 FCPATH\index.php(79): CodeIgniter\CodeIgniter->run()
10 SYSTEMPATH\Commands\Server\rewrite.php(47): require_once('C:\\Users\\Phoenix\\Desktop\\GİT\\ARCHIVE\\public\\index.php')
ERROR - 2023-10-23 20:12:37 --> mysqli_sql_exception: Column 'vinyl_artist' cannot be null in C:\Users\Phoenix\Desktop\GİT\ARCHIVE\system\Database\MySQLi\Connection.php:306
Stack trace:
#0 C:\Users\Phoenix\Desktop\GİT\ARCHIVE\system\Database\MySQLi\Connection.php(306): mysqli->query('INSERT INTO `vi...', 0)
#1 C:\Users\Phoenix\Desktop\GİT\ARCHIVE\system\Database\BaseConnection.php(692): CodeIgniter\Database\MySQLi\Connection->execute('INSERT INTO `vi...')
#2 C:\Users\Phoenix\Desktop\GİT\ARCHIVE\system\Database\BaseConnection.php(606): CodeIgniter\Database\BaseConnection->simpleQuery('INSERT INTO `vi...')
#3 C:\Users\Phoenix\Desktop\GİT\ARCHIVE\system\Database\BaseBuilder.php(2308): CodeIgniter\Database\BaseConnection->query('INSERT INTO `vi...', Array, false)
#4 C:\Users\Phoenix\Desktop\GİT\ARCHIVE\system\Model.php(319): CodeIgniter\Database\BaseBuilder->insert()
#5 C:\Users\Phoenix\Desktop\GİT\ARCHIVE\system\BaseModel.php(788): CodeIgniter\Model->doInsert(Array)
#6 C:\Users\Phoenix\Desktop\GİT\ARCHIVE\system\Model.php(715): CodeIgniter\BaseModel->insert(Array, true)
#7 C:\Users\Phoenix\Desktop\GİT\ARCHIVE\app\Controllers\VinylController.php(66): CodeIgniter\Model->insert(Array)
#8 C:\Users\Phoenix\Desktop\GİT\ARCHIVE\system\CodeIgniter.php(919): App\Controllers\VinylController->add_vinyl()
#9 C:\Users\Phoenix\Desktop\GİT\ARCHIVE\system\CodeIgniter.php(494): CodeIgniter\CodeIgniter->runController(Object(App\Controllers\VinylController))
#10 C:\Users\Phoenix\Desktop\GİT\ARCHIVE\system\CodeIgniter.php(353): CodeIgniter\CodeIgniter->handleRequest(NULL, Object(Config\Cache), false)
#11 C:\Users\Phoenix\Desktop\GİT\ARCHIVE\public\index.php(79): CodeIgniter\CodeIgniter->run()
#12 C:\Users\Phoenix\Desktop\GİT\ARCHIVE\system\Commands\Server\rewrite.php(47): require_once('C:\\Users\\Phoeni...')
#13 {main}
CRITICAL - 2023-10-23 20:12:37 --> Column 'vinyl_artist' cannot be null
in SYSTEMPATH\Database\BaseConnection.php on line 646.
 1 SYSTEMPATH\Database\BaseBuilder.php(2308): CodeIgniter\Database\BaseConnection->query('INSERT INTO `vinyl` (`vinyl_artist`, `vinyl_type`, `vinyl_release_date`, `comment`) VALUES (:vinyl_artist:, :vinyl_type:, :vinyl_release_date:, :comment:)', [...], false)
 2 SYSTEMPATH\Model.php(319): CodeIgniter\Database\BaseBuilder->insert()
 3 SYSTEMPATH\BaseModel.php(788): CodeIgniter\Model->doInsert([...])
 4 SYSTEMPATH\Model.php(715): CodeIgniter\BaseModel->insert([...], true)
 5 APPPATH\Controllers\VinylController.php(66): CodeIgniter\Model->insert([...])
 6 SYSTEMPATH\CodeIgniter.php(919): App\Controllers\VinylController->add_vinyl()
 7 SYSTEMPATH\CodeIgniter.php(494): CodeIgniter\CodeIgniter->runController(Object(App\Controllers\VinylController))
 8 SYSTEMPATH\CodeIgniter.php(353): CodeIgniter\CodeIgniter->handleRequest(null, Object(Config\Cache), false)
 9 FCPATH\index.php(79): CodeIgniter\CodeIgniter->run()
10 SYSTEMPATH\Commands\Server\rewrite.php(47): require_once('C:\\Users\\Phoenix\\Desktop\\GİT\\ARCHIVE\\public\\index.php')
ERROR - 2023-10-23 20:12:37 --> mysqli_sql_exception: Column 'vinyl_artist' cannot be null in C:\Users\Phoenix\Desktop\GİT\ARCHIVE\system\Database\MySQLi\Connection.php:306
Stack trace:
#0 C:\Users\Phoenix\Desktop\GİT\ARCHIVE\system\Database\MySQLi\Connection.php(306): mysqli->query('INSERT INTO `vi...', 0)
#1 C:\Users\Phoenix\Desktop\GİT\ARCHIVE\system\Database\BaseConnection.php(692): CodeIgniter\Database\MySQLi\Connection->execute('INSERT INTO `vi...')
#2 C:\Users\Phoenix\Desktop\GİT\ARCHIVE\system\Database\BaseConnection.php(606): CodeIgniter\Database\BaseConnection->simpleQuery('INSERT INTO `vi...')
#3 C:\Users\Phoenix\Desktop\GİT\ARCHIVE\system\Database\BaseBuilder.php(2308): CodeIgniter\Database\BaseConnection->query('INSERT INTO `vi...', Array, false)
#4 C:\Users\Phoenix\Desktop\GİT\ARCHIVE\system\Model.php(319): CodeIgniter\Database\BaseBuilder->insert()
#5 C:\Users\Phoenix\Desktop\GİT\ARCHIVE\system\BaseModel.php(788): CodeIgniter\Model->doInsert(Array)
#6 C:\Users\Phoenix\Desktop\GİT\ARCHIVE\system\Model.php(715): CodeIgniter\BaseModel->insert(Array, true)
#7 C:\Users\Phoenix\Desktop\GİT\ARCHIVE\app\Controllers\VinylController.php(66): CodeIgniter\Model->insert(Array)
#8 C:\Users\Phoenix\Desktop\GİT\ARCHIVE\system\CodeIgniter.php(919): App\Controllers\VinylController->add_vinyl()
#9 C:\Users\Phoenix\Desktop\GİT\ARCHIVE\system\CodeIgniter.php(494): CodeIgniter\CodeIgniter->runController(Object(App\Controllers\VinylController))
#10 C:\Users\Phoenix\Desktop\GİT\ARCHIVE\system\CodeIgniter.php(353): CodeIgniter\CodeIgniter->handleRequest(NULL, Object(Config\Cache), false)
#11 C:\Users\Phoenix\Desktop\GİT\ARCHIVE\public\index.php(79): CodeIgniter\CodeIgniter->run()
#12 C:\Users\Phoenix\Desktop\GİT\ARCHIVE\system\Commands\Server\rewrite.php(47): require_once('C:\\Users\\Phoeni...')
#13 {main}
CRITICAL - 2023-10-23 20:12:37 --> Column 'vinyl_artist' cannot be null
in SYSTEMPATH\Database\BaseConnection.php on line 646.
 1 SYSTEMPATH\Database\BaseBuilder.php(2308): CodeIgniter\Database\BaseConnection->query('INSERT INTO `vinyl` (`vinyl_artist`, `vinyl_type`, `vinyl_release_date`, `comment`) VALUES (:vinyl_artist:, :vinyl_type:, :vinyl_release_date:, :comment:)', [...], false)
 2 SYSTEMPATH\Model.php(319): CodeIgniter\Database\BaseBuilder->insert()
 3 SYSTEMPATH\BaseModel.php(788): CodeIgniter\Model->doInsert([...])
 4 SYSTEMPATH\Model.php(715): CodeIgniter\BaseModel->insert([...], true)
 5 APPPATH\Controllers\VinylController.php(66): CodeIgniter\Model->insert([...])
 6 SYSTEMPATH\CodeIgniter.php(919): App\Controllers\VinylController->add_vinyl()
 7 SYSTEMPATH\CodeIgniter.php(494): CodeIgniter\CodeIgniter->runController(Object(App\Controllers\VinylController))
 8 SYSTEMPATH\CodeIgniter.php(353): CodeIgniter\CodeIgniter->handleRequest(null, Object(Config\Cache), false)
 9 FCPATH\index.php(79): CodeIgniter\CodeIgniter->run()
10 SYSTEMPATH\Commands\Server\rewrite.php(47): require_once('C:\\Users\\Phoenix\\Desktop\\GİT\\ARCHIVE\\public\\index.php')
ERROR - 2023-10-23 20:13:02 --> mysqli_sql_exception: Column 'vinyl_artist' cannot be null in C:\Users\Phoenix\Desktop\GİT\ARCHIVE\system\Database\MySQLi\Connection.php:306
Stack trace:
#0 C:\Users\Phoenix\Desktop\GİT\ARCHIVE\system\Database\MySQLi\Connection.php(306): mysqli->query('INSERT INTO `vi...', 0)
#1 C:\Users\Phoenix\Desktop\GİT\ARCHIVE\system\Database\BaseConnection.php(692): CodeIgniter\Database\MySQLi\Connection->execute('INSERT INTO `vi...')
#2 C:\Users\Phoenix\Desktop\GİT\ARCHIVE\system\Database\BaseConnection.php(606): CodeIgniter\Database\BaseConnection->simpleQuery('INSERT INTO `vi...')
#3 C:\Users\Phoenix\Desktop\GİT\ARCHIVE\system\Database\BaseBuilder.php(2308): CodeIgniter\Database\BaseConnection->query('INSERT INTO `vi...', Array, false)
#4 C:\Users\Phoenix\Desktop\GİT\ARCHIVE\system\Model.php(319): CodeIgniter\Database\BaseBuilder->insert()
#5 C:\Users\Phoenix\Desktop\GİT\ARCHIVE\system\BaseModel.php(788): CodeIgniter\Model->doInsert(Array)
#6 C:\Users\Phoenix\Desktop\GİT\ARCHIVE\system\Model.php(715): CodeIgniter\BaseModel->insert(Array, true)
#7 C:\Users\Phoenix\Desktop\GİT\ARCHIVE\app\Controllers\VinylController.php(66): CodeIgniter\Model->insert(Array)
#8 C:\Users\Phoenix\Desktop\GİT\ARCHIVE\system\CodeIgniter.php(919): App\Controllers\VinylController->add_vinyl()
#9 C:\Users\Phoenix\Desktop\GİT\ARCHIVE\system\CodeIgniter.php(494): CodeIgniter\CodeIgniter->runController(Object(App\Controllers\VinylController))
#10 C:\Users\Phoenix\Desktop\GİT\ARCHIVE\system\CodeIgniter.php(353): CodeIgniter\CodeIgniter->handleRequest(NULL, Object(Config\Cache), false)
#11 C:\Users\Phoenix\Desktop\GİT\ARCHIVE\public\index.php(79): CodeIgniter\CodeIgniter->run()
#12 C:\Users\Phoenix\Desktop\GİT\ARCHIVE\system\Commands\Server\rewrite.php(47): require_once('C:\\Users\\Phoeni...')
#13 {main}
CRITICAL - 2023-10-23 20:13:02 --> Column 'vinyl_artist' cannot be null
in SYSTEMPATH\Database\BaseConnection.php on line 646.
 1 SYSTEMPATH\Database\BaseBuilder.php(2308): CodeIgniter\Database\BaseConnection->query('INSERT INTO `vinyl` (`vinyl_artist`, `vinyl_type`, `vinyl_release_date`, `comment`) VALUES (:vinyl_artist:, :vinyl_type:, :vinyl_release_date:, :comment:)', [...], false)
 2 SYSTEMPATH\Model.php(319): CodeIgniter\Database\BaseBuilder->insert()
 3 SYSTEMPATH\BaseModel.php(788): CodeIgniter\Model->doInsert([...])
 4 SYSTEMPATH\Model.php(715): CodeIgniter\BaseModel->insert([...], true)
 5 APPPATH\Controllers\VinylController.php(66): CodeIgniter\Model->insert([...])
 6 SYSTEMPATH\CodeIgniter.php(919): App\Controllers\VinylController->add_vinyl()
 7 SYSTEMPATH\CodeIgniter.php(494): CodeIgniter\CodeIgniter->runController(Object(App\Controllers\VinylController))
 8 SYSTEMPATH\CodeIgniter.php(353): CodeIgniter\CodeIgniter->handleRequest(null, Object(Config\Cache), false)
 9 FCPATH\index.php(79): CodeIgniter\CodeIgniter->run()
10 SYSTEMPATH\Commands\Server\rewrite.php(47): require_once('C:\\Users\\Phoenix\\Desktop\\GİT\\ARCHIVE\\public\\index.php')
ERROR - 2023-10-23 20:13:08 --> mysqli_sql_exception: Column 'vinyl_artist' cannot be null in C:\Users\Phoenix\Desktop\GİT\ARCHIVE\system\Database\MySQLi\Connection.php:306
Stack trace:
#0 C:\Users\Phoenix\Desktop\GİT\ARCHIVE\system\Database\MySQLi\Connection.php(306): mysqli->query('INSERT INTO `vi...', 0)
#1 C:\Users\Phoenix\Desktop\GİT\ARCHIVE\system\Database\BaseConnection.php(692): CodeIgniter\Database\MySQLi\Connection->execute('INSERT INTO `vi...')
#2 C:\Users\Phoenix\Desktop\GİT\ARCHIVE\system\Database\BaseConnection.php(606): CodeIgniter\Database\BaseConnection->simpleQuery('INSERT INTO `vi...')
#3 C:\Users\Phoenix\Desktop\GİT\ARCHIVE\system\Database\BaseBuilder.php(2308): CodeIgniter\Database\BaseConnection->query('INSERT INTO `vi...', Array, false)
#4 C:\Users\Phoenix\Desktop\GİT\ARCHIVE\system\Model.php(319): CodeIgniter\Database\BaseBuilder->insert()
#5 C:\Users\Phoenix\Desktop\GİT\ARCHIVE\system\BaseModel.php(788): CodeIgniter\Model->doInsert(Array)
#6 C:\Users\Phoenix\Desktop\GİT\ARCHIVE\system\Model.php(715): CodeIgniter\BaseModel->insert(Array, true)
#7 C:\Users\Phoenix\Desktop\GİT\ARCHIVE\app\Controllers\VinylController.php(66): CodeIgniter\Model->insert(Array)
#8 C:\Users\Phoenix\Desktop\GİT\ARCHIVE\system\CodeIgniter.php(919): App\Controllers\VinylController->add_vinyl()
#9 C:\Users\Phoenix\Desktop\GİT\ARCHIVE\system\CodeIgniter.php(494): CodeIgniter\CodeIgniter->runController(Object(App\Controllers\VinylController))
#10 C:\Users\Phoenix\Desktop\GİT\ARCHIVE\system\CodeIgniter.php(353): CodeIgniter\CodeIgniter->handleRequest(NULL, Object(Config\Cache), false)
#11 C:\Users\Phoenix\Desktop\GİT\ARCHIVE\public\index.php(79): CodeIgniter\CodeIgniter->run()
#12 C:\Users\Phoenix\Desktop\GİT\ARCHIVE\system\Commands\Server\rewrite.php(47): require_once('C:\\Users\\Phoeni...')
#13 {main}
CRITICAL - 2023-10-23 20:13:08 --> Column 'vinyl_artist' cannot be null
in SYSTEMPATH\Database\BaseConnection.php on line 646.
 1 SYSTEMPATH\Database\BaseBuilder.php(2308): CodeIgniter\Database\BaseConnection->query('INSERT INTO `vinyl` (`vinyl_artist`, `vinyl_type`, `vinyl_release_date`, `comment`) VALUES (:vinyl_artist:, :vinyl_type:, :vinyl_release_date:, :comment:)', [...], false)
 2 SYSTEMPATH\Model.php(319): CodeIgniter\Database\BaseBuilder->insert()
 3 SYSTEMPATH\BaseModel.php(788): CodeIgniter\Model->doInsert([...])
 4 SYSTEMPATH\Model.php(715): CodeIgniter\BaseModel->insert([...], true)
 5 APPPATH\Controllers\VinylController.php(66): CodeIgniter\Model->insert([...])
 6 SYSTEMPATH\CodeIgniter.php(919): App\Controllers\VinylController->add_vinyl()
 7 SYSTEMPATH\CodeIgniter.php(494): CodeIgniter\CodeIgniter->runController(Object(App\Controllers\VinylController))
 8 SYSTEMPATH\CodeIgniter.php(353): CodeIgniter\CodeIgniter->handleRequest(null, Object(Config\Cache), false)
 9 FCPATH\index.php(79): CodeIgniter\CodeIgniter->run()
10 SYSTEMPATH\Commands\Server\rewrite.php(47): require_once('C:\\Users\\Phoenix\\Desktop\\GİT\\ARCHIVE\\public\\index.php')
