ERROR - 2023-11-09 13:38:40 --> mysqli_sql_exception: Cannot delete or update a parent row: a foreign key constraint fails (`archive`.`vinyllink`, CONSTRAINT `FK__vinyl` FOREIGN KEY (`vinyl_id`) REFERENCES `vinyl` (`id`) ON UPDATE CASCADE) in C:\Users\INFODIF\Desktop\GİT\ARCHIVE\system\Database\MySQLi\Connection.php:306
Stack trace:
#0 C:\Users\INFODIF\Desktop\GİT\ARCHIVE\system\Database\MySQLi\Connection.php(306): mysqli->query()
#1 C:\Users\INFODIF\Desktop\GİT\ARCHIVE\system\Database\BaseConnection.php(692): CodeIgniter\Database\MySQLi\Connection->execute()
#2 C:\Users\INFODIF\Desktop\GİT\ARCHIVE\system\Database\BaseConnection.php(606): CodeIgniter\Database\BaseConnection->simpleQuery()
#3 C:\Users\INFODIF\Desktop\GİT\ARCHIVE\system\Database\BaseBuilder.php(2790): CodeIgniter\Database\BaseConnection->query()
#4 C:\Users\INFODIF\Desktop\GİT\ARCHIVE\app\Models\VinylModel.php(47): CodeIgniter\Database\BaseBuilder->delete()
#5 C:\Users\INFODIF\Desktop\GİT\ARCHIVE\app\Controllers\VinylController.php(91): App\Models\VinylModel->deletebyid()
#6 C:\Users\INFODIF\Desktop\GİT\ARCHIVE\system\CodeIgniter.php(919): App\Controllers\VinylController->delete()
#7 C:\Users\INFODIF\Desktop\GİT\ARCHIVE\system\CodeIgniter.php(494): CodeIgniter\CodeIgniter->runController()
#8 C:\Users\INFODIF\Desktop\GİT\ARCHIVE\system\CodeIgniter.php(353): CodeIgniter\CodeIgniter->handleRequest()
#9 C:\Users\INFODIF\Desktop\GİT\ARCHIVE\public\index.php(79): CodeIgniter\CodeIgniter->run()
#10 C:\Users\INFODIF\Desktop\GİT\ARCHIVE\system\Commands\Server\rewrite.php(47): require_once('...')
#11 {main}
CRITICAL - 2023-11-09 13:38:40 --> Cannot delete or update a parent row: a foreign key constraint fails (`archive`.`vinyllink`, CONSTRAINT `FK__vinyl` FOREIGN KEY (`vinyl_id`) REFERENCES `vinyl` (`id`) ON UPDATE CASCADE)
in SYSTEMPATH\Database\BaseConnection.php on line 646.
 1 SYSTEMPATH\Database\BaseBuilder.php(2790): CodeIgniter\Database\BaseConnection->query()
 2 APPPATH\Models\VinylModel.php(47): CodeIgniter\Database\BaseBuilder->delete()
 3 APPPATH\Controllers\VinylController.php(91): App\Models\VinylModel->deletebyid()
 4 SYSTEMPATH\CodeIgniter.php(919): App\Controllers\VinylController->delete()
 5 SYSTEMPATH\CodeIgniter.php(494): CodeIgniter\CodeIgniter->runController()
 6 SYSTEMPATH\CodeIgniter.php(353): CodeIgniter\CodeIgniter->handleRequest()
 7 FCPATH\index.php(79): CodeIgniter\CodeIgniter->run()
 8 SYSTEMPATH\Commands\Server\rewrite.php(47): require_once('C:\\Users\\INFODIF\\Desktop\\GİT\\ARCHIVE\\public\\index.php')
ERROR - 2023-11-09 13:38:44 --> mysqli_sql_exception: Cannot delete or update a parent row: a foreign key constraint fails (`archive`.`vinyllink`, CONSTRAINT `FK__vinyl` FOREIGN KEY (`vinyl_id`) REFERENCES `vinyl` (`id`) ON UPDATE CASCADE) in C:\Users\INFODIF\Desktop\GİT\ARCHIVE\system\Database\MySQLi\Connection.php:306
Stack trace:
#0 C:\Users\INFODIF\Desktop\GİT\ARCHIVE\system\Database\MySQLi\Connection.php(306): mysqli->query()
#1 C:\Users\INFODIF\Desktop\GİT\ARCHIVE\system\Database\BaseConnection.php(692): CodeIgniter\Database\MySQLi\Connection->execute()
#2 C:\Users\INFODIF\Desktop\GİT\ARCHIVE\system\Database\BaseConnection.php(606): CodeIgniter\Database\BaseConnection->simpleQuery()
#3 C:\Users\INFODIF\Desktop\GİT\ARCHIVE\system\Database\BaseBuilder.php(2790): CodeIgniter\Database\BaseConnection->query()
#4 C:\Users\INFODIF\Desktop\GİT\ARCHIVE\app\Models\VinylModel.php(47): CodeIgniter\Database\BaseBuilder->delete()
#5 C:\Users\INFODIF\Desktop\GİT\ARCHIVE\app\Controllers\VinylController.php(91): App\Models\VinylModel->deletebyid()
#6 C:\Users\INFODIF\Desktop\GİT\ARCHIVE\system\CodeIgniter.php(919): App\Controllers\VinylController->delete()
#7 C:\Users\INFODIF\Desktop\GİT\ARCHIVE\system\CodeIgniter.php(494): CodeIgniter\CodeIgniter->runController()
#8 C:\Users\INFODIF\Desktop\GİT\ARCHIVE\system\CodeIgniter.php(353): CodeIgniter\CodeIgniter->handleRequest()
#9 C:\Users\INFODIF\Desktop\GİT\ARCHIVE\public\index.php(79): CodeIgniter\CodeIgniter->run()
#10 C:\Users\INFODIF\Desktop\GİT\ARCHIVE\system\Commands\Server\rewrite.php(47): require_once('...')
#11 {main}
CRITICAL - 2023-11-09 13:38:44 --> Cannot delete or update a parent row: a foreign key constraint fails (`archive`.`vinyllink`, CONSTRAINT `FK__vinyl` FOREIGN KEY (`vinyl_id`) REFERENCES `vinyl` (`id`) ON UPDATE CASCADE)
in SYSTEMPATH\Database\BaseConnection.php on line 646.
 1 SYSTEMPATH\Database\BaseBuilder.php(2790): CodeIgniter\Database\BaseConnection->query()
 2 APPPATH\Models\VinylModel.php(47): CodeIgniter\Database\BaseBuilder->delete()
 3 APPPATH\Controllers\VinylController.php(91): App\Models\VinylModel->deletebyid()
 4 SYSTEMPATH\CodeIgniter.php(919): App\Controllers\VinylController->delete()
 5 SYSTEMPATH\CodeIgniter.php(494): CodeIgniter\CodeIgniter->runController()
 6 SYSTEMPATH\CodeIgniter.php(353): CodeIgniter\CodeIgniter->handleRequest()
 7 FCPATH\index.php(79): CodeIgniter\CodeIgniter->run()
 8 SYSTEMPATH\Commands\Server\rewrite.php(47): require_once('C:\\Users\\INFODIF\\Desktop\\GİT\\ARCHIVE\\public\\index.php')
ERROR - 2023-11-09 13:39:23 --> mysqli_sql_exception: Cannot delete or update a parent row: a foreign key constraint fails (`archive`.`vinyllink`, CONSTRAINT `FK__vinyl` FOREIGN KEY (`vinyl_id`) REFERENCES `vinyl` (`id`) ON UPDATE CASCADE) in C:\Users\INFODIF\Desktop\GİT\ARCHIVE\system\Database\MySQLi\Connection.php:306
Stack trace:
#0 C:\Users\INFODIF\Desktop\GİT\ARCHIVE\system\Database\MySQLi\Connection.php(306): mysqli->query()
#1 C:\Users\INFODIF\Desktop\GİT\ARCHIVE\system\Database\BaseConnection.php(692): CodeIgniter\Database\MySQLi\Connection->execute()
#2 C:\Users\INFODIF\Desktop\GİT\ARCHIVE\system\Database\BaseConnection.php(606): CodeIgniter\Database\BaseConnection->simpleQuery()
#3 C:\Users\INFODIF\Desktop\GİT\ARCHIVE\system\Database\BaseBuilder.php(2790): CodeIgniter\Database\BaseConnection->query()
#4 C:\Users\INFODIF\Desktop\GİT\ARCHIVE\app\Models\VinylModel.php(47): CodeIgniter\Database\BaseBuilder->delete()
#5 C:\Users\INFODIF\Desktop\GİT\ARCHIVE\app\Controllers\VinylController.php(91): App\Models\VinylModel->deletebyid()
#6 C:\Users\INFODIF\Desktop\GİT\ARCHIVE\system\CodeIgniter.php(919): App\Controllers\VinylController->delete()
#7 C:\Users\INFODIF\Desktop\GİT\ARCHIVE\system\CodeIgniter.php(494): CodeIgniter\CodeIgniter->runController()
#8 C:\Users\INFODIF\Desktop\GİT\ARCHIVE\system\CodeIgniter.php(353): CodeIgniter\CodeIgniter->handleRequest()
#9 C:\Users\INFODIF\Desktop\GİT\ARCHIVE\public\index.php(79): CodeIgniter\CodeIgniter->run()
#10 C:\Users\INFODIF\Desktop\GİT\ARCHIVE\system\Commands\Server\rewrite.php(47): require_once('...')
#11 {main}
CRITICAL - 2023-11-09 13:39:23 --> Cannot delete or update a parent row: a foreign key constraint fails (`archive`.`vinyllink`, CONSTRAINT `FK__vinyl` FOREIGN KEY (`vinyl_id`) REFERENCES `vinyl` (`id`) ON UPDATE CASCADE)
in SYSTEMPATH\Database\BaseConnection.php on line 646.
 1 SYSTEMPATH\Database\BaseBuilder.php(2790): CodeIgniter\Database\BaseConnection->query()
 2 APPPATH\Models\VinylModel.php(47): CodeIgniter\Database\BaseBuilder->delete()
 3 APPPATH\Controllers\VinylController.php(91): App\Models\VinylModel->deletebyid()
 4 SYSTEMPATH\CodeIgniter.php(919): App\Controllers\VinylController->delete()
 5 SYSTEMPATH\CodeIgniter.php(494): CodeIgniter\CodeIgniter->runController()
 6 SYSTEMPATH\CodeIgniter.php(353): CodeIgniter\CodeIgniter->handleRequest()
 7 FCPATH\index.php(79): CodeIgniter\CodeIgniter->run()
 8 SYSTEMPATH\Commands\Server\rewrite.php(47): require_once('C:\\Users\\INFODIF\\Desktop\\GİT\\ARCHIVE\\public\\index.php')
ERROR - 2023-11-09 13:39:40 --> mysqli_sql_exception: Cannot delete or update a parent row: a foreign key constraint fails (`archive`.`vinyllink`, CONSTRAINT `FK__vinyl` FOREIGN KEY (`vinyl_id`) REFERENCES `vinyl` (`id`) ON UPDATE CASCADE) in C:\Users\INFODIF\Desktop\GİT\ARCHIVE\system\Database\MySQLi\Connection.php:306
Stack trace:
#0 C:\Users\INFODIF\Desktop\GİT\ARCHIVE\system\Database\MySQLi\Connection.php(306): mysqli->query()
#1 C:\Users\INFODIF\Desktop\GİT\ARCHIVE\system\Database\BaseConnection.php(692): CodeIgniter\Database\MySQLi\Connection->execute()
#2 C:\Users\INFODIF\Desktop\GİT\ARCHIVE\system\Database\BaseConnection.php(606): CodeIgniter\Database\BaseConnection->simpleQuery()
#3 C:\Users\INFODIF\Desktop\GİT\ARCHIVE\system\Database\BaseBuilder.php(2790): CodeIgniter\Database\BaseConnection->query()
#4 C:\Users\INFODIF\Desktop\GİT\ARCHIVE\app\Models\VinylModel.php(47): CodeIgniter\Database\BaseBuilder->delete()
#5 C:\Users\INFODIF\Desktop\GİT\ARCHIVE\app\Controllers\VinylController.php(91): App\Models\VinylModel->deletebyid()
#6 C:\Users\INFODIF\Desktop\GİT\ARCHIVE\system\CodeIgniter.php(919): App\Controllers\VinylController->delete()
#7 C:\Users\INFODIF\Desktop\GİT\ARCHIVE\system\CodeIgniter.php(494): CodeIgniter\CodeIgniter->runController()
#8 C:\Users\INFODIF\Desktop\GİT\ARCHIVE\system\CodeIgniter.php(353): CodeIgniter\CodeIgniter->handleRequest()
#9 C:\Users\INFODIF\Desktop\GİT\ARCHIVE\public\index.php(79): CodeIgniter\CodeIgniter->run()
#10 C:\Users\INFODIF\Desktop\GİT\ARCHIVE\system\Commands\Server\rewrite.php(47): require_once('...')
#11 {main}
CRITICAL - 2023-11-09 13:39:40 --> Cannot delete or update a parent row: a foreign key constraint fails (`archive`.`vinyllink`, CONSTRAINT `FK__vinyl` FOREIGN KEY (`vinyl_id`) REFERENCES `vinyl` (`id`) ON UPDATE CASCADE)
in SYSTEMPATH\Database\BaseConnection.php on line 646.
 1 SYSTEMPATH\Database\BaseBuilder.php(2790): CodeIgniter\Database\BaseConnection->query()
 2 APPPATH\Models\VinylModel.php(47): CodeIgniter\Database\BaseBuilder->delete()
 3 APPPATH\Controllers\VinylController.php(91): App\Models\VinylModel->deletebyid()
 4 SYSTEMPATH\CodeIgniter.php(919): App\Controllers\VinylController->delete()
 5 SYSTEMPATH\CodeIgniter.php(494): CodeIgniter\CodeIgniter->runController()
 6 SYSTEMPATH\CodeIgniter.php(353): CodeIgniter\CodeIgniter->handleRequest()
 7 FCPATH\index.php(79): CodeIgniter\CodeIgniter->run()
 8 SYSTEMPATH\Commands\Server\rewrite.php(47): require_once('C:\\Users\\INFODIF\\Desktop\\GİT\\ARCHIVE\\public\\index.php')
ERROR - 2023-11-09 13:41:48 --> mysqli_sql_exception: Cannot delete or update a parent row: a foreign key constraint fails (`archive`.`vinyllink`, CONSTRAINT `FK__vinyl` FOREIGN KEY (`vinyl_id`) REFERENCES `vinyl` (`id`) ON UPDATE CASCADE) in C:\Users\INFODIF\Desktop\GİT\ARCHIVE\system\Database\MySQLi\Connection.php:306
Stack trace:
#0 C:\Users\INFODIF\Desktop\GİT\ARCHIVE\system\Database\MySQLi\Connection.php(306): mysqli->query()
#1 C:\Users\INFODIF\Desktop\GİT\ARCHIVE\system\Database\BaseConnection.php(692): CodeIgniter\Database\MySQLi\Connection->execute()
#2 C:\Users\INFODIF\Desktop\GİT\ARCHIVE\system\Database\BaseConnection.php(606): CodeIgniter\Database\BaseConnection->simpleQuery()
#3 C:\Users\INFODIF\Desktop\GİT\ARCHIVE\system\Database\BaseBuilder.php(2790): CodeIgniter\Database\BaseConnection->query()
#4 C:\Users\INFODIF\Desktop\GİT\ARCHIVE\app\Models\VinylModel.php(47): CodeIgniter\Database\BaseBuilder->delete()
#5 C:\Users\INFODIF\Desktop\GİT\ARCHIVE\app\Controllers\VinylController.php(91): App\Models\VinylModel->deletebyid()
#6 C:\Users\INFODIF\Desktop\GİT\ARCHIVE\system\CodeIgniter.php(919): App\Controllers\VinylController->delete()
#7 C:\Users\INFODIF\Desktop\GİT\ARCHIVE\system\CodeIgniter.php(494): CodeIgniter\CodeIgniter->runController()
#8 C:\Users\INFODIF\Desktop\GİT\ARCHIVE\system\CodeIgniter.php(353): CodeIgniter\CodeIgniter->handleRequest()
#9 C:\Users\INFODIF\Desktop\GİT\ARCHIVE\public\index.php(79): CodeIgniter\CodeIgniter->run()
#10 C:\Users\INFODIF\Desktop\GİT\ARCHIVE\system\Commands\Server\rewrite.php(47): require_once('...')
#11 {main}
CRITICAL - 2023-11-09 13:41:48 --> Cannot delete or update a parent row: a foreign key constraint fails (`archive`.`vinyllink`, CONSTRAINT `FK__vinyl` FOREIGN KEY (`vinyl_id`) REFERENCES `vinyl` (`id`) ON UPDATE CASCADE)
in SYSTEMPATH\Database\BaseConnection.php on line 646.
 1 SYSTEMPATH\Database\BaseBuilder.php(2790): CodeIgniter\Database\BaseConnection->query()
 2 APPPATH\Models\VinylModel.php(47): CodeIgniter\Database\BaseBuilder->delete()
 3 APPPATH\Controllers\VinylController.php(91): App\Models\VinylModel->deletebyid()
 4 SYSTEMPATH\CodeIgniter.php(919): App\Controllers\VinylController->delete()
 5 SYSTEMPATH\CodeIgniter.php(494): CodeIgniter\CodeIgniter->runController()
 6 SYSTEMPATH\CodeIgniter.php(353): CodeIgniter\CodeIgniter->handleRequest()
 7 FCPATH\index.php(79): CodeIgniter\CodeIgniter->run()
 8 SYSTEMPATH\Commands\Server\rewrite.php(47): require_once('C:\\Users\\INFODIF\\Desktop\\GİT\\ARCHIVE\\public\\index.php')
ERROR - 2023-11-09 13:41:56 --> mysqli_sql_exception: Cannot delete or update a parent row: a foreign key constraint fails (`archive`.`vinyllink`, CONSTRAINT `FK__vinyl` FOREIGN KEY (`vinyl_id`) REFERENCES `vinyl` (`id`) ON UPDATE CASCADE) in C:\Users\INFODIF\Desktop\GİT\ARCHIVE\system\Database\MySQLi\Connection.php:306
Stack trace:
#0 C:\Users\INFODIF\Desktop\GİT\ARCHIVE\system\Database\MySQLi\Connection.php(306): mysqli->query()
#1 C:\Users\INFODIF\Desktop\GİT\ARCHIVE\system\Database\BaseConnection.php(692): CodeIgniter\Database\MySQLi\Connection->execute()
#2 C:\Users\INFODIF\Desktop\GİT\ARCHIVE\system\Database\BaseConnection.php(606): CodeIgniter\Database\BaseConnection->simpleQuery()
#3 C:\Users\INFODIF\Desktop\GİT\ARCHIVE\system\Database\BaseBuilder.php(2790): CodeIgniter\Database\BaseConnection->query()
#4 C:\Users\INFODIF\Desktop\GİT\ARCHIVE\app\Models\VinylModel.php(47): CodeIgniter\Database\BaseBuilder->delete()
#5 C:\Users\INFODIF\Desktop\GİT\ARCHIVE\app\Controllers\VinylController.php(91): App\Models\VinylModel->deletebyid()
#6 C:\Users\INFODIF\Desktop\GİT\ARCHIVE\system\CodeIgniter.php(919): App\Controllers\VinylController->delete()
#7 C:\Users\INFODIF\Desktop\GİT\ARCHIVE\system\CodeIgniter.php(494): CodeIgniter\CodeIgniter->runController()
#8 C:\Users\INFODIF\Desktop\GİT\ARCHIVE\system\CodeIgniter.php(353): CodeIgniter\CodeIgniter->handleRequest()
#9 C:\Users\INFODIF\Desktop\GİT\ARCHIVE\public\index.php(79): CodeIgniter\CodeIgniter->run()
#10 C:\Users\INFODIF\Desktop\GİT\ARCHIVE\system\Commands\Server\rewrite.php(47): require_once('...')
#11 {main}
CRITICAL - 2023-11-09 13:41:56 --> Cannot delete or update a parent row: a foreign key constraint fails (`archive`.`vinyllink`, CONSTRAINT `FK__vinyl` FOREIGN KEY (`vinyl_id`) REFERENCES `vinyl` (`id`) ON UPDATE CASCADE)
in SYSTEMPATH\Database\BaseConnection.php on line 646.
 1 SYSTEMPATH\Database\BaseBuilder.php(2790): CodeIgniter\Database\BaseConnection->query()
 2 APPPATH\Models\VinylModel.php(47): CodeIgniter\Database\BaseBuilder->delete()
 3 APPPATH\Controllers\VinylController.php(91): App\Models\VinylModel->deletebyid()
 4 SYSTEMPATH\CodeIgniter.php(919): App\Controllers\VinylController->delete()
 5 SYSTEMPATH\CodeIgniter.php(494): CodeIgniter\CodeIgniter->runController()
 6 SYSTEMPATH\CodeIgniter.php(353): CodeIgniter\CodeIgniter->handleRequest()
 7 FCPATH\index.php(79): CodeIgniter\CodeIgniter->run()
 8 SYSTEMPATH\Commands\Server\rewrite.php(47): require_once('C:\\Users\\INFODIF\\Desktop\\GİT\\ARCHIVE\\public\\index.php')
ERROR - 2023-11-09 13:42:19 --> mysqli_sql_exception: Cannot delete or update a parent row: a foreign key constraint fails (`archive`.`vinyllink`, CONSTRAINT `FK__vinyl` FOREIGN KEY (`vinyl_id`) REFERENCES `vinyl` (`id`) ON UPDATE CASCADE) in C:\Users\INFODIF\Desktop\GİT\ARCHIVE\system\Database\MySQLi\Connection.php:306
Stack trace:
#0 C:\Users\INFODIF\Desktop\GİT\ARCHIVE\system\Database\MySQLi\Connection.php(306): mysqli->query()
#1 C:\Users\INFODIF\Desktop\GİT\ARCHIVE\system\Database\BaseConnection.php(692): CodeIgniter\Database\MySQLi\Connection->execute()
#2 C:\Users\INFODIF\Desktop\GİT\ARCHIVE\system\Database\BaseConnection.php(606): CodeIgniter\Database\BaseConnection->simpleQuery()
#3 C:\Users\INFODIF\Desktop\GİT\ARCHIVE\system\Database\BaseBuilder.php(2790): CodeIgniter\Database\BaseConnection->query()
#4 C:\Users\INFODIF\Desktop\GİT\ARCHIVE\app\Models\VinylModel.php(47): CodeIgniter\Database\BaseBuilder->delete()
#5 C:\Users\INFODIF\Desktop\GİT\ARCHIVE\app\Controllers\VinylController.php(91): App\Models\VinylModel->deletebyid()
#6 C:\Users\INFODIF\Desktop\GİT\ARCHIVE\system\CodeIgniter.php(919): App\Controllers\VinylController->delete()
#7 C:\Users\INFODIF\Desktop\GİT\ARCHIVE\system\CodeIgniter.php(494): CodeIgniter\CodeIgniter->runController()
#8 C:\Users\INFODIF\Desktop\GİT\ARCHIVE\system\CodeIgniter.php(353): CodeIgniter\CodeIgniter->handleRequest()
#9 C:\Users\INFODIF\Desktop\GİT\ARCHIVE\public\index.php(79): CodeIgniter\CodeIgniter->run()
#10 C:\Users\INFODIF\Desktop\GİT\ARCHIVE\system\Commands\Server\rewrite.php(47): require_once('...')
#11 {main}
CRITICAL - 2023-11-09 13:42:19 --> Cannot delete or update a parent row: a foreign key constraint fails (`archive`.`vinyllink`, CONSTRAINT `FK__vinyl` FOREIGN KEY (`vinyl_id`) REFERENCES `vinyl` (`id`) ON UPDATE CASCADE)
in SYSTEMPATH\Database\BaseConnection.php on line 646.
 1 SYSTEMPATH\Database\BaseBuilder.php(2790): CodeIgniter\Database\BaseConnection->query()
 2 APPPATH\Models\VinylModel.php(47): CodeIgniter\Database\BaseBuilder->delete()
 3 APPPATH\Controllers\VinylController.php(91): App\Models\VinylModel->deletebyid()
 4 SYSTEMPATH\CodeIgniter.php(919): App\Controllers\VinylController->delete()
 5 SYSTEMPATH\CodeIgniter.php(494): CodeIgniter\CodeIgniter->runController()
 6 SYSTEMPATH\CodeIgniter.php(353): CodeIgniter\CodeIgniter->handleRequest()
 7 FCPATH\index.php(79): CodeIgniter\CodeIgniter->run()
 8 SYSTEMPATH\Commands\Server\rewrite.php(47): require_once('C:\\Users\\INFODIF\\Desktop\\GİT\\ARCHIVE\\public\\index.php')
ERROR - 2023-11-09 13:42:29 --> mysqli_sql_exception: Cannot delete or update a parent row: a foreign key constraint fails (`archive`.`vinyllink`, CONSTRAINT `FK__vinyl` FOREIGN KEY (`vinyl_id`) REFERENCES `vinyl` (`id`) ON UPDATE CASCADE) in C:\Users\INFODIF\Desktop\GİT\ARCHIVE\system\Database\MySQLi\Connection.php:306
Stack trace:
#0 C:\Users\INFODIF\Desktop\GİT\ARCHIVE\system\Database\MySQLi\Connection.php(306): mysqli->query()
#1 C:\Users\INFODIF\Desktop\GİT\ARCHIVE\system\Database\BaseConnection.php(692): CodeIgniter\Database\MySQLi\Connection->execute()
#2 C:\Users\INFODIF\Desktop\GİT\ARCHIVE\system\Database\BaseConnection.php(606): CodeIgniter\Database\BaseConnection->simpleQuery()
#3 C:\Users\INFODIF\Desktop\GİT\ARCHIVE\system\Database\BaseBuilder.php(2790): CodeIgniter\Database\BaseConnection->query()
#4 C:\Users\INFODIF\Desktop\GİT\ARCHIVE\app\Models\VinylModel.php(47): CodeIgniter\Database\BaseBuilder->delete()
#5 C:\Users\INFODIF\Desktop\GİT\ARCHIVE\app\Controllers\VinylController.php(91): App\Models\VinylModel->deletebyid()
#6 C:\Users\INFODIF\Desktop\GİT\ARCHIVE\system\CodeIgniter.php(919): App\Controllers\VinylController->delete()
#7 C:\Users\INFODIF\Desktop\GİT\ARCHIVE\system\CodeIgniter.php(494): CodeIgniter\CodeIgniter->runController()
#8 C:\Users\INFODIF\Desktop\GİT\ARCHIVE\system\CodeIgniter.php(353): CodeIgniter\CodeIgniter->handleRequest()
#9 C:\Users\INFODIF\Desktop\GİT\ARCHIVE\public\index.php(79): CodeIgniter\CodeIgniter->run()
#10 C:\Users\INFODIF\Desktop\GİT\ARCHIVE\system\Commands\Server\rewrite.php(47): require_once('...')
#11 {main}
CRITICAL - 2023-11-09 13:42:29 --> Cannot delete or update a parent row: a foreign key constraint fails (`archive`.`vinyllink`, CONSTRAINT `FK__vinyl` FOREIGN KEY (`vinyl_id`) REFERENCES `vinyl` (`id`) ON UPDATE CASCADE)
in SYSTEMPATH\Database\BaseConnection.php on line 646.
 1 SYSTEMPATH\Database\BaseBuilder.php(2790): CodeIgniter\Database\BaseConnection->query()
 2 APPPATH\Models\VinylModel.php(47): CodeIgniter\Database\BaseBuilder->delete()
 3 APPPATH\Controllers\VinylController.php(91): App\Models\VinylModel->deletebyid()
 4 SYSTEMPATH\CodeIgniter.php(919): App\Controllers\VinylController->delete()
 5 SYSTEMPATH\CodeIgniter.php(494): CodeIgniter\CodeIgniter->runController()
 6 SYSTEMPATH\CodeIgniter.php(353): CodeIgniter\CodeIgniter->handleRequest()
 7 FCPATH\index.php(79): CodeIgniter\CodeIgniter->run()
 8 SYSTEMPATH\Commands\Server\rewrite.php(47): require_once('C:\\Users\\INFODIF\\Desktop\\GİT\\ARCHIVE\\public\\index.php')
