CRITICAL - 2023-11-20 13:19:12 --> Invalid file: "Game/gameindex.php"
in SYSTEMPATH\Exceptions\FrameworkException.php on line 39.
 1 SYSTEMPATH\View\View.php(214): CodeIgniter\Exceptions\FrameworkException::forInvalidFile()
 2 SYSTEMPATH\Common.php(1188): CodeIgniter\View\View->render()
 3 APPPATH\Controllers\GameController.php(15): view()
 4 SYSTEMPATH\CodeIgniter.php(919): App\Controllers\GameController->index()
 5 SYSTEMPATH\CodeIgniter.php(494): CodeIgniter\CodeIgniter->runController()
 6 SYSTEMPATH\CodeIgniter.php(353): CodeIgniter\CodeIgniter->handleRequest()
 7 FCPATH\index.php(79): CodeIgniter\CodeIgniter->run()
 8 SYSTEMPATH\Commands\Server\rewrite.php(47): require_once('C:\\Users\\INFODIF\\Desktop\\GİT\\ARCHIVE\\public\\index.php')
CRITICAL - 2023-11-20 13:20:19 --> Invalid file: "Game/gameindex.php"
in SYSTEMPATH\Exceptions\FrameworkException.php on line 39.
 1 SYSTEMPATH\View\View.php(214): CodeIgniter\Exceptions\FrameworkException::forInvalidFile()
 2 SYSTEMPATH\Common.php(1188): CodeIgniter\View\View->render()
 3 APPPATH\Controllers\GameController.php(15): view()
 4 SYSTEMPATH\CodeIgniter.php(919): App\Controllers\GameController->index()
 5 SYSTEMPATH\CodeIgniter.php(494): CodeIgniter\CodeIgniter->runController()
 6 SYSTEMPATH\CodeIgniter.php(353): CodeIgniter\CodeIgniter->handleRequest()
 7 FCPATH\index.php(79): CodeIgniter\CodeIgniter->run()
 8 SYSTEMPATH\Commands\Server\rewrite.php(47): require_once('C:\\Users\\INFODIF\\Desktop\\GİT\\ARCHIVE\\public\\index.php')
CRITICAL - 2023-11-20 13:20:39 --> Invalid file: "Game/gameindex.php"
in SYSTEMPATH\Exceptions\FrameworkException.php on line 39.
 1 SYSTEMPATH\View\View.php(214): CodeIgniter\Exceptions\FrameworkException::forInvalidFile()
 2 SYSTEMPATH\Common.php(1188): CodeIgniter\View\View->render()
 3 APPPATH\Controllers\GameController.php(15): view()
 4 SYSTEMPATH\CodeIgniter.php(919): App\Controllers\GameController->index()
 5 SYSTEMPATH\CodeIgniter.php(494): CodeIgniter\CodeIgniter->runController()
 6 SYSTEMPATH\CodeIgniter.php(353): CodeIgniter\CodeIgniter->handleRequest()
 7 FCPATH\index.php(79): CodeIgniter\CodeIgniter->run()
 8 SYSTEMPATH\Commands\Server\rewrite.php(47): require_once('C:\\Users\\INFODIF\\Desktop\\GİT\\ARCHIVE\\public\\index.php')
CRITICAL - 2023-11-20 13:20:40 --> Invalid file: "Game/gameindex.php"
in SYSTEMPATH\Exceptions\FrameworkException.php on line 39.
 1 SYSTEMPATH\View\View.php(214): CodeIgniter\Exceptions\FrameworkException::forInvalidFile()
 2 SYSTEMPATH\Common.php(1188): CodeIgniter\View\View->render()
 3 APPPATH\Controllers\GameController.php(15): view()
 4 SYSTEMPATH\CodeIgniter.php(919): App\Controllers\GameController->index()
 5 SYSTEMPATH\CodeIgniter.php(494): CodeIgniter\CodeIgniter->runController()
 6 SYSTEMPATH\CodeIgniter.php(353): CodeIgniter\CodeIgniter->handleRequest()
 7 FCPATH\index.php(79): CodeIgniter\CodeIgniter->run()
 8 SYSTEMPATH\Commands\Server\rewrite.php(47): require_once('C:\\Users\\INFODIF\\Desktop\\GİT\\ARCHIVE\\public\\index.php')
CRITICAL - 2023-11-20 13:20:40 --> Invalid file: "Game/gameindex.php"
in SYSTEMPATH\Exceptions\FrameworkException.php on line 39.
 1 SYSTEMPATH\View\View.php(214): CodeIgniter\Exceptions\FrameworkException::forInvalidFile()
 2 SYSTEMPATH\Common.php(1188): CodeIgniter\View\View->render()
 3 APPPATH\Controllers\GameController.php(15): view()
 4 SYSTEMPATH\CodeIgniter.php(919): App\Controllers\GameController->index()
 5 SYSTEMPATH\CodeIgniter.php(494): CodeIgniter\CodeIgniter->runController()
 6 SYSTEMPATH\CodeIgniter.php(353): CodeIgniter\CodeIgniter->handleRequest()
 7 FCPATH\index.php(79): CodeIgniter\CodeIgniter->run()
 8 SYSTEMPATH\Commands\Server\rewrite.php(47): require_once('C:\\Users\\INFODIF\\Desktop\\GİT\\ARCHIVE\\public\\index.php')
CRITICAL - 2023-11-20 13:21:56 --> Invalid file: "Game/gameindex.php"
in SYSTEMPATH\Exceptions\FrameworkException.php on line 39.
 1 SYSTEMPATH\View\View.php(214): CodeIgniter\Exceptions\FrameworkException::forInvalidFile()
 2 SYSTEMPATH\Common.php(1188): CodeIgniter\View\View->render()
 3 APPPATH\Controllers\GameController.php(15): view()
 4 SYSTEMPATH\CodeIgniter.php(919): App\Controllers\GameController->index()
 5 SYSTEMPATH\CodeIgniter.php(494): CodeIgniter\CodeIgniter->runController()
 6 SYSTEMPATH\CodeIgniter.php(353): CodeIgniter\CodeIgniter->handleRequest()
 7 FCPATH\index.php(79): CodeIgniter\CodeIgniter->run()
 8 SYSTEMPATH\Commands\Server\rewrite.php(47): require_once('C:\\Users\\INFODIF\\Desktop\\GİT\\ARCHIVE\\public\\index.php')
CRITICAL - 2023-11-20 13:21:57 --> Invalid file: "Game/gameindex.php"
in SYSTEMPATH\Exceptions\FrameworkException.php on line 39.
 1 SYSTEMPATH\View\View.php(214): CodeIgniter\Exceptions\FrameworkException::forInvalidFile()
 2 SYSTEMPATH\Common.php(1188): CodeIgniter\View\View->render()
 3 APPPATH\Controllers\GameController.php(15): view()
 4 SYSTEMPATH\CodeIgniter.php(919): App\Controllers\GameController->index()
 5 SYSTEMPATH\CodeIgniter.php(494): CodeIgniter\CodeIgniter->runController()
 6 SYSTEMPATH\CodeIgniter.php(353): CodeIgniter\CodeIgniter->handleRequest()
 7 FCPATH\index.php(79): CodeIgniter\CodeIgniter->run()
 8 SYSTEMPATH\Commands\Server\rewrite.php(47): require_once('C:\\Users\\INFODIF\\Desktop\\GİT\\ARCHIVE\\public\\index.php')
CRITICAL - 2023-11-20 13:21:57 --> Invalid file: "Game/gameindex.php"
in SYSTEMPATH\Exceptions\FrameworkException.php on line 39.
 1 SYSTEMPATH\View\View.php(214): CodeIgniter\Exceptions\FrameworkException::forInvalidFile()
 2 SYSTEMPATH\Common.php(1188): CodeIgniter\View\View->render()
 3 APPPATH\Controllers\GameController.php(15): view()
 4 SYSTEMPATH\CodeIgniter.php(919): App\Controllers\GameController->index()
 5 SYSTEMPATH\CodeIgniter.php(494): CodeIgniter\CodeIgniter->runController()
 6 SYSTEMPATH\CodeIgniter.php(353): CodeIgniter\CodeIgniter->handleRequest()
 7 FCPATH\index.php(79): CodeIgniter\CodeIgniter->run()
 8 SYSTEMPATH\Commands\Server\rewrite.php(47): require_once('C:\\Users\\INFODIF\\Desktop\\GİT\\ARCHIVE\\public\\index.php')
CRITICAL - 2023-11-20 13:21:57 --> Invalid file: "Game/gameindex.php"
in SYSTEMPATH\Exceptions\FrameworkException.php on line 39.
 1 SYSTEMPATH\View\View.php(214): CodeIgniter\Exceptions\FrameworkException::forInvalidFile()
 2 SYSTEMPATH\Common.php(1188): CodeIgniter\View\View->render()
 3 APPPATH\Controllers\GameController.php(15): view()
 4 SYSTEMPATH\CodeIgniter.php(919): App\Controllers\GameController->index()
 5 SYSTEMPATH\CodeIgniter.php(494): CodeIgniter\CodeIgniter->runController()
 6 SYSTEMPATH\CodeIgniter.php(353): CodeIgniter\CodeIgniter->handleRequest()
 7 FCPATH\index.php(79): CodeIgniter\CodeIgniter->run()
 8 SYSTEMPATH\Commands\Server\rewrite.php(47): require_once('C:\\Users\\INFODIF\\Desktop\\GİT\\ARCHIVE\\public\\index.php')
CRITICAL - 2023-11-20 13:21:57 --> Invalid file: "Game/gameindex.php"
in SYSTEMPATH\Exceptions\FrameworkException.php on line 39.
 1 SYSTEMPATH\View\View.php(214): CodeIgniter\Exceptions\FrameworkException::forInvalidFile()
 2 SYSTEMPATH\Common.php(1188): CodeIgniter\View\View->render()
 3 APPPATH\Controllers\GameController.php(15): view()
 4 SYSTEMPATH\CodeIgniter.php(919): App\Controllers\GameController->index()
 5 SYSTEMPATH\CodeIgniter.php(494): CodeIgniter\CodeIgniter->runController()
 6 SYSTEMPATH\CodeIgniter.php(353): CodeIgniter\CodeIgniter->handleRequest()
 7 FCPATH\index.php(79): CodeIgniter\CodeIgniter->run()
 8 SYSTEMPATH\Commands\Server\rewrite.php(47): require_once('C:\\Users\\INFODIF\\Desktop\\GİT\\ARCHIVE\\public\\index.php')
CRITICAL - 2023-11-20 13:21:57 --> Invalid file: "Game/gameindex.php"
in SYSTEMPATH\Exceptions\FrameworkException.php on line 39.
 1 SYSTEMPATH\View\View.php(214): CodeIgniter\Exceptions\FrameworkException::forInvalidFile()
 2 SYSTEMPATH\Common.php(1188): CodeIgniter\View\View->render()
 3 APPPATH\Controllers\GameController.php(15): view()
 4 SYSTEMPATH\CodeIgniter.php(919): App\Controllers\GameController->index()
 5 SYSTEMPATH\CodeIgniter.php(494): CodeIgniter\CodeIgniter->runController()
 6 SYSTEMPATH\CodeIgniter.php(353): CodeIgniter\CodeIgniter->handleRequest()
 7 FCPATH\index.php(79): CodeIgniter\CodeIgniter->run()
 8 SYSTEMPATH\Commands\Server\rewrite.php(47): require_once('C:\\Users\\INFODIF\\Desktop\\GİT\\ARCHIVE\\public\\index.php')
CRITICAL - 2023-11-20 13:21:57 --> Invalid file: "Game/gameindex.php"
in SYSTEMPATH\Exceptions\FrameworkException.php on line 39.
 1 SYSTEMPATH\View\View.php(214): CodeIgniter\Exceptions\FrameworkException::forInvalidFile()
 2 SYSTEMPATH\Common.php(1188): CodeIgniter\View\View->render()
 3 APPPATH\Controllers\GameController.php(15): view()
 4 SYSTEMPATH\CodeIgniter.php(919): App\Controllers\GameController->index()
 5 SYSTEMPATH\CodeIgniter.php(494): CodeIgniter\CodeIgniter->runController()
 6 SYSTEMPATH\CodeIgniter.php(353): CodeIgniter\CodeIgniter->handleRequest()
 7 FCPATH\index.php(79): CodeIgniter\CodeIgniter->run()
 8 SYSTEMPATH\Commands\Server\rewrite.php(47): require_once('C:\\Users\\INFODIF\\Desktop\\GİT\\ARCHIVE\\public\\index.php')
CRITICAL - 2023-11-20 13:21:57 --> Invalid file: "Game/gameindex.php"
in SYSTEMPATH\Exceptions\FrameworkException.php on line 39.
 1 SYSTEMPATH\View\View.php(214): CodeIgniter\Exceptions\FrameworkException::forInvalidFile()
 2 SYSTEMPATH\Common.php(1188): CodeIgniter\View\View->render()
 3 APPPATH\Controllers\GameController.php(15): view()
 4 SYSTEMPATH\CodeIgniter.php(919): App\Controllers\GameController->index()
 5 SYSTEMPATH\CodeIgniter.php(494): CodeIgniter\CodeIgniter->runController()
 6 SYSTEMPATH\CodeIgniter.php(353): CodeIgniter\CodeIgniter->handleRequest()
 7 FCPATH\index.php(79): CodeIgniter\CodeIgniter->run()
 8 SYSTEMPATH\Commands\Server\rewrite.php(47): require_once('C:\\Users\\INFODIF\\Desktop\\GİT\\ARCHIVE\\public\\index.php')
CRITICAL - 2023-11-20 13:21:58 --> Invalid file: "Game/gameindex.php"
in SYSTEMPATH\Exceptions\FrameworkException.php on line 39.
 1 SYSTEMPATH\View\View.php(214): CodeIgniter\Exceptions\FrameworkException::forInvalidFile()
 2 SYSTEMPATH\Common.php(1188): CodeIgniter\View\View->render()
 3 APPPATH\Controllers\GameController.php(15): view()
 4 SYSTEMPATH\CodeIgniter.php(919): App\Controllers\GameController->index()
 5 SYSTEMPATH\CodeIgniter.php(494): CodeIgniter\CodeIgniter->runController()
 6 SYSTEMPATH\CodeIgniter.php(353): CodeIgniter\CodeIgniter->handleRequest()
 7 FCPATH\index.php(79): CodeIgniter\CodeIgniter->run()
 8 SYSTEMPATH\Commands\Server\rewrite.php(47): require_once('C:\\Users\\INFODIF\\Desktop\\GİT\\ARCHIVE\\public\\index.php')
CRITICAL - 2023-11-20 13:22:34 --> Invalid file: "Game/gameindex.php"
in SYSTEMPATH\Exceptions\FrameworkException.php on line 39.
 1 SYSTEMPATH\View\View.php(214): CodeIgniter\Exceptions\FrameworkException::forInvalidFile()
 2 SYSTEMPATH\Common.php(1188): CodeIgniter\View\View->render()
 3 APPPATH\Controllers\GameController.php(15): view()
 4 SYSTEMPATH\CodeIgniter.php(919): App\Controllers\GameController->index()
 5 SYSTEMPATH\CodeIgniter.php(494): CodeIgniter\CodeIgniter->runController()
 6 SYSTEMPATH\CodeIgniter.php(353): CodeIgniter\CodeIgniter->handleRequest()
 7 FCPATH\index.php(79): CodeIgniter\CodeIgniter->run()
 8 SYSTEMPATH\Commands\Server\rewrite.php(47): require_once('C:\\Users\\INFODIF\\Desktop\\GİT\\ARCHIVE\\public\\index.php')
CRITICAL - 2023-11-20 13:22:35 --> Invalid file: "Game/gameindex.php"
in SYSTEMPATH\Exceptions\FrameworkException.php on line 39.
 1 SYSTEMPATH\View\View.php(214): CodeIgniter\Exceptions\FrameworkException::forInvalidFile()
 2 SYSTEMPATH\Common.php(1188): CodeIgniter\View\View->render()
 3 APPPATH\Controllers\GameController.php(15): view()
 4 SYSTEMPATH\CodeIgniter.php(919): App\Controllers\GameController->index()
 5 SYSTEMPATH\CodeIgniter.php(494): CodeIgniter\CodeIgniter->runController()
 6 SYSTEMPATH\CodeIgniter.php(353): CodeIgniter\CodeIgniter->handleRequest()
 7 FCPATH\index.php(79): CodeIgniter\CodeIgniter->run()
 8 SYSTEMPATH\Commands\Server\rewrite.php(47): require_once('C:\\Users\\INFODIF\\Desktop\\GİT\\ARCHIVE\\public\\index.php')
CRITICAL - 2023-11-20 13:22:35 --> Invalid file: "Game/gameindex.php"
in SYSTEMPATH\Exceptions\FrameworkException.php on line 39.
 1 SYSTEMPATH\View\View.php(214): CodeIgniter\Exceptions\FrameworkException::forInvalidFile()
 2 SYSTEMPATH\Common.php(1188): CodeIgniter\View\View->render()
 3 APPPATH\Controllers\GameController.php(15): view()
 4 SYSTEMPATH\CodeIgniter.php(919): App\Controllers\GameController->index()
 5 SYSTEMPATH\CodeIgniter.php(494): CodeIgniter\CodeIgniter->runController()
 6 SYSTEMPATH\CodeIgniter.php(353): CodeIgniter\CodeIgniter->handleRequest()
 7 FCPATH\index.php(79): CodeIgniter\CodeIgniter->run()
 8 SYSTEMPATH\Commands\Server\rewrite.php(47): require_once('C:\\Users\\INFODIF\\Desktop\\GİT\\ARCHIVE\\public\\index.php')
CRITICAL - 2023-11-20 13:22:36 --> Invalid file: "Game/gameindex.php"
in SYSTEMPATH\Exceptions\FrameworkException.php on line 39.
 1 SYSTEMPATH\View\View.php(214): CodeIgniter\Exceptions\FrameworkException::forInvalidFile()
 2 SYSTEMPATH\Common.php(1188): CodeIgniter\View\View->render()
 3 APPPATH\Controllers\GameController.php(15): view()
 4 SYSTEMPATH\CodeIgniter.php(919): App\Controllers\GameController->index()
 5 SYSTEMPATH\CodeIgniter.php(494): CodeIgniter\CodeIgniter->runController()
 6 SYSTEMPATH\CodeIgniter.php(353): CodeIgniter\CodeIgniter->handleRequest()
 7 FCPATH\index.php(79): CodeIgniter\CodeIgniter->run()
 8 SYSTEMPATH\Commands\Server\rewrite.php(47): require_once('C:\\Users\\INFODIF\\Desktop\\GİT\\ARCHIVE\\public\\index.php')
CRITICAL - 2023-11-20 13:22:36 --> Invalid file: "Game/gameindex.php"
in SYSTEMPATH\Exceptions\FrameworkException.php on line 39.
 1 SYSTEMPATH\View\View.php(214): CodeIgniter\Exceptions\FrameworkException::forInvalidFile()
 2 SYSTEMPATH\Common.php(1188): CodeIgniter\View\View->render()
 3 APPPATH\Controllers\GameController.php(15): view()
 4 SYSTEMPATH\CodeIgniter.php(919): App\Controllers\GameController->index()
 5 SYSTEMPATH\CodeIgniter.php(494): CodeIgniter\CodeIgniter->runController()
 6 SYSTEMPATH\CodeIgniter.php(353): CodeIgniter\CodeIgniter->handleRequest()
 7 FCPATH\index.php(79): CodeIgniter\CodeIgniter->run()
 8 SYSTEMPATH\Commands\Server\rewrite.php(47): require_once('C:\\Users\\INFODIF\\Desktop\\GİT\\ARCHIVE\\public\\index.php')
CRITICAL - 2023-11-20 13:22:36 --> Invalid file: "Game/gameindex.php"
in SYSTEMPATH\Exceptions\FrameworkException.php on line 39.
 1 SYSTEMPATH\View\View.php(214): CodeIgniter\Exceptions\FrameworkException::forInvalidFile()
 2 SYSTEMPATH\Common.php(1188): CodeIgniter\View\View->render()
 3 APPPATH\Controllers\GameController.php(15): view()
 4 SYSTEMPATH\CodeIgniter.php(919): App\Controllers\GameController->index()
 5 SYSTEMPATH\CodeIgniter.php(494): CodeIgniter\CodeIgniter->runController()
 6 SYSTEMPATH\CodeIgniter.php(353): CodeIgniter\CodeIgniter->handleRequest()
 7 FCPATH\index.php(79): CodeIgniter\CodeIgniter->run()
 8 SYSTEMPATH\Commands\Server\rewrite.php(47): require_once('C:\\Users\\INFODIF\\Desktop\\GİT\\ARCHIVE\\public\\index.php')
CRITICAL - 2023-11-20 13:22:36 --> Invalid file: "Game/gameindex.php"
in SYSTEMPATH\Exceptions\FrameworkException.php on line 39.
 1 SYSTEMPATH\View\View.php(214): CodeIgniter\Exceptions\FrameworkException::forInvalidFile()
 2 SYSTEMPATH\Common.php(1188): CodeIgniter\View\View->render()
 3 APPPATH\Controllers\GameController.php(15): view()
 4 SYSTEMPATH\CodeIgniter.php(919): App\Controllers\GameController->index()
 5 SYSTEMPATH\CodeIgniter.php(494): CodeIgniter\CodeIgniter->runController()
 6 SYSTEMPATH\CodeIgniter.php(353): CodeIgniter\CodeIgniter->handleRequest()
 7 FCPATH\index.php(79): CodeIgniter\CodeIgniter->run()
 8 SYSTEMPATH\Commands\Server\rewrite.php(47): require_once('C:\\Users\\INFODIF\\Desktop\\GİT\\ARCHIVE\\public\\index.php')
CRITICAL - 2023-11-20 13:22:50 --> Invalid file: "Game/gameindex.php"
in SYSTEMPATH\Exceptions\FrameworkException.php on line 39.
 1 SYSTEMPATH\View\View.php(214): CodeIgniter\Exceptions\FrameworkException::forInvalidFile()
 2 SYSTEMPATH\Common.php(1188): CodeIgniter\View\View->render()
 3 APPPATH\Controllers\GameController.php(15): view()
 4 SYSTEMPATH\CodeIgniter.php(919): App\Controllers\GameController->index()
 5 SYSTEMPATH\CodeIgniter.php(494): CodeIgniter\CodeIgniter->runController()
 6 SYSTEMPATH\CodeIgniter.php(353): CodeIgniter\CodeIgniter->handleRequest()
 7 FCPATH\index.php(79): CodeIgniter\CodeIgniter->run()
 8 SYSTEMPATH\Commands\Server\rewrite.php(47): require_once('C:\\Users\\INFODIF\\Desktop\\GİT\\ARCHIVE\\public\\index.php')
CRITICAL - 2023-11-20 13:22:51 --> Invalid file: "Game/gameindex.php"
in SYSTEMPATH\Exceptions\FrameworkException.php on line 39.
 1 SYSTEMPATH\View\View.php(214): CodeIgniter\Exceptions\FrameworkException::forInvalidFile()
 2 SYSTEMPATH\Common.php(1188): CodeIgniter\View\View->render()
 3 APPPATH\Controllers\GameController.php(15): view()
 4 SYSTEMPATH\CodeIgniter.php(919): App\Controllers\GameController->index()
 5 SYSTEMPATH\CodeIgniter.php(494): CodeIgniter\CodeIgniter->runController()
 6 SYSTEMPATH\CodeIgniter.php(353): CodeIgniter\CodeIgniter->handleRequest()
 7 FCPATH\index.php(79): CodeIgniter\CodeIgniter->run()
 8 SYSTEMPATH\Commands\Server\rewrite.php(47): require_once('C:\\Users\\INFODIF\\Desktop\\GİT\\ARCHIVE\\public\\index.php')
CRITICAL - 2023-11-20 13:22:51 --> Invalid file: "Game/gameindex.php"
in SYSTEMPATH\Exceptions\FrameworkException.php on line 39.
 1 SYSTEMPATH\View\View.php(214): CodeIgniter\Exceptions\FrameworkException::forInvalidFile()
 2 SYSTEMPATH\Common.php(1188): CodeIgniter\View\View->render()
 3 APPPATH\Controllers\GameController.php(15): view()
 4 SYSTEMPATH\CodeIgniter.php(919): App\Controllers\GameController->index()
 5 SYSTEMPATH\CodeIgniter.php(494): CodeIgniter\CodeIgniter->runController()
 6 SYSTEMPATH\CodeIgniter.php(353): CodeIgniter\CodeIgniter->handleRequest()
 7 FCPATH\index.php(79): CodeIgniter\CodeIgniter->run()
 8 SYSTEMPATH\Commands\Server\rewrite.php(47): require_once('C:\\Users\\INFODIF\\Desktop\\GİT\\ARCHIVE\\public\\index.php')
CRITICAL - 2023-11-20 13:22:51 --> Invalid file: "Game/gameindex.php"
in SYSTEMPATH\Exceptions\FrameworkException.php on line 39.
 1 SYSTEMPATH\View\View.php(214): CodeIgniter\Exceptions\FrameworkException::forInvalidFile()
 2 SYSTEMPATH\Common.php(1188): CodeIgniter\View\View->render()
 3 APPPATH\Controllers\GameController.php(15): view()
 4 SYSTEMPATH\CodeIgniter.php(919): App\Controllers\GameController->index()
 5 SYSTEMPATH\CodeIgniter.php(494): CodeIgniter\CodeIgniter->runController()
 6 SYSTEMPATH\CodeIgniter.php(353): CodeIgniter\CodeIgniter->handleRequest()
 7 FCPATH\index.php(79): CodeIgniter\CodeIgniter->run()
 8 SYSTEMPATH\Commands\Server\rewrite.php(47): require_once('C:\\Users\\INFODIF\\Desktop\\GİT\\ARCHIVE\\public\\index.php')
CRITICAL - 2023-11-20 13:22:51 --> Invalid file: "Game/gameindex.php"
in SYSTEMPATH\Exceptions\FrameworkException.php on line 39.
 1 SYSTEMPATH\View\View.php(214): CodeIgniter\Exceptions\FrameworkException::forInvalidFile()
 2 SYSTEMPATH\Common.php(1188): CodeIgniter\View\View->render()
 3 APPPATH\Controllers\GameController.php(15): view()
 4 SYSTEMPATH\CodeIgniter.php(919): App\Controllers\GameController->index()
 5 SYSTEMPATH\CodeIgniter.php(494): CodeIgniter\CodeIgniter->runController()
 6 SYSTEMPATH\CodeIgniter.php(353): CodeIgniter\CodeIgniter->handleRequest()
 7 FCPATH\index.php(79): CodeIgniter\CodeIgniter->run()
 8 SYSTEMPATH\Commands\Server\rewrite.php(47): require_once('C:\\Users\\INFODIF\\Desktop\\GİT\\ARCHIVE\\public\\index.php')
