CRITICAL - 2024-01-09 07:00:00 --> Trying to access array offset on value of type null
in APPPATH\Controllers\GameController.php on line 20.
 1 APPPATH\Controllers\GameController.php(20): CodeIgniter\Debug\Exceptions->errorHandler()
 2 SYSTEMPATH\CodeIgniter.php(919): App\Controllers\GameController->showgamedata()
 3 SYSTEMPATH\CodeIgniter.php(494): CodeIgniter\CodeIgniter->runController()
 4 SYSTEMPATH\CodeIgniter.php(353): CodeIgniter\CodeIgniter->handleRequest()
 5 FCPATH\index.php(79): CodeIgniter\CodeIgniter->run()
 6 SYSTEMPATH\Commands\Server\rewrite.php(47): require_once('C:\\Users\\INFODIF\\Desktop\\GİT\\ARCHIVE\\public\\index.php')
CRITICAL - 2024-01-09 07:00:23 --> Trying to access array offset on value of type null
in APPPATH\Controllers\GameController.php on line 20.
 1 APPPATH\Controllers\GameController.php(20): CodeIgniter\Debug\Exceptions->errorHandler()
 2 SYSTEMPATH\CodeIgniter.php(919): App\Controllers\GameController->showgamedata()
 3 SYSTEMPATH\CodeIgniter.php(494): CodeIgniter\CodeIgniter->runController()
 4 SYSTEMPATH\CodeIgniter.php(353): CodeIgniter\CodeIgniter->handleRequest()
 5 FCPATH\index.php(79): CodeIgniter\CodeIgniter->run()
 6 SYSTEMPATH\Commands\Server\rewrite.php(47): require_once('C:\\Users\\INFODIF\\Desktop\\GİT\\ARCHIVE\\public\\index.php')
CRITICAL - 2024-01-09 07:01:50 --> Trying to access array offset on value of type null
in APPPATH\Controllers\GameController.php on line 20.
 1 APPPATH\Controllers\GameController.php(20): CodeIgniter\Debug\Exceptions->errorHandler()
 2 SYSTEMPATH\CodeIgniter.php(919): App\Controllers\GameController->showgamedata()
 3 SYSTEMPATH\CodeIgniter.php(494): CodeIgniter\CodeIgniter->runController()
 4 SYSTEMPATH\CodeIgniter.php(353): CodeIgniter\CodeIgniter->handleRequest()
 5 FCPATH\index.php(79): CodeIgniter\CodeIgniter->run()
 6 SYSTEMPATH\Commands\Server\rewrite.php(47): require_once('C:\\Users\\INFODIF\\Desktop\\GİT\\ARCHIVE\\public\\index.php')
CRITICAL - 2024-01-09 07:04:59 --> Undefined array key 3
in APPPATH\Controllers\GameController.php on line 53.
 1 APPPATH\Controllers\GameController.php(53): CodeIgniter\Debug\Exceptions->errorHandler()
 2 SYSTEMPATH\CodeIgniter.php(919): App\Controllers\GameController->showgamedata()
 3 SYSTEMPATH\CodeIgniter.php(494): CodeIgniter\CodeIgniter->runController()
 4 SYSTEMPATH\CodeIgniter.php(353): CodeIgniter\CodeIgniter->handleRequest()
 5 FCPATH\index.php(79): CodeIgniter\CodeIgniter->run()
 6 SYSTEMPATH\Commands\Server\rewrite.php(47): require_once('C:\\Users\\INFODIF\\Desktop\\GİT\\ARCHIVE\\public\\index.php')
CRITICAL - 2024-01-09 07:05:09 --> Undefined array key 0
in APPPATH\Controllers\GameController.php on line 53.
 1 APPPATH\Controllers\GameController.php(53): CodeIgniter\Debug\Exceptions->errorHandler()
 2 SYSTEMPATH\CodeIgniter.php(919): App\Controllers\GameController->showgamedata()
 3 SYSTEMPATH\CodeIgniter.php(494): CodeIgniter\CodeIgniter->runController()
 4 SYSTEMPATH\CodeIgniter.php(353): CodeIgniter\CodeIgniter->handleRequest()
 5 FCPATH\index.php(79): CodeIgniter\CodeIgniter->run()
 6 SYSTEMPATH\Commands\Server\rewrite.php(47): require_once('C:\\Users\\INFODIF\\Desktop\\GİT\\ARCHIVE\\public\\index.php')
CRITICAL - 2024-01-09 07:10:46 --> Trying to access array offset on value of type null
in APPPATH\Controllers\GameController.php on line 20.
 1 APPPATH\Controllers\GameController.php(20): CodeIgniter\Debug\Exceptions->errorHandler()
 2 SYSTEMPATH\CodeIgniter.php(919): App\Controllers\GameController->showgamedata()
 3 SYSTEMPATH\CodeIgniter.php(494): CodeIgniter\CodeIgniter->runController()
 4 SYSTEMPATH\CodeIgniter.php(353): CodeIgniter\CodeIgniter->handleRequest()
 5 FCPATH\index.php(79): CodeIgniter\CodeIgniter->run()
 6 SYSTEMPATH\Commands\Server\rewrite.php(47): require_once('C:\\Users\\INFODIF\\Desktop\\GİT\\ARCHIVE\\public\\index.php')
CRITICAL - 2024-01-09 11:01:57 --> Too few arguments to function App\Models\VinylModel::call_vinyl(), 0 passed in C:\Users\INFODIF\Desktop\GİT\ARCHIVE\app\Controllers\VinylController.php on line 18 and exactly 3 expected
in APPPATH\Models\VinylModel.php on line 29.
 1 APPPATH\Controllers\VinylController.php(18): App\Models\VinylModel->call_vinyl()
 2 SYSTEMPATH\CodeIgniter.php(919): App\Controllers\VinylController->showdata()
 3 SYSTEMPATH\CodeIgniter.php(494): CodeIgniter\CodeIgniter->runController()
 4 SYSTEMPATH\CodeIgniter.php(353): CodeIgniter\CodeIgniter->handleRequest()
 5 FCPATH\index.php(79): CodeIgniter\CodeIgniter->run()
 6 SYSTEMPATH\Commands\Server\rewrite.php(47): require_once('C:\\Users\\INFODIF\\Desktop\\GİT\\ARCHIVE\\public\\index.php')
CRITICAL - 2024-01-09 11:02:01 --> Too few arguments to function App\Models\VinylModel::call_vinyl(), 0 passed in C:\Users\INFODIF\Desktop\GİT\ARCHIVE\app\Controllers\VinylController.php on line 18 and exactly 3 expected
in APPPATH\Models\VinylModel.php on line 29.
 1 APPPATH\Controllers\VinylController.php(18): App\Models\VinylModel->call_vinyl()
 2 SYSTEMPATH\CodeIgniter.php(919): App\Controllers\VinylController->showdata()
 3 SYSTEMPATH\CodeIgniter.php(494): CodeIgniter\CodeIgniter->runController()
 4 SYSTEMPATH\CodeIgniter.php(353): CodeIgniter\CodeIgniter->handleRequest()
 5 FCPATH\index.php(79): CodeIgniter\CodeIgniter->run()
 6 SYSTEMPATH\Commands\Server\rewrite.php(47): require_once('C:\\Users\\INFODIF\\Desktop\\GİT\\ARCHIVE\\public\\index.php')
CRITICAL - 2024-01-09 11:02:25 --> Too few arguments to function App\Models\VinylModel::call_vinyl(), 0 passed in C:\Users\INFODIF\Desktop\GİT\ARCHIVE\app\Controllers\VinylController.php on line 18 and exactly 3 expected
in APPPATH\Models\VinylModel.php on line 29.
 1 APPPATH\Controllers\VinylController.php(18): App\Models\VinylModel->call_vinyl()
 2 SYSTEMPATH\CodeIgniter.php(919): App\Controllers\VinylController->showdata()
 3 SYSTEMPATH\CodeIgniter.php(494): CodeIgniter\CodeIgniter->runController()
 4 SYSTEMPATH\CodeIgniter.php(353): CodeIgniter\CodeIgniter->handleRequest()
 5 FCPATH\index.php(79): CodeIgniter\CodeIgniter->run()
 6 SYSTEMPATH\Commands\Server\rewrite.php(47): require_once('C:\\Users\\INFODIF\\Desktop\\GİT\\ARCHIVE\\public\\index.php')
CRITICAL - 2024-01-09 11:02:48 --> Too few arguments to function App\Models\VinylModel::call_vinyl(), 0 passed in C:\Users\INFODIF\Desktop\GİT\ARCHIVE\app\Controllers\VinylController.php on line 18 and exactly 3 expected
in APPPATH\Models\VinylModel.php on line 29.
 1 APPPATH\Controllers\VinylController.php(18): App\Models\VinylModel->call_vinyl()
 2 SYSTEMPATH\CodeIgniter.php(919): App\Controllers\VinylController->showdata()
 3 SYSTEMPATH\CodeIgniter.php(494): CodeIgniter\CodeIgniter->runController()
 4 SYSTEMPATH\CodeIgniter.php(353): CodeIgniter\CodeIgniter->handleRequest()
 5 FCPATH\index.php(79): CodeIgniter\CodeIgniter->run()
 6 SYSTEMPATH\Commands\Server\rewrite.php(47): require_once('C:\\Users\\INFODIF\\Desktop\\GİT\\ARCHIVE\\public\\index.php')
CRITICAL - 2024-01-09 12:11:57 --> Trying to access array offset on value of type null
in APPPATH\Controllers\GameController.php on line 21.
 1 APPPATH\Controllers\GameController.php(21): CodeIgniter\Debug\Exceptions->errorHandler()
 2 SYSTEMPATH\CodeIgniter.php(919): App\Controllers\GameController->showgamedata()
 3 SYSTEMPATH\CodeIgniter.php(494): CodeIgniter\CodeIgniter->runController()
 4 SYSTEMPATH\CodeIgniter.php(353): CodeIgniter\CodeIgniter->handleRequest()
 5 FCPATH\index.php(79): CodeIgniter\CodeIgniter->run()
 6 SYSTEMPATH\Commands\Server\rewrite.php(47): require_once('C:\\Users\\INFODIF\\Desktop\\GİT\\ARCHIVE\\public\\index.php')
CRITICAL - 2024-01-09 12:12:08 --> Trying to access array offset on value of type null
in APPPATH\Controllers\GameController.php on line 21.
 1 APPPATH\Controllers\GameController.php(21): CodeIgniter\Debug\Exceptions->errorHandler()
 2 SYSTEMPATH\CodeIgniter.php(919): App\Controllers\GameController->showgamedata()
 3 SYSTEMPATH\CodeIgniter.php(494): CodeIgniter\CodeIgniter->runController()
 4 SYSTEMPATH\CodeIgniter.php(353): CodeIgniter\CodeIgniter->handleRequest()
 5 FCPATH\index.php(79): CodeIgniter\CodeIgniter->run()
 6 SYSTEMPATH\Commands\Server\rewrite.php(47): require_once('C:\\Users\\INFODIF\\Desktop\\GİT\\ARCHIVE\\public\\index.php')
CRITICAL - 2024-01-09 12:12:35 --> Trying to access array offset on value of type null
in APPPATH\Controllers\GameController.php on line 21.
 1 APPPATH\Controllers\GameController.php(21): CodeIgniter\Debug\Exceptions->errorHandler()
 2 SYSTEMPATH\CodeIgniter.php(919): App\Controllers\GameController->showgamedata()
 3 SYSTEMPATH\CodeIgniter.php(494): CodeIgniter\CodeIgniter->runController()
 4 SYSTEMPATH\CodeIgniter.php(353): CodeIgniter\CodeIgniter->handleRequest()
 5 FCPATH\index.php(79): CodeIgniter\CodeIgniter->run()
 6 SYSTEMPATH\Commands\Server\rewrite.php(47): require_once('C:\\Users\\INFODIF\\Desktop\\GİT\\ARCHIVE\\public\\index.php')
CRITICAL - 2024-01-09 12:16:03 --> syntax error, unexpected token "}"
in APPPATH\Controllers\GameController.php on line 54.
 1 SYSTEMPATH\Autoloader\Autoloader.php(285): CodeIgniter\Autoloader\Autoloader->includeFile()
 2 SYSTEMPATH\Autoloader\Autoloader.php(263): CodeIgniter\Autoloader\Autoloader->loadInNamespace()
 3 [internal function]: CodeIgniter\Autoloader\Autoloader->loadClass()
 4 SYSTEMPATH\CodeIgniter.php(877): class_exists()
 5 SYSTEMPATH\CodeIgniter.php(481): CodeIgniter\CodeIgniter->startController()
 6 SYSTEMPATH\CodeIgniter.php(353): CodeIgniter\CodeIgniter->handleRequest()
 7 FCPATH\index.php(79): CodeIgniter\CodeIgniter->run()
 8 SYSTEMPATH\Commands\Server\rewrite.php(47): require_once('C:\\Users\\INFODIF\\Desktop\\GİT\\ARCHIVE\\public\\index.php')
CRITICAL - 2024-01-09 12:16:39 --> Trying to access array offset on value of type null
in APPPATH\Controllers\GameController.php on line 21.
 1 APPPATH\Controllers\GameController.php(21): CodeIgniter\Debug\Exceptions->errorHandler()
 2 SYSTEMPATH\CodeIgniter.php(919): App\Controllers\GameController->showgamedata()
 3 SYSTEMPATH\CodeIgniter.php(494): CodeIgniter\CodeIgniter->runController()
 4 SYSTEMPATH\CodeIgniter.php(353): CodeIgniter\CodeIgniter->handleRequest()
 5 FCPATH\index.php(79): CodeIgniter\CodeIgniter->run()
 6 SYSTEMPATH\Commands\Server\rewrite.php(47): require_once('C:\\Users\\INFODIF\\Desktop\\GİT\\ARCHIVE\\public\\index.php')
CRITICAL - 2024-01-09 12:17:15 --> Trying to access array offset on value of type null
in APPPATH\Controllers\GameController.php on line 21.
 1 APPPATH\Controllers\GameController.php(21): CodeIgniter\Debug\Exceptions->errorHandler()
 2 SYSTEMPATH\CodeIgniter.php(919): App\Controllers\GameController->showgamedata()
 3 SYSTEMPATH\CodeIgniter.php(494): CodeIgniter\CodeIgniter->runController()
 4 SYSTEMPATH\CodeIgniter.php(353): CodeIgniter\CodeIgniter->handleRequest()
 5 FCPATH\index.php(79): CodeIgniter\CodeIgniter->run()
 6 SYSTEMPATH\Commands\Server\rewrite.php(47): require_once('C:\\Users\\INFODIF\\Desktop\\GİT\\ARCHIVE\\public\\index.php')
CRITICAL - 2024-01-09 12:17:38 --> Trying to access array offset on value of type null
in APPPATH\Controllers\GameController.php on line 21.
 1 APPPATH\Controllers\GameController.php(21): CodeIgniter\Debug\Exceptions->errorHandler()
 2 SYSTEMPATH\CodeIgniter.php(919): App\Controllers\GameController->showgamedata()
 3 SYSTEMPATH\CodeIgniter.php(494): CodeIgniter\CodeIgniter->runController()
 4 SYSTEMPATH\CodeIgniter.php(353): CodeIgniter\CodeIgniter->handleRequest()
 5 FCPATH\index.php(79): CodeIgniter\CodeIgniter->run()
 6 SYSTEMPATH\Commands\Server\rewrite.php(47): require_once('C:\\Users\\INFODIF\\Desktop\\GİT\\ARCHIVE\\public\\index.php')
CRITICAL - 2024-01-09 12:17:56 --> Trying to access array offset on value of type null
in APPPATH\Controllers\GameController.php on line 21.
 1 APPPATH\Controllers\GameController.php(21): CodeIgniter\Debug\Exceptions->errorHandler()
 2 SYSTEMPATH\CodeIgniter.php(919): App\Controllers\GameController->showgamedata()
 3 SYSTEMPATH\CodeIgniter.php(494): CodeIgniter\CodeIgniter->runController()
 4 SYSTEMPATH\CodeIgniter.php(353): CodeIgniter\CodeIgniter->handleRequest()
 5 FCPATH\index.php(79): CodeIgniter\CodeIgniter->run()
 6 SYSTEMPATH\Commands\Server\rewrite.php(47): require_once('C:\\Users\\INFODIF\\Desktop\\GİT\\ARCHIVE\\public\\index.php')
CRITICAL - 2024-01-09 12:21:25 --> Trying to access array offset on value of type null
in APPPATH\Controllers\GameController.php on line 21.
 1 APPPATH\Controllers\GameController.php(21): CodeIgniter\Debug\Exceptions->errorHandler()
 2 SYSTEMPATH\CodeIgniter.php(919): App\Controllers\GameController->showgamedata()
 3 SYSTEMPATH\CodeIgniter.php(494): CodeIgniter\CodeIgniter->runController()
 4 SYSTEMPATH\CodeIgniter.php(353): CodeIgniter\CodeIgniter->handleRequest()
 5 FCPATH\index.php(79): CodeIgniter\CodeIgniter->run()
 6 SYSTEMPATH\Commands\Server\rewrite.php(47): require_once('C:\\Users\\INFODIF\\Desktop\\GİT\\ARCHIVE\\public\\index.php')
CRITICAL - 2024-01-09 12:42:55 --> Trying to access array offset on value of type null
in APPPATH\Controllers\GameController.php on line 21.
 1 APPPATH\Controllers\GameController.php(21): CodeIgniter\Debug\Exceptions->errorHandler()
 2 SYSTEMPATH\CodeIgniter.php(919): App\Controllers\GameController->showgamedata()
 3 SYSTEMPATH\CodeIgniter.php(494): CodeIgniter\CodeIgniter->runController()
 4 SYSTEMPATH\CodeIgniter.php(353): CodeIgniter\CodeIgniter->handleRequest()
 5 FCPATH\index.php(79): CodeIgniter\CodeIgniter->run()
 6 SYSTEMPATH\Commands\Server\rewrite.php(47): require_once('C:\\Users\\INFODIF\\Desktop\\GİT\\ARCHIVE\\public\\index.php')
CRITICAL - 2024-01-09 17:40:56 --> Undefined array key "name"
in APPPATH\Views\Home\gameindex.php on line 258.
 1 APPPATH\Views\Home\gameindex.php(258): CodeIgniter\Debug\Exceptions->errorHandler()
 2 SYSTEMPATH\View\View.php(226): include('C:\\Users\\INFODIF\\Desktop\\GİT\\ARCHIVE\\app\\Views\\Home\\gameindex.php')
 3 SYSTEMPATH\View\View.php(229): CodeIgniter\View\View->CodeIgniter\View\{closure}()
 4 SYSTEMPATH\Common.php(1188): CodeIgniter\View\View->render()
 5 APPPATH\Controllers\GameController.php(15): view()
 6 SYSTEMPATH\CodeIgniter.php(919): App\Controllers\GameController->index()
 7 SYSTEMPATH\CodeIgniter.php(494): CodeIgniter\CodeIgniter->runController()
 8 SYSTEMPATH\CodeIgniter.php(353): CodeIgniter\CodeIgniter->handleRequest()
 9 FCPATH\index.php(79): CodeIgniter\CodeIgniter->run()
10 SYSTEMPATH\Commands\Server\rewrite.php(47): require_once('C:\\Users\\INFODIF\\Desktop\\GİT\\ARCHIVE\\public\\index.php')
CRITICAL - 2024-01-09 17:41:25 --> Undefined array key "name"
in APPPATH\Views\Home\gameindex.php on line 435.
 1 APPPATH\Views\Home\gameindex.php(435): CodeIgniter\Debug\Exceptions->errorHandler()
 2 SYSTEMPATH\View\View.php(226): include('C:\\Users\\INFODIF\\Desktop\\GİT\\ARCHIVE\\app\\Views\\Home\\gameindex.php')
 3 SYSTEMPATH\View\View.php(229): CodeIgniter\View\View->CodeIgniter\View\{closure}()
 4 SYSTEMPATH\Common.php(1188): CodeIgniter\View\View->render()
 5 APPPATH\Controllers\GameController.php(15): view()
 6 SYSTEMPATH\CodeIgniter.php(919): App\Controllers\GameController->index()
 7 SYSTEMPATH\CodeIgniter.php(494): CodeIgniter\CodeIgniter->runController()
 8 SYSTEMPATH\CodeIgniter.php(353): CodeIgniter\CodeIgniter->handleRequest()
 9 FCPATH\index.php(79): CodeIgniter\CodeIgniter->run()
10 SYSTEMPATH\Commands\Server\rewrite.php(47): require_once('C:\\Users\\INFODIF\\Desktop\\GİT\\ARCHIVE\\public\\index.php')
CRITICAL - 2024-01-09 17:41:25 --> Undefined array key "name"
in APPPATH\Views\Home\gameindex.php on line 435.
 1 APPPATH\Views\Home\gameindex.php(435): CodeIgniter\Debug\Exceptions->errorHandler()
 2 SYSTEMPATH\View\View.php(226): include('C:\\Users\\INFODIF\\Desktop\\GİT\\ARCHIVE\\app\\Views\\Home\\gameindex.php')
 3 SYSTEMPATH\View\View.php(229): CodeIgniter\View\View->CodeIgniter\View\{closure}()
 4 SYSTEMPATH\Common.php(1188): CodeIgniter\View\View->render()
 5 APPPATH\Controllers\GameController.php(15): view()
 6 SYSTEMPATH\CodeIgniter.php(919): App\Controllers\GameController->index()
 7 SYSTEMPATH\CodeIgniter.php(494): CodeIgniter\CodeIgniter->runController()
 8 SYSTEMPATH\CodeIgniter.php(353): CodeIgniter\CodeIgniter->handleRequest()
 9 FCPATH\index.php(79): CodeIgniter\CodeIgniter->run()
10 SYSTEMPATH\Commands\Server\rewrite.php(47): require_once('C:\\Users\\INFODIF\\Desktop\\GİT\\ARCHIVE\\public\\index.php')
CRITICAL - 2024-01-09 17:41:26 --> Undefined array key "name"
in APPPATH\Views\Home\gameindex.php on line 435.
 1 APPPATH\Views\Home\gameindex.php(435): CodeIgniter\Debug\Exceptions->errorHandler()
 2 SYSTEMPATH\View\View.php(226): include('C:\\Users\\INFODIF\\Desktop\\GİT\\ARCHIVE\\app\\Views\\Home\\gameindex.php')
 3 SYSTEMPATH\View\View.php(229): CodeIgniter\View\View->CodeIgniter\View\{closure}()
 4 SYSTEMPATH\Common.php(1188): CodeIgniter\View\View->render()
 5 APPPATH\Controllers\GameController.php(15): view()
 6 SYSTEMPATH\CodeIgniter.php(919): App\Controllers\GameController->index()
 7 SYSTEMPATH\CodeIgniter.php(494): CodeIgniter\CodeIgniter->runController()
 8 SYSTEMPATH\CodeIgniter.php(353): CodeIgniter\CodeIgniter->handleRequest()
 9 FCPATH\index.php(79): CodeIgniter\CodeIgniter->run()
10 SYSTEMPATH\Commands\Server\rewrite.php(47): require_once('C:\\Users\\INFODIF\\Desktop\\GİT\\ARCHIVE\\public\\index.php')
CRITICAL - 2024-01-09 17:42:38 --> Undefined array key ""
in APPPATH\Controllers\GameController.php on line 40.
 1 APPPATH\Controllers\GameController.php(40): CodeIgniter\Debug\Exceptions->errorHandler()
 2 SYSTEMPATH\CodeIgniter.php(919): App\Controllers\GameController->showgamedata()
 3 SYSTEMPATH\CodeIgniter.php(494): CodeIgniter\CodeIgniter->runController()
 4 SYSTEMPATH\CodeIgniter.php(353): CodeIgniter\CodeIgniter->handleRequest()
 5 FCPATH\index.php(79): CodeIgniter\CodeIgniter->run()
 6 SYSTEMPATH\Commands\Server\rewrite.php(47): require_once('C:\\Users\\INFODIF\\Desktop\\GİT\\ARCHIVE\\public\\index.php')
ERROR - 2024-01-09 17:42:54 --> mysqli_sql_exception: You have an error in your SQL syntax; check the manual that corresponds to your MariaDB server version for the right syntax to use near ')
 LIMIT 10' at line 5 in C:\Users\INFODIF\Desktop\GİT\ARCHIVE\system\Database\MySQLi\Connection.php:306
Stack trace:
#0 C:\Users\INFODIF\Desktop\GİT\ARCHIVE\system\Database\MySQLi\Connection.php(306): mysqli->query()
#1 C:\Users\INFODIF\Desktop\GİT\ARCHIVE\system\Database\BaseConnection.php(692): CodeIgniter\Database\MySQLi\Connection->execute()
#2 C:\Users\INFODIF\Desktop\GİT\ARCHIVE\system\Database\BaseConnection.php(606): CodeIgniter\Database\BaseConnection->simpleQuery()
#3 C:\Users\INFODIF\Desktop\GİT\ARCHIVE\system\Database\BaseBuilder.php(1615): CodeIgniter\Database\BaseConnection->query()
#4 C:\Users\INFODIF\Desktop\GİT\ARCHIVE\app\Models\GameModel.php(35): CodeIgniter\Database\BaseBuilder->get()
#5 C:\Users\INFODIF\Desktop\GİT\ARCHIVE\app\Controllers\GameController.php(38): App\Models\GameModel->call_game()
#6 C:\Users\INFODIF\Desktop\GİT\ARCHIVE\system\CodeIgniter.php(919): App\Controllers\GameController->showgamedata()
#7 C:\Users\INFODIF\Desktop\GİT\ARCHIVE\system\CodeIgniter.php(494): CodeIgniter\CodeIgniter->runController()
#8 C:\Users\INFODIF\Desktop\GİT\ARCHIVE\system\CodeIgniter.php(353): CodeIgniter\CodeIgniter->handleRequest()
#9 C:\Users\INFODIF\Desktop\GİT\ARCHIVE\public\index.php(79): CodeIgniter\CodeIgniter->run()
#10 C:\Users\INFODIF\Desktop\GİT\ARCHIVE\system\Commands\Server\rewrite.php(47): require_once('...')
#11 {main}
CRITICAL - 2024-01-09 17:42:54 --> You have an error in your SQL syntax; check the manual that corresponds to your MariaDB server version for the right syntax to use near ')
 LIMIT 10' at line 5
in SYSTEMPATH\Database\BaseConnection.php on line 646.
 1 SYSTEMPATH\Database\BaseBuilder.php(1615): CodeIgniter\Database\BaseConnection->query()
 2 APPPATH\Models\GameModel.php(35): CodeIgniter\Database\BaseBuilder->get()
 3 APPPATH\Controllers\GameController.php(38): App\Models\GameModel->call_game()
 4 SYSTEMPATH\CodeIgniter.php(919): App\Controllers\GameController->showgamedata()
 5 SYSTEMPATH\CodeIgniter.php(494): CodeIgniter\CodeIgniter->runController()
 6 SYSTEMPATH\CodeIgniter.php(353): CodeIgniter\CodeIgniter->handleRequest()
 7 FCPATH\index.php(79): CodeIgniter\CodeIgniter->run()
 8 SYSTEMPATH\Commands\Server\rewrite.php(47): require_once('C:\\Users\\INFODIF\\Desktop\\GİT\\ARCHIVE\\public\\index.php')
CRITICAL - 2024-01-09 17:43:04 --> Undefined array key ""
in APPPATH\Controllers\GameController.php on line 40.
 1 APPPATH\Controllers\GameController.php(40): CodeIgniter\Debug\Exceptions->errorHandler()
 2 SYSTEMPATH\CodeIgniter.php(919): App\Controllers\GameController->showgamedata()
 3 SYSTEMPATH\CodeIgniter.php(494): CodeIgniter\CodeIgniter->runController()
 4 SYSTEMPATH\CodeIgniter.php(353): CodeIgniter\CodeIgniter->handleRequest()
 5 FCPATH\index.php(79): CodeIgniter\CodeIgniter->run()
 6 SYSTEMPATH\Commands\Server\rewrite.php(47): require_once('C:\\Users\\INFODIF\\Desktop\\GİT\\ARCHIVE\\public\\index.php')
CRITICAL - 2024-01-09 17:44:38 --> Undefined array key "page"
in APPPATH\Controllers\GameController.php on line 40.
 1 APPPATH\Controllers\GameController.php(40): CodeIgniter\Debug\Exceptions->errorHandler()
 2 SYSTEMPATH\CodeIgniter.php(919): App\Controllers\GameController->showgamedata()
 3 SYSTEMPATH\CodeIgniter.php(494): CodeIgniter\CodeIgniter->runController()
 4 SYSTEMPATH\CodeIgniter.php(353): CodeIgniter\CodeIgniter->handleRequest()
 5 FCPATH\index.php(79): CodeIgniter\CodeIgniter->run()
 6 SYSTEMPATH\Commands\Server\rewrite.php(47): require_once('C:\\Users\\INFODIF\\Desktop\\GİT\\ARCHIVE\\public\\index.php')
CRITICAL - 2024-01-09 17:49:44 --> Cannot use [] for reading
in APPPATH\Controllers\GameController.php on line 40.
 1 SYSTEMPATH\CodeIgniter.php(919): App\Controllers\GameController->showgamedata()
 2 SYSTEMPATH\CodeIgniter.php(494): CodeIgniter\CodeIgniter->runController()
 3 SYSTEMPATH\CodeIgniter.php(353): CodeIgniter\CodeIgniter->handleRequest()
 4 FCPATH\index.php(79): CodeIgniter\CodeIgniter->run()
 5 SYSTEMPATH\Commands\Server\rewrite.php(47): require_once('C:\\Users\\INFODIF\\Desktop\\GİT\\ARCHIVE\\public\\index.php')
ERROR - 2024-01-09 17:54:10 --> mysqli_sql_exception: You have an error in your SQL syntax; check the manual that corresponds to your MariaDB server version for the right syntax to use near ')
 LIMIT 10' at line 5 in C:\Users\INFODIF\Desktop\GİT\ARCHIVE\system\Database\MySQLi\Connection.php:306
Stack trace:
#0 C:\Users\INFODIF\Desktop\GİT\ARCHIVE\system\Database\MySQLi\Connection.php(306): mysqli->query()
#1 C:\Users\INFODIF\Desktop\GİT\ARCHIVE\system\Database\BaseConnection.php(692): CodeIgniter\Database\MySQLi\Connection->execute()
#2 C:\Users\INFODIF\Desktop\GİT\ARCHIVE\system\Database\BaseConnection.php(606): CodeIgniter\Database\BaseConnection->simpleQuery()
#3 C:\Users\INFODIF\Desktop\GİT\ARCHIVE\system\Database\BaseBuilder.php(1615): CodeIgniter\Database\BaseConnection->query()
#4 C:\Users\INFODIF\Desktop\GİT\ARCHIVE\app\Models\GameModel.php(35): CodeIgniter\Database\BaseBuilder->get()
#5 C:\Users\INFODIF\Desktop\GİT\ARCHIVE\app\Controllers\GameController.php(38): App\Models\GameModel->call_game()
#6 C:\Users\INFODIF\Desktop\GİT\ARCHIVE\system\CodeIgniter.php(919): App\Controllers\GameController->showgamedata()
#7 C:\Users\INFODIF\Desktop\GİT\ARCHIVE\system\CodeIgniter.php(494): CodeIgniter\CodeIgniter->runController()
#8 C:\Users\INFODIF\Desktop\GİT\ARCHIVE\system\CodeIgniter.php(353): CodeIgniter\CodeIgniter->handleRequest()
#9 C:\Users\INFODIF\Desktop\GİT\ARCHIVE\public\index.php(79): CodeIgniter\CodeIgniter->run()
#10 C:\Users\INFODIF\Desktop\GİT\ARCHIVE\system\Commands\Server\rewrite.php(47): require_once('...')
#11 {main}
CRITICAL - 2024-01-09 17:54:10 --> You have an error in your SQL syntax; check the manual that corresponds to your MariaDB server version for the right syntax to use near ')
 LIMIT 10' at line 5
in SYSTEMPATH\Database\BaseConnection.php on line 646.
 1 SYSTEMPATH\Database\BaseBuilder.php(1615): CodeIgniter\Database\BaseConnection->query()
 2 APPPATH\Models\GameModel.php(35): CodeIgniter\Database\BaseBuilder->get()
 3 APPPATH\Controllers\GameController.php(38): App\Models\GameModel->call_game()
 4 SYSTEMPATH\CodeIgniter.php(919): App\Controllers\GameController->showgamedata()
 5 SYSTEMPATH\CodeIgniter.php(494): CodeIgniter\CodeIgniter->runController()
 6 SYSTEMPATH\CodeIgniter.php(353): CodeIgniter\CodeIgniter->handleRequest()
 7 FCPATH\index.php(79): CodeIgniter\CodeIgniter->run()
 8 SYSTEMPATH\Commands\Server\rewrite.php(47): require_once('C:\\Users\\INFODIF\\Desktop\\GİT\\ARCHIVE\\public\\index.php')
ERROR - 2024-01-09 18:25:25 --> mysqli_sql_exception: You have an error in your SQL syntax; check the manual that corresponds to your MariaDB server version for the right syntax to use near ')
 LIMIT 10' at line 5 in C:\Users\INFODIF\Desktop\GİT\ARCHIVE\system\Database\MySQLi\Connection.php:306
Stack trace:
#0 C:\Users\INFODIF\Desktop\GİT\ARCHIVE\system\Database\MySQLi\Connection.php(306): mysqli->query()
#1 C:\Users\INFODIF\Desktop\GİT\ARCHIVE\system\Database\BaseConnection.php(692): CodeIgniter\Database\MySQLi\Connection->execute()
#2 C:\Users\INFODIF\Desktop\GİT\ARCHIVE\system\Database\BaseConnection.php(606): CodeIgniter\Database\BaseConnection->simpleQuery()
#3 C:\Users\INFODIF\Desktop\GİT\ARCHIVE\system\Database\BaseBuilder.php(1615): CodeIgniter\Database\BaseConnection->query()
#4 C:\Users\INFODIF\Desktop\GİT\ARCHIVE\app\Models\GameModel.php(35): CodeIgniter\Database\BaseBuilder->get()
#5 C:\Users\INFODIF\Desktop\GİT\ARCHIVE\app\Controllers\GameController.php(39): App\Models\GameModel->call_game()
#6 C:\Users\INFODIF\Desktop\GİT\ARCHIVE\system\CodeIgniter.php(919): App\Controllers\GameController->showgamedata()
#7 C:\Users\INFODIF\Desktop\GİT\ARCHIVE\system\CodeIgniter.php(494): CodeIgniter\CodeIgniter->runController()
#8 C:\Users\INFODIF\Desktop\GİT\ARCHIVE\system\CodeIgniter.php(353): CodeIgniter\CodeIgniter->handleRequest()
#9 C:\Users\INFODIF\Desktop\GİT\ARCHIVE\public\index.php(79): CodeIgniter\CodeIgniter->run()
#10 C:\Users\INFODIF\Desktop\GİT\ARCHIVE\system\Commands\Server\rewrite.php(47): require_once('...')
#11 {main}
CRITICAL - 2024-01-09 18:25:25 --> You have an error in your SQL syntax; check the manual that corresponds to your MariaDB server version for the right syntax to use near ')
 LIMIT 10' at line 5
in SYSTEMPATH\Database\BaseConnection.php on line 646.
 1 SYSTEMPATH\Database\BaseBuilder.php(1615): CodeIgniter\Database\BaseConnection->query()
 2 APPPATH\Models\GameModel.php(35): CodeIgniter\Database\BaseBuilder->get()
 3 APPPATH\Controllers\GameController.php(39): App\Models\GameModel->call_game()
 4 SYSTEMPATH\CodeIgniter.php(919): App\Controllers\GameController->showgamedata()
 5 SYSTEMPATH\CodeIgniter.php(494): CodeIgniter\CodeIgniter->runController()
 6 SYSTEMPATH\CodeIgniter.php(353): CodeIgniter\CodeIgniter->handleRequest()
 7 FCPATH\index.php(79): CodeIgniter\CodeIgniter->run()
 8 SYSTEMPATH\Commands\Server\rewrite.php(47): require_once('C:\\Users\\INFODIF\\Desktop\\GİT\\ARCHIVE\\public\\index.php')
ERROR - 2024-01-09 18:27:59 --> mysqli_sql_exception: You have an error in your SQL syntax; check the manual that corresponds to your MariaDB server version for the right syntax to use near ')
 LIMIT 10' at line 5 in C:\Users\INFODIF\Desktop\GİT\ARCHIVE\system\Database\MySQLi\Connection.php:306
Stack trace:
#0 C:\Users\INFODIF\Desktop\GİT\ARCHIVE\system\Database\MySQLi\Connection.php(306): mysqli->query()
#1 C:\Users\INFODIF\Desktop\GİT\ARCHIVE\system\Database\BaseConnection.php(692): CodeIgniter\Database\MySQLi\Connection->execute()
#2 C:\Users\INFODIF\Desktop\GİT\ARCHIVE\system\Database\BaseConnection.php(606): CodeIgniter\Database\BaseConnection->simpleQuery()
#3 C:\Users\INFODIF\Desktop\GİT\ARCHIVE\system\Database\BaseBuilder.php(1615): CodeIgniter\Database\BaseConnection->query()
#4 C:\Users\INFODIF\Desktop\GİT\ARCHIVE\app\Models\GameModel.php(35): CodeIgniter\Database\BaseBuilder->get()
#5 C:\Users\INFODIF\Desktop\GİT\ARCHIVE\app\Controllers\GameController.php(31): App\Models\GameModel->call_game()
#6 C:\Users\INFODIF\Desktop\GİT\ARCHIVE\system\CodeIgniter.php(919): App\Controllers\GameController->showgamedata()
#7 C:\Users\INFODIF\Desktop\GİT\ARCHIVE\system\CodeIgniter.php(494): CodeIgniter\CodeIgniter->runController()
#8 C:\Users\INFODIF\Desktop\GİT\ARCHIVE\system\CodeIgniter.php(353): CodeIgniter\CodeIgniter->handleRequest()
#9 C:\Users\INFODIF\Desktop\GİT\ARCHIVE\public\index.php(79): CodeIgniter\CodeIgniter->run()
#10 C:\Users\INFODIF\Desktop\GİT\ARCHIVE\system\Commands\Server\rewrite.php(47): require_once('...')
#11 {main}
CRITICAL - 2024-01-09 18:27:59 --> You have an error in your SQL syntax; check the manual that corresponds to your MariaDB server version for the right syntax to use near ')
 LIMIT 10' at line 5
in SYSTEMPATH\Database\BaseConnection.php on line 646.
 1 SYSTEMPATH\Database\BaseBuilder.php(1615): CodeIgniter\Database\BaseConnection->query()
 2 APPPATH\Models\GameModel.php(35): CodeIgniter\Database\BaseBuilder->get()
 3 APPPATH\Controllers\GameController.php(31): App\Models\GameModel->call_game()
 4 SYSTEMPATH\CodeIgniter.php(919): App\Controllers\GameController->showgamedata()
 5 SYSTEMPATH\CodeIgniter.php(494): CodeIgniter\CodeIgniter->runController()
 6 SYSTEMPATH\CodeIgniter.php(353): CodeIgniter\CodeIgniter->handleRequest()
 7 FCPATH\index.php(79): CodeIgniter\CodeIgniter->run()
 8 SYSTEMPATH\Commands\Server\rewrite.php(47): require_once('C:\\Users\\INFODIF\\Desktop\\GİT\\ARCHIVE\\public\\index.php')
ERROR - 2024-01-09 18:28:22 --> mysqli_sql_exception: You have an error in your SQL syntax; check the manual that corresponds to your MariaDB server version for the right syntax to use near ')
 LIMIT 10' at line 5 in C:\Users\INFODIF\Desktop\GİT\ARCHIVE\system\Database\MySQLi\Connection.php:306
Stack trace:
#0 C:\Users\INFODIF\Desktop\GİT\ARCHIVE\system\Database\MySQLi\Connection.php(306): mysqli->query()
#1 C:\Users\INFODIF\Desktop\GİT\ARCHIVE\system\Database\BaseConnection.php(692): CodeIgniter\Database\MySQLi\Connection->execute()
#2 C:\Users\INFODIF\Desktop\GİT\ARCHIVE\system\Database\BaseConnection.php(606): CodeIgniter\Database\BaseConnection->simpleQuery()
#3 C:\Users\INFODIF\Desktop\GİT\ARCHIVE\system\Database\BaseBuilder.php(1615): CodeIgniter\Database\BaseConnection->query()
#4 C:\Users\INFODIF\Desktop\GİT\ARCHIVE\app\Models\GameModel.php(35): CodeIgniter\Database\BaseBuilder->get()
#5 C:\Users\INFODIF\Desktop\GİT\ARCHIVE\app\Controllers\GameController.php(31): App\Models\GameModel->call_game()
#6 C:\Users\INFODIF\Desktop\GİT\ARCHIVE\system\CodeIgniter.php(919): App\Controllers\GameController->showgamedata()
#7 C:\Users\INFODIF\Desktop\GİT\ARCHIVE\system\CodeIgniter.php(494): CodeIgniter\CodeIgniter->runController()
#8 C:\Users\INFODIF\Desktop\GİT\ARCHIVE\system\CodeIgniter.php(353): CodeIgniter\CodeIgniter->handleRequest()
#9 C:\Users\INFODIF\Desktop\GİT\ARCHIVE\public\index.php(79): CodeIgniter\CodeIgniter->run()
#10 C:\Users\INFODIF\Desktop\GİT\ARCHIVE\system\Commands\Server\rewrite.php(47): require_once('...')
#11 {main}
CRITICAL - 2024-01-09 18:28:22 --> You have an error in your SQL syntax; check the manual that corresponds to your MariaDB server version for the right syntax to use near ')
 LIMIT 10' at line 5
in SYSTEMPATH\Database\BaseConnection.php on line 646.
 1 SYSTEMPATH\Database\BaseBuilder.php(1615): CodeIgniter\Database\BaseConnection->query()
 2 APPPATH\Models\GameModel.php(35): CodeIgniter\Database\BaseBuilder->get()
 3 APPPATH\Controllers\GameController.php(31): App\Models\GameModel->call_game()
 4 SYSTEMPATH\CodeIgniter.php(919): App\Controllers\GameController->showgamedata()
 5 SYSTEMPATH\CodeIgniter.php(494): CodeIgniter\CodeIgniter->runController()
 6 SYSTEMPATH\CodeIgniter.php(353): CodeIgniter\CodeIgniter->handleRequest()
 7 FCPATH\index.php(79): CodeIgniter\CodeIgniter->run()
 8 SYSTEMPATH\Commands\Server\rewrite.php(47): require_once('C:\\Users\\INFODIF\\Desktop\\GİT\\ARCHIVE\\public\\index.php')
ERROR - 2024-01-09 18:28:30 --> mysqli_sql_exception: You have an error in your SQL syntax; check the manual that corresponds to your MariaDB server version for the right syntax to use near ')
 LIMIT 10' at line 5 in C:\Users\INFODIF\Desktop\GİT\ARCHIVE\system\Database\MySQLi\Connection.php:306
Stack trace:
#0 C:\Users\INFODIF\Desktop\GİT\ARCHIVE\system\Database\MySQLi\Connection.php(306): mysqli->query()
#1 C:\Users\INFODIF\Desktop\GİT\ARCHIVE\system\Database\BaseConnection.php(692): CodeIgniter\Database\MySQLi\Connection->execute()
#2 C:\Users\INFODIF\Desktop\GİT\ARCHIVE\system\Database\BaseConnection.php(606): CodeIgniter\Database\BaseConnection->simpleQuery()
#3 C:\Users\INFODIF\Desktop\GİT\ARCHIVE\system\Database\BaseBuilder.php(1615): CodeIgniter\Database\BaseConnection->query()
#4 C:\Users\INFODIF\Desktop\GİT\ARCHIVE\app\Models\GameModel.php(35): CodeIgniter\Database\BaseBuilder->get()
#5 C:\Users\INFODIF\Desktop\GİT\ARCHIVE\app\Controllers\GameController.php(31): App\Models\GameModel->call_game()
#6 C:\Users\INFODIF\Desktop\GİT\ARCHIVE\system\CodeIgniter.php(919): App\Controllers\GameController->showgamedata()
#7 C:\Users\INFODIF\Desktop\GİT\ARCHIVE\system\CodeIgniter.php(494): CodeIgniter\CodeIgniter->runController()
#8 C:\Users\INFODIF\Desktop\GİT\ARCHIVE\system\CodeIgniter.php(353): CodeIgniter\CodeIgniter->handleRequest()
#9 C:\Users\INFODIF\Desktop\GİT\ARCHIVE\public\index.php(79): CodeIgniter\CodeIgniter->run()
#10 C:\Users\INFODIF\Desktop\GİT\ARCHIVE\system\Commands\Server\rewrite.php(47): require_once('...')
#11 {main}
CRITICAL - 2024-01-09 18:28:30 --> You have an error in your SQL syntax; check the manual that corresponds to your MariaDB server version for the right syntax to use near ')
 LIMIT 10' at line 5
in SYSTEMPATH\Database\BaseConnection.php on line 646.
 1 SYSTEMPATH\Database\BaseBuilder.php(1615): CodeIgniter\Database\BaseConnection->query()
 2 APPPATH\Models\GameModel.php(35): CodeIgniter\Database\BaseBuilder->get()
 3 APPPATH\Controllers\GameController.php(31): App\Models\GameModel->call_game()
 4 SYSTEMPATH\CodeIgniter.php(919): App\Controllers\GameController->showgamedata()
 5 SYSTEMPATH\CodeIgniter.php(494): CodeIgniter\CodeIgniter->runController()
 6 SYSTEMPATH\CodeIgniter.php(353): CodeIgniter\CodeIgniter->handleRequest()
 7 FCPATH\index.php(79): CodeIgniter\CodeIgniter->run()
 8 SYSTEMPATH\Commands\Server\rewrite.php(47): require_once('C:\\Users\\INFODIF\\Desktop\\GİT\\ARCHIVE\\public\\index.php')
CRITICAL - 2024-01-09 19:14:39 --> Undefined variable $totalRecordswithFilter
in APPPATH\Controllers\GameController.php on line 38.
 1 APPPATH\Controllers\GameController.php(38): CodeIgniter\Debug\Exceptions->errorHandler()
 2 SYSTEMPATH\CodeIgniter.php(919): App\Controllers\GameController->showgamedata()
 3 SYSTEMPATH\CodeIgniter.php(494): CodeIgniter\CodeIgniter->runController()
 4 SYSTEMPATH\CodeIgniter.php(353): CodeIgniter\CodeIgniter->handleRequest()
 5 FCPATH\index.php(79): CodeIgniter\CodeIgniter->run()
 6 SYSTEMPATH\Commands\Server\rewrite.php(47): require_once('C:\\Users\\INFODIF\\Desktop\\GİT\\ARCHIVE\\public\\index.php')
ERROR - 2024-01-09 19:15:07 --> mysqli_sql_exception: You have an error in your SQL syntax; check the manual that corresponds to your MariaDB server version for the right syntax to use near ')
 LIMIT 10' at line 5 in C:\Users\INFODIF\Desktop\GİT\ARCHIVE\system\Database\MySQLi\Connection.php:306
Stack trace:
#0 C:\Users\INFODIF\Desktop\GİT\ARCHIVE\system\Database\MySQLi\Connection.php(306): mysqli->query()
#1 C:\Users\INFODIF\Desktop\GİT\ARCHIVE\system\Database\BaseConnection.php(692): CodeIgniter\Database\MySQLi\Connection->execute()
#2 C:\Users\INFODIF\Desktop\GİT\ARCHIVE\system\Database\BaseConnection.php(606): CodeIgniter\Database\BaseConnection->simpleQuery()
#3 C:\Users\INFODIF\Desktop\GİT\ARCHIVE\system\Database\BaseBuilder.php(1615): CodeIgniter\Database\BaseConnection->query()
#4 C:\Users\INFODIF\Desktop\GİT\ARCHIVE\app\Models\GameModel.php(35): CodeIgniter\Database\BaseBuilder->get()
#5 C:\Users\INFODIF\Desktop\GİT\ARCHIVE\app\Controllers\GameController.php(31): App\Models\GameModel->call_game()
#6 C:\Users\INFODIF\Desktop\GİT\ARCHIVE\system\CodeIgniter.php(919): App\Controllers\GameController->showgamedata()
#7 C:\Users\INFODIF\Desktop\GİT\ARCHIVE\system\CodeIgniter.php(494): CodeIgniter\CodeIgniter->runController()
#8 C:\Users\INFODIF\Desktop\GİT\ARCHIVE\system\CodeIgniter.php(353): CodeIgniter\CodeIgniter->handleRequest()
#9 C:\Users\INFODIF\Desktop\GİT\ARCHIVE\public\index.php(79): CodeIgniter\CodeIgniter->run()
#10 C:\Users\INFODIF\Desktop\GİT\ARCHIVE\system\Commands\Server\rewrite.php(47): require_once('...')
#11 {main}
CRITICAL - 2024-01-09 19:15:07 --> You have an error in your SQL syntax; check the manual that corresponds to your MariaDB server version for the right syntax to use near ')
 LIMIT 10' at line 5
in SYSTEMPATH\Database\BaseConnection.php on line 646.
 1 SYSTEMPATH\Database\BaseBuilder.php(1615): CodeIgniter\Database\BaseConnection->query()
 2 APPPATH\Models\GameModel.php(35): CodeIgniter\Database\BaseBuilder->get()
 3 APPPATH\Controllers\GameController.php(31): App\Models\GameModel->call_game()
 4 SYSTEMPATH\CodeIgniter.php(919): App\Controllers\GameController->showgamedata()
 5 SYSTEMPATH\CodeIgniter.php(494): CodeIgniter\CodeIgniter->runController()
 6 SYSTEMPATH\CodeIgniter.php(353): CodeIgniter\CodeIgniter->handleRequest()
 7 FCPATH\index.php(79): CodeIgniter\CodeIgniter->run()
 8 SYSTEMPATH\Commands\Server\rewrite.php(47): require_once('C:\\Users\\INFODIF\\Desktop\\GİT\\ARCHIVE\\public\\index.php')
ERROR - 2024-01-09 19:23:47 --> mysqli_sql_exception: You have an error in your SQL syntax; check the manual that corresponds to your MariaDB server version for the right syntax to use near ')
 LIMIT 10' at line 5 in C:\Users\INFODIF\Desktop\GİT\ARCHIVE\system\Database\MySQLi\Connection.php:306
Stack trace:
#0 C:\Users\INFODIF\Desktop\GİT\ARCHIVE\system\Database\MySQLi\Connection.php(306): mysqli->query()
#1 C:\Users\INFODIF\Desktop\GİT\ARCHIVE\system\Database\BaseConnection.php(692): CodeIgniter\Database\MySQLi\Connection->execute()
#2 C:\Users\INFODIF\Desktop\GİT\ARCHIVE\system\Database\BaseConnection.php(606): CodeIgniter\Database\BaseConnection->simpleQuery()
#3 C:\Users\INFODIF\Desktop\GİT\ARCHIVE\system\Database\BaseBuilder.php(1615): CodeIgniter\Database\BaseConnection->query()
#4 C:\Users\INFODIF\Desktop\GİT\ARCHIVE\app\Models\GameModel.php(35): CodeIgniter\Database\BaseBuilder->get()
#5 C:\Users\INFODIF\Desktop\GİT\ARCHIVE\app\Controllers\GameController.php(31): App\Models\GameModel->call_game()
#6 C:\Users\INFODIF\Desktop\GİT\ARCHIVE\system\CodeIgniter.php(919): App\Controllers\GameController->showgamedata()
#7 C:\Users\INFODIF\Desktop\GİT\ARCHIVE\system\CodeIgniter.php(494): CodeIgniter\CodeIgniter->runController()
#8 C:\Users\INFODIF\Desktop\GİT\ARCHIVE\system\CodeIgniter.php(353): CodeIgniter\CodeIgniter->handleRequest()
#9 C:\Users\INFODIF\Desktop\GİT\ARCHIVE\public\index.php(79): CodeIgniter\CodeIgniter->run()
#10 C:\Users\INFODIF\Desktop\GİT\ARCHIVE\system\Commands\Server\rewrite.php(47): require_once('...')
#11 {main}
CRITICAL - 2024-01-09 19:23:47 --> You have an error in your SQL syntax; check the manual that corresponds to your MariaDB server version for the right syntax to use near ')
 LIMIT 10' at line 5
in SYSTEMPATH\Database\BaseConnection.php on line 646.
 1 SYSTEMPATH\Database\BaseBuilder.php(1615): CodeIgniter\Database\BaseConnection->query()
 2 APPPATH\Models\GameModel.php(35): CodeIgniter\Database\BaseBuilder->get()
 3 APPPATH\Controllers\GameController.php(31): App\Models\GameModel->call_game()
 4 SYSTEMPATH\CodeIgniter.php(919): App\Controllers\GameController->showgamedata()
 5 SYSTEMPATH\CodeIgniter.php(494): CodeIgniter\CodeIgniter->runController()
 6 SYSTEMPATH\CodeIgniter.php(353): CodeIgniter\CodeIgniter->handleRequest()
 7 FCPATH\index.php(79): CodeIgniter\CodeIgniter->run()
 8 SYSTEMPATH\Commands\Server\rewrite.php(47): require_once('C:\\Users\\INFODIF\\Desktop\\GİT\\ARCHIVE\\public\\index.php')
ERROR - 2024-01-09 19:23:56 --> mysqli_sql_exception: You have an error in your SQL syntax; check the manual that corresponds to your MariaDB server version for the right syntax to use near ')
 LIMIT 10' at line 5 in C:\Users\INFODIF\Desktop\GİT\ARCHIVE\system\Database\MySQLi\Connection.php:306
Stack trace:
#0 C:\Users\INFODIF\Desktop\GİT\ARCHIVE\system\Database\MySQLi\Connection.php(306): mysqli->query()
#1 C:\Users\INFODIF\Desktop\GİT\ARCHIVE\system\Database\BaseConnection.php(692): CodeIgniter\Database\MySQLi\Connection->execute()
#2 C:\Users\INFODIF\Desktop\GİT\ARCHIVE\system\Database\BaseConnection.php(606): CodeIgniter\Database\BaseConnection->simpleQuery()
#3 C:\Users\INFODIF\Desktop\GİT\ARCHIVE\system\Database\BaseBuilder.php(1615): CodeIgniter\Database\BaseConnection->query()
#4 C:\Users\INFODIF\Desktop\GİT\ARCHIVE\app\Models\GameModel.php(35): CodeIgniter\Database\BaseBuilder->get()
#5 C:\Users\INFODIF\Desktop\GİT\ARCHIVE\app\Controllers\GameController.php(31): App\Models\GameModel->call_game()
#6 C:\Users\INFODIF\Desktop\GİT\ARCHIVE\system\CodeIgniter.php(919): App\Controllers\GameController->showgamedata()
#7 C:\Users\INFODIF\Desktop\GİT\ARCHIVE\system\CodeIgniter.php(494): CodeIgniter\CodeIgniter->runController()
#8 C:\Users\INFODIF\Desktop\GİT\ARCHIVE\system\CodeIgniter.php(353): CodeIgniter\CodeIgniter->handleRequest()
#9 C:\Users\INFODIF\Desktop\GİT\ARCHIVE\public\index.php(79): CodeIgniter\CodeIgniter->run()
#10 C:\Users\INFODIF\Desktop\GİT\ARCHIVE\system\Commands\Server\rewrite.php(47): require_once('...')
#11 {main}
CRITICAL - 2024-01-09 19:23:56 --> You have an error in your SQL syntax; check the manual that corresponds to your MariaDB server version for the right syntax to use near ')
 LIMIT 10' at line 5
in SYSTEMPATH\Database\BaseConnection.php on line 646.
 1 SYSTEMPATH\Database\BaseBuilder.php(1615): CodeIgniter\Database\BaseConnection->query()
 2 APPPATH\Models\GameModel.php(35): CodeIgniter\Database\BaseBuilder->get()
 3 APPPATH\Controllers\GameController.php(31): App\Models\GameModel->call_game()
 4 SYSTEMPATH\CodeIgniter.php(919): App\Controllers\GameController->showgamedata()
 5 SYSTEMPATH\CodeIgniter.php(494): CodeIgniter\CodeIgniter->runController()
 6 SYSTEMPATH\CodeIgniter.php(353): CodeIgniter\CodeIgniter->handleRequest()
 7 FCPATH\index.php(79): CodeIgniter\CodeIgniter->run()
 8 SYSTEMPATH\Commands\Server\rewrite.php(47): require_once('C:\\Users\\INFODIF\\Desktop\\GİT\\ARCHIVE\\public\\index.php')
CRITICAL - 2024-01-09 19:24:58 --> Object of class App\Models\GameModel could not be converted to string
in APPPATH\Controllers\GameController.php on line 28.
 1 SYSTEMPATH\CodeIgniter.php(919): App\Controllers\GameController->showgamedata()
 2 SYSTEMPATH\CodeIgniter.php(494): CodeIgniter\CodeIgniter->runController()
 3 SYSTEMPATH\CodeIgniter.php(353): CodeIgniter\CodeIgniter->handleRequest()
 4 FCPATH\index.php(79): CodeIgniter\CodeIgniter->run()
 5 SYSTEMPATH\Commands\Server\rewrite.php(47): require_once('C:\\Users\\INFODIF\\Desktop\\GİT\\ARCHIVE\\public\\index.php')
ERROR - 2024-01-09 19:25:33 --> mysqli_sql_exception: You have an error in your SQL syntax; check the manual that corresponds to your MariaDB server version for the right syntax to use near ')
 LIMIT 10' at line 5 in C:\Users\INFODIF\Desktop\GİT\ARCHIVE\system\Database\MySQLi\Connection.php:306
Stack trace:
#0 C:\Users\INFODIF\Desktop\GİT\ARCHIVE\system\Database\MySQLi\Connection.php(306): mysqli->query()
#1 C:\Users\INFODIF\Desktop\GİT\ARCHIVE\system\Database\BaseConnection.php(692): CodeIgniter\Database\MySQLi\Connection->execute()
#2 C:\Users\INFODIF\Desktop\GİT\ARCHIVE\system\Database\BaseConnection.php(606): CodeIgniter\Database\BaseConnection->simpleQuery()
#3 C:\Users\INFODIF\Desktop\GİT\ARCHIVE\system\Database\BaseBuilder.php(1615): CodeIgniter\Database\BaseConnection->query()
#4 C:\Users\INFODIF\Desktop\GİT\ARCHIVE\app\Models\GameModel.php(35): CodeIgniter\Database\BaseBuilder->get()
#5 C:\Users\INFODIF\Desktop\GİT\ARCHIVE\app\Controllers\GameController.php(31): App\Models\GameModel->call_game()
#6 C:\Users\INFODIF\Desktop\GİT\ARCHIVE\system\CodeIgniter.php(919): App\Controllers\GameController->showgamedata()
#7 C:\Users\INFODIF\Desktop\GİT\ARCHIVE\system\CodeIgniter.php(494): CodeIgniter\CodeIgniter->runController()
#8 C:\Users\INFODIF\Desktop\GİT\ARCHIVE\system\CodeIgniter.php(353): CodeIgniter\CodeIgniter->handleRequest()
#9 C:\Users\INFODIF\Desktop\GİT\ARCHIVE\public\index.php(79): CodeIgniter\CodeIgniter->run()
#10 C:\Users\INFODIF\Desktop\GİT\ARCHIVE\system\Commands\Server\rewrite.php(47): require_once('...')
#11 {main}
CRITICAL - 2024-01-09 19:25:33 --> You have an error in your SQL syntax; check the manual that corresponds to your MariaDB server version for the right syntax to use near ')
 LIMIT 10' at line 5
in SYSTEMPATH\Database\BaseConnection.php on line 646.
 1 SYSTEMPATH\Database\BaseBuilder.php(1615): CodeIgniter\Database\BaseConnection->query()
 2 APPPATH\Models\GameModel.php(35): CodeIgniter\Database\BaseBuilder->get()
 3 APPPATH\Controllers\GameController.php(31): App\Models\GameModel->call_game()
 4 SYSTEMPATH\CodeIgniter.php(919): App\Controllers\GameController->showgamedata()
 5 SYSTEMPATH\CodeIgniter.php(494): CodeIgniter\CodeIgniter->runController()
 6 SYSTEMPATH\CodeIgniter.php(353): CodeIgniter\CodeIgniter->handleRequest()
 7 FCPATH\index.php(79): CodeIgniter\CodeIgniter->run()
 8 SYSTEMPATH\Commands\Server\rewrite.php(47): require_once('C:\\Users\\INFODIF\\Desktop\\GİT\\ARCHIVE\\public\\index.php')
CRITICAL - 2024-01-09 19:26:04 --> syntax error, unexpected token "}"
in APPPATH\Models\GameModel.php on line 33.
 1 SYSTEMPATH\Autoloader\Autoloader.php(285): CodeIgniter\Autoloader\Autoloader->includeFile()
 2 SYSTEMPATH\Autoloader\Autoloader.php(263): CodeIgniter\Autoloader\Autoloader->loadInNamespace()
 3 APPPATH\Controllers\GameController.php(11): CodeIgniter\Autoloader\Autoloader->loadClass()
 4 SYSTEMPATH\CodeIgniter.php(891): App\Controllers\GameController->__construct()
 5 SYSTEMPATH\CodeIgniter.php(485): CodeIgniter\CodeIgniter->createController()
 6 SYSTEMPATH\CodeIgniter.php(353): CodeIgniter\CodeIgniter->handleRequest()
 7 FCPATH\index.php(79): CodeIgniter\CodeIgniter->run()
 8 SYSTEMPATH\Commands\Server\rewrite.php(47): require_once('C:\\Users\\INFODIF\\Desktop\\GİT\\ARCHIVE\\public\\index.php')
