CRITICAL - 2023-10-22 07:24:37 --> Unmatched '}'
in APPPATH\Controllers\VinylController.php on line 28.
 1 SYSTEMPATH\Autoloader\Autoloader.php(285): CodeIgniter\Autoloader\Autoloader->includeFile('C:\\Users\\Phoenix\\Desktop\\GİT\\ARCHIVE\\app\\Controllers\\VinylController.php')
 2 SYSTEMPATH\Autoloader\Autoloader.php(263): CodeIgniter\Autoloader\Autoloader->loadInNamespace('App\\Controllers\\VinylController')
 3 [internal function]: CodeIgniter\Autoloader\Autoloader->loadClass('App\\Controllers\\VinylController')
 4 SYSTEMPATH\CodeIgniter.php(877): class_exists('\\App\\Controllers\\VinylController', true)
 5 SYSTEMPATH\CodeIgniter.php(481): CodeIgniter\CodeIgniter->startController()
 6 SYSTEMPATH\CodeIgniter.php(353): CodeIgniter\CodeIgniter->handleRequest(null, Object(Config\Cache), false)
 7 FCPATH\index.php(79): CodeIgniter\CodeIgniter->run()
 8 SYSTEMPATH\Commands\Server\rewrite.php(47): require_once('C:\\Users\\Phoenix\\Desktop\\GİT\\ARCHIVE\\public\\index.php')
CRITICAL - 2023-10-22 07:24:54 --> Invalid file: "Home/datatable.php"
in SYSTEMPATH\Exceptions\FrameworkException.php on line 39.
 1 SYSTEMPATH\View\View.php(214): CodeIgniter\Exceptions\FrameworkException::forInvalidFile('Home/datatable.php')
 2 SYSTEMPATH\Common.php(1188): CodeIgniter\View\View->render('Home/datatable.php', [], true)
 3 APPPATH\Controllers\VinylController.php(23): view('Home/datatable.php', [...])
 4 SYSTEMPATH\CodeIgniter.php(919): App\Controllers\VinylController->showdata()
 5 SYSTEMPATH\CodeIgniter.php(494): CodeIgniter\CodeIgniter->runController(Object(App\Controllers\VinylController))
 6 SYSTEMPATH\CodeIgniter.php(353): CodeIgniter\CodeIgniter->handleRequest(null, Object(Config\Cache), false)
 7 FCPATH\index.php(79): CodeIgniter\CodeIgniter->run()
 8 SYSTEMPATH\Commands\Server\rewrite.php(47): require_once('C:\\Users\\Phoenix\\Desktop\\GİT\\ARCHIVE\\public\\index.php')
CRITICAL - 2023-10-22 07:51:33 --> Undefined variable $vinyldata
in APPPATH\Views\Home\vinylindex.php on line 55.
 1 APPPATH\Views\Home\vinylindex.php(55): CodeIgniter\Debug\Exceptions->errorHandler(2, 'Undefined variable $vinyldata', 'C:\\Users\\Phoenix\\Desktop\\GİT\\ARCHIVE\\app\\Views\\Home\\vinylindex.php', 55)
 2 SYSTEMPATH\View\View.php(226): include('C:\\Users\\Phoenix\\Desktop\\GİT\\ARCHIVE\\app\\Views\\Home\\vinylindex.php')
 3 SYSTEMPATH\View\View.php(229): CodeIgniter\View\View->CodeIgniter\View\{closure}()
 4 SYSTEMPATH\Common.php(1188): CodeIgniter\View\View->render('Home/vinylindex.php', [], true)
 5 APPPATH\Controllers\VinylController.php(12): view('Home/vinylindex.php')
 6 SYSTEMPATH\CodeIgniter.php(919): App\Controllers\VinylController->index()
 7 SYSTEMPATH\CodeIgniter.php(494): CodeIgniter\CodeIgniter->runController(Object(App\Controllers\VinylController))
 8 SYSTEMPATH\CodeIgniter.php(353): CodeIgniter\CodeIgniter->handleRequest(null, Object(Config\Cache), false)
 9 FCPATH\index.php(79): CodeIgniter\CodeIgniter->run()
10 SYSTEMPATH\Commands\Server\rewrite.php(47): require_once('C:\\Users\\Phoenix\\Desktop\\GİT\\ARCHIVE\\public\\index.php')
CRITICAL - 2023-10-22 07:52:56 --> Undefined variable $vinyldata
in APPPATH\Views\Home\vinylindex.php on line 55.
 1 APPPATH\Views\Home\vinylindex.php(55): CodeIgniter\Debug\Exceptions->errorHandler(2, 'Undefined variable $vinyldata', 'C:\\Users\\Phoenix\\Desktop\\GİT\\ARCHIVE\\app\\Views\\Home\\vinylindex.php', 55)
 2 SYSTEMPATH\View\View.php(226): include('C:\\Users\\Phoenix\\Desktop\\GİT\\ARCHIVE\\app\\Views\\Home\\vinylindex.php')
 3 SYSTEMPATH\View\View.php(229): CodeIgniter\View\View->CodeIgniter\View\{closure}()
 4 SYSTEMPATH\Common.php(1188): CodeIgniter\View\View->render('Home/vinylindex.php', [], true)
 5 APPPATH\Controllers\VinylController.php(24): view('Home/vinylindex.php', [...])
 6 SYSTEMPATH\CodeIgniter.php(919): App\Controllers\VinylController->showdata()
 7 SYSTEMPATH\CodeIgniter.php(494): CodeIgniter\CodeIgniter->runController(Object(App\Controllers\VinylController))
 8 SYSTEMPATH\CodeIgniter.php(353): CodeIgniter\CodeIgniter->handleRequest(null, Object(Config\Cache), false)
 9 FCPATH\index.php(79): CodeIgniter\CodeIgniter->run()
10 SYSTEMPATH\Commands\Server\rewrite.php(47): require_once('C:\\Users\\Phoenix\\Desktop\\GİT\\ARCHIVE\\public\\index.php')
CRITICAL - 2023-10-22 07:53:00 --> Undefined variable $vinyldata
in APPPATH\Views\Home\vinylindex.php on line 55.
 1 APPPATH\Views\Home\vinylindex.php(55): CodeIgniter\Debug\Exceptions->errorHandler(2, 'Undefined variable $vinyldata', 'C:\\Users\\Phoenix\\Desktop\\GİT\\ARCHIVE\\app\\Views\\Home\\vinylindex.php', 55)
 2 SYSTEMPATH\View\View.php(226): include('C:\\Users\\Phoenix\\Desktop\\GİT\\ARCHIVE\\app\\Views\\Home\\vinylindex.php')
 3 SYSTEMPATH\View\View.php(229): CodeIgniter\View\View->CodeIgniter\View\{closure}()
 4 SYSTEMPATH\Common.php(1188): CodeIgniter\View\View->render('Home/vinylindex.php', [], true)
 5 APPPATH\Controllers\VinylController.php(24): view('Home/vinylindex.php', [...])
 6 SYSTEMPATH\CodeIgniter.php(919): App\Controllers\VinylController->showdata()
 7 SYSTEMPATH\CodeIgniter.php(494): CodeIgniter\CodeIgniter->runController(Object(App\Controllers\VinylController))
 8 SYSTEMPATH\CodeIgniter.php(353): CodeIgniter\CodeIgniter->handleRequest(null, Object(Config\Cache), false)
 9 FCPATH\index.php(79): CodeIgniter\CodeIgniter->run()
10 SYSTEMPATH\Commands\Server\rewrite.php(47): require_once('C:\\Users\\Phoenix\\Desktop\\GİT\\ARCHIVE\\public\\index.php')
CRITICAL - 2023-10-22 09:56:44 --> Object of class CodeIgniter\HTTP\Response could not be converted to string
in APPPATH\Controllers\VinylController.php on line 26.
 1 SYSTEMPATH\CodeIgniter.php(919): App\Controllers\VinylController->showdata()
 2 SYSTEMPATH\CodeIgniter.php(494): CodeIgniter\CodeIgniter->runController(Object(App\Controllers\VinylController))
 3 SYSTEMPATH\CodeIgniter.php(353): CodeIgniter\CodeIgniter->handleRequest(null, Object(Config\Cache), false)
 4 FCPATH\index.php(79): CodeIgniter\CodeIgniter->run()
 5 SYSTEMPATH\Commands\Server\rewrite.php(47): require_once('C:\\Users\\Phoenix\\Desktop\\GİT\\ARCHIVE\\public\\index.php')
CRITICAL - 2023-10-22 09:58:38 --> Object of class CodeIgniter\HTTP\Response could not be converted to string
in APPPATH\Controllers\VinylController.php on line 29.
 1 SYSTEMPATH\CodeIgniter.php(919): App\Controllers\VinylController->showdata()
 2 SYSTEMPATH\CodeIgniter.php(494): CodeIgniter\CodeIgniter->runController(Object(App\Controllers\VinylController))
 3 SYSTEMPATH\CodeIgniter.php(353): CodeIgniter\CodeIgniter->handleRequest(null, Object(Config\Cache), false)
 4 FCPATH\index.php(79): CodeIgniter\CodeIgniter->run()
 5 SYSTEMPATH\Commands\Server\rewrite.php(47): require_once('C:\\Users\\Phoenix\\Desktop\\GİT\\ARCHIVE\\public\\index.php')
CRITICAL - 2023-10-22 09:58:55 --> Object of class CodeIgniter\HTTP\Response could not be converted to string
in APPPATH\Controllers\VinylController.php on line 29.
 1 SYSTEMPATH\CodeIgniter.php(919): App\Controllers\VinylController->showdata()
 2 SYSTEMPATH\CodeIgniter.php(494): CodeIgniter\CodeIgniter->runController(Object(App\Controllers\VinylController))
 3 SYSTEMPATH\CodeIgniter.php(353): CodeIgniter\CodeIgniter->handleRequest(null, Object(Config\Cache), false)
 4 FCPATH\index.php(79): CodeIgniter\CodeIgniter->run()
 5 SYSTEMPATH\Commands\Server\rewrite.php(47): require_once('C:\\Users\\Phoenix\\Desktop\\GİT\\ARCHIVE\\public\\index.php')
CRITICAL - 2023-10-22 10:01:28 --> Object of class CodeIgniter\HTTP\Response could not be converted to string
in APPPATH\Controllers\VinylController.php on line 30.
 1 SYSTEMPATH\CodeIgniter.php(919): App\Controllers\VinylController->showdata()
 2 SYSTEMPATH\CodeIgniter.php(494): CodeIgniter\CodeIgniter->runController(Object(App\Controllers\VinylController))
 3 SYSTEMPATH\CodeIgniter.php(353): CodeIgniter\CodeIgniter->handleRequest(null, Object(Config\Cache), false)
 4 FCPATH\index.php(79): CodeIgniter\CodeIgniter->run()
 5 SYSTEMPATH\Commands\Server\rewrite.php(47): require_once('C:\\Users\\Phoenix\\Desktop\\GİT\\ARCHIVE\\public\\index.php')
CRITICAL - 2023-10-22 10:03:33 --> Call to undefined method App\Models\VinylModel::getVinyl
in SYSTEMPATH\Model.php on line 873.
 1 APPPATH\Controllers\VinylController.php(20): CodeIgniter\Model->__call('getVinyl', [])
 2 SYSTEMPATH\CodeIgniter.php(919): App\Controllers\VinylController->showdata()
 3 SYSTEMPATH\CodeIgniter.php(494): CodeIgniter\CodeIgniter->runController(Object(App\Controllers\VinylController))
 4 SYSTEMPATH\CodeIgniter.php(353): CodeIgniter\CodeIgniter->handleRequest(null, Object(Config\Cache), false)
 5 FCPATH\index.php(79): CodeIgniter\CodeIgniter->run()
 6 SYSTEMPATH\Commands\Server\rewrite.php(47): require_once('C:\\Users\\Phoenix\\Desktop\\GİT\\ARCHIVE\\public\\index.php')
CRITICAL - 2023-10-22 10:04:05 --> Object of class CodeIgniter\HTTP\Response could not be converted to string
in APPPATH\Controllers\VinylController.php on line 30.
 1 SYSTEMPATH\CodeIgniter.php(919): App\Controllers\VinylController->showdata()
 2 SYSTEMPATH\CodeIgniter.php(494): CodeIgniter\CodeIgniter->runController(Object(App\Controllers\VinylController))
 3 SYSTEMPATH\CodeIgniter.php(353): CodeIgniter\CodeIgniter->handleRequest(null, Object(Config\Cache), false)
 4 FCPATH\index.php(79): CodeIgniter\CodeIgniter->run()
 5 SYSTEMPATH\Commands\Server\rewrite.php(47): require_once('C:\\Users\\Phoenix\\Desktop\\GİT\\ARCHIVE\\public\\index.php')
CRITICAL - 2023-10-22 10:17:18 --> Object of class CodeIgniter\HTTP\Response could not be converted to string
in APPPATH\Controllers\VinylController.php on line 30.
 1 SYSTEMPATH\CodeIgniter.php(919): App\Controllers\VinylController->showdata()
 2 SYSTEMPATH\CodeIgniter.php(494): CodeIgniter\CodeIgniter->runController(Object(App\Controllers\VinylController))
 3 SYSTEMPATH\CodeIgniter.php(353): CodeIgniter\CodeIgniter->handleRequest(null, Object(Config\Cache), false)
 4 FCPATH\index.php(79): CodeIgniter\CodeIgniter->run()
 5 SYSTEMPATH\Commands\Server\rewrite.php(47): require_once('C:\\Users\\Phoenix\\Desktop\\GİT\\ARCHIVE\\public\\index.php')
CRITICAL - 2023-10-22 10:17:19 --> Object of class CodeIgniter\HTTP\Response could not be converted to string
in APPPATH\Controllers\VinylController.php on line 30.
 1 SYSTEMPATH\CodeIgniter.php(919): App\Controllers\VinylController->showdata()
 2 SYSTEMPATH\CodeIgniter.php(494): CodeIgniter\CodeIgniter->runController(Object(App\Controllers\VinylController))
 3 SYSTEMPATH\CodeIgniter.php(353): CodeIgniter\CodeIgniter->handleRequest(null, Object(Config\Cache), false)
 4 FCPATH\index.php(79): CodeIgniter\CodeIgniter->run()
 5 SYSTEMPATH\Commands\Server\rewrite.php(47): require_once('C:\\Users\\Phoenix\\Desktop\\GİT\\ARCHIVE\\public\\index.php')
CRITICAL - 2023-10-22 10:17:19 --> Object of class CodeIgniter\HTTP\Response could not be converted to string
in APPPATH\Controllers\VinylController.php on line 30.
 1 SYSTEMPATH\CodeIgniter.php(919): App\Controllers\VinylController->showdata()
 2 SYSTEMPATH\CodeIgniter.php(494): CodeIgniter\CodeIgniter->runController(Object(App\Controllers\VinylController))
 3 SYSTEMPATH\CodeIgniter.php(353): CodeIgniter\CodeIgniter->handleRequest(null, Object(Config\Cache), false)
 4 FCPATH\index.php(79): CodeIgniter\CodeIgniter->run()
 5 SYSTEMPATH\Commands\Server\rewrite.php(47): require_once('C:\\Users\\Phoenix\\Desktop\\GİT\\ARCHIVE\\public\\index.php')
CRITICAL - 2023-10-22 10:17:20 --> Object of class CodeIgniter\HTTP\Response could not be converted to string
in APPPATH\Controllers\VinylController.php on line 30.
 1 SYSTEMPATH\CodeIgniter.php(919): App\Controllers\VinylController->showdata()
 2 SYSTEMPATH\CodeIgniter.php(494): CodeIgniter\CodeIgniter->runController(Object(App\Controllers\VinylController))
 3 SYSTEMPATH\CodeIgniter.php(353): CodeIgniter\CodeIgniter->handleRequest(null, Object(Config\Cache), false)
 4 FCPATH\index.php(79): CodeIgniter\CodeIgniter->run()
 5 SYSTEMPATH\Commands\Server\rewrite.php(47): require_once('C:\\Users\\Phoenix\\Desktop\\GİT\\ARCHIVE\\public\\index.php')
CRITICAL - 2023-10-22 10:19:41 --> Object of class CodeIgniter\HTTP\Response could not be converted to string
in APPPATH\Controllers\VinylController.php on line 30.
 1 SYSTEMPATH\CodeIgniter.php(919): App\Controllers\VinylController->showdata()
 2 SYSTEMPATH\CodeIgniter.php(494): CodeIgniter\CodeIgniter->runController(Object(App\Controllers\VinylController))
 3 SYSTEMPATH\CodeIgniter.php(353): CodeIgniter\CodeIgniter->handleRequest(null, Object(Config\Cache), false)
 4 FCPATH\index.php(79): CodeIgniter\CodeIgniter->run()
 5 SYSTEMPATH\Commands\Server\rewrite.php(47): require_once('C:\\Users\\Phoenix\\Desktop\\GİT\\ARCHIVE\\public\\index.php')
CRITICAL - 2023-10-22 10:19:42 --> Object of class CodeIgniter\HTTP\Response could not be converted to string
in APPPATH\Controllers\VinylController.php on line 30.
 1 SYSTEMPATH\CodeIgniter.php(919): App\Controllers\VinylController->showdata()
 2 SYSTEMPATH\CodeIgniter.php(494): CodeIgniter\CodeIgniter->runController(Object(App\Controllers\VinylController))
 3 SYSTEMPATH\CodeIgniter.php(353): CodeIgniter\CodeIgniter->handleRequest(null, Object(Config\Cache), false)
 4 FCPATH\index.php(79): CodeIgniter\CodeIgniter->run()
 5 SYSTEMPATH\Commands\Server\rewrite.php(47): require_once('C:\\Users\\Phoenix\\Desktop\\GİT\\ARCHIVE\\public\\index.php')
CRITICAL - 2023-10-22 10:19:42 --> Object of class CodeIgniter\HTTP\Response could not be converted to string
in APPPATH\Controllers\VinylController.php on line 30.
 1 SYSTEMPATH\CodeIgniter.php(919): App\Controllers\VinylController->showdata()
 2 SYSTEMPATH\CodeIgniter.php(494): CodeIgniter\CodeIgniter->runController(Object(App\Controllers\VinylController))
 3 SYSTEMPATH\CodeIgniter.php(353): CodeIgniter\CodeIgniter->handleRequest(null, Object(Config\Cache), false)
 4 FCPATH\index.php(79): CodeIgniter\CodeIgniter->run()
 5 SYSTEMPATH\Commands\Server\rewrite.php(47): require_once('C:\\Users\\Phoenix\\Desktop\\GİT\\ARCHIVE\\public\\index.php')
CRITICAL - 2023-10-22 10:19:42 --> Object of class CodeIgniter\HTTP\Response could not be converted to string
in APPPATH\Controllers\VinylController.php on line 30.
 1 SYSTEMPATH\CodeIgniter.php(919): App\Controllers\VinylController->showdata()
 2 SYSTEMPATH\CodeIgniter.php(494): CodeIgniter\CodeIgniter->runController(Object(App\Controllers\VinylController))
 3 SYSTEMPATH\CodeIgniter.php(353): CodeIgniter\CodeIgniter->handleRequest(null, Object(Config\Cache), false)
 4 FCPATH\index.php(79): CodeIgniter\CodeIgniter->run()
 5 SYSTEMPATH\Commands\Server\rewrite.php(47): require_once('C:\\Users\\Phoenix\\Desktop\\GİT\\ARCHIVE\\public\\index.php')
CRITICAL - 2023-10-22 10:19:42 --> Object of class CodeIgniter\HTTP\Response could not be converted to string
in APPPATH\Controllers\VinylController.php on line 30.
 1 SYSTEMPATH\CodeIgniter.php(919): App\Controllers\VinylController->showdata()
 2 SYSTEMPATH\CodeIgniter.php(494): CodeIgniter\CodeIgniter->runController(Object(App\Controllers\VinylController))
 3 SYSTEMPATH\CodeIgniter.php(353): CodeIgniter\CodeIgniter->handleRequest(null, Object(Config\Cache), false)
 4 FCPATH\index.php(79): CodeIgniter\CodeIgniter->run()
 5 SYSTEMPATH\Commands\Server\rewrite.php(47): require_once('C:\\Users\\Phoenix\\Desktop\\GİT\\ARCHIVE\\public\\index.php')
CRITICAL - 2023-10-22 10:19:43 --> Object of class CodeIgniter\HTTP\Response could not be converted to string
in APPPATH\Controllers\VinylController.php on line 30.
 1 SYSTEMPATH\CodeIgniter.php(919): App\Controllers\VinylController->showdata()
 2 SYSTEMPATH\CodeIgniter.php(494): CodeIgniter\CodeIgniter->runController(Object(App\Controllers\VinylController))
 3 SYSTEMPATH\CodeIgniter.php(353): CodeIgniter\CodeIgniter->handleRequest(null, Object(Config\Cache), false)
 4 FCPATH\index.php(79): CodeIgniter\CodeIgniter->run()
 5 SYSTEMPATH\Commands\Server\rewrite.php(47): require_once('C:\\Users\\Phoenix\\Desktop\\GİT\\ARCHIVE\\public\\index.php')
CRITICAL - 2023-10-22 10:19:43 --> Object of class CodeIgniter\HTTP\Response could not be converted to string
in APPPATH\Controllers\VinylController.php on line 30.
 1 SYSTEMPATH\CodeIgniter.php(919): App\Controllers\VinylController->showdata()
 2 SYSTEMPATH\CodeIgniter.php(494): CodeIgniter\CodeIgniter->runController(Object(App\Controllers\VinylController))
 3 SYSTEMPATH\CodeIgniter.php(353): CodeIgniter\CodeIgniter->handleRequest(null, Object(Config\Cache), false)
 4 FCPATH\index.php(79): CodeIgniter\CodeIgniter->run()
 5 SYSTEMPATH\Commands\Server\rewrite.php(47): require_once('C:\\Users\\Phoenix\\Desktop\\GİT\\ARCHIVE\\public\\index.php')
CRITICAL - 2023-10-22 10:19:43 --> Object of class CodeIgniter\HTTP\Response could not be converted to string
in APPPATH\Controllers\VinylController.php on line 30.
 1 SYSTEMPATH\CodeIgniter.php(919): App\Controllers\VinylController->showdata()
 2 SYSTEMPATH\CodeIgniter.php(494): CodeIgniter\CodeIgniter->runController(Object(App\Controllers\VinylController))
 3 SYSTEMPATH\CodeIgniter.php(353): CodeIgniter\CodeIgniter->handleRequest(null, Object(Config\Cache), false)
 4 FCPATH\index.php(79): CodeIgniter\CodeIgniter->run()
 5 SYSTEMPATH\Commands\Server\rewrite.php(47): require_once('C:\\Users\\Phoenix\\Desktop\\GİT\\ARCHIVE\\public\\index.php')
CRITICAL - 2023-10-22 10:34:17 --> Object of class CodeIgniter\HTTP\Response could not be converted to string
in APPPATH\Controllers\VinylController.php on line 31.
 1 SYSTEMPATH\CodeIgniter.php(919): App\Controllers\VinylController->showdata()
 2 SYSTEMPATH\CodeIgniter.php(494): CodeIgniter\CodeIgniter->runController(Object(App\Controllers\VinylController))
 3 SYSTEMPATH\CodeIgniter.php(353): CodeIgniter\CodeIgniter->handleRequest(null, Object(Config\Cache), false)
 4 FCPATH\index.php(79): CodeIgniter\CodeIgniter->run()
 5 SYSTEMPATH\Commands\Server\rewrite.php(47): require_once('C:\\Users\\Phoenix\\Desktop\\GİT\\ARCHIVE\\public\\index.php')
CRITICAL - 2023-10-22 10:35:27 --> Object of class CodeIgniter\HTTP\Response could not be converted to string
in APPPATH\Controllers\VinylController.php on line 31.
 1 SYSTEMPATH\CodeIgniter.php(919): App\Controllers\VinylController->showdata()
 2 SYSTEMPATH\CodeIgniter.php(494): CodeIgniter\CodeIgniter->runController(Object(App\Controllers\VinylController))
 3 SYSTEMPATH\CodeIgniter.php(353): CodeIgniter\CodeIgniter->handleRequest(null, Object(Config\Cache), false)
 4 FCPATH\index.php(79): CodeIgniter\CodeIgniter->run()
 5 SYSTEMPATH\Commands\Server\rewrite.php(47): require_once('C:\\Users\\Phoenix\\Desktop\\GİT\\ARCHIVE\\public\\index.php')
CRITICAL - 2023-10-22 10:35:27 --> Object of class CodeIgniter\HTTP\Response could not be converted to string
in APPPATH\Controllers\VinylController.php on line 31.
 1 SYSTEMPATH\CodeIgniter.php(919): App\Controllers\VinylController->showdata()
 2 SYSTEMPATH\CodeIgniter.php(494): CodeIgniter\CodeIgniter->runController(Object(App\Controllers\VinylController))
 3 SYSTEMPATH\CodeIgniter.php(353): CodeIgniter\CodeIgniter->handleRequest(null, Object(Config\Cache), false)
 4 FCPATH\index.php(79): CodeIgniter\CodeIgniter->run()
 5 SYSTEMPATH\Commands\Server\rewrite.php(47): require_once('C:\\Users\\Phoenix\\Desktop\\GİT\\ARCHIVE\\public\\index.php')
CRITICAL - 2023-10-22 10:35:27 --> Object of class CodeIgniter\HTTP\Response could not be converted to string
in APPPATH\Controllers\VinylController.php on line 31.
 1 SYSTEMPATH\CodeIgniter.php(919): App\Controllers\VinylController->showdata()
 2 SYSTEMPATH\CodeIgniter.php(494): CodeIgniter\CodeIgniter->runController(Object(App\Controllers\VinylController))
 3 SYSTEMPATH\CodeIgniter.php(353): CodeIgniter\CodeIgniter->handleRequest(null, Object(Config\Cache), false)
 4 FCPATH\index.php(79): CodeIgniter\CodeIgniter->run()
 5 SYSTEMPATH\Commands\Server\rewrite.php(47): require_once('C:\\Users\\Phoenix\\Desktop\\GİT\\ARCHIVE\\public\\index.php')
CRITICAL - 2023-10-22 10:35:27 --> Object of class CodeIgniter\HTTP\Response could not be converted to string
in APPPATH\Controllers\VinylController.php on line 31.
 1 SYSTEMPATH\CodeIgniter.php(919): App\Controllers\VinylController->showdata()
 2 SYSTEMPATH\CodeIgniter.php(494): CodeIgniter\CodeIgniter->runController(Object(App\Controllers\VinylController))
 3 SYSTEMPATH\CodeIgniter.php(353): CodeIgniter\CodeIgniter->handleRequest(null, Object(Config\Cache), false)
 4 FCPATH\index.php(79): CodeIgniter\CodeIgniter->run()
 5 SYSTEMPATH\Commands\Server\rewrite.php(47): require_once('C:\\Users\\Phoenix\\Desktop\\GİT\\ARCHIVE\\public\\index.php')
CRITICAL - 2023-10-22 10:35:27 --> Object of class CodeIgniter\HTTP\Response could not be converted to string
in APPPATH\Controllers\VinylController.php on line 31.
 1 SYSTEMPATH\CodeIgniter.php(919): App\Controllers\VinylController->showdata()
 2 SYSTEMPATH\CodeIgniter.php(494): CodeIgniter\CodeIgniter->runController(Object(App\Controllers\VinylController))
 3 SYSTEMPATH\CodeIgniter.php(353): CodeIgniter\CodeIgniter->handleRequest(null, Object(Config\Cache), false)
 4 FCPATH\index.php(79): CodeIgniter\CodeIgniter->run()
 5 SYSTEMPATH\Commands\Server\rewrite.php(47): require_once('C:\\Users\\Phoenix\\Desktop\\GİT\\ARCHIVE\\public\\index.php')
CRITICAL - 2023-10-22 10:35:27 --> Object of class CodeIgniter\HTTP\Response could not be converted to string
in APPPATH\Controllers\VinylController.php on line 31.
 1 SYSTEMPATH\CodeIgniter.php(919): App\Controllers\VinylController->showdata()
 2 SYSTEMPATH\CodeIgniter.php(494): CodeIgniter\CodeIgniter->runController(Object(App\Controllers\VinylController))
 3 SYSTEMPATH\CodeIgniter.php(353): CodeIgniter\CodeIgniter->handleRequest(null, Object(Config\Cache), false)
 4 FCPATH\index.php(79): CodeIgniter\CodeIgniter->run()
 5 SYSTEMPATH\Commands\Server\rewrite.php(47): require_once('C:\\Users\\Phoenix\\Desktop\\GİT\\ARCHIVE\\public\\index.php')
CRITICAL - 2023-10-22 10:35:29 --> Object of class CodeIgniter\HTTP\Response could not be converted to string
in APPPATH\Controllers\VinylController.php on line 31.
 1 SYSTEMPATH\CodeIgniter.php(919): App\Controllers\VinylController->showdata()
 2 SYSTEMPATH\CodeIgniter.php(494): CodeIgniter\CodeIgniter->runController(Object(App\Controllers\VinylController))
 3 SYSTEMPATH\CodeIgniter.php(353): CodeIgniter\CodeIgniter->handleRequest(null, Object(Config\Cache), false)
 4 FCPATH\index.php(79): CodeIgniter\CodeIgniter->run()
 5 SYSTEMPATH\Commands\Server\rewrite.php(47): require_once('C:\\Users\\Phoenix\\Desktop\\GİT\\ARCHIVE\\public\\index.php')
CRITICAL - 2023-10-22 10:35:29 --> Object of class CodeIgniter\HTTP\Response could not be converted to string
in APPPATH\Controllers\VinylController.php on line 31.
 1 SYSTEMPATH\CodeIgniter.php(919): App\Controllers\VinylController->showdata()
 2 SYSTEMPATH\CodeIgniter.php(494): CodeIgniter\CodeIgniter->runController(Object(App\Controllers\VinylController))
 3 SYSTEMPATH\CodeIgniter.php(353): CodeIgniter\CodeIgniter->handleRequest(null, Object(Config\Cache), false)
 4 FCPATH\index.php(79): CodeIgniter\CodeIgniter->run()
 5 SYSTEMPATH\Commands\Server\rewrite.php(47): require_once('C:\\Users\\Phoenix\\Desktop\\GİT\\ARCHIVE\\public\\index.php')
CRITICAL - 2023-10-22 10:35:29 --> Object of class CodeIgniter\HTTP\Response could not be converted to string
in APPPATH\Controllers\VinylController.php on line 31.
 1 SYSTEMPATH\CodeIgniter.php(919): App\Controllers\VinylController->showdata()
 2 SYSTEMPATH\CodeIgniter.php(494): CodeIgniter\CodeIgniter->runController(Object(App\Controllers\VinylController))
 3 SYSTEMPATH\CodeIgniter.php(353): CodeIgniter\CodeIgniter->handleRequest(null, Object(Config\Cache), false)
 4 FCPATH\index.php(79): CodeIgniter\CodeIgniter->run()
 5 SYSTEMPATH\Commands\Server\rewrite.php(47): require_once('C:\\Users\\Phoenix\\Desktop\\GİT\\ARCHIVE\\public\\index.php')
CRITICAL - 2023-10-22 10:36:10 --> Object of class CodeIgniter\HTTP\Response could not be converted to string
in APPPATH\Controllers\VinylController.php on line 31.
 1 SYSTEMPATH\CodeIgniter.php(919): App\Controllers\VinylController->showdata()
 2 SYSTEMPATH\CodeIgniter.php(494): CodeIgniter\CodeIgniter->runController(Object(App\Controllers\VinylController))
 3 SYSTEMPATH\CodeIgniter.php(353): CodeIgniter\CodeIgniter->handleRequest(null, Object(Config\Cache), false)
 4 FCPATH\index.php(79): CodeIgniter\CodeIgniter->run()
 5 SYSTEMPATH\Commands\Server\rewrite.php(47): require_once('C:\\Users\\Phoenix\\Desktop\\GİT\\ARCHIVE\\public\\index.php')
CRITICAL - 2023-10-22 10:36:10 --> Object of class CodeIgniter\HTTP\Response could not be converted to string
in APPPATH\Controllers\VinylController.php on line 31.
 1 SYSTEMPATH\CodeIgniter.php(919): App\Controllers\VinylController->showdata()
 2 SYSTEMPATH\CodeIgniter.php(494): CodeIgniter\CodeIgniter->runController(Object(App\Controllers\VinylController))
 3 SYSTEMPATH\CodeIgniter.php(353): CodeIgniter\CodeIgniter->handleRequest(null, Object(Config\Cache), false)
 4 FCPATH\index.php(79): CodeIgniter\CodeIgniter->run()
 5 SYSTEMPATH\Commands\Server\rewrite.php(47): require_once('C:\\Users\\Phoenix\\Desktop\\GİT\\ARCHIVE\\public\\index.php')
CRITICAL - 2023-10-22 10:36:10 --> Object of class CodeIgniter\HTTP\Response could not be converted to string
in APPPATH\Controllers\VinylController.php on line 31.
 1 SYSTEMPATH\CodeIgniter.php(919): App\Controllers\VinylController->showdata()
 2 SYSTEMPATH\CodeIgniter.php(494): CodeIgniter\CodeIgniter->runController(Object(App\Controllers\VinylController))
 3 SYSTEMPATH\CodeIgniter.php(353): CodeIgniter\CodeIgniter->handleRequest(null, Object(Config\Cache), false)
 4 FCPATH\index.php(79): CodeIgniter\CodeIgniter->run()
 5 SYSTEMPATH\Commands\Server\rewrite.php(47): require_once('C:\\Users\\Phoenix\\Desktop\\GİT\\ARCHIVE\\public\\index.php')
CRITICAL - 2023-10-22 10:36:11 --> Object of class CodeIgniter\HTTP\Response could not be converted to string
in APPPATH\Controllers\VinylController.php on line 31.
 1 SYSTEMPATH\CodeIgniter.php(919): App\Controllers\VinylController->showdata()
 2 SYSTEMPATH\CodeIgniter.php(494): CodeIgniter\CodeIgniter->runController(Object(App\Controllers\VinylController))
 3 SYSTEMPATH\CodeIgniter.php(353): CodeIgniter\CodeIgniter->handleRequest(null, Object(Config\Cache), false)
 4 FCPATH\index.php(79): CodeIgniter\CodeIgniter->run()
 5 SYSTEMPATH\Commands\Server\rewrite.php(47): require_once('C:\\Users\\Phoenix\\Desktop\\GİT\\ARCHIVE\\public\\index.php')
CRITICAL - 2023-10-22 10:36:11 --> Object of class CodeIgniter\HTTP\Response could not be converted to string
in APPPATH\Controllers\VinylController.php on line 31.
 1 SYSTEMPATH\CodeIgniter.php(919): App\Controllers\VinylController->showdata()
 2 SYSTEMPATH\CodeIgniter.php(494): CodeIgniter\CodeIgniter->runController(Object(App\Controllers\VinylController))
 3 SYSTEMPATH\CodeIgniter.php(353): CodeIgniter\CodeIgniter->handleRequest(null, Object(Config\Cache), false)
 4 FCPATH\index.php(79): CodeIgniter\CodeIgniter->run()
 5 SYSTEMPATH\Commands\Server\rewrite.php(47): require_once('C:\\Users\\Phoenix\\Desktop\\GİT\\ARCHIVE\\public\\index.php')
CRITICAL - 2023-10-22 10:36:11 --> Object of class CodeIgniter\HTTP\Response could not be converted to string
in APPPATH\Controllers\VinylController.php on line 31.
 1 SYSTEMPATH\CodeIgniter.php(919): App\Controllers\VinylController->showdata()
 2 SYSTEMPATH\CodeIgniter.php(494): CodeIgniter\CodeIgniter->runController(Object(App\Controllers\VinylController))
 3 SYSTEMPATH\CodeIgniter.php(353): CodeIgniter\CodeIgniter->handleRequest(null, Object(Config\Cache), false)
 4 FCPATH\index.php(79): CodeIgniter\CodeIgniter->run()
 5 SYSTEMPATH\Commands\Server\rewrite.php(47): require_once('C:\\Users\\Phoenix\\Desktop\\GİT\\ARCHIVE\\public\\index.php')
CRITICAL - 2023-10-22 10:36:11 --> Object of class CodeIgniter\HTTP\Response could not be converted to string
in APPPATH\Controllers\VinylController.php on line 31.
 1 SYSTEMPATH\CodeIgniter.php(919): App\Controllers\VinylController->showdata()
 2 SYSTEMPATH\CodeIgniter.php(494): CodeIgniter\CodeIgniter->runController(Object(App\Controllers\VinylController))
 3 SYSTEMPATH\CodeIgniter.php(353): CodeIgniter\CodeIgniter->handleRequest(null, Object(Config\Cache), false)
 4 FCPATH\index.php(79): CodeIgniter\CodeIgniter->run()
 5 SYSTEMPATH\Commands\Server\rewrite.php(47): require_once('C:\\Users\\Phoenix\\Desktop\\GİT\\ARCHIVE\\public\\index.php')
CRITICAL - 2023-10-22 10:36:11 --> Object of class CodeIgniter\HTTP\Response could not be converted to string
in APPPATH\Controllers\VinylController.php on line 31.
 1 SYSTEMPATH\CodeIgniter.php(919): App\Controllers\VinylController->showdata()
 2 SYSTEMPATH\CodeIgniter.php(494): CodeIgniter\CodeIgniter->runController(Object(App\Controllers\VinylController))
 3 SYSTEMPATH\CodeIgniter.php(353): CodeIgniter\CodeIgniter->handleRequest(null, Object(Config\Cache), false)
 4 FCPATH\index.php(79): CodeIgniter\CodeIgniter->run()
 5 SYSTEMPATH\Commands\Server\rewrite.php(47): require_once('C:\\Users\\Phoenix\\Desktop\\GİT\\ARCHIVE\\public\\index.php')
CRITICAL - 2023-10-22 10:36:11 --> Object of class CodeIgniter\HTTP\Response could not be converted to string
in APPPATH\Controllers\VinylController.php on line 31.
 1 SYSTEMPATH\CodeIgniter.php(919): App\Controllers\VinylController->showdata()
 2 SYSTEMPATH\CodeIgniter.php(494): CodeIgniter\CodeIgniter->runController(Object(App\Controllers\VinylController))
 3 SYSTEMPATH\CodeIgniter.php(353): CodeIgniter\CodeIgniter->handleRequest(null, Object(Config\Cache), false)
 4 FCPATH\index.php(79): CodeIgniter\CodeIgniter->run()
 5 SYSTEMPATH\Commands\Server\rewrite.php(47): require_once('C:\\Users\\Phoenix\\Desktop\\GİT\\ARCHIVE\\public\\index.php')
CRITICAL - 2023-10-22 10:36:11 --> Object of class CodeIgniter\HTTP\Response could not be converted to string
in APPPATH\Controllers\VinylController.php on line 31.
 1 SYSTEMPATH\CodeIgniter.php(919): App\Controllers\VinylController->showdata()
 2 SYSTEMPATH\CodeIgniter.php(494): CodeIgniter\CodeIgniter->runController(Object(App\Controllers\VinylController))
 3 SYSTEMPATH\CodeIgniter.php(353): CodeIgniter\CodeIgniter->handleRequest(null, Object(Config\Cache), false)
 4 FCPATH\index.php(79): CodeIgniter\CodeIgniter->run()
 5 SYSTEMPATH\Commands\Server\rewrite.php(47): require_once('C:\\Users\\Phoenix\\Desktop\\GİT\\ARCHIVE\\public\\index.php')
CRITICAL - 2023-10-22 10:36:12 --> Object of class CodeIgniter\HTTP\Response could not be converted to string
in APPPATH\Controllers\VinylController.php on line 31.
 1 SYSTEMPATH\CodeIgniter.php(919): App\Controllers\VinylController->showdata()
 2 SYSTEMPATH\CodeIgniter.php(494): CodeIgniter\CodeIgniter->runController(Object(App\Controllers\VinylController))
 3 SYSTEMPATH\CodeIgniter.php(353): CodeIgniter\CodeIgniter->handleRequest(null, Object(Config\Cache), false)
 4 FCPATH\index.php(79): CodeIgniter\CodeIgniter->run()
 5 SYSTEMPATH\Commands\Server\rewrite.php(47): require_once('C:\\Users\\Phoenix\\Desktop\\GİT\\ARCHIVE\\public\\index.php')
CRITICAL - 2023-10-22 10:36:12 --> Object of class CodeIgniter\HTTP\Response could not be converted to string
in APPPATH\Controllers\VinylController.php on line 31.
 1 SYSTEMPATH\CodeIgniter.php(919): App\Controllers\VinylController->showdata()
 2 SYSTEMPATH\CodeIgniter.php(494): CodeIgniter\CodeIgniter->runController(Object(App\Controllers\VinylController))
 3 SYSTEMPATH\CodeIgniter.php(353): CodeIgniter\CodeIgniter->handleRequest(null, Object(Config\Cache), false)
 4 FCPATH\index.php(79): CodeIgniter\CodeIgniter->run()
 5 SYSTEMPATH\Commands\Server\rewrite.php(47): require_once('C:\\Users\\Phoenix\\Desktop\\GİT\\ARCHIVE\\public\\index.php')
CRITICAL - 2023-10-22 10:36:12 --> Object of class CodeIgniter\HTTP\Response could not be converted to string
in APPPATH\Controllers\VinylController.php on line 31.
 1 SYSTEMPATH\CodeIgniter.php(919): App\Controllers\VinylController->showdata()
 2 SYSTEMPATH\CodeIgniter.php(494): CodeIgniter\CodeIgniter->runController(Object(App\Controllers\VinylController))
 3 SYSTEMPATH\CodeIgniter.php(353): CodeIgniter\CodeIgniter->handleRequest(null, Object(Config\Cache), false)
 4 FCPATH\index.php(79): CodeIgniter\CodeIgniter->run()
 5 SYSTEMPATH\Commands\Server\rewrite.php(47): require_once('C:\\Users\\Phoenix\\Desktop\\GİT\\ARCHIVE\\public\\index.php')
CRITICAL - 2023-10-22 10:36:12 --> Object of class CodeIgniter\HTTP\Response could not be converted to string
in APPPATH\Controllers\VinylController.php on line 31.
 1 SYSTEMPATH\CodeIgniter.php(919): App\Controllers\VinylController->showdata()
 2 SYSTEMPATH\CodeIgniter.php(494): CodeIgniter\CodeIgniter->runController(Object(App\Controllers\VinylController))
 3 SYSTEMPATH\CodeIgniter.php(353): CodeIgniter\CodeIgniter->handleRequest(null, Object(Config\Cache), false)
 4 FCPATH\index.php(79): CodeIgniter\CodeIgniter->run()
 5 SYSTEMPATH\Commands\Server\rewrite.php(47): require_once('C:\\Users\\Phoenix\\Desktop\\GİT\\ARCHIVE\\public\\index.php')
CRITICAL - 2023-10-22 10:36:12 --> Object of class CodeIgniter\HTTP\Response could not be converted to string
in APPPATH\Controllers\VinylController.php on line 31.
 1 SYSTEMPATH\CodeIgniter.php(919): App\Controllers\VinylController->showdata()
 2 SYSTEMPATH\CodeIgniter.php(494): CodeIgniter\CodeIgniter->runController(Object(App\Controllers\VinylController))
 3 SYSTEMPATH\CodeIgniter.php(353): CodeIgniter\CodeIgniter->handleRequest(null, Object(Config\Cache), false)
 4 FCPATH\index.php(79): CodeIgniter\CodeIgniter->run()
 5 SYSTEMPATH\Commands\Server\rewrite.php(47): require_once('C:\\Users\\Phoenix\\Desktop\\GİT\\ARCHIVE\\public\\index.php')
CRITICAL - 2023-10-22 10:36:12 --> Object of class CodeIgniter\HTTP\Response could not be converted to string
in APPPATH\Controllers\VinylController.php on line 31.
 1 SYSTEMPATH\CodeIgniter.php(919): App\Controllers\VinylController->showdata()
 2 SYSTEMPATH\CodeIgniter.php(494): CodeIgniter\CodeIgniter->runController(Object(App\Controllers\VinylController))
 3 SYSTEMPATH\CodeIgniter.php(353): CodeIgniter\CodeIgniter->handleRequest(null, Object(Config\Cache), false)
 4 FCPATH\index.php(79): CodeIgniter\CodeIgniter->run()
 5 SYSTEMPATH\Commands\Server\rewrite.php(47): require_once('C:\\Users\\Phoenix\\Desktop\\GİT\\ARCHIVE\\public\\index.php')
CRITICAL - 2023-10-22 10:36:12 --> Object of class CodeIgniter\HTTP\Response could not be converted to string
in APPPATH\Controllers\VinylController.php on line 31.
 1 SYSTEMPATH\CodeIgniter.php(919): App\Controllers\VinylController->showdata()
 2 SYSTEMPATH\CodeIgniter.php(494): CodeIgniter\CodeIgniter->runController(Object(App\Controllers\VinylController))
 3 SYSTEMPATH\CodeIgniter.php(353): CodeIgniter\CodeIgniter->handleRequest(null, Object(Config\Cache), false)
 4 FCPATH\index.php(79): CodeIgniter\CodeIgniter->run()
 5 SYSTEMPATH\Commands\Server\rewrite.php(47): require_once('C:\\Users\\Phoenix\\Desktop\\GİT\\ARCHIVE\\public\\index.php')
CRITICAL - 2023-10-22 10:36:13 --> Object of class CodeIgniter\HTTP\Response could not be converted to string
in APPPATH\Controllers\VinylController.php on line 31.
 1 SYSTEMPATH\CodeIgniter.php(919): App\Controllers\VinylController->showdata()
 2 SYSTEMPATH\CodeIgniter.php(494): CodeIgniter\CodeIgniter->runController(Object(App\Controllers\VinylController))
 3 SYSTEMPATH\CodeIgniter.php(353): CodeIgniter\CodeIgniter->handleRequest(null, Object(Config\Cache), false)
 4 FCPATH\index.php(79): CodeIgniter\CodeIgniter->run()
 5 SYSTEMPATH\Commands\Server\rewrite.php(47): require_once('C:\\Users\\Phoenix\\Desktop\\GİT\\ARCHIVE\\public\\index.php')
CRITICAL - 2023-10-22 10:36:13 --> Object of class CodeIgniter\HTTP\Response could not be converted to string
in APPPATH\Controllers\VinylController.php on line 31.
 1 SYSTEMPATH\CodeIgniter.php(919): App\Controllers\VinylController->showdata()
 2 SYSTEMPATH\CodeIgniter.php(494): CodeIgniter\CodeIgniter->runController(Object(App\Controllers\VinylController))
 3 SYSTEMPATH\CodeIgniter.php(353): CodeIgniter\CodeIgniter->handleRequest(null, Object(Config\Cache), false)
 4 FCPATH\index.php(79): CodeIgniter\CodeIgniter->run()
 5 SYSTEMPATH\Commands\Server\rewrite.php(47): require_once('C:\\Users\\Phoenix\\Desktop\\GİT\\ARCHIVE\\public\\index.php')
CRITICAL - 2023-10-22 10:36:13 --> Object of class CodeIgniter\HTTP\Response could not be converted to string
in APPPATH\Controllers\VinylController.php on line 31.
 1 SYSTEMPATH\CodeIgniter.php(919): App\Controllers\VinylController->showdata()
 2 SYSTEMPATH\CodeIgniter.php(494): CodeIgniter\CodeIgniter->runController(Object(App\Controllers\VinylController))
 3 SYSTEMPATH\CodeIgniter.php(353): CodeIgniter\CodeIgniter->handleRequest(null, Object(Config\Cache), false)
 4 FCPATH\index.php(79): CodeIgniter\CodeIgniter->run()
 5 SYSTEMPATH\Commands\Server\rewrite.php(47): require_once('C:\\Users\\Phoenix\\Desktop\\GİT\\ARCHIVE\\public\\index.php')
CRITICAL - 2023-10-22 10:36:13 --> Object of class CodeIgniter\HTTP\Response could not be converted to string
in APPPATH\Controllers\VinylController.php on line 31.
 1 SYSTEMPATH\CodeIgniter.php(919): App\Controllers\VinylController->showdata()
 2 SYSTEMPATH\CodeIgniter.php(494): CodeIgniter\CodeIgniter->runController(Object(App\Controllers\VinylController))
 3 SYSTEMPATH\CodeIgniter.php(353): CodeIgniter\CodeIgniter->handleRequest(null, Object(Config\Cache), false)
 4 FCPATH\index.php(79): CodeIgniter\CodeIgniter->run()
 5 SYSTEMPATH\Commands\Server\rewrite.php(47): require_once('C:\\Users\\Phoenix\\Desktop\\GİT\\ARCHIVE\\public\\index.php')
CRITICAL - 2023-10-22 10:36:13 --> Object of class CodeIgniter\HTTP\Response could not be converted to string
in APPPATH\Controllers\VinylController.php on line 31.
 1 SYSTEMPATH\CodeIgniter.php(919): App\Controllers\VinylController->showdata()
 2 SYSTEMPATH\CodeIgniter.php(494): CodeIgniter\CodeIgniter->runController(Object(App\Controllers\VinylController))
 3 SYSTEMPATH\CodeIgniter.php(353): CodeIgniter\CodeIgniter->handleRequest(null, Object(Config\Cache), false)
 4 FCPATH\index.php(79): CodeIgniter\CodeIgniter->run()
 5 SYSTEMPATH\Commands\Server\rewrite.php(47): require_once('C:\\Users\\Phoenix\\Desktop\\GİT\\ARCHIVE\\public\\index.php')
CRITICAL - 2023-10-22 10:36:13 --> Object of class CodeIgniter\HTTP\Response could not be converted to string
in APPPATH\Controllers\VinylController.php on line 31.
 1 SYSTEMPATH\CodeIgniter.php(919): App\Controllers\VinylController->showdata()
 2 SYSTEMPATH\CodeIgniter.php(494): CodeIgniter\CodeIgniter->runController(Object(App\Controllers\VinylController))
 3 SYSTEMPATH\CodeIgniter.php(353): CodeIgniter\CodeIgniter->handleRequest(null, Object(Config\Cache), false)
 4 FCPATH\index.php(79): CodeIgniter\CodeIgniter->run()
 5 SYSTEMPATH\Commands\Server\rewrite.php(47): require_once('C:\\Users\\Phoenix\\Desktop\\GİT\\ARCHIVE\\public\\index.php')
CRITICAL - 2023-10-22 10:36:14 --> Object of class CodeIgniter\HTTP\Response could not be converted to string
in APPPATH\Controllers\VinylController.php on line 31.
 1 SYSTEMPATH\CodeIgniter.php(919): App\Controllers\VinylController->showdata()
 2 SYSTEMPATH\CodeIgniter.php(494): CodeIgniter\CodeIgniter->runController(Object(App\Controllers\VinylController))
 3 SYSTEMPATH\CodeIgniter.php(353): CodeIgniter\CodeIgniter->handleRequest(null, Object(Config\Cache), false)
 4 FCPATH\index.php(79): CodeIgniter\CodeIgniter->run()
 5 SYSTEMPATH\Commands\Server\rewrite.php(47): require_once('C:\\Users\\Phoenix\\Desktop\\GİT\\ARCHIVE\\public\\index.php')
CRITICAL - 2023-10-22 10:36:14 --> Object of class CodeIgniter\HTTP\Response could not be converted to string
in APPPATH\Controllers\VinylController.php on line 31.
 1 SYSTEMPATH\CodeIgniter.php(919): App\Controllers\VinylController->showdata()
 2 SYSTEMPATH\CodeIgniter.php(494): CodeIgniter\CodeIgniter->runController(Object(App\Controllers\VinylController))
 3 SYSTEMPATH\CodeIgniter.php(353): CodeIgniter\CodeIgniter->handleRequest(null, Object(Config\Cache), false)
 4 FCPATH\index.php(79): CodeIgniter\CodeIgniter->run()
 5 SYSTEMPATH\Commands\Server\rewrite.php(47): require_once('C:\\Users\\Phoenix\\Desktop\\GİT\\ARCHIVE\\public\\index.php')
CRITICAL - 2023-10-22 10:42:32 --> Object of class CodeIgniter\HTTP\Response could not be converted to string
in APPPATH\Controllers\VinylController.php on line 31.
 1 SYSTEMPATH\CodeIgniter.php(919): App\Controllers\VinylController->showdata()
 2 SYSTEMPATH\CodeIgniter.php(494): CodeIgniter\CodeIgniter->runController(Object(App\Controllers\VinylController))
 3 SYSTEMPATH\CodeIgniter.php(353): CodeIgniter\CodeIgniter->handleRequest(null, Object(Config\Cache), false)
 4 FCPATH\index.php(79): CodeIgniter\CodeIgniter->run()
 5 SYSTEMPATH\Commands\Server\rewrite.php(47): require_once('C:\\Users\\Phoenix\\Desktop\\GİT\\ARCHIVE\\public\\index.php')
CRITICAL - 2023-10-22 10:44:32 --> Object of class CodeIgniter\HTTP\Response could not be converted to string
in APPPATH\Controllers\VinylController.php on line 32.
 1 SYSTEMPATH\CodeIgniter.php(919): App\Controllers\VinylController->showdata()
 2 SYSTEMPATH\CodeIgniter.php(494): CodeIgniter\CodeIgniter->runController(Object(App\Controllers\VinylController))
 3 SYSTEMPATH\CodeIgniter.php(353): CodeIgniter\CodeIgniter->handleRequest(null, Object(Config\Cache), false)
 4 FCPATH\index.php(79): CodeIgniter\CodeIgniter->run()
 5 SYSTEMPATH\Commands\Server\rewrite.php(47): require_once('C:\\Users\\Phoenix\\Desktop\\GİT\\ARCHIVE\\public\\index.php')
CRITICAL - 2023-10-22 10:45:23 --> Object of class CodeIgniter\HTTP\Response could not be converted to string
in APPPATH\Controllers\VinylController.php on line 32.
 1 SYSTEMPATH\CodeIgniter.php(919): App\Controllers\VinylController->showdata()
 2 SYSTEMPATH\CodeIgniter.php(494): CodeIgniter\CodeIgniter->runController(Object(App\Controllers\VinylController))
 3 SYSTEMPATH\CodeIgniter.php(353): CodeIgniter\CodeIgniter->handleRequest(null, Object(Config\Cache), false)
 4 FCPATH\index.php(79): CodeIgniter\CodeIgniter->run()
 5 SYSTEMPATH\Commands\Server\rewrite.php(47): require_once('C:\\Users\\Phoenix\\Desktop\\GİT\\ARCHIVE\\public\\index.php')
CRITICAL - 2023-10-22 10:52:04 --> Object of class CodeIgniter\HTTP\Response could not be converted to string
in APPPATH\Controllers\VinylController.php on line 33.
 1 SYSTEMPATH\CodeIgniter.php(919): App\Controllers\VinylController->showdata()
 2 SYSTEMPATH\CodeIgniter.php(494): CodeIgniter\CodeIgniter->runController(Object(App\Controllers\VinylController))
 3 SYSTEMPATH\CodeIgniter.php(353): CodeIgniter\CodeIgniter->handleRequest(null, Object(Config\Cache), false)
 4 FCPATH\index.php(79): CodeIgniter\CodeIgniter->run()
 5 SYSTEMPATH\Commands\Server\rewrite.php(47): require_once('C:\\Users\\Phoenix\\Desktop\\GİT\\ARCHIVE\\public\\index.php')
CRITICAL - 2023-10-22 10:54:27 --> Object of class CodeIgniter\HTTP\Response could not be converted to string
in APPPATH\Controllers\VinylController.php on line 33.
 1 SYSTEMPATH\CodeIgniter.php(919): App\Controllers\VinylController->showdata()
 2 SYSTEMPATH\CodeIgniter.php(494): CodeIgniter\CodeIgniter->runController(Object(App\Controllers\VinylController))
 3 SYSTEMPATH\CodeIgniter.php(353): CodeIgniter\CodeIgniter->handleRequest(null, Object(Config\Cache), false)
 4 FCPATH\index.php(79): CodeIgniter\CodeIgniter->run()
 5 SYSTEMPATH\Commands\Server\rewrite.php(47): require_once('C:\\Users\\Phoenix\\Desktop\\GİT\\ARCHIVE\\public\\index.php')
CRITICAL - 2023-10-22 10:54:29 --> Object of class CodeIgniter\HTTP\Response could not be converted to string
in APPPATH\Controllers\VinylController.php on line 33.
 1 SYSTEMPATH\CodeIgniter.php(919): App\Controllers\VinylController->showdata()
 2 SYSTEMPATH\CodeIgniter.php(494): CodeIgniter\CodeIgniter->runController(Object(App\Controllers\VinylController))
 3 SYSTEMPATH\CodeIgniter.php(353): CodeIgniter\CodeIgniter->handleRequest(null, Object(Config\Cache), false)
 4 FCPATH\index.php(79): CodeIgniter\CodeIgniter->run()
 5 SYSTEMPATH\Commands\Server\rewrite.php(47): require_once('C:\\Users\\Phoenix\\Desktop\\GİT\\ARCHIVE\\public\\index.php')
CRITICAL - 2023-10-22 10:54:29 --> Object of class CodeIgniter\HTTP\Response could not be converted to string
in APPPATH\Controllers\VinylController.php on line 33.
 1 SYSTEMPATH\CodeIgniter.php(919): App\Controllers\VinylController->showdata()
 2 SYSTEMPATH\CodeIgniter.php(494): CodeIgniter\CodeIgniter->runController(Object(App\Controllers\VinylController))
 3 SYSTEMPATH\CodeIgniter.php(353): CodeIgniter\CodeIgniter->handleRequest(null, Object(Config\Cache), false)
 4 FCPATH\index.php(79): CodeIgniter\CodeIgniter->run()
 5 SYSTEMPATH\Commands\Server\rewrite.php(47): require_once('C:\\Users\\Phoenix\\Desktop\\GİT\\ARCHIVE\\public\\index.php')
CRITICAL - 2023-10-22 10:54:29 --> Object of class CodeIgniter\HTTP\Response could not be converted to string
in APPPATH\Controllers\VinylController.php on line 33.
 1 SYSTEMPATH\CodeIgniter.php(919): App\Controllers\VinylController->showdata()
 2 SYSTEMPATH\CodeIgniter.php(494): CodeIgniter\CodeIgniter->runController(Object(App\Controllers\VinylController))
 3 SYSTEMPATH\CodeIgniter.php(353): CodeIgniter\CodeIgniter->handleRequest(null, Object(Config\Cache), false)
 4 FCPATH\index.php(79): CodeIgniter\CodeIgniter->run()
 5 SYSTEMPATH\Commands\Server\rewrite.php(47): require_once('C:\\Users\\Phoenix\\Desktop\\GİT\\ARCHIVE\\public\\index.php')
CRITICAL - 2023-10-22 10:54:29 --> Object of class CodeIgniter\HTTP\Response could not be converted to string
in APPPATH\Controllers\VinylController.php on line 33.
 1 SYSTEMPATH\CodeIgniter.php(919): App\Controllers\VinylController->showdata()
 2 SYSTEMPATH\CodeIgniter.php(494): CodeIgniter\CodeIgniter->runController(Object(App\Controllers\VinylController))
 3 SYSTEMPATH\CodeIgniter.php(353): CodeIgniter\CodeIgniter->handleRequest(null, Object(Config\Cache), false)
 4 FCPATH\index.php(79): CodeIgniter\CodeIgniter->run()
 5 SYSTEMPATH\Commands\Server\rewrite.php(47): require_once('C:\\Users\\Phoenix\\Desktop\\GİT\\ARCHIVE\\public\\index.php')
CRITICAL - 2023-10-22 10:54:29 --> Object of class CodeIgniter\HTTP\Response could not be converted to string
in APPPATH\Controllers\VinylController.php on line 33.
 1 SYSTEMPATH\CodeIgniter.php(919): App\Controllers\VinylController->showdata()
 2 SYSTEMPATH\CodeIgniter.php(494): CodeIgniter\CodeIgniter->runController(Object(App\Controllers\VinylController))
 3 SYSTEMPATH\CodeIgniter.php(353): CodeIgniter\CodeIgniter->handleRequest(null, Object(Config\Cache), false)
 4 FCPATH\index.php(79): CodeIgniter\CodeIgniter->run()
 5 SYSTEMPATH\Commands\Server\rewrite.php(47): require_once('C:\\Users\\Phoenix\\Desktop\\GİT\\ARCHIVE\\public\\index.php')
CRITICAL - 2023-10-22 10:54:29 --> Object of class CodeIgniter\HTTP\Response could not be converted to string
in APPPATH\Controllers\VinylController.php on line 33.
 1 SYSTEMPATH\CodeIgniter.php(919): App\Controllers\VinylController->showdata()
 2 SYSTEMPATH\CodeIgniter.php(494): CodeIgniter\CodeIgniter->runController(Object(App\Controllers\VinylController))
 3 SYSTEMPATH\CodeIgniter.php(353): CodeIgniter\CodeIgniter->handleRequest(null, Object(Config\Cache), false)
 4 FCPATH\index.php(79): CodeIgniter\CodeIgniter->run()
 5 SYSTEMPATH\Commands\Server\rewrite.php(47): require_once('C:\\Users\\Phoenix\\Desktop\\GİT\\ARCHIVE\\public\\index.php')
CRITICAL - 2023-10-22 10:54:30 --> Object of class CodeIgniter\HTTP\Response could not be converted to string
in APPPATH\Controllers\VinylController.php on line 33.
 1 SYSTEMPATH\CodeIgniter.php(919): App\Controllers\VinylController->showdata()
 2 SYSTEMPATH\CodeIgniter.php(494): CodeIgniter\CodeIgniter->runController(Object(App\Controllers\VinylController))
 3 SYSTEMPATH\CodeIgniter.php(353): CodeIgniter\CodeIgniter->handleRequest(null, Object(Config\Cache), false)
 4 FCPATH\index.php(79): CodeIgniter\CodeIgniter->run()
 5 SYSTEMPATH\Commands\Server\rewrite.php(47): require_once('C:\\Users\\Phoenix\\Desktop\\GİT\\ARCHIVE\\public\\index.php')
CRITICAL - 2023-10-22 10:54:30 --> Object of class CodeIgniter\HTTP\Response could not be converted to string
in APPPATH\Controllers\VinylController.php on line 33.
 1 SYSTEMPATH\CodeIgniter.php(919): App\Controllers\VinylController->showdata()
 2 SYSTEMPATH\CodeIgniter.php(494): CodeIgniter\CodeIgniter->runController(Object(App\Controllers\VinylController))
 3 SYSTEMPATH\CodeIgniter.php(353): CodeIgniter\CodeIgniter->handleRequest(null, Object(Config\Cache), false)
 4 FCPATH\index.php(79): CodeIgniter\CodeIgniter->run()
 5 SYSTEMPATH\Commands\Server\rewrite.php(47): require_once('C:\\Users\\Phoenix\\Desktop\\GİT\\ARCHIVE\\public\\index.php')
CRITICAL - 2023-10-22 10:54:30 --> Object of class CodeIgniter\HTTP\Response could not be converted to string
in APPPATH\Controllers\VinylController.php on line 33.
 1 SYSTEMPATH\CodeIgniter.php(919): App\Controllers\VinylController->showdata()
 2 SYSTEMPATH\CodeIgniter.php(494): CodeIgniter\CodeIgniter->runController(Object(App\Controllers\VinylController))
 3 SYSTEMPATH\CodeIgniter.php(353): CodeIgniter\CodeIgniter->handleRequest(null, Object(Config\Cache), false)
 4 FCPATH\index.php(79): CodeIgniter\CodeIgniter->run()
 5 SYSTEMPATH\Commands\Server\rewrite.php(47): require_once('C:\\Users\\Phoenix\\Desktop\\GİT\\ARCHIVE\\public\\index.php')
CRITICAL - 2023-10-22 10:54:30 --> Object of class CodeIgniter\HTTP\Response could not be converted to string
in APPPATH\Controllers\VinylController.php on line 33.
 1 SYSTEMPATH\CodeIgniter.php(919): App\Controllers\VinylController->showdata()
 2 SYSTEMPATH\CodeIgniter.php(494): CodeIgniter\CodeIgniter->runController(Object(App\Controllers\VinylController))
 3 SYSTEMPATH\CodeIgniter.php(353): CodeIgniter\CodeIgniter->handleRequest(null, Object(Config\Cache), false)
 4 FCPATH\index.php(79): CodeIgniter\CodeIgniter->run()
 5 SYSTEMPATH\Commands\Server\rewrite.php(47): require_once('C:\\Users\\Phoenix\\Desktop\\GİT\\ARCHIVE\\public\\index.php')
CRITICAL - 2023-10-22 10:54:30 --> Object of class CodeIgniter\HTTP\Response could not be converted to string
in APPPATH\Controllers\VinylController.php on line 33.
 1 SYSTEMPATH\CodeIgniter.php(919): App\Controllers\VinylController->showdata()
 2 SYSTEMPATH\CodeIgniter.php(494): CodeIgniter\CodeIgniter->runController(Object(App\Controllers\VinylController))
 3 SYSTEMPATH\CodeIgniter.php(353): CodeIgniter\CodeIgniter->handleRequest(null, Object(Config\Cache), false)
 4 FCPATH\index.php(79): CodeIgniter\CodeIgniter->run()
 5 SYSTEMPATH\Commands\Server\rewrite.php(47): require_once('C:\\Users\\Phoenix\\Desktop\\GİT\\ARCHIVE\\public\\index.php')
CRITICAL - 2023-10-22 10:55:13 --> Object of class CodeIgniter\HTTP\Response could not be converted to string
in APPPATH\Controllers\VinylController.php on line 34.
 1 SYSTEMPATH\CodeIgniter.php(919): App\Controllers\VinylController->showdata()
 2 SYSTEMPATH\CodeIgniter.php(494): CodeIgniter\CodeIgniter->runController(Object(App\Controllers\VinylController))
 3 SYSTEMPATH\CodeIgniter.php(353): CodeIgniter\CodeIgniter->handleRequest(null, Object(Config\Cache), false)
 4 FCPATH\index.php(79): CodeIgniter\CodeIgniter->run()
 5 SYSTEMPATH\Commands\Server\rewrite.php(47): require_once('C:\\Users\\Phoenix\\Desktop\\GİT\\ARCHIVE\\public\\index.php')
CRITICAL - 2023-10-22 10:55:14 --> Object of class CodeIgniter\HTTP\Response could not be converted to string
in APPPATH\Controllers\VinylController.php on line 34.
 1 SYSTEMPATH\CodeIgniter.php(919): App\Controllers\VinylController->showdata()
 2 SYSTEMPATH\CodeIgniter.php(494): CodeIgniter\CodeIgniter->runController(Object(App\Controllers\VinylController))
 3 SYSTEMPATH\CodeIgniter.php(353): CodeIgniter\CodeIgniter->handleRequest(null, Object(Config\Cache), false)
 4 FCPATH\index.php(79): CodeIgniter\CodeIgniter->run()
 5 SYSTEMPATH\Commands\Server\rewrite.php(47): require_once('C:\\Users\\Phoenix\\Desktop\\GİT\\ARCHIVE\\public\\index.php')
CRITICAL - 2023-10-22 12:28:01 --> Object of class CodeIgniter\HTTP\Response could not be converted to string
in APPPATH\Controllers\VinylController.php on line 34.
 1 SYSTEMPATH\CodeIgniter.php(919): App\Controllers\VinylController->showdata()
 2 SYSTEMPATH\CodeIgniter.php(494): CodeIgniter\CodeIgniter->runController(Object(App\Controllers\VinylController))
 3 SYSTEMPATH\CodeIgniter.php(353): CodeIgniter\CodeIgniter->handleRequest(null, Object(Config\Cache), false)
 4 FCPATH\index.php(79): CodeIgniter\CodeIgniter->run()
 5 SYSTEMPATH\Commands\Server\rewrite.php(47): require_once('C:\\Users\\Phoenix\\Desktop\\GİT\\ARCHIVE\\public\\index.php')
CRITICAL - 2023-10-22 12:28:01 --> Object of class CodeIgniter\HTTP\Response could not be converted to string
in APPPATH\Controllers\VinylController.php on line 34.
 1 SYSTEMPATH\CodeIgniter.php(919): App\Controllers\VinylController->showdata()
 2 SYSTEMPATH\CodeIgniter.php(494): CodeIgniter\CodeIgniter->runController(Object(App\Controllers\VinylController))
 3 SYSTEMPATH\CodeIgniter.php(353): CodeIgniter\CodeIgniter->handleRequest(null, Object(Config\Cache), false)
 4 FCPATH\index.php(79): CodeIgniter\CodeIgniter->run()
 5 SYSTEMPATH\Commands\Server\rewrite.php(47): require_once('C:\\Users\\Phoenix\\Desktop\\GİT\\ARCHIVE\\public\\index.php')
CRITICAL - 2023-10-22 12:28:01 --> Object of class CodeIgniter\HTTP\Response could not be converted to string
in APPPATH\Controllers\VinylController.php on line 34.
 1 SYSTEMPATH\CodeIgniter.php(919): App\Controllers\VinylController->showdata()
 2 SYSTEMPATH\CodeIgniter.php(494): CodeIgniter\CodeIgniter->runController(Object(App\Controllers\VinylController))
 3 SYSTEMPATH\CodeIgniter.php(353): CodeIgniter\CodeIgniter->handleRequest(null, Object(Config\Cache), false)
 4 FCPATH\index.php(79): CodeIgniter\CodeIgniter->run()
 5 SYSTEMPATH\Commands\Server\rewrite.php(47): require_once('C:\\Users\\Phoenix\\Desktop\\GİT\\ARCHIVE\\public\\index.php')
CRITICAL - 2023-10-22 12:28:02 --> Object of class CodeIgniter\HTTP\Response could not be converted to string
in APPPATH\Controllers\VinylController.php on line 34.
 1 SYSTEMPATH\CodeIgniter.php(919): App\Controllers\VinylController->showdata()
 2 SYSTEMPATH\CodeIgniter.php(494): CodeIgniter\CodeIgniter->runController(Object(App\Controllers\VinylController))
 3 SYSTEMPATH\CodeIgniter.php(353): CodeIgniter\CodeIgniter->handleRequest(null, Object(Config\Cache), false)
 4 FCPATH\index.php(79): CodeIgniter\CodeIgniter->run()
 5 SYSTEMPATH\Commands\Server\rewrite.php(47): require_once('C:\\Users\\Phoenix\\Desktop\\GİT\\ARCHIVE\\public\\index.php')
CRITICAL - 2023-10-22 12:28:02 --> Object of class CodeIgniter\HTTP\Response could not be converted to string
in APPPATH\Controllers\VinylController.php on line 34.
 1 SYSTEMPATH\CodeIgniter.php(919): App\Controllers\VinylController->showdata()
 2 SYSTEMPATH\CodeIgniter.php(494): CodeIgniter\CodeIgniter->runController(Object(App\Controllers\VinylController))
 3 SYSTEMPATH\CodeIgniter.php(353): CodeIgniter\CodeIgniter->handleRequest(null, Object(Config\Cache), false)
 4 FCPATH\index.php(79): CodeIgniter\CodeIgniter->run()
 5 SYSTEMPATH\Commands\Server\rewrite.php(47): require_once('C:\\Users\\Phoenix\\Desktop\\GİT\\ARCHIVE\\public\\index.php')
CRITICAL - 2023-10-22 12:30:17 --> Object of class CodeIgniter\HTTP\Response could not be converted to string
in APPPATH\Controllers\VinylController.php on line 34.
 1 SYSTEMPATH\CodeIgniter.php(919): App\Controllers\VinylController->showdata()
 2 SYSTEMPATH\CodeIgniter.php(494): CodeIgniter\CodeIgniter->runController(Object(App\Controllers\VinylController))
 3 SYSTEMPATH\CodeIgniter.php(353): CodeIgniter\CodeIgniter->handleRequest(null, Object(Config\Cache), false)
 4 FCPATH\index.php(79): CodeIgniter\CodeIgniter->run()
 5 SYSTEMPATH\Commands\Server\rewrite.php(47): require_once('C:\\Users\\Phoenix\\Desktop\\GİT\\ARCHIVE\\public\\index.php')
CRITICAL - 2023-10-22 12:31:09 --> json_decode(): Argument #1 ($json) must be of type string, array given
in APPPATH\Controllers\VinylController.php on line 33.
 1 APPPATH\Controllers\VinylController.php(33): json_decode([...], true)
 2 SYSTEMPATH\CodeIgniter.php(919): App\Controllers\VinylController->showdata()
 3 SYSTEMPATH\CodeIgniter.php(494): CodeIgniter\CodeIgniter->runController(Object(App\Controllers\VinylController))
 4 SYSTEMPATH\CodeIgniter.php(353): CodeIgniter\CodeIgniter->handleRequest(null, Object(Config\Cache), false)
 5 FCPATH\index.php(79): CodeIgniter\CodeIgniter->run()
 6 SYSTEMPATH\Commands\Server\rewrite.php(47): require_once('C:\\Users\\Phoenix\\Desktop\\GİT\\ARCHIVE\\public\\index.php')
CRITICAL - 2023-10-22 12:31:14 --> json_decode(): Argument #1 ($json) must be of type string, array given
in APPPATH\Controllers\VinylController.php on line 33.
 1 APPPATH\Controllers\VinylController.php(33): json_decode([...], true)
 2 SYSTEMPATH\CodeIgniter.php(919): App\Controllers\VinylController->showdata()
 3 SYSTEMPATH\CodeIgniter.php(494): CodeIgniter\CodeIgniter->runController(Object(App\Controllers\VinylController))
 4 SYSTEMPATH\CodeIgniter.php(353): CodeIgniter\CodeIgniter->handleRequest(null, Object(Config\Cache), false)
 5 FCPATH\index.php(79): CodeIgniter\CodeIgniter->run()
 6 SYSTEMPATH\Commands\Server\rewrite.php(47): require_once('C:\\Users\\Phoenix\\Desktop\\GİT\\ARCHIVE\\public\\index.php')
CRITICAL - 2023-10-22 12:31:17 --> json_decode(): Argument #1 ($json) must be of type string, array given
in APPPATH\Controllers\VinylController.php on line 33.
 1 APPPATH\Controllers\VinylController.php(33): json_decode([...], true)
 2 SYSTEMPATH\CodeIgniter.php(919): App\Controllers\VinylController->showdata()
 3 SYSTEMPATH\CodeIgniter.php(494): CodeIgniter\CodeIgniter->runController(Object(App\Controllers\VinylController))
 4 SYSTEMPATH\CodeIgniter.php(353): CodeIgniter\CodeIgniter->handleRequest(null, Object(Config\Cache), false)
 5 FCPATH\index.php(79): CodeIgniter\CodeIgniter->run()
 6 SYSTEMPATH\Commands\Server\rewrite.php(47): require_once('C:\\Users\\Phoenix\\Desktop\\GİT\\ARCHIVE\\public\\index.php')
CRITICAL - 2023-10-22 12:31:58 --> json_decode(): Argument #1 ($json) must be of type string, array given
in APPPATH\Controllers\VinylController.php on line 33.
 1 APPPATH\Controllers\VinylController.php(33): json_decode([...], true)
 2 SYSTEMPATH\CodeIgniter.php(919): App\Controllers\VinylController->showdata()
 3 SYSTEMPATH\CodeIgniter.php(494): CodeIgniter\CodeIgniter->runController(Object(App\Controllers\VinylController))
 4 SYSTEMPATH\CodeIgniter.php(353): CodeIgniter\CodeIgniter->handleRequest(null, Object(Config\Cache), false)
 5 FCPATH\index.php(79): CodeIgniter\CodeIgniter->run()
 6 SYSTEMPATH\Commands\Server\rewrite.php(47): require_once('C:\\Users\\Phoenix\\Desktop\\GİT\\ARCHIVE\\public\\index.php')
CRITICAL - 2023-10-22 12:31:58 --> json_decode(): Argument #1 ($json) must be of type string, array given
in APPPATH\Controllers\VinylController.php on line 33.
 1 APPPATH\Controllers\VinylController.php(33): json_decode([...], true)
 2 SYSTEMPATH\CodeIgniter.php(919): App\Controllers\VinylController->showdata()
 3 SYSTEMPATH\CodeIgniter.php(494): CodeIgniter\CodeIgniter->runController(Object(App\Controllers\VinylController))
 4 SYSTEMPATH\CodeIgniter.php(353): CodeIgniter\CodeIgniter->handleRequest(null, Object(Config\Cache), false)
 5 FCPATH\index.php(79): CodeIgniter\CodeIgniter->run()
 6 SYSTEMPATH\Commands\Server\rewrite.php(47): require_once('C:\\Users\\Phoenix\\Desktop\\GİT\\ARCHIVE\\public\\index.php')
CRITICAL - 2023-10-22 12:31:59 --> json_decode(): Argument #1 ($json) must be of type string, array given
in APPPATH\Controllers\VinylController.php on line 33.
 1 APPPATH\Controllers\VinylController.php(33): json_decode([...], true)
 2 SYSTEMPATH\CodeIgniter.php(919): App\Controllers\VinylController->showdata()
 3 SYSTEMPATH\CodeIgniter.php(494): CodeIgniter\CodeIgniter->runController(Object(App\Controllers\VinylController))
 4 SYSTEMPATH\CodeIgniter.php(353): CodeIgniter\CodeIgniter->handleRequest(null, Object(Config\Cache), false)
 5 FCPATH\index.php(79): CodeIgniter\CodeIgniter->run()
 6 SYSTEMPATH\Commands\Server\rewrite.php(47): require_once('C:\\Users\\Phoenix\\Desktop\\GİT\\ARCHIVE\\public\\index.php')
CRITICAL - 2023-10-22 12:31:59 --> json_decode(): Argument #1 ($json) must be of type string, array given
in APPPATH\Controllers\VinylController.php on line 33.
 1 APPPATH\Controllers\VinylController.php(33): json_decode([...], true)
 2 SYSTEMPATH\CodeIgniter.php(919): App\Controllers\VinylController->showdata()
 3 SYSTEMPATH\CodeIgniter.php(494): CodeIgniter\CodeIgniter->runController(Object(App\Controllers\VinylController))
 4 SYSTEMPATH\CodeIgniter.php(353): CodeIgniter\CodeIgniter->handleRequest(null, Object(Config\Cache), false)
 5 FCPATH\index.php(79): CodeIgniter\CodeIgniter->run()
 6 SYSTEMPATH\Commands\Server\rewrite.php(47): require_once('C:\\Users\\Phoenix\\Desktop\\GİT\\ARCHIVE\\public\\index.php')
CRITICAL - 2023-10-22 12:31:59 --> json_decode(): Argument #1 ($json) must be of type string, array given
in APPPATH\Controllers\VinylController.php on line 33.
 1 APPPATH\Controllers\VinylController.php(33): json_decode([...], true)
 2 SYSTEMPATH\CodeIgniter.php(919): App\Controllers\VinylController->showdata()
 3 SYSTEMPATH\CodeIgniter.php(494): CodeIgniter\CodeIgniter->runController(Object(App\Controllers\VinylController))
 4 SYSTEMPATH\CodeIgniter.php(353): CodeIgniter\CodeIgniter->handleRequest(null, Object(Config\Cache), false)
 5 FCPATH\index.php(79): CodeIgniter\CodeIgniter->run()
 6 SYSTEMPATH\Commands\Server\rewrite.php(47): require_once('C:\\Users\\Phoenix\\Desktop\\GİT\\ARCHIVE\\public\\index.php')
CRITICAL - 2023-10-22 12:32:38 --> Object of class CodeIgniter\HTTP\Response could not be converted to string
in APPPATH\Controllers\VinylController.php on line 34.
 1 SYSTEMPATH\CodeIgniter.php(919): App\Controllers\VinylController->showdata()
 2 SYSTEMPATH\CodeIgniter.php(494): CodeIgniter\CodeIgniter->runController(Object(App\Controllers\VinylController))
 3 SYSTEMPATH\CodeIgniter.php(353): CodeIgniter\CodeIgniter->handleRequest(null, Object(Config\Cache), false)
 4 FCPATH\index.php(79): CodeIgniter\CodeIgniter->run()
 5 SYSTEMPATH\Commands\Server\rewrite.php(47): require_once('C:\\Users\\Phoenix\\Desktop\\GİT\\ARCHIVE\\public\\index.php')
CRITICAL - 2023-10-22 12:46:55 --> Object of class CodeIgniter\HTTP\Response could not be converted to string
in APPPATH\Controllers\VinylController.php on line 25.
 1 SYSTEMPATH\CodeIgniter.php(919): App\Controllers\VinylController->showdata()
 2 SYSTEMPATH\CodeIgniter.php(494): CodeIgniter\CodeIgniter->runController(Object(App\Controllers\VinylController))
 3 SYSTEMPATH\CodeIgniter.php(353): CodeIgniter\CodeIgniter->handleRequest(null, Object(Config\Cache), false)
 4 FCPATH\index.php(79): CodeIgniter\CodeIgniter->run()
 5 SYSTEMPATH\Commands\Server\rewrite.php(47): require_once('C:\\Users\\Phoenix\\Desktop\\GİT\\ARCHIVE\\public\\index.php')
CRITICAL - 2023-10-22 12:48:08 --> Object of class CodeIgniter\HTTP\Response could not be converted to string
in APPPATH\Controllers\VinylController.php on line 25.
 1 SYSTEMPATH\CodeIgniter.php(919): App\Controllers\VinylController->showdata()
 2 SYSTEMPATH\CodeIgniter.php(494): CodeIgniter\CodeIgniter->runController(Object(App\Controllers\VinylController))
 3 SYSTEMPATH\CodeIgniter.php(353): CodeIgniter\CodeIgniter->handleRequest(null, Object(Config\Cache), false)
 4 FCPATH\index.php(79): CodeIgniter\CodeIgniter->run()
 5 SYSTEMPATH\Commands\Server\rewrite.php(47): require_once('C:\\Users\\Phoenix\\Desktop\\GİT\\ARCHIVE\\public\\index.php')
CRITICAL - 2023-10-22 12:48:08 --> Object of class CodeIgniter\HTTP\Response could not be converted to string
in APPPATH\Controllers\VinylController.php on line 25.
 1 SYSTEMPATH\CodeIgniter.php(919): App\Controllers\VinylController->showdata()
 2 SYSTEMPATH\CodeIgniter.php(494): CodeIgniter\CodeIgniter->runController(Object(App\Controllers\VinylController))
 3 SYSTEMPATH\CodeIgniter.php(353): CodeIgniter\CodeIgniter->handleRequest(null, Object(Config\Cache), false)
 4 FCPATH\index.php(79): CodeIgniter\CodeIgniter->run()
 5 SYSTEMPATH\Commands\Server\rewrite.php(47): require_once('C:\\Users\\Phoenix\\Desktop\\GİT\\ARCHIVE\\public\\index.php')
CRITICAL - 2023-10-22 12:48:08 --> Object of class CodeIgniter\HTTP\Response could not be converted to string
in APPPATH\Controllers\VinylController.php on line 25.
 1 SYSTEMPATH\CodeIgniter.php(919): App\Controllers\VinylController->showdata()
 2 SYSTEMPATH\CodeIgniter.php(494): CodeIgniter\CodeIgniter->runController(Object(App\Controllers\VinylController))
 3 SYSTEMPATH\CodeIgniter.php(353): CodeIgniter\CodeIgniter->handleRequest(null, Object(Config\Cache), false)
 4 FCPATH\index.php(79): CodeIgniter\CodeIgniter->run()
 5 SYSTEMPATH\Commands\Server\rewrite.php(47): require_once('C:\\Users\\Phoenix\\Desktop\\GİT\\ARCHIVE\\public\\index.php')
CRITICAL - 2023-10-22 12:48:08 --> Object of class CodeIgniter\HTTP\Response could not be converted to string
in APPPATH\Controllers\VinylController.php on line 25.
 1 SYSTEMPATH\CodeIgniter.php(919): App\Controllers\VinylController->showdata()
 2 SYSTEMPATH\CodeIgniter.php(494): CodeIgniter\CodeIgniter->runController(Object(App\Controllers\VinylController))
 3 SYSTEMPATH\CodeIgniter.php(353): CodeIgniter\CodeIgniter->handleRequest(null, Object(Config\Cache), false)
 4 FCPATH\index.php(79): CodeIgniter\CodeIgniter->run()
 5 SYSTEMPATH\Commands\Server\rewrite.php(47): require_once('C:\\Users\\Phoenix\\Desktop\\GİT\\ARCHIVE\\public\\index.php')
CRITICAL - 2023-10-22 12:48:09 --> Object of class CodeIgniter\HTTP\Response could not be converted to string
in APPPATH\Controllers\VinylController.php on line 25.
 1 SYSTEMPATH\CodeIgniter.php(919): App\Controllers\VinylController->showdata()
 2 SYSTEMPATH\CodeIgniter.php(494): CodeIgniter\CodeIgniter->runController(Object(App\Controllers\VinylController))
 3 SYSTEMPATH\CodeIgniter.php(353): CodeIgniter\CodeIgniter->handleRequest(null, Object(Config\Cache), false)
 4 FCPATH\index.php(79): CodeIgniter\CodeIgniter->run()
 5 SYSTEMPATH\Commands\Server\rewrite.php(47): require_once('C:\\Users\\Phoenix\\Desktop\\GİT\\ARCHIVE\\public\\index.php')
CRITICAL - 2023-10-22 12:48:09 --> Object of class CodeIgniter\HTTP\Response could not be converted to string
in APPPATH\Controllers\VinylController.php on line 25.
 1 SYSTEMPATH\CodeIgniter.php(919): App\Controllers\VinylController->showdata()
 2 SYSTEMPATH\CodeIgniter.php(494): CodeIgniter\CodeIgniter->runController(Object(App\Controllers\VinylController))
 3 SYSTEMPATH\CodeIgniter.php(353): CodeIgniter\CodeIgniter->handleRequest(null, Object(Config\Cache), false)
 4 FCPATH\index.php(79): CodeIgniter\CodeIgniter->run()
 5 SYSTEMPATH\Commands\Server\rewrite.php(47): require_once('C:\\Users\\Phoenix\\Desktop\\GİT\\ARCHIVE\\public\\index.php')
CRITICAL - 2023-10-22 12:48:09 --> Object of class CodeIgniter\HTTP\Response could not be converted to string
in APPPATH\Controllers\VinylController.php on line 25.
 1 SYSTEMPATH\CodeIgniter.php(919): App\Controllers\VinylController->showdata()
 2 SYSTEMPATH\CodeIgniter.php(494): CodeIgniter\CodeIgniter->runController(Object(App\Controllers\VinylController))
 3 SYSTEMPATH\CodeIgniter.php(353): CodeIgniter\CodeIgniter->handleRequest(null, Object(Config\Cache), false)
 4 FCPATH\index.php(79): CodeIgniter\CodeIgniter->run()
 5 SYSTEMPATH\Commands\Server\rewrite.php(47): require_once('C:\\Users\\Phoenix\\Desktop\\GİT\\ARCHIVE\\public\\index.php')
CRITICAL - 2023-10-22 12:53:28 --> Object of class CodeIgniter\HTTP\Response could not be converted to string
in APPPATH\Controllers\VinylController.php on line 25.
 1 SYSTEMPATH\CodeIgniter.php(919): App\Controllers\VinylController->showdata()
 2 SYSTEMPATH\CodeIgniter.php(494): CodeIgniter\CodeIgniter->runController(Object(App\Controllers\VinylController))
 3 SYSTEMPATH\CodeIgniter.php(353): CodeIgniter\CodeIgniter->handleRequest(null, Object(Config\Cache), false)
 4 FCPATH\index.php(79): CodeIgniter\CodeIgniter->run()
 5 SYSTEMPATH\Commands\Server\rewrite.php(47): require_once('C:\\Users\\Phoenix\\Desktop\\GİT\\ARCHIVE\\public\\index.php')
CRITICAL - 2023-10-22 12:55:49 --> Object of class CodeIgniter\HTTP\Response could not be converted to string
in APPPATH\Controllers\VinylController.php on line 25.
 1 SYSTEMPATH\CodeIgniter.php(919): App\Controllers\VinylController->showdata()
 2 SYSTEMPATH\CodeIgniter.php(494): CodeIgniter\CodeIgniter->runController(Object(App\Controllers\VinylController))
 3 SYSTEMPATH\CodeIgniter.php(353): CodeIgniter\CodeIgniter->handleRequest(null, Object(Config\Cache), false)
 4 FCPATH\index.php(79): CodeIgniter\CodeIgniter->run()
 5 SYSTEMPATH\Commands\Server\rewrite.php(47): require_once('C:\\Users\\Phoenix\\Desktop\\GİT\\ARCHIVE\\public\\index.php')
CRITICAL - 2023-10-22 12:55:50 --> Object of class CodeIgniter\HTTP\Response could not be converted to string
in APPPATH\Controllers\VinylController.php on line 25.
 1 SYSTEMPATH\CodeIgniter.php(919): App\Controllers\VinylController->showdata()
 2 SYSTEMPATH\CodeIgniter.php(494): CodeIgniter\CodeIgniter->runController(Object(App\Controllers\VinylController))
 3 SYSTEMPATH\CodeIgniter.php(353): CodeIgniter\CodeIgniter->handleRequest(null, Object(Config\Cache), false)
 4 FCPATH\index.php(79): CodeIgniter\CodeIgniter->run()
 5 SYSTEMPATH\Commands\Server\rewrite.php(47): require_once('C:\\Users\\Phoenix\\Desktop\\GİT\\ARCHIVE\\public\\index.php')
CRITICAL - 2023-10-22 12:55:51 --> Object of class CodeIgniter\HTTP\Response could not be converted to string
in APPPATH\Controllers\VinylController.php on line 25.
 1 SYSTEMPATH\CodeIgniter.php(919): App\Controllers\VinylController->showdata()
 2 SYSTEMPATH\CodeIgniter.php(494): CodeIgniter\CodeIgniter->runController(Object(App\Controllers\VinylController))
 3 SYSTEMPATH\CodeIgniter.php(353): CodeIgniter\CodeIgniter->handleRequest(null, Object(Config\Cache), false)
 4 FCPATH\index.php(79): CodeIgniter\CodeIgniter->run()
 5 SYSTEMPATH\Commands\Server\rewrite.php(47): require_once('C:\\Users\\Phoenix\\Desktop\\GİT\\ARCHIVE\\public\\index.php')
CRITICAL - 2023-10-22 12:55:51 --> Object of class CodeIgniter\HTTP\Response could not be converted to string
in APPPATH\Controllers\VinylController.php on line 25.
 1 SYSTEMPATH\CodeIgniter.php(919): App\Controllers\VinylController->showdata()
 2 SYSTEMPATH\CodeIgniter.php(494): CodeIgniter\CodeIgniter->runController(Object(App\Controllers\VinylController))
 3 SYSTEMPATH\CodeIgniter.php(353): CodeIgniter\CodeIgniter->handleRequest(null, Object(Config\Cache), false)
 4 FCPATH\index.php(79): CodeIgniter\CodeIgniter->run()
 5 SYSTEMPATH\Commands\Server\rewrite.php(47): require_once('C:\\Users\\Phoenix\\Desktop\\GİT\\ARCHIVE\\public\\index.php')
CRITICAL - 2023-10-22 12:55:51 --> Object of class CodeIgniter\HTTP\Response could not be converted to string
in APPPATH\Controllers\VinylController.php on line 25.
 1 SYSTEMPATH\CodeIgniter.php(919): App\Controllers\VinylController->showdata()
 2 SYSTEMPATH\CodeIgniter.php(494): CodeIgniter\CodeIgniter->runController(Object(App\Controllers\VinylController))
 3 SYSTEMPATH\CodeIgniter.php(353): CodeIgniter\CodeIgniter->handleRequest(null, Object(Config\Cache), false)
 4 FCPATH\index.php(79): CodeIgniter\CodeIgniter->run()
 5 SYSTEMPATH\Commands\Server\rewrite.php(47): require_once('C:\\Users\\Phoenix\\Desktop\\GİT\\ARCHIVE\\public\\index.php')
CRITICAL - 2023-10-22 12:55:51 --> Object of class CodeIgniter\HTTP\Response could not be converted to string
in APPPATH\Controllers\VinylController.php on line 25.
 1 SYSTEMPATH\CodeIgniter.php(919): App\Controllers\VinylController->showdata()
 2 SYSTEMPATH\CodeIgniter.php(494): CodeIgniter\CodeIgniter->runController(Object(App\Controllers\VinylController))
 3 SYSTEMPATH\CodeIgniter.php(353): CodeIgniter\CodeIgniter->handleRequest(null, Object(Config\Cache), false)
 4 FCPATH\index.php(79): CodeIgniter\CodeIgniter->run()
 5 SYSTEMPATH\Commands\Server\rewrite.php(47): require_once('C:\\Users\\Phoenix\\Desktop\\GİT\\ARCHIVE\\public\\index.php')
CRITICAL - 2023-10-22 12:56:13 --> Invalid file: "Home/datatable.php"
in SYSTEMPATH\Exceptions\FrameworkException.php on line 39.
 1 SYSTEMPATH\View\View.php(214): CodeIgniter\Exceptions\FrameworkException::forInvalidFile('Home/datatable.php')
 2 SYSTEMPATH\Common.php(1188): CodeIgniter\View\View->render('Home/datatable.php', [], true)
 3 APPPATH\Controllers\VinylController.php(28): view('Home/datatable.php', [...])
 4 SYSTEMPATH\CodeIgniter.php(919): App\Controllers\VinylController->showdata()
 5 SYSTEMPATH\CodeIgniter.php(494): CodeIgniter\CodeIgniter->runController(Object(App\Controllers\VinylController))
 6 SYSTEMPATH\CodeIgniter.php(353): CodeIgniter\CodeIgniter->handleRequest(null, Object(Config\Cache), false)
 7 FCPATH\index.php(79): CodeIgniter\CodeIgniter->run()
 8 SYSTEMPATH\Commands\Server\rewrite.php(47): require_once('C:\\Users\\Phoenix\\Desktop\\GİT\\ARCHIVE\\public\\index.php')
CRITICAL - 2023-10-22 13:24:06 --> Invalid file: "welcome_message.php"
in SYSTEMPATH\Exceptions\FrameworkException.php on line 39.
 1 SYSTEMPATH\View\View.php(214): CodeIgniter\Exceptions\FrameworkException::forInvalidFile('welcome_message.php')
 2 SYSTEMPATH\Common.php(1188): CodeIgniter\View\View->render('welcome_message', [], true)
 3 APPPATH\Controllers\Home.php(9): view('welcome_message')
 4 SYSTEMPATH\CodeIgniter.php(919): App\Controllers\Home->index()
 5 SYSTEMPATH\CodeIgniter.php(494): CodeIgniter\CodeIgniter->runController(Object(App\Controllers\Home))
 6 SYSTEMPATH\CodeIgniter.php(353): CodeIgniter\CodeIgniter->handleRequest(null, Object(Config\Cache), false)
 7 FCPATH\index.php(79): CodeIgniter\CodeIgniter->run()
 8 SYSTEMPATH\Commands\Server\rewrite.php(47): require_once('C:\\Users\\Phoenix\\Desktop\\GİT\\ARCHIVE\\public\\index.php')
CRITICAL - 2023-10-22 13:24:41 --> Invalid file: "welcome_message.php"
in SYSTEMPATH\Exceptions\FrameworkException.php on line 39.
 1 SYSTEMPATH\View\View.php(214): CodeIgniter\Exceptions\FrameworkException::forInvalidFile('welcome_message.php')
 2 SYSTEMPATH\Common.php(1188): CodeIgniter\View\View->render('welcome_message', [], true)
 3 APPPATH\Controllers\Home.php(9): view('welcome_message')
 4 SYSTEMPATH\CodeIgniter.php(919): App\Controllers\Home->index()
 5 SYSTEMPATH\CodeIgniter.php(494): CodeIgniter\CodeIgniter->runController(Object(App\Controllers\Home))
 6 SYSTEMPATH\CodeIgniter.php(353): CodeIgniter\CodeIgniter->handleRequest(null, Object(Config\Cache), false)
 7 FCPATH\index.php(79): CodeIgniter\CodeIgniter->run()
 8 SYSTEMPATH\Commands\Server\rewrite.php(47): require_once('C:\\Users\\Phoenix\\Desktop\\GİT\\ARCHIVE\\public\\index.php')
