ERROR - 2023-10-21 05:49:28 --> Error connecting to the database: mysqli_sql_exception: Unknown database 'vinyl' in C:\Users\Phoenix\Desktop\GİT\ARCHIVE\system\Database\MySQLi\Connection.php:184
Stack trace:
#0 C:\Users\Phoenix\Desktop\GİT\ARCHIVE\system\Database\MySQLi\Connection.php(184): mysqli->real_connect('localhost', 'root', Object(SensitiveParameterValue), 'vinyl', 3306, '', 0)
#1 C:\Users\Phoenix\Desktop\GİT\ARCHIVE\system\Database\BaseConnection.php(391): CodeIgniter\Database\MySQLi\Connection->connect(false)
#2 C:\Users\Phoenix\Desktop\GİT\ARCHIVE\system\Database\BaseConnection.php(574): CodeIgniter\Database\BaseConnection->initialize()
#3 C:\Users\Phoenix\Desktop\GİT\ARCHIVE\system\Database\BaseBuilder.php(1615): CodeIgniter\Database\BaseConnection->query('SELECT *\nFROM `...', Array, false)
#4 C:\Users\Phoenix\Desktop\GİT\ARCHIVE\system\Model.php(237): CodeIgniter\Database\BaseBuilder->get()
#5 C:\Users\Phoenix\Desktop\GİT\ARCHIVE\system\BaseModel.php(624): CodeIgniter\Model->doFindAll(0, 0)
#6 C:\Users\Phoenix\Desktop\GİT\ARCHIVE\app\Controllers\VinylController.php(15): CodeIgniter\BaseModel->findAll()
#7 C:\Users\Phoenix\Desktop\GİT\ARCHIVE\system\CodeIgniter.php(919): App\Controllers\VinylController->showdata()
#8 C:\Users\Phoenix\Desktop\GİT\ARCHIVE\system\CodeIgniter.php(494): CodeIgniter\CodeIgniter->runController(Object(App\Controllers\VinylController))
#9 C:\Users\Phoenix\Desktop\GİT\ARCHIVE\system\CodeIgniter.php(353): CodeIgniter\CodeIgniter->handleRequest(NULL, Object(Config\Cache), false)
#10 C:\Users\Phoenix\Desktop\GİT\ARCHIVE\public\index.php(79): CodeIgniter\CodeIgniter->run()
#11 C:\Users\Phoenix\Desktop\GİT\ARCHIVE\system\Commands\Server\rewrite.php(47): require_once('C:\\Users\\Phoeni...')
#12 {main}

Next CodeIgniter\Database\Exceptions\DatabaseException: Unknown database 'vinyl' in C:\Users\Phoenix\Desktop\GİT\ARCHIVE\system\Database\MySQLi\Connection.php:229
Stack trace:
#0 C:\Users\Phoenix\Desktop\GİT\ARCHIVE\system\Database\BaseConnection.php(391): CodeIgniter\Database\MySQLi\Connection->connect(false)
#1 C:\Users\Phoenix\Desktop\GİT\ARCHIVE\system\Database\BaseConnection.php(574): CodeIgniter\Database\BaseConnection->initialize()
#2 C:\Users\Phoenix\Desktop\GİT\ARCHIVE\system\Database\BaseBuilder.php(1615): CodeIgniter\Database\BaseConnection->query('SELECT *\nFROM `...', Array, false)
#3 C:\Users\Phoenix\Desktop\GİT\ARCHIVE\system\Model.php(237): CodeIgniter\Database\BaseBuilder->get()
#4 C:\Users\Phoenix\Desktop\GİT\ARCHIVE\system\BaseModel.php(624): CodeIgniter\Model->doFindAll(0, 0)
#5 C:\Users\Phoenix\Desktop\GİT\ARCHIVE\app\Controllers\VinylController.php(15): CodeIgniter\BaseModel->findAll()
#6 C:\Users\Phoenix\Desktop\GİT\ARCHIVE\system\CodeIgniter.php(919): App\Controllers\VinylController->showdata()
#7 C:\Users\Phoenix\Desktop\GİT\ARCHIVE\system\CodeIgniter.php(494): CodeIgniter\CodeIgniter->runController(Object(App\Controllers\VinylController))
#8 C:\Users\Phoenix\Desktop\GİT\ARCHIVE\system\CodeIgniter.php(353): CodeIgniter\CodeIgniter->handleRequest(NULL, Object(Config\Cache), false)
#9 C:\Users\Phoenix\Desktop\GİT\ARCHIVE\public\index.php(79): CodeIgniter\CodeIgniter->run()
#10 C:\Users\Phoenix\Desktop\GİT\ARCHIVE\system\Commands\Server\rewrite.php(47): require_once('C:\\Users\\Phoeni...')
#11 {main}
CRITICAL - 2023-10-21 05:49:28 --> Unable to connect to the database.
Main connection [MySQLi]: Unknown database 'vinyl'
in SYSTEMPATH\Database\BaseConnection.php on line 427.
 1 SYSTEMPATH\Database\BaseConnection.php(574): CodeIgniter\Database\BaseConnection->initialize()
 2 SYSTEMPATH\Database\BaseBuilder.php(1615): CodeIgniter\Database\BaseConnection->query('SELECT *
FROM `vinyl`', [], false)
 3 SYSTEMPATH\Model.php(237): CodeIgniter\Database\BaseBuilder->get()
 4 SYSTEMPATH\BaseModel.php(624): CodeIgniter\Model->doFindAll(0, 0)
 5 APPPATH\Controllers\VinylController.php(15): CodeIgniter\BaseModel->findAll()
 6 SYSTEMPATH\CodeIgniter.php(919): App\Controllers\VinylController->showdata()
 7 SYSTEMPATH\CodeIgniter.php(494): CodeIgniter\CodeIgniter->runController(Object(App\Controllers\VinylController))
 8 SYSTEMPATH\CodeIgniter.php(353): CodeIgniter\CodeIgniter->handleRequest(null, Object(Config\Cache), false)
 9 FCPATH\index.php(79): CodeIgniter\CodeIgniter->run()
10 SYSTEMPATH\Commands\Server\rewrite.php(47): require_once('C:\\Users\\Phoenix\\Desktop\\GİT\\ARCHIVE\\public\\index.php')
