CRITICAL - 2024-01-05 07:44:26 --> Call to a member function getPost() on null
in APPPATH\Models\GameModel.php on line 25.
 1 APPPATH\Controllers\GameController.php(18): App\Models\GameModel->call_game()
 2 SYSTEMPATH\CodeIgniter.php(919): App\Controllers\GameController->showgamedata()
 3 SYSTEMPATH\CodeIgniter.php(494): CodeIgniter\CodeIgniter->runController()
 4 SYSTEMPATH\CodeIgniter.php(353): CodeIgniter\CodeIgniter->handleRequest()
 5 FCPATH\index.php(79): CodeIgniter\CodeIgniter->run()
 6 SYSTEMPATH\Commands\Server\rewrite.php(47): require_once('C:\\Users\\INFODIF\\Desktop\\GİT\\ARCHIVE\\public\\index.php')
CRITICAL - 2024-01-05 07:44:31 --> Call to a member function getPost() on null
in APPPATH\Models\GameModel.php on line 25.
 1 APPPATH\Controllers\GameController.php(18): App\Models\GameModel->call_game()
 2 SYSTEMPATH\CodeIgniter.php(919): App\Controllers\GameController->showgamedata()
 3 SYSTEMPATH\CodeIgniter.php(494): CodeIgniter\CodeIgniter->runController()
 4 SYSTEMPATH\CodeIgniter.php(353): CodeIgniter\CodeIgniter->handleRequest()
 5 FCPATH\index.php(79): CodeIgniter\CodeIgniter->run()
 6 SYSTEMPATH\Commands\Server\rewrite.php(47): require_once('C:\\Users\\INFODIF\\Desktop\\GİT\\ARCHIVE\\public\\index.php')
CRITICAL - 2024-01-05 07:44:47 --> Call to a member function getPost() on null
in APPPATH\Models\GameModel.php on line 25.
 1 APPPATH\Controllers\GameController.php(18): App\Models\GameModel->call_game()
 2 SYSTEMPATH\CodeIgniter.php(919): App\Controllers\GameController->showgamedata()
 3 SYSTEMPATH\CodeIgniter.php(494): CodeIgniter\CodeIgniter->runController()
 4 SYSTEMPATH\CodeIgniter.php(353): CodeIgniter\CodeIgniter->handleRequest()
 5 FCPATH\index.php(79): CodeIgniter\CodeIgniter->run()
 6 SYSTEMPATH\Commands\Server\rewrite.php(47): require_once('C:\\Users\\INFODIF\\Desktop\\GİT\\ARCHIVE\\public\\index.php')
CRITICAL - 2024-01-05 07:44:48 --> Call to a member function getPost() on null
in APPPATH\Models\GameModel.php on line 25.
 1 APPPATH\Controllers\GameController.php(18): App\Models\GameModel->call_game()
 2 SYSTEMPATH\CodeIgniter.php(919): App\Controllers\GameController->showgamedata()
 3 SYSTEMPATH\CodeIgniter.php(494): CodeIgniter\CodeIgniter->runController()
 4 SYSTEMPATH\CodeIgniter.php(353): CodeIgniter\CodeIgniter->handleRequest()
 5 FCPATH\index.php(79): CodeIgniter\CodeIgniter->run()
 6 SYSTEMPATH\Commands\Server\rewrite.php(47): require_once('C:\\Users\\INFODIF\\Desktop\\GİT\\ARCHIVE\\public\\index.php')
CRITICAL - 2024-01-05 07:44:57 --> Call to a member function getPost() on null
in APPPATH\Models\GameModel.php on line 25.
 1 APPPATH\Controllers\GameController.php(18): App\Models\GameModel->call_game()
 2 SYSTEMPATH\CodeIgniter.php(919): App\Controllers\GameController->showgamedata()
 3 SYSTEMPATH\CodeIgniter.php(494): CodeIgniter\CodeIgniter->runController()
 4 SYSTEMPATH\CodeIgniter.php(353): CodeIgniter\CodeIgniter->handleRequest()
 5 FCPATH\index.php(79): CodeIgniter\CodeIgniter->run()
 6 SYSTEMPATH\Commands\Server\rewrite.php(47): require_once('C:\\Users\\INFODIF\\Desktop\\GİT\\ARCHIVE\\public\\index.php')
CRITICAL - 2024-01-05 07:45:44 --> CodeIgniter\Database\BaseBuilder::like(): Argument #2 ($match) must be of type string, null given, called in C:\Users\INFODIF\Desktop\GİT\ARCHIVE\app\Models\GameModel.php on line 28
in SYSTEMPATH\Database\BaseBuilder.php on line 983.
 1 APPPATH\Models\GameModel.php(28): CodeIgniter\Database\BaseBuilder->like()
 2 APPPATH\Controllers\GameController.php(18): App\Models\GameModel->call_game()
 3 SYSTEMPATH\CodeIgniter.php(919): App\Controllers\GameController->showgamedata()
 4 SYSTEMPATH\CodeIgniter.php(494): CodeIgniter\CodeIgniter->runController()
 5 SYSTEMPATH\CodeIgniter.php(353): CodeIgniter\CodeIgniter->handleRequest()
 6 FCPATH\index.php(79): CodeIgniter\CodeIgniter->run()
 7 SYSTEMPATH\Commands\Server\rewrite.php(47): require_once('C:\\Users\\INFODIF\\Desktop\\GİT\\ARCHIVE\\public\\index.php')
CRITICAL - 2024-01-05 07:45:44 --> CodeIgniter\Database\BaseBuilder::like(): Argument #2 ($match) must be of type string, null given, called in C:\Users\INFODIF\Desktop\GİT\ARCHIVE\app\Models\GameModel.php on line 28
in SYSTEMPATH\Database\BaseBuilder.php on line 983.
 1 APPPATH\Models\GameModel.php(28): CodeIgniter\Database\BaseBuilder->like()
 2 APPPATH\Controllers\GameController.php(18): App\Models\GameModel->call_game()
 3 SYSTEMPATH\CodeIgniter.php(919): App\Controllers\GameController->showgamedata()
 4 SYSTEMPATH\CodeIgniter.php(494): CodeIgniter\CodeIgniter->runController()
 5 SYSTEMPATH\CodeIgniter.php(353): CodeIgniter\CodeIgniter->handleRequest()
 6 FCPATH\index.php(79): CodeIgniter\CodeIgniter->run()
 7 SYSTEMPATH\Commands\Server\rewrite.php(47): require_once('C:\\Users\\INFODIF\\Desktop\\GİT\\ARCHIVE\\public\\index.php')
CRITICAL - 2024-01-05 07:45:46 --> CodeIgniter\Database\BaseBuilder::like(): Argument #2 ($match) must be of type string, null given, called in C:\Users\INFODIF\Desktop\GİT\ARCHIVE\app\Models\GameModel.php on line 28
in SYSTEMPATH\Database\BaseBuilder.php on line 983.
 1 APPPATH\Models\GameModel.php(28): CodeIgniter\Database\BaseBuilder->like()
 2 APPPATH\Controllers\GameController.php(18): App\Models\GameModel->call_game()
 3 SYSTEMPATH\CodeIgniter.php(919): App\Controllers\GameController->showgamedata()
 4 SYSTEMPATH\CodeIgniter.php(494): CodeIgniter\CodeIgniter->runController()
 5 SYSTEMPATH\CodeIgniter.php(353): CodeIgniter\CodeIgniter->handleRequest()
 6 FCPATH\index.php(79): CodeIgniter\CodeIgniter->run()
 7 SYSTEMPATH\Commands\Server\rewrite.php(47): require_once('C:\\Users\\INFODIF\\Desktop\\GİT\\ARCHIVE\\public\\index.php')
CRITICAL - 2024-01-05 07:48:07 --> Call to a member function getPost() on null
in APPPATH\Models\GameModel.php on line 25.
 1 APPPATH\Controllers\GameController.php(18): App\Models\GameModel->call_game()
 2 SYSTEMPATH\CodeIgniter.php(919): App\Controllers\GameController->showgamedata()
 3 SYSTEMPATH\CodeIgniter.php(494): CodeIgniter\CodeIgniter->runController()
 4 SYSTEMPATH\CodeIgniter.php(353): CodeIgniter\CodeIgniter->handleRequest()
 5 FCPATH\index.php(79): CodeIgniter\CodeIgniter->run()
 6 SYSTEMPATH\Commands\Server\rewrite.php(47): require_once('C:\\Users\\INFODIF\\Desktop\\GİT\\ARCHIVE\\public\\index.php')
CRITICAL - 2024-01-05 07:48:07 --> Call to a member function getPost() on null
in APPPATH\Models\GameModel.php on line 25.
 1 APPPATH\Controllers\GameController.php(18): App\Models\GameModel->call_game()
 2 SYSTEMPATH\CodeIgniter.php(919): App\Controllers\GameController->showgamedata()
 3 SYSTEMPATH\CodeIgniter.php(494): CodeIgniter\CodeIgniter->runController()
 4 SYSTEMPATH\CodeIgniter.php(353): CodeIgniter\CodeIgniter->handleRequest()
 5 FCPATH\index.php(79): CodeIgniter\CodeIgniter->run()
 6 SYSTEMPATH\Commands\Server\rewrite.php(47): require_once('C:\\Users\\INFODIF\\Desktop\\GİT\\ARCHIVE\\public\\index.php')
CRITICAL - 2024-01-05 07:48:10 --> Call to a member function getPost() on null
in APPPATH\Models\GameModel.php on line 25.
 1 APPPATH\Controllers\GameController.php(18): App\Models\GameModel->call_game()
 2 SYSTEMPATH\CodeIgniter.php(919): App\Controllers\GameController->showgamedata()
 3 SYSTEMPATH\CodeIgniter.php(494): CodeIgniter\CodeIgniter->runController()
 4 SYSTEMPATH\CodeIgniter.php(353): CodeIgniter\CodeIgniter->handleRequest()
 5 FCPATH\index.php(79): CodeIgniter\CodeIgniter->run()
 6 SYSTEMPATH\Commands\Server\rewrite.php(47): require_once('C:\\Users\\INFODIF\\Desktop\\GİT\\ARCHIVE\\public\\index.php')
CRITICAL - 2024-01-05 07:48:15 --> Call to a member function getPost() on null
in APPPATH\Models\GameModel.php on line 25.
 1 APPPATH\Controllers\GameController.php(18): App\Models\GameModel->call_game()
 2 SYSTEMPATH\CodeIgniter.php(919): App\Controllers\GameController->showgamedata()
 3 SYSTEMPATH\CodeIgniter.php(494): CodeIgniter\CodeIgniter->runController()
 4 SYSTEMPATH\CodeIgniter.php(353): CodeIgniter\CodeIgniter->handleRequest()
 5 FCPATH\index.php(79): CodeIgniter\CodeIgniter->run()
 6 SYSTEMPATH\Commands\Server\rewrite.php(47): require_once('C:\\Users\\INFODIF\\Desktop\\GİT\\ARCHIVE\\public\\index.php')
CRITICAL - 2024-01-05 07:59:33 --> Too few arguments to function App\Models\GameModel::call_game(), 0 passed in C:\Users\INFODIF\Desktop\GİT\ARCHIVE\app\Controllers\GameController.php on line 18 and exactly 1 expected
in APPPATH\Models\GameModel.php on line 21.
 1 APPPATH\Controllers\GameController.php(18): App\Models\GameModel->call_game()
 2 SYSTEMPATH\CodeIgniter.php(919): App\Controllers\GameController->showgamedata()
 3 SYSTEMPATH\CodeIgniter.php(494): CodeIgniter\CodeIgniter->runController()
 4 SYSTEMPATH\CodeIgniter.php(353): CodeIgniter\CodeIgniter->handleRequest()
 5 FCPATH\index.php(79): CodeIgniter\CodeIgniter->run()
 6 SYSTEMPATH\Commands\Server\rewrite.php(47): require_once('C:\\Users\\INFODIF\\Desktop\\GİT\\ARCHIVE\\public\\index.php')
CRITICAL - 2024-01-05 07:59:58 --> Too few arguments to function App\Models\GameModel::call_game(), 0 passed in C:\Users\INFODIF\Desktop\GİT\ARCHIVE\app\Controllers\GameController.php on line 18 and exactly 1 expected
in APPPATH\Models\GameModel.php on line 21.
 1 APPPATH\Controllers\GameController.php(18): App\Models\GameModel->call_game()
 2 SYSTEMPATH\CodeIgniter.php(919): App\Controllers\GameController->showgamedata()
 3 SYSTEMPATH\CodeIgniter.php(494): CodeIgniter\CodeIgniter->runController()
 4 SYSTEMPATH\CodeIgniter.php(353): CodeIgniter\CodeIgniter->handleRequest()
 5 FCPATH\index.php(79): CodeIgniter\CodeIgniter->run()
 6 SYSTEMPATH\Commands\Server\rewrite.php(47): require_once('C:\\Users\\INFODIF\\Desktop\\GİT\\ARCHIVE\\public\\index.php')
CRITICAL - 2024-01-05 08:00:27 --> Too few arguments to function App\Models\GameModel::call_game(), 0 passed in C:\Users\INFODIF\Desktop\GİT\ARCHIVE\app\Controllers\GameController.php on line 18 and exactly 1 expected
in APPPATH\Models\GameModel.php on line 21.
 1 APPPATH\Controllers\GameController.php(18): App\Models\GameModel->call_game()
 2 SYSTEMPATH\CodeIgniter.php(919): App\Controllers\GameController->showgamedata()
 3 SYSTEMPATH\CodeIgniter.php(494): CodeIgniter\CodeIgniter->runController()
 4 SYSTEMPATH\CodeIgniter.php(353): CodeIgniter\CodeIgniter->handleRequest()
 5 FCPATH\index.php(79): CodeIgniter\CodeIgniter->run()
 6 SYSTEMPATH\Commands\Server\rewrite.php(47): require_once('C:\\Users\\INFODIF\\Desktop\\GİT\\ARCHIVE\\public\\index.php')
CRITICAL - 2024-01-05 08:04:38 --> CodeIgniter\Database\BaseBuilder::like(): Argument #2 ($match) must be of type string, null given, called in C:\Users\INFODIF\Desktop\GİT\ARCHIVE\app\Models\GameModel.php on line 30
in SYSTEMPATH\Database\BaseBuilder.php on line 983.
 1 APPPATH\Models\GameModel.php(30): CodeIgniter\Database\BaseBuilder->like()
 2 APPPATH\Controllers\GameController.php(19): App\Models\GameModel->call_game()
 3 SYSTEMPATH\CodeIgniter.php(919): App\Controllers\GameController->showgamedata()
 4 SYSTEMPATH\CodeIgniter.php(494): CodeIgniter\CodeIgniter->runController()
 5 SYSTEMPATH\CodeIgniter.php(353): CodeIgniter\CodeIgniter->handleRequest()
 6 FCPATH\index.php(79): CodeIgniter\CodeIgniter->run()
 7 SYSTEMPATH\Commands\Server\rewrite.php(47): require_once('C:\\Users\\INFODIF\\Desktop\\GİT\\ARCHIVE\\public\\index.php')
CRITICAL - 2024-01-05 08:04:41 --> CodeIgniter\Database\BaseBuilder::like(): Argument #2 ($match) must be of type string, null given, called in C:\Users\INFODIF\Desktop\GİT\ARCHIVE\app\Models\GameModel.php on line 30
in SYSTEMPATH\Database\BaseBuilder.php on line 983.
 1 APPPATH\Models\GameModel.php(30): CodeIgniter\Database\BaseBuilder->like()
 2 APPPATH\Controllers\GameController.php(19): App\Models\GameModel->call_game()
 3 SYSTEMPATH\CodeIgniter.php(919): App\Controllers\GameController->showgamedata()
 4 SYSTEMPATH\CodeIgniter.php(494): CodeIgniter\CodeIgniter->runController()
 5 SYSTEMPATH\CodeIgniter.php(353): CodeIgniter\CodeIgniter->handleRequest()
 6 FCPATH\index.php(79): CodeIgniter\CodeIgniter->run()
 7 SYSTEMPATH\Commands\Server\rewrite.php(47): require_once('C:\\Users\\INFODIF\\Desktop\\GİT\\ARCHIVE\\public\\index.php')
CRITICAL - 2024-01-05 08:04:55 --> CodeIgniter\Database\BaseBuilder::like(): Argument #2 ($match) must be of type string, null given, called in C:\Users\INFODIF\Desktop\GİT\ARCHIVE\app\Models\GameModel.php on line 30
in SYSTEMPATH\Database\BaseBuilder.php on line 983.
 1 APPPATH\Models\GameModel.php(30): CodeIgniter\Database\BaseBuilder->like()
 2 APPPATH\Controllers\GameController.php(19): App\Models\GameModel->call_game()
 3 SYSTEMPATH\CodeIgniter.php(919): App\Controllers\GameController->showgamedata()
 4 SYSTEMPATH\CodeIgniter.php(494): CodeIgniter\CodeIgniter->runController()
 5 SYSTEMPATH\CodeIgniter.php(353): CodeIgniter\CodeIgniter->handleRequest()
 6 FCPATH\index.php(79): CodeIgniter\CodeIgniter->run()
 7 SYSTEMPATH\Commands\Server\rewrite.php(47): require_once('C:\\Users\\INFODIF\\Desktop\\GİT\\ARCHIVE\\public\\index.php')
CRITICAL - 2024-01-05 08:14:17 --> syntax error, unexpected token "public"
in APPPATH\Controllers\GameController.php on line 30.
 1 SYSTEMPATH\Autoloader\Autoloader.php(285): CodeIgniter\Autoloader\Autoloader->includeFile()
 2 SYSTEMPATH\Autoloader\Autoloader.php(263): CodeIgniter\Autoloader\Autoloader->loadInNamespace()
 3 [internal function]: CodeIgniter\Autoloader\Autoloader->loadClass()
 4 SYSTEMPATH\CodeIgniter.php(877): class_exists()
 5 SYSTEMPATH\CodeIgniter.php(481): CodeIgniter\CodeIgniter->startController()
 6 SYSTEMPATH\CodeIgniter.php(353): CodeIgniter\CodeIgniter->handleRequest()
 7 FCPATH\index.php(79): CodeIgniter\CodeIgniter->run()
 8 SYSTEMPATH\Commands\Server\rewrite.php(47): require_once('C:\\Users\\INFODIF\\Desktop\\GİT\\ARCHIVE\\public\\index.php')
CRITICAL - 2024-01-05 08:16:11 --> CodeIgniter\Database\BaseBuilder::like(): Argument #2 ($match) must be of type string, null given, called in C:\Users\INFODIF\Desktop\GİT\ARCHIVE\app\Models\GameModel.php on line 30
in SYSTEMPATH\Database\BaseBuilder.php on line 983.
 1 APPPATH\Models\GameModel.php(30): CodeIgniter\Database\BaseBuilder->like()
 2 APPPATH\Controllers\GameController.php(20): App\Models\GameModel->call_game()
 3 SYSTEMPATH\CodeIgniter.php(919): App\Controllers\GameController->showgamedata()
 4 SYSTEMPATH\CodeIgniter.php(494): CodeIgniter\CodeIgniter->runController()
 5 SYSTEMPATH\CodeIgniter.php(353): CodeIgniter\CodeIgniter->handleRequest()
 6 FCPATH\index.php(79): CodeIgniter\CodeIgniter->run()
 7 SYSTEMPATH\Commands\Server\rewrite.php(47): require_once('C:\\Users\\INFODIF\\Desktop\\GİT\\ARCHIVE\\public\\index.php')
CRITICAL - 2024-01-05 08:29:07 --> syntax error, unexpected token "public"
in APPPATH\Controllers\GameController.php on line 25.
 1 SYSTEMPATH\Autoloader\Autoloader.php(285): CodeIgniter\Autoloader\Autoloader->includeFile()
 2 SYSTEMPATH\Autoloader\Autoloader.php(263): CodeIgniter\Autoloader\Autoloader->loadInNamespace()
 3 [internal function]: CodeIgniter\Autoloader\Autoloader->loadClass()
 4 SYSTEMPATH\CodeIgniter.php(877): class_exists()
 5 SYSTEMPATH\CodeIgniter.php(481): CodeIgniter\CodeIgniter->startController()
 6 SYSTEMPATH\CodeIgniter.php(353): CodeIgniter\CodeIgniter->handleRequest()
 7 FCPATH\index.php(79): CodeIgniter\CodeIgniter->run()
 8 SYSTEMPATH\Commands\Server\rewrite.php(47): require_once('C:\\Users\\INFODIF\\Desktop\\GİT\\ARCHIVE\\public\\index.php')
CRITICAL - 2024-01-05 08:29:22 --> Too few arguments to function App\Models\GameModel::call_game(), 0 passed in C:\Users\INFODIF\Desktop\GİT\ARCHIVE\app\Controllers\GameController.php on line 19 and exactly 1 expected
in APPPATH\Models\GameModel.php on line 21.
 1 APPPATH\Controllers\GameController.php(19): App\Models\GameModel->call_game()
 2 SYSTEMPATH\CodeIgniter.php(919): App\Controllers\GameController->showgamedata()
 3 SYSTEMPATH\CodeIgniter.php(494): CodeIgniter\CodeIgniter->runController()
 4 SYSTEMPATH\CodeIgniter.php(353): CodeIgniter\CodeIgniter->handleRequest()
 5 FCPATH\index.php(79): CodeIgniter\CodeIgniter->run()
 6 SYSTEMPATH\Commands\Server\rewrite.php(47): require_once('C:\\Users\\INFODIF\\Desktop\\GİT\\ARCHIVE\\public\\index.php')
CRITICAL - 2024-01-05 08:32:16 --> Too few arguments to function App\Models\GameModel::call_game(), 0 passed in C:\Users\INFODIF\Desktop\GİT\ARCHIVE\app\Controllers\GameController.php on line 19 and exactly 1 expected
in APPPATH\Models\GameModel.php on line 21.
 1 APPPATH\Controllers\GameController.php(19): App\Models\GameModel->call_game()
 2 SYSTEMPATH\CodeIgniter.php(919): App\Controllers\GameController->showgamedata()
 3 SYSTEMPATH\CodeIgniter.php(494): CodeIgniter\CodeIgniter->runController()
 4 SYSTEMPATH\CodeIgniter.php(353): CodeIgniter\CodeIgniter->handleRequest()
 5 FCPATH\index.php(79): CodeIgniter\CodeIgniter->run()
 6 SYSTEMPATH\Commands\Server\rewrite.php(47): require_once('C:\\Users\\INFODIF\\Desktop\\GİT\\ARCHIVE\\public\\index.php')
CRITICAL - 2024-01-05 08:33:24 --> Undefined property: App\Controllers\GameController::$input
in APPPATH\Controllers\GameController.php on line 20.
 1 APPPATH\Controllers\GameController.php(20): CodeIgniter\Debug\Exceptions->errorHandler()
 2 SYSTEMPATH\CodeIgniter.php(919): App\Controllers\GameController->showgamedata()
 3 SYSTEMPATH\CodeIgniter.php(494): CodeIgniter\CodeIgniter->runController()
 4 SYSTEMPATH\CodeIgniter.php(353): CodeIgniter\CodeIgniter->handleRequest()
 5 FCPATH\index.php(79): CodeIgniter\CodeIgniter->run()
 6 SYSTEMPATH\Commands\Server\rewrite.php(47): require_once('C:\\Users\\INFODIF\\Desktop\\GİT\\ARCHIVE\\public\\index.php')
CRITICAL - 2024-01-05 08:33:48 --> CodeIgniter\Database\BaseBuilder::like(): Argument #2 ($match) must be of type string, null given, called in C:\Users\INFODIF\Desktop\GİT\ARCHIVE\app\Models\GameModel.php on line 30
in SYSTEMPATH\Database\BaseBuilder.php on line 983.
 1 APPPATH\Models\GameModel.php(30): CodeIgniter\Database\BaseBuilder->like()
 2 APPPATH\Controllers\GameController.php(21): App\Models\GameModel->call_game()
 3 SYSTEMPATH\CodeIgniter.php(919): App\Controllers\GameController->showgamedata()
 4 SYSTEMPATH\CodeIgniter.php(494): CodeIgniter\CodeIgniter->runController()
 5 SYSTEMPATH\CodeIgniter.php(353): CodeIgniter\CodeIgniter->handleRequest()
 6 FCPATH\index.php(79): CodeIgniter\CodeIgniter->run()
 7 SYSTEMPATH\Commands\Server\rewrite.php(47): require_once('C:\\Users\\INFODIF\\Desktop\\GİT\\ARCHIVE\\public\\index.php')
CRITICAL - 2024-01-05 08:35:26 --> CodeIgniter\Database\BaseBuilder::like(): Argument #2 ($match) must be of type string, null given, called in C:\Users\INFODIF\Desktop\GİT\ARCHIVE\app\Models\GameModel.php on line 30
in SYSTEMPATH\Database\BaseBuilder.php on line 983.
 1 APPPATH\Models\GameModel.php(30): CodeIgniter\Database\BaseBuilder->like()
 2 APPPATH\Controllers\GameController.php(21): App\Models\GameModel->call_game()
 3 SYSTEMPATH\CodeIgniter.php(919): App\Controllers\GameController->showgamedata()
 4 SYSTEMPATH\CodeIgniter.php(494): CodeIgniter\CodeIgniter->runController()
 5 SYSTEMPATH\CodeIgniter.php(353): CodeIgniter\CodeIgniter->handleRequest()
 6 FCPATH\index.php(79): CodeIgniter\CodeIgniter->run()
 7 SYSTEMPATH\Commands\Server\rewrite.php(47): require_once('C:\\Users\\INFODIF\\Desktop\\GİT\\ARCHIVE\\public\\index.php')
CRITICAL - 2024-01-05 08:35:29 --> CodeIgniter\Database\BaseBuilder::like(): Argument #2 ($match) must be of type string, null given, called in C:\Users\INFODIF\Desktop\GİT\ARCHIVE\app\Models\GameModel.php on line 30
in SYSTEMPATH\Database\BaseBuilder.php on line 983.
 1 APPPATH\Models\GameModel.php(30): CodeIgniter\Database\BaseBuilder->like()
 2 APPPATH\Controllers\GameController.php(21): App\Models\GameModel->call_game()
 3 SYSTEMPATH\CodeIgniter.php(919): App\Controllers\GameController->showgamedata()
 4 SYSTEMPATH\CodeIgniter.php(494): CodeIgniter\CodeIgniter->runController()
 5 SYSTEMPATH\CodeIgniter.php(353): CodeIgniter\CodeIgniter->handleRequest()
 6 FCPATH\index.php(79): CodeIgniter\CodeIgniter->run()
 7 SYSTEMPATH\Commands\Server\rewrite.php(47): require_once('C:\\Users\\INFODIF\\Desktop\\GİT\\ARCHIVE\\public\\index.php')
CRITICAL - 2024-01-05 08:38:42 --> CodeIgniter\Database\BaseBuilder::like(): Argument #2 ($match) must be of type string, null given, called in C:\Users\INFODIF\Desktop\GİT\ARCHIVE\app\Models\GameModel.php on line 30
in SYSTEMPATH\Database\BaseBuilder.php on line 983.
 1 APPPATH\Models\GameModel.php(30): CodeIgniter\Database\BaseBuilder->like()
 2 APPPATH\Controllers\GameController.php(21): App\Models\GameModel->call_game()
 3 SYSTEMPATH\CodeIgniter.php(919): App\Controllers\GameController->showgamedata()
 4 SYSTEMPATH\CodeIgniter.php(494): CodeIgniter\CodeIgniter->runController()
 5 SYSTEMPATH\CodeIgniter.php(353): CodeIgniter\CodeIgniter->handleRequest()
 6 FCPATH\index.php(79): CodeIgniter\CodeIgniter->run()
 7 SYSTEMPATH\Commands\Server\rewrite.php(47): require_once('C:\\Users\\INFODIF\\Desktop\\GİT\\ARCHIVE\\public\\index.php')
CRITICAL - 2024-01-05 08:38:43 --> CodeIgniter\Database\BaseBuilder::like(): Argument #2 ($match) must be of type string, null given, called in C:\Users\INFODIF\Desktop\GİT\ARCHIVE\app\Models\GameModel.php on line 30
in SYSTEMPATH\Database\BaseBuilder.php on line 983.
 1 APPPATH\Models\GameModel.php(30): CodeIgniter\Database\BaseBuilder->like()
 2 APPPATH\Controllers\GameController.php(21): App\Models\GameModel->call_game()
 3 SYSTEMPATH\CodeIgniter.php(919): App\Controllers\GameController->showgamedata()
 4 SYSTEMPATH\CodeIgniter.php(494): CodeIgniter\CodeIgniter->runController()
 5 SYSTEMPATH\CodeIgniter.php(353): CodeIgniter\CodeIgniter->handleRequest()
 6 FCPATH\index.php(79): CodeIgniter\CodeIgniter->run()
 7 SYSTEMPATH\Commands\Server\rewrite.php(47): require_once('C:\\Users\\INFODIF\\Desktop\\GİT\\ARCHIVE\\public\\index.php')
CRITICAL - 2024-01-05 08:38:43 --> CodeIgniter\Database\BaseBuilder::like(): Argument #2 ($match) must be of type string, null given, called in C:\Users\INFODIF\Desktop\GİT\ARCHIVE\app\Models\GameModel.php on line 30
in SYSTEMPATH\Database\BaseBuilder.php on line 983.
 1 APPPATH\Models\GameModel.php(30): CodeIgniter\Database\BaseBuilder->like()
 2 APPPATH\Controllers\GameController.php(21): App\Models\GameModel->call_game()
 3 SYSTEMPATH\CodeIgniter.php(919): App\Controllers\GameController->showgamedata()
 4 SYSTEMPATH\CodeIgniter.php(494): CodeIgniter\CodeIgniter->runController()
 5 SYSTEMPATH\CodeIgniter.php(353): CodeIgniter\CodeIgniter->handleRequest()
 6 FCPATH\index.php(79): CodeIgniter\CodeIgniter->run()
 7 SYSTEMPATH\Commands\Server\rewrite.php(47): require_once('C:\\Users\\INFODIF\\Desktop\\GİT\\ARCHIVE\\public\\index.php')
CRITICAL - 2024-01-05 08:38:44 --> CodeIgniter\Database\BaseBuilder::like(): Argument #2 ($match) must be of type string, null given, called in C:\Users\INFODIF\Desktop\GİT\ARCHIVE\app\Models\GameModel.php on line 30
in SYSTEMPATH\Database\BaseBuilder.php on line 983.
 1 APPPATH\Models\GameModel.php(30): CodeIgniter\Database\BaseBuilder->like()
 2 APPPATH\Controllers\GameController.php(21): App\Models\GameModel->call_game()
 3 SYSTEMPATH\CodeIgniter.php(919): App\Controllers\GameController->showgamedata()
 4 SYSTEMPATH\CodeIgniter.php(494): CodeIgniter\CodeIgniter->runController()
 5 SYSTEMPATH\CodeIgniter.php(353): CodeIgniter\CodeIgniter->handleRequest()
 6 FCPATH\index.php(79): CodeIgniter\CodeIgniter->run()
 7 SYSTEMPATH\Commands\Server\rewrite.php(47): require_once('C:\\Users\\INFODIF\\Desktop\\GİT\\ARCHIVE\\public\\index.php')
CRITICAL - 2024-01-05 08:38:45 --> CodeIgniter\Database\BaseBuilder::like(): Argument #2 ($match) must be of type string, null given, called in C:\Users\INFODIF\Desktop\GİT\ARCHIVE\app\Models\GameModel.php on line 30
in SYSTEMPATH\Database\BaseBuilder.php on line 983.
 1 APPPATH\Models\GameModel.php(30): CodeIgniter\Database\BaseBuilder->like()
 2 APPPATH\Controllers\GameController.php(21): App\Models\GameModel->call_game()
 3 SYSTEMPATH\CodeIgniter.php(919): App\Controllers\GameController->showgamedata()
 4 SYSTEMPATH\CodeIgniter.php(494): CodeIgniter\CodeIgniter->runController()
 5 SYSTEMPATH\CodeIgniter.php(353): CodeIgniter\CodeIgniter->handleRequest()
 6 FCPATH\index.php(79): CodeIgniter\CodeIgniter->run()
 7 SYSTEMPATH\Commands\Server\rewrite.php(47): require_once('C:\\Users\\INFODIF\\Desktop\\GİT\\ARCHIVE\\public\\index.php')
CRITICAL - 2024-01-05 08:38:46 --> CodeIgniter\Database\BaseBuilder::like(): Argument #2 ($match) must be of type string, null given, called in C:\Users\INFODIF\Desktop\GİT\ARCHIVE\app\Models\GameModel.php on line 30
in SYSTEMPATH\Database\BaseBuilder.php on line 983.
 1 APPPATH\Models\GameModel.php(30): CodeIgniter\Database\BaseBuilder->like()
 2 APPPATH\Controllers\GameController.php(21): App\Models\GameModel->call_game()
 3 SYSTEMPATH\CodeIgniter.php(919): App\Controllers\GameController->showgamedata()
 4 SYSTEMPATH\CodeIgniter.php(494): CodeIgniter\CodeIgniter->runController()
 5 SYSTEMPATH\CodeIgniter.php(353): CodeIgniter\CodeIgniter->handleRequest()
 6 FCPATH\index.php(79): CodeIgniter\CodeIgniter->run()
 7 SYSTEMPATH\Commands\Server\rewrite.php(47): require_once('C:\\Users\\INFODIF\\Desktop\\GİT\\ARCHIVE\\public\\index.php')
CRITICAL - 2024-01-05 08:39:35 --> CodeIgniter\Database\BaseBuilder::like(): Argument #2 ($match) must be of type string, null given, called in C:\Users\INFODIF\Desktop\GİT\ARCHIVE\app\Models\GameModel.php on line 30
in SYSTEMPATH\Database\BaseBuilder.php on line 983.
 1 APPPATH\Models\GameModel.php(30): CodeIgniter\Database\BaseBuilder->like()
 2 APPPATH\Controllers\GameController.php(21): App\Models\GameModel->call_game()
 3 SYSTEMPATH\CodeIgniter.php(919): App\Controllers\GameController->showgamedata()
 4 SYSTEMPATH\CodeIgniter.php(494): CodeIgniter\CodeIgniter->runController()
 5 SYSTEMPATH\CodeIgniter.php(353): CodeIgniter\CodeIgniter->handleRequest()
 6 FCPATH\index.php(79): CodeIgniter\CodeIgniter->run()
 7 SYSTEMPATH\Commands\Server\rewrite.php(47): require_once('C:\\Users\\INFODIF\\Desktop\\GİT\\ARCHIVE\\public\\index.php')
CRITICAL - 2024-01-05 08:40:19 --> CodeIgniter\Database\BaseBuilder::like(): Argument #2 ($match) must be of type string, null given, called in C:\Users\INFODIF\Desktop\GİT\ARCHIVE\app\Models\GameModel.php on line 30
in SYSTEMPATH\Database\BaseBuilder.php on line 983.
 1 APPPATH\Models\GameModel.php(30): CodeIgniter\Database\BaseBuilder->like()
 2 APPPATH\Controllers\GameController.php(21): App\Models\GameModel->call_game()
 3 SYSTEMPATH\CodeIgniter.php(919): App\Controllers\GameController->showgamedata()
 4 SYSTEMPATH\CodeIgniter.php(494): CodeIgniter\CodeIgniter->runController()
 5 SYSTEMPATH\CodeIgniter.php(353): CodeIgniter\CodeIgniter->handleRequest()
 6 FCPATH\index.php(79): CodeIgniter\CodeIgniter->run()
 7 SYSTEMPATH\Commands\Server\rewrite.php(47): require_once('C:\\Users\\INFODIF\\Desktop\\GİT\\ARCHIVE\\public\\index.php')
CRITICAL - 2024-01-05 08:40:48 --> CodeIgniter\Database\BaseBuilder::like(): Argument #2 ($match) must be of type string, null given, called in C:\Users\INFODIF\Desktop\GİT\ARCHIVE\app\Models\GameModel.php on line 30
in SYSTEMPATH\Database\BaseBuilder.php on line 983.
 1 APPPATH\Models\GameModel.php(30): CodeIgniter\Database\BaseBuilder->like()
 2 APPPATH\Controllers\GameController.php(21): App\Models\GameModel->call_game()
 3 SYSTEMPATH\CodeIgniter.php(919): App\Controllers\GameController->showgamedata()
 4 SYSTEMPATH\CodeIgniter.php(494): CodeIgniter\CodeIgniter->runController()
 5 SYSTEMPATH\CodeIgniter.php(353): CodeIgniter\CodeIgniter->handleRequest()
 6 FCPATH\index.php(79): CodeIgniter\CodeIgniter->run()
 7 SYSTEMPATH\Commands\Server\rewrite.php(47): require_once('C:\\Users\\INFODIF\\Desktop\\GİT\\ARCHIVE\\public\\index.php')
CRITICAL - 2024-01-05 08:43:38 --> CodeIgniter\Database\BaseBuilder::like(): Argument #2 ($match) must be of type string, null given, called in C:\Users\INFODIF\Desktop\GİT\ARCHIVE\app\Models\GameModel.php on line 30
in SYSTEMPATH\Database\BaseBuilder.php on line 983.
 1 APPPATH\Models\GameModel.php(30): CodeIgniter\Database\BaseBuilder->like()
 2 APPPATH\Controllers\GameController.php(21): App\Models\GameModel->call_game()
 3 SYSTEMPATH\CodeIgniter.php(919): App\Controllers\GameController->showgamedata()
 4 SYSTEMPATH\CodeIgniter.php(494): CodeIgniter\CodeIgniter->runController()
 5 SYSTEMPATH\CodeIgniter.php(353): CodeIgniter\CodeIgniter->handleRequest()
 6 FCPATH\index.php(79): CodeIgniter\CodeIgniter->run()
 7 SYSTEMPATH\Commands\Server\rewrite.php(47): require_once('C:\\Users\\INFODIF\\Desktop\\GİT\\ARCHIVE\\public\\index.php')
CRITICAL - 2024-01-05 08:43:54 --> CodeIgniter\Database\BaseBuilder::like(): Argument #2 ($match) must be of type string, null given, called in C:\Users\INFODIF\Desktop\GİT\ARCHIVE\app\Models\GameModel.php on line 30
in SYSTEMPATH\Database\BaseBuilder.php on line 983.
 1 APPPATH\Models\GameModel.php(30): CodeIgniter\Database\BaseBuilder->like()
 2 APPPATH\Controllers\GameController.php(21): App\Models\GameModel->call_game()
 3 SYSTEMPATH\CodeIgniter.php(919): App\Controllers\GameController->showgamedata()
 4 SYSTEMPATH\CodeIgniter.php(494): CodeIgniter\CodeIgniter->runController()
 5 SYSTEMPATH\CodeIgniter.php(353): CodeIgniter\CodeIgniter->handleRequest()
 6 FCPATH\index.php(79): CodeIgniter\CodeIgniter->run()
 7 SYSTEMPATH\Commands\Server\rewrite.php(47): require_once('C:\\Users\\INFODIF\\Desktop\\GİT\\ARCHIVE\\public\\index.php')
CRITICAL - 2024-01-05 08:44:06 --> CodeIgniter\Database\BaseBuilder::like(): Argument #2 ($match) must be of type string, null given, called in C:\Users\INFODIF\Desktop\GİT\ARCHIVE\app\Models\GameModel.php on line 30
in SYSTEMPATH\Database\BaseBuilder.php on line 983.
 1 APPPATH\Models\GameModel.php(30): CodeIgniter\Database\BaseBuilder->like()
 2 APPPATH\Controllers\GameController.php(21): App\Models\GameModel->call_game()
 3 SYSTEMPATH\CodeIgniter.php(919): App\Controllers\GameController->showgamedata()
 4 SYSTEMPATH\CodeIgniter.php(494): CodeIgniter\CodeIgniter->runController()
 5 SYSTEMPATH\CodeIgniter.php(353): CodeIgniter\CodeIgniter->handleRequest()
 6 FCPATH\index.php(79): CodeIgniter\CodeIgniter->run()
 7 SYSTEMPATH\Commands\Server\rewrite.php(47): require_once('C:\\Users\\INFODIF\\Desktop\\GİT\\ARCHIVE\\public\\index.php')
CRITICAL - 2024-01-05 10:01:17 --> Call to a member function post() on null
in APPPATH\Models\GameModel.php on line 30.
 1 APPPATH\Controllers\GameController.php(21): App\Models\GameModel->call_game()
 2 SYSTEMPATH\CodeIgniter.php(919): App\Controllers\GameController->showgamedata()
 3 SYSTEMPATH\CodeIgniter.php(494): CodeIgniter\CodeIgniter->runController()
 4 SYSTEMPATH\CodeIgniter.php(353): CodeIgniter\CodeIgniter->handleRequest()
 5 FCPATH\index.php(79): CodeIgniter\CodeIgniter->run()
 6 SYSTEMPATH\Commands\Server\rewrite.php(47): require_once('C:\\Users\\INFODIF\\Desktop\\GİT\\ARCHIVE\\public\\index.php')
CRITICAL - 2024-01-05 10:01:21 --> Call to a member function post() on null
in APPPATH\Models\GameModel.php on line 30.
 1 APPPATH\Controllers\GameController.php(21): App\Models\GameModel->call_game()
 2 SYSTEMPATH\CodeIgniter.php(919): App\Controllers\GameController->showgamedata()
 3 SYSTEMPATH\CodeIgniter.php(494): CodeIgniter\CodeIgniter->runController()
 4 SYSTEMPATH\CodeIgniter.php(353): CodeIgniter\CodeIgniter->handleRequest()
 5 FCPATH\index.php(79): CodeIgniter\CodeIgniter->run()
 6 SYSTEMPATH\Commands\Server\rewrite.php(47): require_once('C:\\Users\\INFODIF\\Desktop\\GİT\\ARCHIVE\\public\\index.php')
CRITICAL - 2024-01-05 10:01:27 --> Call to a member function post() on null
in APPPATH\Models\GameModel.php on line 30.
 1 APPPATH\Controllers\GameController.php(21): App\Models\GameModel->call_game()
 2 SYSTEMPATH\CodeIgniter.php(919): App\Controllers\GameController->showgamedata()
 3 SYSTEMPATH\CodeIgniter.php(494): CodeIgniter\CodeIgniter->runController()
 4 SYSTEMPATH\CodeIgniter.php(353): CodeIgniter\CodeIgniter->handleRequest()
 5 FCPATH\index.php(79): CodeIgniter\CodeIgniter->run()
 6 SYSTEMPATH\Commands\Server\rewrite.php(47): require_once('C:\\Users\\INFODIF\\Desktop\\GİT\\ARCHIVE\\public\\index.php')
CRITICAL - 2024-01-05 10:01:42 --> Call to a member function post() on null
in APPPATH\Models\GameModel.php on line 30.
 1 APPPATH\Controllers\GameController.php(21): App\Models\GameModel->call_game()
 2 SYSTEMPATH\CodeIgniter.php(919): App\Controllers\GameController->showgamedata()
 3 SYSTEMPATH\CodeIgniter.php(494): CodeIgniter\CodeIgniter->runController()
 4 SYSTEMPATH\CodeIgniter.php(353): CodeIgniter\CodeIgniter->handleRequest()
 5 FCPATH\index.php(79): CodeIgniter\CodeIgniter->run()
 6 SYSTEMPATH\Commands\Server\rewrite.php(47): require_once('C:\\Users\\INFODIF\\Desktop\\GİT\\ARCHIVE\\public\\index.php')
CRITICAL - 2024-01-05 10:02:16 --> Call to a member function getPost() on null
in APPPATH\Models\GameModel.php on line 30.
 1 APPPATH\Controllers\GameController.php(21): App\Models\GameModel->call_game()
 2 SYSTEMPATH\CodeIgniter.php(919): App\Controllers\GameController->showgamedata()
 3 SYSTEMPATH\CodeIgniter.php(494): CodeIgniter\CodeIgniter->runController()
 4 SYSTEMPATH\CodeIgniter.php(353): CodeIgniter\CodeIgniter->handleRequest()
 5 FCPATH\index.php(79): CodeIgniter\CodeIgniter->run()
 6 SYSTEMPATH\Commands\Server\rewrite.php(47): require_once('C:\\Users\\INFODIF\\Desktop\\GİT\\ARCHIVE\\public\\index.php')
CRITICAL - 2024-01-05 10:02:22 --> Call to a member function getPost() on null
in APPPATH\Models\GameModel.php on line 30.
 1 APPPATH\Controllers\GameController.php(21): App\Models\GameModel->call_game()
 2 SYSTEMPATH\CodeIgniter.php(919): App\Controllers\GameController->showgamedata()
 3 SYSTEMPATH\CodeIgniter.php(494): CodeIgniter\CodeIgniter->runController()
 4 SYSTEMPATH\CodeIgniter.php(353): CodeIgniter\CodeIgniter->handleRequest()
 5 FCPATH\index.php(79): CodeIgniter\CodeIgniter->run()
 6 SYSTEMPATH\Commands\Server\rewrite.php(47): require_once('C:\\Users\\INFODIF\\Desktop\\GİT\\ARCHIVE\\public\\index.php')
CRITICAL - 2024-01-05 10:19:31 --> Undefined array key "name"
in APPPATH\Views\Home\gameindex.php on line 259.
 1 APPPATH\Views\Home\gameindex.php(259): CodeIgniter\Debug\Exceptions->errorHandler()
 2 SYSTEMPATH\View\View.php(226): include('C:\\Users\\INFODIF\\Desktop\\GİT\\ARCHIVE\\app\\Views\\Home\\gameindex.php')
 3 SYSTEMPATH\View\View.php(229): CodeIgniter\View\View->CodeIgniter\View\{closure}()
 4 SYSTEMPATH\Common.php(1188): CodeIgniter\View\View->render()
 5 APPPATH\Controllers\GameController.php(15): view()
 6 SYSTEMPATH\CodeIgniter.php(919): App\Controllers\GameController->index()
 7 SYSTEMPATH\CodeIgniter.php(494): CodeIgniter\CodeIgniter->runController()
 8 SYSTEMPATH\CodeIgniter.php(353): CodeIgniter\CodeIgniter->handleRequest()
 9 FCPATH\index.php(79): CodeIgniter\CodeIgniter->run()
10 SYSTEMPATH\Commands\Server\rewrite.php(47): require_once('C:\\Users\\INFODIF\\Desktop\\GİT\\ARCHIVE\\public\\index.php')
CRITICAL - 2024-01-05 10:19:42 --> Undefined array key "name"
in APPPATH\Views\Home\gameindex.php on line 259.
 1 APPPATH\Views\Home\gameindex.php(259): CodeIgniter\Debug\Exceptions->errorHandler()
 2 SYSTEMPATH\View\View.php(226): include('C:\\Users\\INFODIF\\Desktop\\GİT\\ARCHIVE\\app\\Views\\Home\\gameindex.php')
 3 SYSTEMPATH\View\View.php(229): CodeIgniter\View\View->CodeIgniter\View\{closure}()
 4 SYSTEMPATH\Common.php(1188): CodeIgniter\View\View->render()
 5 APPPATH\Controllers\GameController.php(15): view()
 6 SYSTEMPATH\CodeIgniter.php(919): App\Controllers\GameController->index()
 7 SYSTEMPATH\CodeIgniter.php(494): CodeIgniter\CodeIgniter->runController()
 8 SYSTEMPATH\CodeIgniter.php(353): CodeIgniter\CodeIgniter->handleRequest()
 9 FCPATH\index.php(79): CodeIgniter\CodeIgniter->run()
10 SYSTEMPATH\Commands\Server\rewrite.php(47): require_once('C:\\Users\\INFODIF\\Desktop\\GİT\\ARCHIVE\\public\\index.php')
CRITICAL - 2024-01-05 10:19:59 --> Undefined array key "name"
in APPPATH\Views\Home\gameindex.php on line 430.
 1 APPPATH\Views\Home\gameindex.php(430): CodeIgniter\Debug\Exceptions->errorHandler()
 2 SYSTEMPATH\View\View.php(226): include('C:\\Users\\INFODIF\\Desktop\\GİT\\ARCHIVE\\app\\Views\\Home\\gameindex.php')
 3 SYSTEMPATH\View\View.php(229): CodeIgniter\View\View->CodeIgniter\View\{closure}()
 4 SYSTEMPATH\Common.php(1188): CodeIgniter\View\View->render()
 5 APPPATH\Controllers\GameController.php(15): view()
 6 SYSTEMPATH\CodeIgniter.php(919): App\Controllers\GameController->index()
 7 SYSTEMPATH\CodeIgniter.php(494): CodeIgniter\CodeIgniter->runController()
 8 SYSTEMPATH\CodeIgniter.php(353): CodeIgniter\CodeIgniter->handleRequest()
 9 FCPATH\index.php(79): CodeIgniter\CodeIgniter->run()
10 SYSTEMPATH\Commands\Server\rewrite.php(47): require_once('C:\\Users\\INFODIF\\Desktop\\GİT\\ARCHIVE\\public\\index.php')
CRITICAL - 2024-01-05 10:25:24 --> Undefined array key "name"
in APPPATH\Controllers\GameController.php on line 19.
 1 APPPATH\Controllers\GameController.php(19): CodeIgniter\Debug\Exceptions->errorHandler()
 2 SYSTEMPATH\CodeIgniter.php(919): App\Controllers\GameController->showgamedata()
 3 SYSTEMPATH\CodeIgniter.php(494): CodeIgniter\CodeIgniter->runController()
 4 SYSTEMPATH\CodeIgniter.php(353): CodeIgniter\CodeIgniter->handleRequest()
 5 FCPATH\index.php(79): CodeIgniter\CodeIgniter->run()
 6 SYSTEMPATH\Commands\Server\rewrite.php(47): require_once('C:\\Users\\INFODIF\\Desktop\\GİT\\ARCHIVE\\public\\index.php')
CRITICAL - 2024-01-05 10:25:32 --> Undefined array key "name"
in APPPATH\Controllers\GameController.php on line 19.
 1 APPPATH\Controllers\GameController.php(19): CodeIgniter\Debug\Exceptions->errorHandler()
 2 SYSTEMPATH\CodeIgniter.php(919): App\Controllers\GameController->showgamedata()
 3 SYSTEMPATH\CodeIgniter.php(494): CodeIgniter\CodeIgniter->runController()
 4 SYSTEMPATH\CodeIgniter.php(353): CodeIgniter\CodeIgniter->handleRequest()
 5 FCPATH\index.php(79): CodeIgniter\CodeIgniter->run()
 6 SYSTEMPATH\Commands\Server\rewrite.php(47): require_once('C:\\Users\\INFODIF\\Desktop\\GİT\\ARCHIVE\\public\\index.php')
CRITICAL - 2024-01-05 10:25:55 --> Undefined array key "name"
in APPPATH\Controllers\GameController.php on line 19.
 1 APPPATH\Controllers\GameController.php(19): CodeIgniter\Debug\Exceptions->errorHandler()
 2 SYSTEMPATH\CodeIgniter.php(919): App\Controllers\GameController->showgamedata()
 3 SYSTEMPATH\CodeIgniter.php(494): CodeIgniter\CodeIgniter->runController()
 4 SYSTEMPATH\CodeIgniter.php(353): CodeIgniter\CodeIgniter->handleRequest()
 5 FCPATH\index.php(79): CodeIgniter\CodeIgniter->run()
 6 SYSTEMPATH\Commands\Server\rewrite.php(47): require_once('C:\\Users\\INFODIF\\Desktop\\GİT\\ARCHIVE\\public\\index.php')
CRITICAL - 2024-01-05 10:26:23 --> Undefined array key "name"
in APPPATH\Controllers\GameController.php on line 19.
 1 APPPATH\Controllers\GameController.php(19): CodeIgniter\Debug\Exceptions->errorHandler()
 2 SYSTEMPATH\CodeIgniter.php(919): App\Controllers\GameController->showgamedata()
 3 SYSTEMPATH\CodeIgniter.php(494): CodeIgniter\CodeIgniter->runController()
 4 SYSTEMPATH\CodeIgniter.php(353): CodeIgniter\CodeIgniter->handleRequest()
 5 FCPATH\index.php(79): CodeIgniter\CodeIgniter->run()
 6 SYSTEMPATH\Commands\Server\rewrite.php(47): require_once('C:\\Users\\INFODIF\\Desktop\\GİT\\ARCHIVE\\public\\index.php')
CRITICAL - 2024-01-05 12:44:44 --> Trying to access array offset on value of type null
in APPPATH\Controllers\GameController.php on line 22.
 1 APPPATH\Controllers\GameController.php(22): CodeIgniter\Debug\Exceptions->errorHandler()
 2 SYSTEMPATH\CodeIgniter.php(919): App\Controllers\GameController->showgamedata()
 3 SYSTEMPATH\CodeIgniter.php(494): CodeIgniter\CodeIgniter->runController()
 4 SYSTEMPATH\CodeIgniter.php(353): CodeIgniter\CodeIgniter->handleRequest()
 5 FCPATH\index.php(79): CodeIgniter\CodeIgniter->run()
 6 SYSTEMPATH\Commands\Server\rewrite.php(47): require_once('C:\\Users\\INFODIF\\Desktop\\GİT\\ARCHIVE\\public\\index.php')
CRITICAL - 2024-01-05 12:44:51 --> Trying to access array offset on value of type null
in APPPATH\Controllers\GameController.php on line 22.
 1 APPPATH\Controllers\GameController.php(22): CodeIgniter\Debug\Exceptions->errorHandler()
 2 SYSTEMPATH\CodeIgniter.php(919): App\Controllers\GameController->showgamedata()
 3 SYSTEMPATH\CodeIgniter.php(494): CodeIgniter\CodeIgniter->runController()
 4 SYSTEMPATH\CodeIgniter.php(353): CodeIgniter\CodeIgniter->handleRequest()
 5 FCPATH\index.php(79): CodeIgniter\CodeIgniter->run()
 6 SYSTEMPATH\Commands\Server\rewrite.php(47): require_once('C:\\Users\\INFODIF\\Desktop\\GİT\\ARCHIVE\\public\\index.php')
CRITICAL - 2024-01-05 12:44:53 --> Trying to access array offset on value of type null
in APPPATH\Controllers\GameController.php on line 22.
 1 APPPATH\Controllers\GameController.php(22): CodeIgniter\Debug\Exceptions->errorHandler()
 2 SYSTEMPATH\CodeIgniter.php(919): App\Controllers\GameController->showgamedata()
 3 SYSTEMPATH\CodeIgniter.php(494): CodeIgniter\CodeIgniter->runController()
 4 SYSTEMPATH\CodeIgniter.php(353): CodeIgniter\CodeIgniter->handleRequest()
 5 FCPATH\index.php(79): CodeIgniter\CodeIgniter->run()
 6 SYSTEMPATH\Commands\Server\rewrite.php(47): require_once('C:\\Users\\INFODIF\\Desktop\\GİT\\ARCHIVE\\public\\index.php')
CRITICAL - 2024-01-05 12:45:33 --> Trying to access array offset on value of type null
in APPPATH\Controllers\GameController.php on line 22.
 1 APPPATH\Controllers\GameController.php(22): CodeIgniter\Debug\Exceptions->errorHandler()
 2 SYSTEMPATH\CodeIgniter.php(919): App\Controllers\GameController->showgamedata()
 3 SYSTEMPATH\CodeIgniter.php(494): CodeIgniter\CodeIgniter->runController()
 4 SYSTEMPATH\CodeIgniter.php(353): CodeIgniter\CodeIgniter->handleRequest()
 5 FCPATH\index.php(79): CodeIgniter\CodeIgniter->run()
 6 SYSTEMPATH\Commands\Server\rewrite.php(47): require_once('C:\\Users\\INFODIF\\Desktop\\GİT\\ARCHIVE\\public\\index.php')
CRITICAL - 2024-01-05 12:45:42 --> Trying to access array offset on value of type null
in APPPATH\Controllers\GameController.php on line 22.
 1 APPPATH\Controllers\GameController.php(22): CodeIgniter\Debug\Exceptions->errorHandler()
 2 SYSTEMPATH\CodeIgniter.php(919): App\Controllers\GameController->showgamedata()
 3 SYSTEMPATH\CodeIgniter.php(494): CodeIgniter\CodeIgniter->runController()
 4 SYSTEMPATH\CodeIgniter.php(353): CodeIgniter\CodeIgniter->handleRequest()
 5 FCPATH\index.php(79): CodeIgniter\CodeIgniter->run()
 6 SYSTEMPATH\Commands\Server\rewrite.php(47): require_once('C:\\Users\\INFODIF\\Desktop\\GİT\\ARCHIVE\\public\\index.php')
CRITICAL - 2024-01-05 12:46:15 --> Trying to access array offset on value of type null
in APPPATH\Controllers\GameController.php on line 22.
 1 APPPATH\Controllers\GameController.php(22): CodeIgniter\Debug\Exceptions->errorHandler()
 2 SYSTEMPATH\CodeIgniter.php(919): App\Controllers\GameController->showgamedata()
 3 SYSTEMPATH\CodeIgniter.php(494): CodeIgniter\CodeIgniter->runController()
 4 SYSTEMPATH\CodeIgniter.php(353): CodeIgniter\CodeIgniter->handleRequest()
 5 FCPATH\index.php(79): CodeIgniter\CodeIgniter->run()
 6 SYSTEMPATH\Commands\Server\rewrite.php(47): require_once('C:\\Users\\INFODIF\\Desktop\\GİT\\ARCHIVE\\public\\index.php')
CRITICAL - 2024-01-05 12:47:47 --> Trying to access array offset on value of type null
in APPPATH\Controllers\GameController.php on line 22.
 1 APPPATH\Controllers\GameController.php(22): CodeIgniter\Debug\Exceptions->errorHandler()
 2 SYSTEMPATH\CodeIgniter.php(919): App\Controllers\GameController->showgamedata()
 3 SYSTEMPATH\CodeIgniter.php(494): CodeIgniter\CodeIgniter->runController()
 4 SYSTEMPATH\CodeIgniter.php(353): CodeIgniter\CodeIgniter->handleRequest()
 5 FCPATH\index.php(79): CodeIgniter\CodeIgniter->run()
 6 SYSTEMPATH\Commands\Server\rewrite.php(47): require_once('C:\\Users\\INFODIF\\Desktop\\GİT\\ARCHIVE\\public\\index.php')
CRITICAL - 2024-01-05 12:47:58 --> Trying to access array offset on value of type null
in APPPATH\Controllers\GameController.php on line 22.
 1 APPPATH\Controllers\GameController.php(22): CodeIgniter\Debug\Exceptions->errorHandler()
 2 SYSTEMPATH\CodeIgniter.php(919): App\Controllers\GameController->showgamedata()
 3 SYSTEMPATH\CodeIgniter.php(494): CodeIgniter\CodeIgniter->runController()
 4 SYSTEMPATH\CodeIgniter.php(353): CodeIgniter\CodeIgniter->handleRequest()
 5 FCPATH\index.php(79): CodeIgniter\CodeIgniter->run()
 6 SYSTEMPATH\Commands\Server\rewrite.php(47): require_once('C:\\Users\\INFODIF\\Desktop\\GİT\\ARCHIVE\\public\\index.php')
CRITICAL - 2024-01-05 12:47:59 --> Trying to access array offset on value of type null
in APPPATH\Controllers\GameController.php on line 22.
 1 APPPATH\Controllers\GameController.php(22): CodeIgniter\Debug\Exceptions->errorHandler()
 2 SYSTEMPATH\CodeIgniter.php(919): App\Controllers\GameController->showgamedata()
 3 SYSTEMPATH\CodeIgniter.php(494): CodeIgniter\CodeIgniter->runController()
 4 SYSTEMPATH\CodeIgniter.php(353): CodeIgniter\CodeIgniter->handleRequest()
 5 FCPATH\index.php(79): CodeIgniter\CodeIgniter->run()
 6 SYSTEMPATH\Commands\Server\rewrite.php(47): require_once('C:\\Users\\INFODIF\\Desktop\\GİT\\ARCHIVE\\public\\index.php')
CRITICAL - 2024-01-05 12:48:04 --> Trying to access array offset on value of type null
in APPPATH\Controllers\GameController.php on line 22.
 1 APPPATH\Controllers\GameController.php(22): CodeIgniter\Debug\Exceptions->errorHandler()
 2 SYSTEMPATH\CodeIgniter.php(919): App\Controllers\GameController->showgamedata()
 3 SYSTEMPATH\CodeIgniter.php(494): CodeIgniter\CodeIgniter->runController()
 4 SYSTEMPATH\CodeIgniter.php(353): CodeIgniter\CodeIgniter->handleRequest()
 5 FCPATH\index.php(79): CodeIgniter\CodeIgniter->run()
 6 SYSTEMPATH\Commands\Server\rewrite.php(47): require_once('C:\\Users\\INFODIF\\Desktop\\GİT\\ARCHIVE\\public\\index.php')
CRITICAL - 2024-01-05 12:48:07 --> Trying to access array offset on value of type null
in APPPATH\Controllers\GameController.php on line 22.
 1 APPPATH\Controllers\GameController.php(22): CodeIgniter\Debug\Exceptions->errorHandler()
 2 SYSTEMPATH\CodeIgniter.php(919): App\Controllers\GameController->showgamedata()
 3 SYSTEMPATH\CodeIgniter.php(494): CodeIgniter\CodeIgniter->runController()
 4 SYSTEMPATH\CodeIgniter.php(353): CodeIgniter\CodeIgniter->handleRequest()
 5 FCPATH\index.php(79): CodeIgniter\CodeIgniter->run()
 6 SYSTEMPATH\Commands\Server\rewrite.php(47): require_once('C:\\Users\\INFODIF\\Desktop\\GİT\\ARCHIVE\\public\\index.php')
CRITICAL - 2024-01-05 12:51:29 --> Undefined array key "value"
in APPPATH\Controllers\GameController.php on line 22.
 1 APPPATH\Controllers\GameController.php(22): CodeIgniter\Debug\Exceptions->errorHandler()
 2 SYSTEMPATH\CodeIgniter.php(919): App\Controllers\GameController->showgamedata()
 3 SYSTEMPATH\CodeIgniter.php(494): CodeIgniter\CodeIgniter->runController()
 4 SYSTEMPATH\CodeIgniter.php(353): CodeIgniter\CodeIgniter->handleRequest()
 5 FCPATH\index.php(79): CodeIgniter\CodeIgniter->run()
 6 SYSTEMPATH\Commands\Server\rewrite.php(47): require_once('C:\\Users\\INFODIF\\Desktop\\GİT\\ARCHIVE\\public\\index.php')
CRITICAL - 2024-01-05 12:51:36 --> Undefined array key "value"
in APPPATH\Controllers\GameController.php on line 22.
 1 APPPATH\Controllers\GameController.php(22): CodeIgniter\Debug\Exceptions->errorHandler()
 2 SYSTEMPATH\CodeIgniter.php(919): App\Controllers\GameController->showgamedata()
 3 SYSTEMPATH\CodeIgniter.php(494): CodeIgniter\CodeIgniter->runController()
 4 SYSTEMPATH\CodeIgniter.php(353): CodeIgniter\CodeIgniter->handleRequest()
 5 FCPATH\index.php(79): CodeIgniter\CodeIgniter->run()
 6 SYSTEMPATH\Commands\Server\rewrite.php(47): require_once('C:\\Users\\INFODIF\\Desktop\\GİT\\ARCHIVE\\public\\index.php')
CRITICAL - 2024-01-05 12:51:37 --> Undefined array key "value"
in APPPATH\Controllers\GameController.php on line 22.
 1 APPPATH\Controllers\GameController.php(22): CodeIgniter\Debug\Exceptions->errorHandler()
 2 SYSTEMPATH\CodeIgniter.php(919): App\Controllers\GameController->showgamedata()
 3 SYSTEMPATH\CodeIgniter.php(494): CodeIgniter\CodeIgniter->runController()
 4 SYSTEMPATH\CodeIgniter.php(353): CodeIgniter\CodeIgniter->handleRequest()
 5 FCPATH\index.php(79): CodeIgniter\CodeIgniter->run()
 6 SYSTEMPATH\Commands\Server\rewrite.php(47): require_once('C:\\Users\\INFODIF\\Desktop\\GİT\\ARCHIVE\\public\\index.php')
CRITICAL - 2024-01-05 12:52:02 --> Undefined array key "value"
in APPPATH\Controllers\GameController.php on line 22.
 1 APPPATH\Controllers\GameController.php(22): CodeIgniter\Debug\Exceptions->errorHandler()
 2 SYSTEMPATH\CodeIgniter.php(919): App\Controllers\GameController->showgamedata()
 3 SYSTEMPATH\CodeIgniter.php(494): CodeIgniter\CodeIgniter->runController()
 4 SYSTEMPATH\CodeIgniter.php(353): CodeIgniter\CodeIgniter->handleRequest()
 5 FCPATH\index.php(79): CodeIgniter\CodeIgniter->run()
 6 SYSTEMPATH\Commands\Server\rewrite.php(47): require_once('C:\\Users\\INFODIF\\Desktop\\GİT\\ARCHIVE\\public\\index.php')
CRITICAL - 2024-01-05 13:07:20 --> CodeIgniter\Database\BaseBuilder::like(): Argument #2 ($match) must be of type string, array given, called in C:\Users\INFODIF\Desktop\GİT\ARCHIVE\app\Models\GameModel.php on line 35
in SYSTEMPATH\Database\BaseBuilder.php on line 983.
 1 APPPATH\Models\GameModel.php(35): CodeIgniter\Database\BaseBuilder->like()
 2 APPPATH\Controllers\GameController.php(27): App\Models\GameModel->call_game()
 3 SYSTEMPATH\CodeIgniter.php(919): App\Controllers\GameController->showgamedata()
 4 SYSTEMPATH\CodeIgniter.php(494): CodeIgniter\CodeIgniter->runController()
 5 SYSTEMPATH\CodeIgniter.php(353): CodeIgniter\CodeIgniter->handleRequest()
 6 FCPATH\index.php(79): CodeIgniter\CodeIgniter->run()
 7 SYSTEMPATH\Commands\Server\rewrite.php(47): require_once('C:\\Users\\INFODIF\\Desktop\\GİT\\ARCHIVE\\public\\index.php')
CRITICAL - 2024-01-05 13:07:28 --> CodeIgniter\Database\BaseBuilder::like(): Argument #2 ($match) must be of type string, array given, called in C:\Users\INFODIF\Desktop\GİT\ARCHIVE\app\Models\GameModel.php on line 35
in SYSTEMPATH\Database\BaseBuilder.php on line 983.
 1 APPPATH\Models\GameModel.php(35): CodeIgniter\Database\BaseBuilder->like()
 2 APPPATH\Controllers\GameController.php(27): App\Models\GameModel->call_game()
 3 SYSTEMPATH\CodeIgniter.php(919): App\Controllers\GameController->showgamedata()
 4 SYSTEMPATH\CodeIgniter.php(494): CodeIgniter\CodeIgniter->runController()
 5 SYSTEMPATH\CodeIgniter.php(353): CodeIgniter\CodeIgniter->handleRequest()
 6 FCPATH\index.php(79): CodeIgniter\CodeIgniter->run()
 7 SYSTEMPATH\Commands\Server\rewrite.php(47): require_once('C:\\Users\\INFODIF\\Desktop\\GİT\\ARCHIVE\\public\\index.php')
CRITICAL - 2024-01-05 13:07:29 --> CodeIgniter\Database\BaseBuilder::like(): Argument #2 ($match) must be of type string, array given, called in C:\Users\INFODIF\Desktop\GİT\ARCHIVE\app\Models\GameModel.php on line 35
in SYSTEMPATH\Database\BaseBuilder.php on line 983.
 1 APPPATH\Models\GameModel.php(35): CodeIgniter\Database\BaseBuilder->like()
 2 APPPATH\Controllers\GameController.php(27): App\Models\GameModel->call_game()
 3 SYSTEMPATH\CodeIgniter.php(919): App\Controllers\GameController->showgamedata()
 4 SYSTEMPATH\CodeIgniter.php(494): CodeIgniter\CodeIgniter->runController()
 5 SYSTEMPATH\CodeIgniter.php(353): CodeIgniter\CodeIgniter->handleRequest()
 6 FCPATH\index.php(79): CodeIgniter\CodeIgniter->run()
 7 SYSTEMPATH\Commands\Server\rewrite.php(47): require_once('C:\\Users\\INFODIF\\Desktop\\GİT\\ARCHIVE\\public\\index.php')
CRITICAL - 2024-01-05 13:07:35 --> CodeIgniter\Database\BaseBuilder::like(): Argument #2 ($match) must be of type string, array given, called in C:\Users\INFODIF\Desktop\GİT\ARCHIVE\app\Models\GameModel.php on line 35
in SYSTEMPATH\Database\BaseBuilder.php on line 983.
 1 APPPATH\Models\GameModel.php(35): CodeIgniter\Database\BaseBuilder->like()
 2 APPPATH\Controllers\GameController.php(27): App\Models\GameModel->call_game()
 3 SYSTEMPATH\CodeIgniter.php(919): App\Controllers\GameController->showgamedata()
 4 SYSTEMPATH\CodeIgniter.php(494): CodeIgniter\CodeIgniter->runController()
 5 SYSTEMPATH\CodeIgniter.php(353): CodeIgniter\CodeIgniter->handleRequest()
 6 FCPATH\index.php(79): CodeIgniter\CodeIgniter->run()
 7 SYSTEMPATH\Commands\Server\rewrite.php(47): require_once('C:\\Users\\INFODIF\\Desktop\\GİT\\ARCHIVE\\public\\index.php')
CRITICAL - 2024-01-05 13:07:52 --> CodeIgniter\Database\BaseBuilder::like(): Argument #2 ($match) must be of type string, array given, called in C:\Users\INFODIF\Desktop\GİT\ARCHIVE\app\Models\GameModel.php on line 35
in SYSTEMPATH\Database\BaseBuilder.php on line 983.
 1 APPPATH\Models\GameModel.php(35): CodeIgniter\Database\BaseBuilder->like()
 2 APPPATH\Controllers\GameController.php(27): App\Models\GameModel->call_game()
 3 SYSTEMPATH\CodeIgniter.php(919): App\Controllers\GameController->showgamedata()
 4 SYSTEMPATH\CodeIgniter.php(494): CodeIgniter\CodeIgniter->runController()
 5 SYSTEMPATH\CodeIgniter.php(353): CodeIgniter\CodeIgniter->handleRequest()
 6 FCPATH\index.php(79): CodeIgniter\CodeIgniter->run()
 7 SYSTEMPATH\Commands\Server\rewrite.php(47): require_once('C:\\Users\\INFODIF\\Desktop\\GİT\\ARCHIVE\\public\\index.php')
CRITICAL - 2024-01-05 13:15:12 --> CodeIgniter\Database\BaseBuilder::like(): Argument #2 ($match) must be of type string, array given, called in C:\Users\INFODIF\Desktop\GİT\ARCHIVE\app\Models\GameModel.php on line 35
in SYSTEMPATH\Database\BaseBuilder.php on line 983.
 1 APPPATH\Models\GameModel.php(35): CodeIgniter\Database\BaseBuilder->like()
 2 APPPATH\Controllers\GameController.php(27): App\Models\GameModel->call_game()
 3 SYSTEMPATH\CodeIgniter.php(919): App\Controllers\GameController->showgamedata()
 4 SYSTEMPATH\CodeIgniter.php(494): CodeIgniter\CodeIgniter->runController()
 5 SYSTEMPATH\CodeIgniter.php(353): CodeIgniter\CodeIgniter->handleRequest()
 6 FCPATH\index.php(79): CodeIgniter\CodeIgniter->run()
 7 SYSTEMPATH\Commands\Server\rewrite.php(47): require_once('C:\\Users\\INFODIF\\Desktop\\GİT\\ARCHIVE\\public\\index.php')
CRITICAL - 2024-01-05 13:16:06 --> CodeIgniter\Database\BaseBuilder::like(): Argument #2 ($match) must be of type string, array given, called in C:\Users\INFODIF\Desktop\GİT\ARCHIVE\app\Models\GameModel.php on line 35
in SYSTEMPATH\Database\BaseBuilder.php on line 983.
 1 APPPATH\Models\GameModel.php(35): CodeIgniter\Database\BaseBuilder->like()
 2 APPPATH\Controllers\GameController.php(27): App\Models\GameModel->call_game()
 3 SYSTEMPATH\CodeIgniter.php(919): App\Controllers\GameController->showgamedata()
 4 SYSTEMPATH\CodeIgniter.php(494): CodeIgniter\CodeIgniter->runController()
 5 SYSTEMPATH\CodeIgniter.php(353): CodeIgniter\CodeIgniter->handleRequest()
 6 FCPATH\index.php(79): CodeIgniter\CodeIgniter->run()
 7 SYSTEMPATH\Commands\Server\rewrite.php(47): require_once('C:\\Users\\INFODIF\\Desktop\\GİT\\ARCHIVE\\public\\index.php')
CRITICAL - 2024-01-05 13:16:44 --> CodeIgniter\Database\BaseBuilder::like(): Argument #2 ($match) must be of type string, array given, called in C:\Users\INFODIF\Desktop\GİT\ARCHIVE\app\Models\GameModel.php on line 35
in SYSTEMPATH\Database\BaseBuilder.php on line 983.
 1 APPPATH\Models\GameModel.php(35): CodeIgniter\Database\BaseBuilder->like()
 2 APPPATH\Controllers\GameController.php(27): App\Models\GameModel->call_game()
 3 SYSTEMPATH\CodeIgniter.php(919): App\Controllers\GameController->showgamedata()
 4 SYSTEMPATH\CodeIgniter.php(494): CodeIgniter\CodeIgniter->runController()
 5 SYSTEMPATH\CodeIgniter.php(353): CodeIgniter\CodeIgniter->handleRequest()
 6 FCPATH\index.php(79): CodeIgniter\CodeIgniter->run()
 7 SYSTEMPATH\Commands\Server\rewrite.php(47): require_once('C:\\Users\\INFODIF\\Desktop\\GİT\\ARCHIVE\\public\\index.php')
CRITICAL - 2024-01-05 13:18:57 --> Call to a member function getGet() on null
in APPPATH\Models\GameModel.php on line 27.
 1 APPPATH\Controllers\GameController.php(23): App\Models\GameModel->call_game()
 2 SYSTEMPATH\CodeIgniter.php(919): App\Controllers\GameController->showgamedata()
 3 SYSTEMPATH\CodeIgniter.php(494): CodeIgniter\CodeIgniter->runController()
 4 SYSTEMPATH\CodeIgniter.php(353): CodeIgniter\CodeIgniter->handleRequest()
 5 FCPATH\index.php(79): CodeIgniter\CodeIgniter->run()
 6 SYSTEMPATH\Commands\Server\rewrite.php(47): require_once('C:\\Users\\INFODIF\\Desktop\\GİT\\ARCHIVE\\public\\index.php')
CRITICAL - 2024-01-05 13:19:00 --> Call to a member function getGet() on null
in APPPATH\Models\GameModel.php on line 27.
 1 APPPATH\Controllers\GameController.php(23): App\Models\GameModel->call_game()
 2 SYSTEMPATH\CodeIgniter.php(919): App\Controllers\GameController->showgamedata()
 3 SYSTEMPATH\CodeIgniter.php(494): CodeIgniter\CodeIgniter->runController()
 4 SYSTEMPATH\CodeIgniter.php(353): CodeIgniter\CodeIgniter->handleRequest()
 5 FCPATH\index.php(79): CodeIgniter\CodeIgniter->run()
 6 SYSTEMPATH\Commands\Server\rewrite.php(47): require_once('C:\\Users\\INFODIF\\Desktop\\GİT\\ARCHIVE\\public\\index.php')
CRITICAL - 2024-01-05 13:20:22 --> Call to a member function getGet() on null
in APPPATH\Models\GameModel.php on line 27.
 1 APPPATH\Controllers\GameController.php(23): App\Models\GameModel->call_game()
 2 SYSTEMPATH\CodeIgniter.php(919): App\Controllers\GameController->showgamedata()
 3 SYSTEMPATH\CodeIgniter.php(494): CodeIgniter\CodeIgniter->runController()
 4 SYSTEMPATH\CodeIgniter.php(353): CodeIgniter\CodeIgniter->handleRequest()
 5 FCPATH\index.php(79): CodeIgniter\CodeIgniter->run()
 6 SYSTEMPATH\Commands\Server\rewrite.php(47): require_once('C:\\Users\\INFODIF\\Desktop\\GİT\\ARCHIVE\\public\\index.php')
CRITICAL - 2024-01-05 13:20:24 --> Call to a member function getGet() on null
in APPPATH\Models\GameModel.php on line 27.
 1 APPPATH\Controllers\GameController.php(23): App\Models\GameModel->call_game()
 2 SYSTEMPATH\CodeIgniter.php(919): App\Controllers\GameController->showgamedata()
 3 SYSTEMPATH\CodeIgniter.php(494): CodeIgniter\CodeIgniter->runController()
 4 SYSTEMPATH\CodeIgniter.php(353): CodeIgniter\CodeIgniter->handleRequest()
 5 FCPATH\index.php(79): CodeIgniter\CodeIgniter->run()
 6 SYSTEMPATH\Commands\Server\rewrite.php(47): require_once('C:\\Users\\INFODIF\\Desktop\\GİT\\ARCHIVE\\public\\index.php')
CRITICAL - 2024-01-05 13:25:24 --> explode(): Argument #2 ($string) must be of type string, array given
in APPPATH\Controllers\GameController.php on line 22.
 1 APPPATH\Controllers\GameController.php(22): explode()
 2 SYSTEMPATH\CodeIgniter.php(919): App\Controllers\GameController->showgamedata()
 3 SYSTEMPATH\CodeIgniter.php(494): CodeIgniter\CodeIgniter->runController()
 4 SYSTEMPATH\CodeIgniter.php(353): CodeIgniter\CodeIgniter->handleRequest()
 5 FCPATH\index.php(79): CodeIgniter\CodeIgniter->run()
 6 SYSTEMPATH\Commands\Server\rewrite.php(47): require_once('C:\\Users\\INFODIF\\Desktop\\GİT\\ARCHIVE\\public\\index.php')
CRITICAL - 2024-01-05 13:36:21 --> Undefined constant "App\Controllers\value"
in APPPATH\Controllers\GameController.php on line 26.
 1 SYSTEMPATH\CodeIgniter.php(919): App\Controllers\GameController->showgamedata()
 2 SYSTEMPATH\CodeIgniter.php(494): CodeIgniter\CodeIgniter->runController()
 3 SYSTEMPATH\CodeIgniter.php(353): CodeIgniter\CodeIgniter->handleRequest()
 4 FCPATH\index.php(79): CodeIgniter\CodeIgniter->run()
 5 SYSTEMPATH\Commands\Server\rewrite.php(47): require_once('C:\\Users\\INFODIF\\Desktop\\GİT\\ARCHIVE\\public\\index.php')
CRITICAL - 2024-01-05 13:36:23 --> Undefined constant "App\Controllers\value"
in APPPATH\Controllers\GameController.php on line 26.
 1 SYSTEMPATH\CodeIgniter.php(919): App\Controllers\GameController->showgamedata()
 2 SYSTEMPATH\CodeIgniter.php(494): CodeIgniter\CodeIgniter->runController()
 3 SYSTEMPATH\CodeIgniter.php(353): CodeIgniter\CodeIgniter->handleRequest()
 4 FCPATH\index.php(79): CodeIgniter\CodeIgniter->run()
 5 SYSTEMPATH\Commands\Server\rewrite.php(47): require_once('C:\\Users\\INFODIF\\Desktop\\GİT\\ARCHIVE\\public\\index.php')
CRITICAL - 2024-01-05 13:36:25 --> Undefined constant "App\Controllers\value"
in APPPATH\Controllers\GameController.php on line 26.
 1 SYSTEMPATH\CodeIgniter.php(919): App\Controllers\GameController->showgamedata()
 2 SYSTEMPATH\CodeIgniter.php(494): CodeIgniter\CodeIgniter->runController()
 3 SYSTEMPATH\CodeIgniter.php(353): CodeIgniter\CodeIgniter->handleRequest()
 4 FCPATH\index.php(79): CodeIgniter\CodeIgniter->run()
 5 SYSTEMPATH\Commands\Server\rewrite.php(47): require_once('C:\\Users\\INFODIF\\Desktop\\GİT\\ARCHIVE\\public\\index.php')
CRITICAL - 2024-01-05 18:38:03 --> Undefined array key "name"
in APPPATH\Controllers\GameController.php on line 18.
 1 APPPATH\Controllers\GameController.php(18): CodeIgniter\Debug\Exceptions->errorHandler()
 2 SYSTEMPATH\CodeIgniter.php(919): App\Controllers\GameController->showgamedata()
 3 SYSTEMPATH\CodeIgniter.php(494): CodeIgniter\CodeIgniter->runController()
 4 SYSTEMPATH\CodeIgniter.php(353): CodeIgniter\CodeIgniter->handleRequest()
 5 FCPATH\index.php(79): CodeIgniter\CodeIgniter->run()
 6 SYSTEMPATH\Commands\Server\rewrite.php(47): require_once('C:\\Users\\INFODIF\\Desktop\\GİT\\ARCHIVE\\public\\index.php')
CRITICAL - 2024-01-05 18:38:06 --> Undefined array key "name"
in APPPATH\Controllers\GameController.php on line 18.
 1 APPPATH\Controllers\GameController.php(18): CodeIgniter\Debug\Exceptions->errorHandler()
 2 SYSTEMPATH\CodeIgniter.php(919): App\Controllers\GameController->showgamedata()
 3 SYSTEMPATH\CodeIgniter.php(494): CodeIgniter\CodeIgniter->runController()
 4 SYSTEMPATH\CodeIgniter.php(353): CodeIgniter\CodeIgniter->handleRequest()
 5 FCPATH\index.php(79): CodeIgniter\CodeIgniter->run()
 6 SYSTEMPATH\Commands\Server\rewrite.php(47): require_once('C:\\Users\\INFODIF\\Desktop\\GİT\\ARCHIVE\\public\\index.php')
CRITICAL - 2024-01-05 18:38:14 --> Undefined array key "name"
in APPPATH\Controllers\GameController.php on line 18.
 1 APPPATH\Controllers\GameController.php(18): CodeIgniter\Debug\Exceptions->errorHandler()
 2 SYSTEMPATH\CodeIgniter.php(919): App\Controllers\GameController->showgamedata()
 3 SYSTEMPATH\CodeIgniter.php(494): CodeIgniter\CodeIgniter->runController()
 4 SYSTEMPATH\CodeIgniter.php(353): CodeIgniter\CodeIgniter->handleRequest()
 5 FCPATH\index.php(79): CodeIgniter\CodeIgniter->run()
 6 SYSTEMPATH\Commands\Server\rewrite.php(47): require_once('C:\\Users\\INFODIF\\Desktop\\GİT\\ARCHIVE\\public\\index.php')
CRITICAL - 2024-01-05 18:39:59 --> Trying to access array offset on value of type null
in APPPATH\Controllers\GameController.php on line 21.
 1 APPPATH\Controllers\GameController.php(21): CodeIgniter\Debug\Exceptions->errorHandler()
 2 SYSTEMPATH\CodeIgniter.php(919): App\Controllers\GameController->showgamedata()
 3 SYSTEMPATH\CodeIgniter.php(494): CodeIgniter\CodeIgniter->runController()
 4 SYSTEMPATH\CodeIgniter.php(353): CodeIgniter\CodeIgniter->handleRequest()
 5 FCPATH\index.php(79): CodeIgniter\CodeIgniter->run()
 6 SYSTEMPATH\Commands\Server\rewrite.php(47): require_once('C:\\Users\\INFODIF\\Desktop\\GİT\\ARCHIVE\\public\\index.php')
CRITICAL - 2024-01-05 18:40:35 --> Trying to access array offset on value of type null
in APPPATH\Controllers\GameController.php on line 21.
 1 APPPATH\Controllers\GameController.php(21): CodeIgniter\Debug\Exceptions->errorHandler()
 2 SYSTEMPATH\CodeIgniter.php(919): App\Controllers\GameController->showgamedata()
 3 SYSTEMPATH\CodeIgniter.php(494): CodeIgniter\CodeIgniter->runController()
 4 SYSTEMPATH\CodeIgniter.php(353): CodeIgniter\CodeIgniter->handleRequest()
 5 FCPATH\index.php(79): CodeIgniter\CodeIgniter->run()
 6 SYSTEMPATH\Commands\Server\rewrite.php(47): require_once('C:\\Users\\INFODIF\\Desktop\\GİT\\ARCHIVE\\public\\index.php')
CRITICAL - 2024-01-05 18:40:39 --> Trying to access array offset on value of type null
in APPPATH\Controllers\GameController.php on line 21.
 1 APPPATH\Controllers\GameController.php(21): CodeIgniter\Debug\Exceptions->errorHandler()
 2 SYSTEMPATH\CodeIgniter.php(919): App\Controllers\GameController->showgamedata()
 3 SYSTEMPATH\CodeIgniter.php(494): CodeIgniter\CodeIgniter->runController()
 4 SYSTEMPATH\CodeIgniter.php(353): CodeIgniter\CodeIgniter->handleRequest()
 5 FCPATH\index.php(79): CodeIgniter\CodeIgniter->run()
 6 SYSTEMPATH\Commands\Server\rewrite.php(47): require_once('C:\\Users\\INFODIF\\Desktop\\GİT\\ARCHIVE\\public\\index.php')
CRITICAL - 2024-01-05 18:41:16 --> Trying to access array offset on value of type null
in APPPATH\Controllers\GameController.php on line 21.
 1 APPPATH\Controllers\GameController.php(21): CodeIgniter\Debug\Exceptions->errorHandler()
 2 SYSTEMPATH\CodeIgniter.php(919): App\Controllers\GameController->showgamedata()
 3 SYSTEMPATH\CodeIgniter.php(494): CodeIgniter\CodeIgniter->runController()
 4 SYSTEMPATH\CodeIgniter.php(353): CodeIgniter\CodeIgniter->handleRequest()
 5 FCPATH\index.php(79): CodeIgniter\CodeIgniter->run()
 6 SYSTEMPATH\Commands\Server\rewrite.php(47): require_once('C:\\Users\\INFODIF\\Desktop\\GİT\\ARCHIVE\\public\\index.php')
CRITICAL - 2024-01-05 18:46:18 --> Trying to access array offset on value of type null
in APPPATH\Controllers\GameController.php on line 18.
 1 APPPATH\Controllers\GameController.php(18): CodeIgniter\Debug\Exceptions->errorHandler()
 2 SYSTEMPATH\CodeIgniter.php(919): App\Controllers\GameController->showgamedata()
 3 SYSTEMPATH\CodeIgniter.php(494): CodeIgniter\CodeIgniter->runController()
 4 SYSTEMPATH\CodeIgniter.php(353): CodeIgniter\CodeIgniter->handleRequest()
 5 FCPATH\index.php(79): CodeIgniter\CodeIgniter->run()
 6 SYSTEMPATH\Commands\Server\rewrite.php(47): require_once('C:\\Users\\INFODIF\\Desktop\\GİT\\ARCHIVE\\public\\index.php')
CRITICAL - 2024-01-05 18:46:22 --> Trying to access array offset on value of type null
in APPPATH\Controllers\GameController.php on line 18.
 1 APPPATH\Controllers\GameController.php(18): CodeIgniter\Debug\Exceptions->errorHandler()
 2 SYSTEMPATH\CodeIgniter.php(919): App\Controllers\GameController->showgamedata()
 3 SYSTEMPATH\CodeIgniter.php(494): CodeIgniter\CodeIgniter->runController()
 4 SYSTEMPATH\CodeIgniter.php(353): CodeIgniter\CodeIgniter->handleRequest()
 5 FCPATH\index.php(79): CodeIgniter\CodeIgniter->run()
 6 SYSTEMPATH\Commands\Server\rewrite.php(47): require_once('C:\\Users\\INFODIF\\Desktop\\GİT\\ARCHIVE\\public\\index.php')
CRITICAL - 2024-01-05 18:47:12 --> Trying to access array offset on value of type null
in APPPATH\Controllers\GameController.php on line 21.
 1 APPPATH\Controllers\GameController.php(21): CodeIgniter\Debug\Exceptions->errorHandler()
 2 SYSTEMPATH\CodeIgniter.php(919): App\Controllers\GameController->showgamedata()
 3 SYSTEMPATH\CodeIgniter.php(494): CodeIgniter\CodeIgniter->runController()
 4 SYSTEMPATH\CodeIgniter.php(353): CodeIgniter\CodeIgniter->handleRequest()
 5 FCPATH\index.php(79): CodeIgniter\CodeIgniter->run()
 6 SYSTEMPATH\Commands\Server\rewrite.php(47): require_once('C:\\Users\\INFODIF\\Desktop\\GİT\\ARCHIVE\\public\\index.php')
CRITICAL - 2024-01-05 18:47:16 --> Trying to access array offset on value of type null
in APPPATH\Controllers\GameController.php on line 21.
 1 APPPATH\Controllers\GameController.php(21): CodeIgniter\Debug\Exceptions->errorHandler()
 2 SYSTEMPATH\CodeIgniter.php(919): App\Controllers\GameController->showgamedata()
 3 SYSTEMPATH\CodeIgniter.php(494): CodeIgniter\CodeIgniter->runController()
 4 SYSTEMPATH\CodeIgniter.php(353): CodeIgniter\CodeIgniter->handleRequest()
 5 FCPATH\index.php(79): CodeIgniter\CodeIgniter->run()
 6 SYSTEMPATH\Commands\Server\rewrite.php(47): require_once('C:\\Users\\INFODIF\\Desktop\\GİT\\ARCHIVE\\public\\index.php')
CRITICAL - 2024-01-05 18:54:05 --> Undefined array key "search"
in APPPATH\Controllers\GameController.php on line 21.
 1 APPPATH\Controllers\GameController.php(21): CodeIgniter\Debug\Exceptions->errorHandler()
 2 SYSTEMPATH\CodeIgniter.php(919): App\Controllers\GameController->showgamedata()
 3 SYSTEMPATH\CodeIgniter.php(494): CodeIgniter\CodeIgniter->runController()
 4 SYSTEMPATH\CodeIgniter.php(353): CodeIgniter\CodeIgniter->handleRequest()
 5 FCPATH\index.php(79): CodeIgniter\CodeIgniter->run()
 6 SYSTEMPATH\Commands\Server\rewrite.php(47): require_once('C:\\Users\\INFODIF\\Desktop\\GİT\\ARCHIVE\\public\\index.php')
CRITICAL - 2024-01-05 18:54:08 --> Undefined array key "search"
in APPPATH\Controllers\GameController.php on line 21.
 1 APPPATH\Controllers\GameController.php(21): CodeIgniter\Debug\Exceptions->errorHandler()
 2 SYSTEMPATH\CodeIgniter.php(919): App\Controllers\GameController->showgamedata()
 3 SYSTEMPATH\CodeIgniter.php(494): CodeIgniter\CodeIgniter->runController()
 4 SYSTEMPATH\CodeIgniter.php(353): CodeIgniter\CodeIgniter->handleRequest()
 5 FCPATH\index.php(79): CodeIgniter\CodeIgniter->run()
 6 SYSTEMPATH\Commands\Server\rewrite.php(47): require_once('C:\\Users\\INFODIF\\Desktop\\GİT\\ARCHIVE\\public\\index.php')
CRITICAL - 2024-01-05 18:58:08 --> Undefined array key "search"
in APPPATH\Controllers\GameController.php on line 21.
 1 APPPATH\Controllers\GameController.php(21): CodeIgniter\Debug\Exceptions->errorHandler()
 2 SYSTEMPATH\CodeIgniter.php(919): App\Controllers\GameController->showgamedata()
 3 SYSTEMPATH\CodeIgniter.php(494): CodeIgniter\CodeIgniter->runController()
 4 SYSTEMPATH\CodeIgniter.php(353): CodeIgniter\CodeIgniter->handleRequest()
 5 FCPATH\index.php(79): CodeIgniter\CodeIgniter->run()
 6 SYSTEMPATH\Commands\Server\rewrite.php(47): require_once('C:\\Users\\INFODIF\\Desktop\\GİT\\ARCHIVE\\public\\index.php')
CRITICAL - 2024-01-05 18:58:10 --> Undefined array key "search"
in APPPATH\Controllers\GameController.php on line 21.
 1 APPPATH\Controllers\GameController.php(21): CodeIgniter\Debug\Exceptions->errorHandler()
 2 SYSTEMPATH\CodeIgniter.php(919): App\Controllers\GameController->showgamedata()
 3 SYSTEMPATH\CodeIgniter.php(494): CodeIgniter\CodeIgniter->runController()
 4 SYSTEMPATH\CodeIgniter.php(353): CodeIgniter\CodeIgniter->handleRequest()
 5 FCPATH\index.php(79): CodeIgniter\CodeIgniter->run()
 6 SYSTEMPATH\Commands\Server\rewrite.php(47): require_once('C:\\Users\\INFODIF\\Desktop\\GİT\\ARCHIVE\\public\\index.php')
CRITICAL - 2024-01-05 19:12:05 --> Array callback has to contain indices 0 and 1
in APPPATH\Controllers\GameController.php on line 18.
 1 SYSTEMPATH\CodeIgniter.php(919): App\Controllers\GameController->showgamedata()
 2 SYSTEMPATH\CodeIgniter.php(494): CodeIgniter\CodeIgniter->runController()
 3 SYSTEMPATH\CodeIgniter.php(353): CodeIgniter\CodeIgniter->handleRequest()
 4 FCPATH\index.php(79): CodeIgniter\CodeIgniter->run()
 5 SYSTEMPATH\Commands\Server\rewrite.php(47): require_once('C:\\Users\\INFODIF\\Desktop\\GİT\\ARCHIVE\\public\\index.php')
CRITICAL - 2024-01-05 19:12:08 --> Array callback has to contain indices 0 and 1
in APPPATH\Controllers\GameController.php on line 18.
 1 SYSTEMPATH\CodeIgniter.php(919): App\Controllers\GameController->showgamedata()
 2 SYSTEMPATH\CodeIgniter.php(494): CodeIgniter\CodeIgniter->runController()
 3 SYSTEMPATH\CodeIgniter.php(353): CodeIgniter\CodeIgniter->handleRequest()
 4 FCPATH\index.php(79): CodeIgniter\CodeIgniter->run()
 5 SYSTEMPATH\Commands\Server\rewrite.php(47): require_once('C:\\Users\\INFODIF\\Desktop\\GİT\\ARCHIVE\\public\\index.php')
CRITICAL - 2024-01-05 19:12:15 --> Array callback has to contain indices 0 and 1
in APPPATH\Controllers\GameController.php on line 18.
 1 SYSTEMPATH\CodeIgniter.php(919): App\Controllers\GameController->showgamedata()
 2 SYSTEMPATH\CodeIgniter.php(494): CodeIgniter\CodeIgniter->runController()
 3 SYSTEMPATH\CodeIgniter.php(353): CodeIgniter\CodeIgniter->handleRequest()
 4 FCPATH\index.php(79): CodeIgniter\CodeIgniter->run()
 5 SYSTEMPATH\Commands\Server\rewrite.php(47): require_once('C:\\Users\\INFODIF\\Desktop\\GİT\\ARCHIVE\\public\\index.php')
CRITICAL - 2024-01-05 19:12:17 --> Array callback has to contain indices 0 and 1
in APPPATH\Controllers\GameController.php on line 18.
 1 SYSTEMPATH\CodeIgniter.php(919): App\Controllers\GameController->showgamedata()
 2 SYSTEMPATH\CodeIgniter.php(494): CodeIgniter\CodeIgniter->runController()
 3 SYSTEMPATH\CodeIgniter.php(353): CodeIgniter\CodeIgniter->handleRequest()
 4 FCPATH\index.php(79): CodeIgniter\CodeIgniter->run()
 5 SYSTEMPATH\Commands\Server\rewrite.php(47): require_once('C:\\Users\\INFODIF\\Desktop\\GİT\\ARCHIVE\\public\\index.php')
ERROR - 2024-01-05 19:19:49 --> mysqli_sql_exception: Unknown column 'name,genre' in 'where clause' in C:\Users\INFODIF\Desktop\GİT\ARCHIVE\system\Database\MySQLi\Connection.php:306
Stack trace:
#0 C:\Users\INFODIF\Desktop\GİT\ARCHIVE\system\Database\MySQLi\Connection.php(306): mysqli->query()
#1 C:\Users\INFODIF\Desktop\GİT\ARCHIVE\system\Database\BaseConnection.php(692): CodeIgniter\Database\MySQLi\Connection->execute()
#2 C:\Users\INFODIF\Desktop\GİT\ARCHIVE\system\Database\BaseConnection.php(606): CodeIgniter\Database\BaseConnection->simpleQuery()
#3 C:\Users\INFODIF\Desktop\GİT\ARCHIVE\system\Database\BaseBuilder.php(1615): CodeIgniter\Database\BaseConnection->query()
#4 C:\Users\INFODIF\Desktop\GİT\ARCHIVE\app\Models\GameModel.php(44): CodeIgniter\Database\BaseBuilder->get()
#5 C:\Users\INFODIF\Desktop\GİT\ARCHIVE\app\Controllers\GameController.php(21): App\Models\GameModel->call_game()
#6 C:\Users\INFODIF\Desktop\GİT\ARCHIVE\system\CodeIgniter.php(919): App\Controllers\GameController->showgamedata()
#7 C:\Users\INFODIF\Desktop\GİT\ARCHIVE\system\CodeIgniter.php(494): CodeIgniter\CodeIgniter->runController()
#8 C:\Users\INFODIF\Desktop\GİT\ARCHIVE\system\CodeIgniter.php(353): CodeIgniter\CodeIgniter->handleRequest()
#9 C:\Users\INFODIF\Desktop\GİT\ARCHIVE\public\index.php(79): CodeIgniter\CodeIgniter->run()
#10 C:\Users\INFODIF\Desktop\GİT\ARCHIVE\system\Commands\Server\rewrite.php(47): require_once('...')
#11 {main}
CRITICAL - 2024-01-05 19:19:49 --> Unknown column 'name,genre' in 'where clause'
in SYSTEMPATH\Database\BaseConnection.php on line 646.
 1 SYSTEMPATH\Database\BaseBuilder.php(1615): CodeIgniter\Database\BaseConnection->query()
 2 APPPATH\Models\GameModel.php(44): CodeIgniter\Database\BaseBuilder->get()
 3 APPPATH\Controllers\GameController.php(21): App\Models\GameModel->call_game()
 4 SYSTEMPATH\CodeIgniter.php(919): App\Controllers\GameController->showgamedata()
 5 SYSTEMPATH\CodeIgniter.php(494): CodeIgniter\CodeIgniter->runController()
 6 SYSTEMPATH\CodeIgniter.php(353): CodeIgniter\CodeIgniter->handleRequest()
 7 FCPATH\index.php(79): CodeIgniter\CodeIgniter->run()
 8 SYSTEMPATH\Commands\Server\rewrite.php(47): require_once('C:\\Users\\INFODIF\\Desktop\\GİT\\ARCHIVE\\public\\index.php')
CRITICAL - 2024-01-05 19:31:29 --> Call to undefined method CodeIgniter\Database\MySQLi\Builder::or_like()
in APPPATH\Models\GameModel.php on line 36.
 1 APPPATH\Controllers\GameController.php(21): App\Models\GameModel->call_game()
 2 SYSTEMPATH\CodeIgniter.php(919): App\Controllers\GameController->showgamedata()
 3 SYSTEMPATH\CodeIgniter.php(494): CodeIgniter\CodeIgniter->runController()
 4 SYSTEMPATH\CodeIgniter.php(353): CodeIgniter\CodeIgniter->handleRequest()
 5 FCPATH\index.php(79): CodeIgniter\CodeIgniter->run()
 6 SYSTEMPATH\Commands\Server\rewrite.php(47): require_once('C:\\Users\\INFODIF\\Desktop\\GİT\\ARCHIVE\\public\\index.php')
