CRITICAL - 2023-11-28 07:58:36 --> implode(): Argument #1 ($pieces) must be of type array, string given
in APPPATH\Controllers\GameController.php on line 27.
 1 APPPATH\Controllers\GameController.php(27): implode()
 2 SYSTEMPATH\CodeIgniter.php(919): App\Controllers\GameController->add_game()
 3 SYSTEMPATH\CodeIgniter.php(494): CodeIgniter\CodeIgniter->runController()
 4 SYSTEMPATH\CodeIgniter.php(353): CodeIgniter\CodeIgniter->handleRequest()
 5 FCPATH\index.php(79): CodeIgniter\CodeIgniter->run()
 6 SYSTEMPATH\Commands\Server\rewrite.php(47): require_once('C:\\Users\\INFODIF\\Desktop\\GİT\\ARCHIVE\\public\\index.php')
CRITICAL - 2023-11-28 07:58:42 --> implode(): Argument #1 ($pieces) must be of type array, string given
in APPPATH\Controllers\GameController.php on line 27.
 1 APPPATH\Controllers\GameController.php(27): implode()
 2 SYSTEMPATH\CodeIgniter.php(919): App\Controllers\GameController->add_game()
 3 SYSTEMPATH\CodeIgniter.php(494): CodeIgniter\CodeIgniter->runController()
 4 SYSTEMPATH\CodeIgniter.php(353): CodeIgniter\CodeIgniter->handleRequest()
 5 FCPATH\index.php(79): CodeIgniter\CodeIgniter->run()
 6 SYSTEMPATH\Commands\Server\rewrite.php(47): require_once('C:\\Users\\INFODIF\\Desktop\\GİT\\ARCHIVE\\public\\index.php')
CRITICAL - 2023-11-28 08:00:54 --> implode(): Argument #1 ($pieces) must be of type array, string given
in APPPATH\Controllers\GameController.php on line 27.
 1 APPPATH\Controllers\GameController.php(27): implode()
 2 SYSTEMPATH\CodeIgniter.php(919): App\Controllers\GameController->add_game()
 3 SYSTEMPATH\CodeIgniter.php(494): CodeIgniter\CodeIgniter->runController()
 4 SYSTEMPATH\CodeIgniter.php(353): CodeIgniter\CodeIgniter->handleRequest()
 5 FCPATH\index.php(79): CodeIgniter\CodeIgniter->run()
 6 SYSTEMPATH\Commands\Server\rewrite.php(47): require_once('C:\\Users\\INFODIF\\Desktop\\GİT\\ARCHIVE\\public\\index.php')
CRITICAL - 2023-11-28 08:02:42 --> implode(): Argument #1 ($pieces) must be of type array, string given
in APPPATH\Controllers\GameController.php on line 27.
 1 APPPATH\Controllers\GameController.php(27): implode()
 2 SYSTEMPATH\CodeIgniter.php(919): App\Controllers\GameController->add_game()
 3 SYSTEMPATH\CodeIgniter.php(494): CodeIgniter\CodeIgniter->runController()
 4 SYSTEMPATH\CodeIgniter.php(353): CodeIgniter\CodeIgniter->handleRequest()
 5 FCPATH\index.php(79): CodeIgniter\CodeIgniter->run()
 6 SYSTEMPATH\Commands\Server\rewrite.php(47): require_once('C:\\Users\\INFODIF\\Desktop\\GİT\\ARCHIVE\\public\\index.php')
CRITICAL - 2023-11-28 08:02:50 --> implode(): Argument #1 ($pieces) must be of type array, string given
in APPPATH\Controllers\GameController.php on line 27.
 1 APPPATH\Controllers\GameController.php(27): implode()
 2 SYSTEMPATH\CodeIgniter.php(919): App\Controllers\GameController->add_game()
 3 SYSTEMPATH\CodeIgniter.php(494): CodeIgniter\CodeIgniter->runController()
 4 SYSTEMPATH\CodeIgniter.php(353): CodeIgniter\CodeIgniter->handleRequest()
 5 FCPATH\index.php(79): CodeIgniter\CodeIgniter->run()
 6 SYSTEMPATH\Commands\Server\rewrite.php(47): require_once('C:\\Users\\INFODIF\\Desktop\\GİT\\ARCHIVE\\public\\index.php')
CRITICAL - 2023-11-28 08:03:57 --> implode(): Argument #1 ($pieces) must be of type array, string given
in APPPATH\Controllers\GameController.php on line 27.
 1 APPPATH\Controllers\GameController.php(27): implode()
 2 SYSTEMPATH\CodeIgniter.php(919): App\Controllers\GameController->add_game()
 3 SYSTEMPATH\CodeIgniter.php(494): CodeIgniter\CodeIgniter->runController()
 4 SYSTEMPATH\CodeIgniter.php(353): CodeIgniter\CodeIgniter->handleRequest()
 5 FCPATH\index.php(79): CodeIgniter\CodeIgniter->run()
 6 SYSTEMPATH\Commands\Server\rewrite.php(47): require_once('C:\\Users\\INFODIF\\Desktop\\GİT\\ARCHIVE\\public\\index.php')
CRITICAL - 2023-11-28 08:04:01 --> implode(): Argument #1 ($pieces) must be of type array, string given
in APPPATH\Controllers\GameController.php on line 27.
 1 APPPATH\Controllers\GameController.php(27): implode()
 2 SYSTEMPATH\CodeIgniter.php(919): App\Controllers\GameController->add_game()
 3 SYSTEMPATH\CodeIgniter.php(494): CodeIgniter\CodeIgniter->runController()
 4 SYSTEMPATH\CodeIgniter.php(353): CodeIgniter\CodeIgniter->handleRequest()
 5 FCPATH\index.php(79): CodeIgniter\CodeIgniter->run()
 6 SYSTEMPATH\Commands\Server\rewrite.php(47): require_once('C:\\Users\\INFODIF\\Desktop\\GİT\\ARCHIVE\\public\\index.php')
CRITICAL - 2023-11-28 08:04:29 --> implode(): Argument #1 ($pieces) must be of type array, string given
in APPPATH\Controllers\GameController.php on line 27.
 1 APPPATH\Controllers\GameController.php(27): implode()
 2 SYSTEMPATH\CodeIgniter.php(919): App\Controllers\GameController->add_game()
 3 SYSTEMPATH\CodeIgniter.php(494): CodeIgniter\CodeIgniter->runController()
 4 SYSTEMPATH\CodeIgniter.php(353): CodeIgniter\CodeIgniter->handleRequest()
 5 FCPATH\index.php(79): CodeIgniter\CodeIgniter->run()
 6 SYSTEMPATH\Commands\Server\rewrite.php(47): require_once('C:\\Users\\INFODIF\\Desktop\\GİT\\ARCHIVE\\public\\index.php')
CRITICAL - 2023-11-28 08:07:12 --> implode(): Argument #1 ($pieces) must be of type array, string given
in APPPATH\Controllers\GameController.php on line 27.
 1 APPPATH\Controllers\GameController.php(27): implode()
 2 SYSTEMPATH\CodeIgniter.php(919): App\Controllers\GameController->add_game()
 3 SYSTEMPATH\CodeIgniter.php(494): CodeIgniter\CodeIgniter->runController()
 4 SYSTEMPATH\CodeIgniter.php(353): CodeIgniter\CodeIgniter->handleRequest()
 5 FCPATH\index.php(79): CodeIgniter\CodeIgniter->run()
 6 SYSTEMPATH\Commands\Server\rewrite.php(47): require_once('C:\\Users\\INFODIF\\Desktop\\GİT\\ARCHIVE\\public\\index.php')
CRITICAL - 2023-11-28 08:33:23 --> implode(): Argument #1 ($pieces) must be of type array, string given
in APPPATH\Controllers\GameController.php on line 27.
 1 APPPATH\Controllers\GameController.php(27): implode()
 2 SYSTEMPATH\CodeIgniter.php(919): App\Controllers\GameController->add_game()
 3 SYSTEMPATH\CodeIgniter.php(494): CodeIgniter\CodeIgniter->runController()
 4 SYSTEMPATH\CodeIgniter.php(353): CodeIgniter\CodeIgniter->handleRequest()
 5 FCPATH\index.php(79): CodeIgniter\CodeIgniter->run()
 6 SYSTEMPATH\Commands\Server\rewrite.php(47): require_once('C:\\Users\\INFODIF\\Desktop\\GİT\\ARCHIVE\\public\\index.php')
CRITICAL - 2023-11-28 08:33:36 --> implode(): Argument #1 ($pieces) must be of type array, string given
in APPPATH\Controllers\GameController.php on line 27.
 1 APPPATH\Controllers\GameController.php(27): implode()
 2 SYSTEMPATH\CodeIgniter.php(919): App\Controllers\GameController->add_game()
 3 SYSTEMPATH\CodeIgniter.php(494): CodeIgniter\CodeIgniter->runController()
 4 SYSTEMPATH\CodeIgniter.php(353): CodeIgniter\CodeIgniter->handleRequest()
 5 FCPATH\index.php(79): CodeIgniter\CodeIgniter->run()
 6 SYSTEMPATH\Commands\Server\rewrite.php(47): require_once('C:\\Users\\INFODIF\\Desktop\\GİT\\ARCHIVE\\public\\index.php')
CRITICAL - 2023-11-28 08:34:02 --> implode(): Argument #1 ($pieces) must be of type array, string given
in APPPATH\Controllers\GameController.php on line 27.
 1 APPPATH\Controllers\GameController.php(27): implode()
 2 SYSTEMPATH\CodeIgniter.php(919): App\Controllers\GameController->add_game()
 3 SYSTEMPATH\CodeIgniter.php(494): CodeIgniter\CodeIgniter->runController()
 4 SYSTEMPATH\CodeIgniter.php(353): CodeIgniter\CodeIgniter->handleRequest()
 5 FCPATH\index.php(79): CodeIgniter\CodeIgniter->run()
 6 SYSTEMPATH\Commands\Server\rewrite.php(47): require_once('C:\\Users\\INFODIF\\Desktop\\GİT\\ARCHIVE\\public\\index.php')
CRITICAL - 2023-11-28 10:34:10 --> implode(): Argument #1 ($pieces) must be of type array, string given
in APPPATH\Controllers\GameController.php on line 60.
 1 APPPATH\Controllers\GameController.php(60): implode()
 2 SYSTEMPATH\CodeIgniter.php(919): App\Controllers\GameController->update()
 3 SYSTEMPATH\CodeIgniter.php(494): CodeIgniter\CodeIgniter->runController()
 4 SYSTEMPATH\CodeIgniter.php(353): CodeIgniter\CodeIgniter->handleRequest()
 5 FCPATH\index.php(79): CodeIgniter\CodeIgniter->run()
 6 SYSTEMPATH\Commands\Server\rewrite.php(47): require_once('C:\\Users\\INFODIF\\Desktop\\GİT\\ARCHIVE\\public\\index.php')
CRITICAL - 2023-11-28 10:34:48 --> implode(): Argument #1 ($pieces) must be of type array, string given
in APPPATH\Controllers\GameController.php on line 60.
 1 APPPATH\Controllers\GameController.php(60): implode()
 2 SYSTEMPATH\CodeIgniter.php(919): App\Controllers\GameController->update()
 3 SYSTEMPATH\CodeIgniter.php(494): CodeIgniter\CodeIgniter->runController()
 4 SYSTEMPATH\CodeIgniter.php(353): CodeIgniter\CodeIgniter->handleRequest()
 5 FCPATH\index.php(79): CodeIgniter\CodeIgniter->run()
 6 SYSTEMPATH\Commands\Server\rewrite.php(47): require_once('C:\\Users\\INFODIF\\Desktop\\GİT\\ARCHIVE\\public\\index.php')
CRITICAL - 2023-11-28 10:35:22 --> implode(): Argument #1 ($pieces) must be of type array, string given
in APPPATH\Controllers\GameController.php on line 60.
 1 APPPATH\Controllers\GameController.php(60): implode()
 2 SYSTEMPATH\CodeIgniter.php(919): App\Controllers\GameController->update()
 3 SYSTEMPATH\CodeIgniter.php(494): CodeIgniter\CodeIgniter->runController()
 4 SYSTEMPATH\CodeIgniter.php(353): CodeIgniter\CodeIgniter->handleRequest()
 5 FCPATH\index.php(79): CodeIgniter\CodeIgniter->run()
 6 SYSTEMPATH\Commands\Server\rewrite.php(47): require_once('C:\\Users\\INFODIF\\Desktop\\GİT\\ARCHIVE\\public\\index.php')
CRITICAL - 2023-11-28 10:35:32 --> implode(): Argument #1 ($pieces) must be of type array, string given
in APPPATH\Controllers\GameController.php on line 60.
 1 APPPATH\Controllers\GameController.php(60): implode()
 2 SYSTEMPATH\CodeIgniter.php(919): App\Controllers\GameController->update()
 3 SYSTEMPATH\CodeIgniter.php(494): CodeIgniter\CodeIgniter->runController()
 4 SYSTEMPATH\CodeIgniter.php(353): CodeIgniter\CodeIgniter->handleRequest()
 5 FCPATH\index.php(79): CodeIgniter\CodeIgniter->run()
 6 SYSTEMPATH\Commands\Server\rewrite.php(47): require_once('C:\\Users\\INFODIF\\Desktop\\GİT\\ARCHIVE\\public\\index.php')
CRITICAL - 2023-11-28 10:36:00 --> implode(): Argument #1 ($pieces) must be of type array, string given
in APPPATH\Controllers\GameController.php on line 60.
 1 APPPATH\Controllers\GameController.php(60): implode()
 2 SYSTEMPATH\CodeIgniter.php(919): App\Controllers\GameController->update()
 3 SYSTEMPATH\CodeIgniter.php(494): CodeIgniter\CodeIgniter->runController()
 4 SYSTEMPATH\CodeIgniter.php(353): CodeIgniter\CodeIgniter->handleRequest()
 5 FCPATH\index.php(79): CodeIgniter\CodeIgniter->run()
 6 SYSTEMPATH\Commands\Server\rewrite.php(47): require_once('C:\\Users\\INFODIF\\Desktop\\GİT\\ARCHIVE\\public\\index.php')
CRITICAL - 2023-11-28 10:36:50 --> implode(): Argument #1 ($pieces) must be of type array, string given
in APPPATH\Controllers\GameController.php on line 60.
 1 APPPATH\Controllers\GameController.php(60): implode()
 2 SYSTEMPATH\CodeIgniter.php(919): App\Controllers\GameController->update()
 3 SYSTEMPATH\CodeIgniter.php(494): CodeIgniter\CodeIgniter->runController()
 4 SYSTEMPATH\CodeIgniter.php(353): CodeIgniter\CodeIgniter->handleRequest()
 5 FCPATH\index.php(79): CodeIgniter\CodeIgniter->run()
 6 SYSTEMPATH\Commands\Server\rewrite.php(47): require_once('C:\\Users\\INFODIF\\Desktop\\GİT\\ARCHIVE\\public\\index.php')
CRITICAL - 2023-11-28 10:37:11 --> implode(): Argument #1 ($pieces) must be of type array, string given
in APPPATH\Controllers\GameController.php on line 60.
 1 APPPATH\Controllers\GameController.php(60): implode()
 2 SYSTEMPATH\CodeIgniter.php(919): App\Controllers\GameController->update()
 3 SYSTEMPATH\CodeIgniter.php(494): CodeIgniter\CodeIgniter->runController()
 4 SYSTEMPATH\CodeIgniter.php(353): CodeIgniter\CodeIgniter->handleRequest()
 5 FCPATH\index.php(79): CodeIgniter\CodeIgniter->run()
 6 SYSTEMPATH\Commands\Server\rewrite.php(47): require_once('C:\\Users\\INFODIF\\Desktop\\GİT\\ARCHIVE\\public\\index.php')
CRITICAL - 2023-11-28 10:37:17 --> implode(): Argument #1 ($pieces) must be of type array, string given
in APPPATH\Controllers\GameController.php on line 60.
 1 APPPATH\Controllers\GameController.php(60): implode()
 2 SYSTEMPATH\CodeIgniter.php(919): App\Controllers\GameController->update()
 3 SYSTEMPATH\CodeIgniter.php(494): CodeIgniter\CodeIgniter->runController()
 4 SYSTEMPATH\CodeIgniter.php(353): CodeIgniter\CodeIgniter->handleRequest()
 5 FCPATH\index.php(79): CodeIgniter\CodeIgniter->run()
 6 SYSTEMPATH\Commands\Server\rewrite.php(47): require_once('C:\\Users\\INFODIF\\Desktop\\GİT\\ARCHIVE\\public\\index.php')
CRITICAL - 2023-11-28 10:38:35 --> implode(): Argument #1 ($pieces) must be of type array, string given
in APPPATH\Controllers\GameController.php on line 60.
 1 APPPATH\Controllers\GameController.php(60): implode()
 2 SYSTEMPATH\CodeIgniter.php(919): App\Controllers\GameController->update()
 3 SYSTEMPATH\CodeIgniter.php(494): CodeIgniter\CodeIgniter->runController()
 4 SYSTEMPATH\CodeIgniter.php(353): CodeIgniter\CodeIgniter->handleRequest()
 5 FCPATH\index.php(79): CodeIgniter\CodeIgniter->run()
 6 SYSTEMPATH\Commands\Server\rewrite.php(47): require_once('C:\\Users\\INFODIF\\Desktop\\GİT\\ARCHIVE\\public\\index.php')
CRITICAL - 2023-11-28 10:39:45 --> implode(): Argument #1 ($pieces) must be of type array, string given
in APPPATH\Controllers\GameController.php on line 60.
 1 APPPATH\Controllers\GameController.php(60): implode()
 2 SYSTEMPATH\CodeIgniter.php(919): App\Controllers\GameController->update()
 3 SYSTEMPATH\CodeIgniter.php(494): CodeIgniter\CodeIgniter->runController()
 4 SYSTEMPATH\CodeIgniter.php(353): CodeIgniter\CodeIgniter->handleRequest()
 5 FCPATH\index.php(79): CodeIgniter\CodeIgniter->run()
 6 SYSTEMPATH\Commands\Server\rewrite.php(47): require_once('C:\\Users\\INFODIF\\Desktop\\GİT\\ARCHIVE\\public\\index.php')
CRITICAL - 2023-11-28 10:39:52 --> implode(): Argument #1 ($pieces) must be of type array, string given
in APPPATH\Controllers\GameController.php on line 60.
 1 APPPATH\Controllers\GameController.php(60): implode()
 2 SYSTEMPATH\CodeIgniter.php(919): App\Controllers\GameController->update()
 3 SYSTEMPATH\CodeIgniter.php(494): CodeIgniter\CodeIgniter->runController()
 4 SYSTEMPATH\CodeIgniter.php(353): CodeIgniter\CodeIgniter->handleRequest()
 5 FCPATH\index.php(79): CodeIgniter\CodeIgniter->run()
 6 SYSTEMPATH\Commands\Server\rewrite.php(47): require_once('C:\\Users\\INFODIF\\Desktop\\GİT\\ARCHIVE\\public\\index.php')
CRITICAL - 2023-11-28 10:41:03 --> implode(): Argument #1 ($pieces) must be of type array, string given
in APPPATH\Controllers\GameController.php on line 60.
 1 APPPATH\Controllers\GameController.php(60): implode()
 2 SYSTEMPATH\CodeIgniter.php(919): App\Controllers\GameController->update()
 3 SYSTEMPATH\CodeIgniter.php(494): CodeIgniter\CodeIgniter->runController()
 4 SYSTEMPATH\CodeIgniter.php(353): CodeIgniter\CodeIgniter->handleRequest()
 5 FCPATH\index.php(79): CodeIgniter\CodeIgniter->run()
 6 SYSTEMPATH\Commands\Server\rewrite.php(47): require_once('C:\\Users\\INFODIF\\Desktop\\GİT\\ARCHIVE\\public\\index.php')
CRITICAL - 2023-11-28 11:37:21 --> implode(): Argument #1 ($pieces) must be of type array, string given
in APPPATH\Controllers\GameController.php on line 60.
 1 APPPATH\Controllers\GameController.php(60): implode()
 2 SYSTEMPATH\CodeIgniter.php(919): App\Controllers\GameController->update()
 3 SYSTEMPATH\CodeIgniter.php(494): CodeIgniter\CodeIgniter->runController()
 4 SYSTEMPATH\CodeIgniter.php(353): CodeIgniter\CodeIgniter->handleRequest()
 5 FCPATH\index.php(79): CodeIgniter\CodeIgniter->run()
 6 SYSTEMPATH\Commands\Server\rewrite.php(47): require_once('C:\\Users\\INFODIF\\Desktop\\GİT\\ARCHIVE\\public\\index.php')
